2021-03-05 13:12:52 [scrapy.utils.log] INFO: Scrapy 2.1.0 started (bot: ARGUS)
2021-03-05 13:12:52 [scrapy.utils.log] INFO: Versions: lxml 4.6.2.0, libxml2 2.9.10, cssselect 1.1.0, parsel 1.6.0, w3lib 1.22.0, Twisted 21.2.0, Python 3.6.11 | packaged by conda-forge | (default, Aug  5 2020, 20:19:23) - [GCC Clang 10.0.1 ], pyOpenSSL 20.0.1 (OpenSSL 1.1.1j  16 Feb 2021), cryptography 3.4.6, Platform Darwin-18.7.0-x86_64-i386-64bit
2021-03-05 13:12:52 [scrapy.crawler] INFO: Overridden settings:
{'AJAXCRAWL_ENABLED': True,
 'BOT_NAME': 'ARGUS',
 'COMPRESSION_ENABLED': False,
 'CONCURRENT_ITEMS': 200,
 'CONCURRENT_REQUESTS': 100,
 'COOKIES_ENABLED': False,
 'DOWNLOAD_MAXSIZE': 10000000,
 'DOWNLOAD_TIMEOUT': 20,
 'LOG_FILE': 'logs/ARGUS/dualspider/2537cc8c7d9711eb841534363b7bab66.log',
 'LOG_LEVEL': 'INFO',
 'NEWSPIDER_MODULE': 'ARGUS.spiders',
 'REACTOR_THREADPOOL_MAXSIZE': 30,
 'RETRY_ENABLED': False,
 'SPIDER_MODULES': ['ARGUS.spiders']}
2021-03-05 13:12:52 [scrapy.extensions.telnet] INFO: Telnet Password: 75beaa77cc4d9d5d
2021-03-05 13:12:53 [py.warnings] WARNING: /Users/parnianshahkar/Downloads/miniconda3/envs/Exercise_Scrapy/lib/python3.6/site-packages/scrapy/extensions/feedexport.py:210: ScrapyDeprecationWarning: The `FEED_URI` and `FEED_FORMAT` settings have been deprecated in favor of the `FEEDS` setting. Please see the `FEEDS` setting docs for more details
  exporter = cls(crawler)

2021-03-05 13:12:53 [scrapy.middleware] INFO: Enabled extensions:
['scrapy.extensions.corestats.CoreStats',
 'scrapy.extensions.telnet.TelnetConsole',
 'scrapy.extensions.memusage.MemoryUsage',
 'scrapy.extensions.feedexport.FeedExporter',
 'scrapy.extensions.logstats.LogStats']
2021-03-05 13:13:03 [scrapy_fake_useragent.middleware] INFO: Using '<class 'scrapy_fake_useragent.providers.FakeUserAgentProvider'>' as the User-Agent provider
2021-03-05 13:13:03 [scrapy.middleware] INFO: Enabled downloader middlewares:
['scrapy.downloadermiddlewares.httpauth.HttpAuthMiddleware',
 'scrapy.downloadermiddlewares.downloadtimeout.DownloadTimeoutMiddleware',
 'scrapy.downloadermiddlewares.defaultheaders.DefaultHeadersMiddleware',
 'scrapy_fake_useragent.middleware.RandomUserAgentMiddleware',
 'scrapy.downloadermiddlewares.ajaxcrawl.AjaxCrawlMiddleware',
 'scrapy.downloadermiddlewares.redirect.MetaRefreshMiddleware',
 'scrapy.downloadermiddlewares.redirect.RedirectMiddleware',
 'scrapy.downloadermiddlewares.httpproxy.HttpProxyMiddleware',
 'scrapy.downloadermiddlewares.stats.DownloaderStats']
2021-03-05 13:13:03 [scrapy.middleware] INFO: Enabled spider middlewares:
['scrapy.spidermiddlewares.httperror.HttpErrorMiddleware',
 'scrapy.spidermiddlewares.offsite.OffsiteMiddleware',
 'scrapy.spidermiddlewares.referer.RefererMiddleware',
 'scrapy.spidermiddlewares.urllength.UrlLengthMiddleware',
 'scrapy.spidermiddlewares.depth.DepthMiddleware']
2021-03-05 13:13:03 [scrapy.middleware] INFO: Enabled item pipelines:
['ARGUS.pipelines.DualPipeline']
2021-03-05 13:13:03 [scrapy.core.engine] INFO: Spider opened
2021-03-05 13:13:04 [scrapy.extensions.logstats] INFO: Crawled 0 pages (at 0 pages/min), scraped 0 items (at 0 items/min)
2021-03-05 13:13:04 [scrapy.extensions.telnet] INFO: Telnet console listening on 127.0.0.1:6023
2021-03-05 13:13:06 [filelock] INFO: Lock 4641109216 acquired on /Users/parnianshahkar/.cache/python-tldextract/3.6.11.final__Exercise_Scrapy__13fdd4__tldextract-3.1.0/publicsuffix.org-tlds/de84b5ca2167d4c83e38fb162f2e8738.tldextract.json.lock
2021-03-05 13:13:06 [filelock] INFO: Lock 4641037504 acquired on /Users/parnianshahkar/.cache/python-tldextract/3.6.11.final__Exercise_Scrapy__13fdd4__tldextract-3.1.0/urls/62bf135d1c2f3d4db4228b9ecaf507a2.tldextract.json.lock
2021-03-05 13:13:07 [filelock] INFO: Lock 4641037504 released on /Users/parnianshahkar/.cache/python-tldextract/3.6.11.final__Exercise_Scrapy__13fdd4__tldextract-3.1.0/urls/62bf135d1c2f3d4db4228b9ecaf507a2.tldextract.json.lock
2021-03-05 13:13:07 [filelock] INFO: Lock 4641109216 released on /Users/parnianshahkar/.cache/python-tldextract/3.6.11.final__Exercise_Scrapy__13fdd4__tldextract-3.1.0/publicsuffix.org-tlds/de84b5ca2167d4c83e38fb162f2e8738.tldextract.json.lock
2021-03-05 13:13:08 [py.warnings] WARNING: /Users/parnianshahkar/Downloads/miniconda3/envs/Exercise_Scrapy/lib/python3.6/site-packages/scrapy/core/scraper.py:153: UserWarning: The "DualSpider.processURLstack" method is a generator and includes a "return" statement with a value different than None. This could lead to unexpected behaviour. Please see https://docs.python.org/3/reference/simple_stmts.html#the-return-statement for details about the semantics of the "return" statement within generators
  warn_on_generator_with_return_value(spider, request.errback)

2021-03-05 13:13:47 [scrapy.crawler] INFO: Received SIGTERM, shutting down gracefully. Send again to force 
2021-03-05 13:13:48 [scrapy.core.engine] INFO: Closing spider (shutdown)
2021-03-05 13:13:52 [scrapy.statscollectors] INFO: Dumping Scrapy stats:
{'downloader/request_bytes': 19907,
 'downloader/request_count': 60,
 'downloader/request_method_count/GET': 60,
 'downloader/response_bytes': 21762064,
 'downloader/response_count': 60,
 'downloader/response_status_count/200': 50,
 'downloader/response_status_count/301': 7,
 'downloader/response_status_count/302': 3,
 'elapsed_time_seconds': 48.096084,
 'finish_reason': 'shutdown',
 'finish_time': datetime.datetime(2021, 3, 5, 9, 43, 52, 100703),
 'log_count/INFO': 16,
 'log_count/WARNING': 2,
 'memusage/max': 95223808,
 'memusage/startup': 95223808,
 'request_depth_max': 24,
 'response_received_count': 54,
 'scheduler/dequeued': 60,
 'scheduler/dequeued/memory': 60,
 'scheduler/enqueued': 63,
 'scheduler/enqueued/memory': 63,
 'start_time': datetime.datetime(2021, 3, 5, 9, 43, 4, 4619)}
2021-03-05 13:13:52 [scrapy.core.engine] INFO: Spider closed (shutdown)
