2021-02-22 17:44:13 [scrapy.utils.log] INFO: Scrapy 2.1.0 started (bot: ARGUS)
2021-02-22 17:44:13 [scrapy.utils.log] INFO: Versions: lxml 4.5.0.0, libxml2 2.9.9, cssselect 1.1.0, parsel 1.6.0, w3lib 1.22.0, Twisted 20.3.0, Python 3.7.6 (default, Jan  8 2020, 20:23:39) [MSC v.1916 64 bit (AMD64)], pyOpenSSL 19.1.0 (OpenSSL 1.1.1i  8 Dec 2020), cryptography 2.8, Platform Windows-10-10.0.18362-SP0
2021-02-22 17:44:13 [scrapy.crawler] INFO: Overridden settings:
{'AJAXCRAWL_ENABLED': True,
 'BOT_NAME': 'ARGUS',
 'COMPRESSION_ENABLED': False,
 'CONCURRENT_ITEMS': 200,
 'CONCURRENT_REQUESTS': 100,
 'COOKIES_ENABLED': False,
 'DOWNLOAD_MAXSIZE': 10000000,
 'DOWNLOAD_TIMEOUT': 20,
 'LOG_FILE': 'logs\\ARGUS\\dualspider\\2f8e0624752d11eb95e392d44f8c8ac8.log',
 'LOG_LEVEL': 'INFO',
 'NEWSPIDER_MODULE': 'ARGUS.spiders',
 'REACTOR_THREADPOOL_MAXSIZE': 30,
 'RETRY_ENABLED': False,
 'SPIDER_MODULES': ['ARGUS.spiders']}
2021-02-22 17:44:13 [scrapy.extensions.telnet] INFO: Telnet Password: e912eec0c0b3de1b
2021-02-22 17:44:13 [py.warnings] WARNING: c:\users\jakob\anaconda3\lib\site-packages\scrapy\extensions\feedexport.py:210: ScrapyDeprecationWarning: The `FEED_URI` and `FEED_FORMAT` settings have been deprecated in favor of the `FEEDS` setting. Please see the `FEEDS` setting docs for more details
  exporter = cls(crawler)

2021-02-22 17:44:13 [scrapy.middleware] INFO: Enabled extensions:
['scrapy.extensions.corestats.CoreStats',
 'scrapy.extensions.telnet.TelnetConsole',
 'scrapy.extensions.feedexport.FeedExporter',
 'scrapy.extensions.logstats.LogStats']
2021-02-22 17:44:13 [scrapy.middleware] INFO: Enabled downloader middlewares:
['scrapy.downloadermiddlewares.httpauth.HttpAuthMiddleware',
 'scrapy.downloadermiddlewares.downloadtimeout.DownloadTimeoutMiddleware',
 'scrapy.downloadermiddlewares.defaultheaders.DefaultHeadersMiddleware',
 'scrapy_fake_useragent.middleware.RandomUserAgentMiddleware',
 'scrapy.downloadermiddlewares.ajaxcrawl.AjaxCrawlMiddleware',
 'scrapy.downloadermiddlewares.redirect.MetaRefreshMiddleware',
 'scrapy.downloadermiddlewares.redirect.RedirectMiddleware',
 'scrapy.downloadermiddlewares.httpproxy.HttpProxyMiddleware',
 'scrapy.downloadermiddlewares.stats.DownloaderStats']
2021-02-22 17:44:13 [scrapy.middleware] INFO: Enabled spider middlewares:
['scrapy.spidermiddlewares.httperror.HttpErrorMiddleware',
 'scrapy.spidermiddlewares.offsite.OffsiteMiddleware',
 'scrapy.spidermiddlewares.referer.RefererMiddleware',
 'scrapy.spidermiddlewares.urllength.UrlLengthMiddleware',
 'scrapy.spidermiddlewares.depth.DepthMiddleware']
2021-02-22 17:44:13 [scrapy.middleware] INFO: Enabled item pipelines:
['ARGUS.pipelines.DualPipeline']
2021-02-22 17:44:13 [scrapy.core.engine] INFO: Spider opened
2021-02-22 17:44:13 [scrapy.extensions.logstats] INFO: Crawled 0 pages (at 0 pages/min), scraped 0 items (at 0 items/min)
2021-02-22 17:44:13 [scrapy.extensions.telnet] INFO: Telnet console listening on 127.0.0.1:6023
2021-02-22 17:44:14 [filelock] INFO: Lock 2954165964040 acquired on c:\users\jakob\anaconda3\lib\site-packages\tldextract\.suffix_cache/publicsuffix.org-tlds\de84b5ca2167d4c83e38fb162f2e8738.tldextract.json.lock
2021-02-22 17:44:14 [filelock] INFO: Lock 2954165915144 acquired on c:\users\jakob\anaconda3\lib\site-packages\tldextract\.suffix_cache/urls\62bf135d1c2f3d4db4228b9ecaf507a2.tldextract.json.lock
2021-02-22 17:44:14 [filelock] INFO: Lock 2954165915144 released on c:\users\jakob\anaconda3\lib\site-packages\tldextract\.suffix_cache/urls\62bf135d1c2f3d4db4228b9ecaf507a2.tldextract.json.lock
2021-02-22 17:44:14 [filelock] INFO: Lock 2954165964040 released on c:\users\jakob\anaconda3\lib\site-packages\tldextract\.suffix_cache/publicsuffix.org-tlds\de84b5ca2167d4c83e38fb162f2e8738.tldextract.json.lock
2021-02-22 17:44:14 [scrapy.utils.signal] ERROR: Error caught on signal handler: <bound method FeedExporter.item_scraped of <scrapy.extensions.feedexport.FeedExporter object at 0x000002AFD1B3DEC8>>
Traceback (most recent call last):
  File "c:\users\jakob\anaconda3\lib\site-packages\scrapy\utils\defer.py", line 161, in maybeDeferred_coro
    result = f(*args, **kw)
  File "c:\users\jakob\anaconda3\lib\site-packages\pydispatch\robustapply.py", line 55, in robustApply
    return receiver(*arguments, **named)
  File "c:\users\jakob\anaconda3\lib\site-packages\scrapy\extensions\feedexport.py", line 291, in item_scraped
    slot.exporter.export_item(item)
  File "c:\users\jakob\anaconda3\lib\site-packages\scrapy\exporters.py", line 91, in export_item
    itemdict = dict(self._get_serialized_fields(item))
  File "c:\users\jakob\anaconda3\lib\site-packages\scrapy\exporters.py", line 65, in _get_serialized_fields
    field_iter = item.keys()
AttributeError: 'NoneType' object has no attribute 'keys'
2021-02-22 17:44:14 [scrapy.utils.signal] ERROR: Error caught on signal handler: <bound method FeedExporter.item_scraped of <scrapy.extensions.feedexport.FeedExporter object at 0x000002AFD1B3DEC8>>
Traceback (most recent call last):
  File "c:\users\jakob\anaconda3\lib\site-packages\scrapy\utils\defer.py", line 161, in maybeDeferred_coro
    result = f(*args, **kw)
  File "c:\users\jakob\anaconda3\lib\site-packages\pydispatch\robustapply.py", line 55, in robustApply
    return receiver(*arguments, **named)
  File "c:\users\jakob\anaconda3\lib\site-packages\scrapy\extensions\feedexport.py", line 291, in item_scraped
    slot.exporter.export_item(item)
  File "c:\users\jakob\anaconda3\lib\site-packages\scrapy\exporters.py", line 91, in export_item
    itemdict = dict(self._get_serialized_fields(item))
  File "c:\users\jakob\anaconda3\lib\site-packages\scrapy\exporters.py", line 65, in _get_serialized_fields
    field_iter = item.keys()
AttributeError: 'NoneType' object has no attribute 'keys'
2021-02-22 17:44:15 [scrapy.utils.signal] ERROR: Error caught on signal handler: <bound method FeedExporter.item_scraped of <scrapy.extensions.feedexport.FeedExporter object at 0x000002AFD1B3DEC8>>
Traceback (most recent call last):
  File "c:\users\jakob\anaconda3\lib\site-packages\scrapy\utils\defer.py", line 161, in maybeDeferred_coro
    result = f(*args, **kw)
  File "c:\users\jakob\anaconda3\lib\site-packages\pydispatch\robustapply.py", line 55, in robustApply
    return receiver(*arguments, **named)
  File "c:\users\jakob\anaconda3\lib\site-packages\scrapy\extensions\feedexport.py", line 291, in item_scraped
    slot.exporter.export_item(item)
  File "c:\users\jakob\anaconda3\lib\site-packages\scrapy\exporters.py", line 91, in export_item
    itemdict = dict(self._get_serialized_fields(item))
  File "c:\users\jakob\anaconda3\lib\site-packages\scrapy\exporters.py", line 65, in _get_serialized_fields
    field_iter = item.keys()
AttributeError: 'NoneType' object has no attribute 'keys'
2021-02-22 17:44:15 [scrapy.core.engine] INFO: Closing spider (finished)
2021-02-22 17:44:15 [scrapy.statscollectors] INFO: Dumping Scrapy stats:
{'downloader/request_bytes': 2842,
 'downloader/request_count': 9,
 'downloader/request_method_count/GET': 9,
 'downloader/response_bytes': 2113267,
 'downloader/response_count': 9,
 'downloader/response_status_count/200': 3,
 'downloader/response_status_count/301': 6,
 'elapsed_time_seconds': 2.036585,
 'finish_reason': 'finished',
 'finish_time': datetime.datetime(2021, 2, 22, 16, 44, 15, 388458),
 'item_scraped_count': 3,
 'log_count/ERROR': 3,
 'log_count/INFO': 14,
 'log_count/WARNING': 1,
 'response_received_count': 3,
 'scheduler/dequeued': 9,
 'scheduler/dequeued/memory': 9,
 'scheduler/enqueued': 9,
 'scheduler/enqueued/memory': 9,
 'start_time': datetime.datetime(2021, 2, 22, 16, 44, 13, 351873)}
2021-02-22 17:44:15 [scrapy.core.engine] INFO: Spider closed (finished)
