2021-03-03 14:42:00 [scrapy.utils.log] INFO: Scrapy 2.1.0 started (bot: ARGUS)
2021-03-03 14:42:00 [scrapy.utils.log] INFO: Versions: lxml 4.6.1.0, libxml2 2.9.10, cssselect 1.1.0, parsel 1.6.0, w3lib 1.22.0, Twisted 20.3.0, Python 3.7.6 | packaged by conda-forge | (default, Dec 26 2019, 23:46:52) - [Clang 9.0.0 (tags/RELEASE_900/final)], pyOpenSSL 19.1.0 (OpenSSL 1.1.1d  10 Sep 2019), cryptography 2.8, Platform Darwin-18.7.0-x86_64-i386-64bit
2021-03-03 14:42:00 [scrapy.crawler] INFO: Overridden settings:
{'AJAXCRAWL_ENABLED': True,
 'BOT_NAME': 'ARGUS',
 'COMPRESSION_ENABLED': False,
 'CONCURRENT_ITEMS': 200,
 'CONCURRENT_REQUESTS': 100,
 'COOKIES_ENABLED': False,
 'DOWNLOAD_MAXSIZE': 10000000,
 'DOWNLOAD_TIMEOUT': 20,
 'LOG_FILE': 'logs/ARGUS/dualspider/426d75f67c1111ebaf3134363b7bab66.log',
 'LOG_LEVEL': 'INFO',
 'NEWSPIDER_MODULE': 'ARGUS.spiders',
 'REACTOR_THREADPOOL_MAXSIZE': 30,
 'RETRY_ENABLED': False,
 'SPIDER_MODULES': ['ARGUS.spiders']}
2021-03-03 14:42:00 [scrapy.extensions.telnet] INFO: Telnet Password: 7f472ff20bd43fea
2021-03-03 14:42:00 [py.warnings] WARNING: /Users/parnianshahkar/Downloads/miniconda3/lib/python3.7/site-packages/scrapy/extensions/feedexport.py:210: ScrapyDeprecationWarning: The `FEED_URI` and `FEED_FORMAT` settings have been deprecated in favor of the `FEEDS` setting. Please see the `FEEDS` setting docs for more details
  exporter = cls(crawler)

2021-03-03 14:42:00 [scrapy.middleware] INFO: Enabled extensions:
['scrapy.extensions.corestats.CoreStats',
 'scrapy.extensions.telnet.TelnetConsole',
 'scrapy.extensions.memusage.MemoryUsage',
 'scrapy.extensions.feedexport.FeedExporter',
 'scrapy.extensions.logstats.LogStats']
2021-03-03 14:42:01 [scrapy_fake_useragent.middleware] INFO: Using '<class 'scrapy_fake_useragent.providers.FakeUserAgentProvider'>' as the User-Agent provider
2021-03-03 14:42:01 [scrapy.middleware] INFO: Enabled downloader middlewares:
['scrapy.downloadermiddlewares.httpauth.HttpAuthMiddleware',
 'scrapy.downloadermiddlewares.downloadtimeout.DownloadTimeoutMiddleware',
 'scrapy.downloadermiddlewares.defaultheaders.DefaultHeadersMiddleware',
 'scrapy_fake_useragent.middleware.RandomUserAgentMiddleware',
 'scrapy.downloadermiddlewares.ajaxcrawl.AjaxCrawlMiddleware',
 'scrapy.downloadermiddlewares.redirect.MetaRefreshMiddleware',
 'scrapy.downloadermiddlewares.redirect.RedirectMiddleware',
 'scrapy.downloadermiddlewares.httpproxy.HttpProxyMiddleware',
 'scrapy.downloadermiddlewares.stats.DownloaderStats']
2021-03-03 14:42:01 [scrapy.middleware] INFO: Enabled spider middlewares:
['scrapy.spidermiddlewares.httperror.HttpErrorMiddleware',
 'scrapy.spidermiddlewares.offsite.OffsiteMiddleware',
 'scrapy.spidermiddlewares.referer.RefererMiddleware',
 'scrapy.spidermiddlewares.urllength.UrlLengthMiddleware',
 'scrapy.spidermiddlewares.depth.DepthMiddleware']
2021-03-03 14:42:01 [scrapy.middleware] INFO: Enabled item pipelines:
['ARGUS.pipelines.DualPipeline']
2021-03-03 14:42:01 [scrapy.core.engine] INFO: Spider opened
2021-03-03 14:42:01 [scrapy.extensions.logstats] INFO: Crawled 0 pages (at 0 pages/min), scraped 0 items (at 0 items/min)
2021-03-03 14:42:01 [scrapy.extensions.telnet] INFO: Telnet console listening on 127.0.0.1:6023
2021-03-03 14:42:10 [filelock] INFO: Lock 4717847952 acquired on /Users/parnianshahkar/.cache/python-tldextract/3.7.6.final__miniconda3__c4b0bd__tldextract-3.1.0/publicsuffix.org-tlds/de84b5ca2167d4c83e38fb162f2e8738.tldextract.json.lock
2021-03-03 14:42:10 [filelock] INFO: Lock 4717338384 acquired on /Users/parnianshahkar/.cache/python-tldextract/3.7.6.final__miniconda3__c4b0bd__tldextract-3.1.0/urls/62bf135d1c2f3d4db4228b9ecaf507a2.tldextract.json.lock
2021-03-03 14:42:10 [filelock] INFO: Lock 4717338384 released on /Users/parnianshahkar/.cache/python-tldextract/3.7.6.final__miniconda3__c4b0bd__tldextract-3.1.0/urls/62bf135d1c2f3d4db4228b9ecaf507a2.tldextract.json.lock
2021-03-03 14:42:10 [filelock] INFO: Lock 4717847952 released on /Users/parnianshahkar/.cache/python-tldextract/3.7.6.final__miniconda3__c4b0bd__tldextract-3.1.0/publicsuffix.org-tlds/de84b5ca2167d4c83e38fb162f2e8738.tldextract.json.lock
2021-03-03 14:42:11 [py.warnings] WARNING: /Users/parnianshahkar/Downloads/miniconda3/lib/python3.7/site-packages/scrapy/core/scraper.py:153: UserWarning: The "DualSpider.processURLstack" method is a generator and includes a "return" statement with a value different than None. This could lead to unexpected behaviour. Please see https://docs.python.org/3/reference/simple_stmts.html#the-return-statement for details about the semantics of the "return" statement within generators
  warn_on_generator_with_return_value(spider, request.errback)

2021-03-03 14:43:01 [scrapy.extensions.logstats] INFO: Crawled 23 pages (at 23 pages/min), scraped 0 items (at 0 items/min)
2021-03-03 14:44:01 [scrapy.extensions.logstats] INFO: Crawled 58 pages (at 35 pages/min), scraped 0 items (at 0 items/min)
2021-03-03 14:45:01 [scrapy.extensions.logstats] INFO: Crawled 112 pages (at 54 pages/min), scraped 0 items (at 0 items/min)
2021-03-03 14:46:01 [scrapy.extensions.logstats] INFO: Crawled 167 pages (at 55 pages/min), scraped 0 items (at 0 items/min)
2021-03-03 14:47:01 [scrapy.extensions.logstats] INFO: Crawled 209 pages (at 42 pages/min), scraped 0 items (at 0 items/min)
2021-03-03 14:48:02 [scrapy.extensions.logstats] INFO: Crawled 267 pages (at 58 pages/min), scraped 0 items (at 0 items/min)
2021-03-03 14:49:02 [scrapy.extensions.logstats] INFO: Crawled 332 pages (at 65 pages/min), scraped 0 items (at 0 items/min)
2021-03-03 14:50:01 [scrapy.extensions.logstats] INFO: Crawled 382 pages (at 50 pages/min), scraped 0 items (at 0 items/min)
2021-03-03 14:51:01 [scrapy.extensions.logstats] INFO: Crawled 441 pages (at 59 pages/min), scraped 0 items (at 0 items/min)
2021-03-03 14:52:02 [scrapy.extensions.logstats] INFO: Crawled 481 pages (at 40 pages/min), scraped 0 items (at 0 items/min)
2021-03-03 14:53:01 [scrapy.extensions.logstats] INFO: Crawled 547 pages (at 66 pages/min), scraped 0 items (at 0 items/min)
2021-03-03 14:54:01 [scrapy.extensions.logstats] INFO: Crawled 610 pages (at 63 pages/min), scraped 0 items (at 0 items/min)
2021-03-03 14:55:02 [scrapy.extensions.logstats] INFO: Crawled 668 pages (at 58 pages/min), scraped 0 items (at 0 items/min)
2021-03-03 14:56:02 [scrapy.extensions.logstats] INFO: Crawled 732 pages (at 64 pages/min), scraped 0 items (at 0 items/min)
2021-03-03 14:57:01 [scrapy.extensions.logstats] INFO: Crawled 794 pages (at 62 pages/min), scraped 0 items (at 0 items/min)
2021-03-03 14:58:01 [scrapy.extensions.logstats] INFO: Crawled 857 pages (at 63 pages/min), scraped 0 items (at 0 items/min)
2021-03-03 14:59:01 [scrapy.extensions.logstats] INFO: Crawled 915 pages (at 58 pages/min), scraped 0 items (at 0 items/min)
2021-03-03 15:00:02 [scrapy.extensions.logstats] INFO: Crawled 970 pages (at 55 pages/min), scraped 0 items (at 0 items/min)
2021-03-03 15:01:02 [scrapy.extensions.logstats] INFO: Crawled 1029 pages (at 59 pages/min), scraped 0 items (at 0 items/min)
2021-03-03 15:02:02 [scrapy.extensions.logstats] INFO: Crawled 1087 pages (at 58 pages/min), scraped 0 items (at 0 items/min)
2021-03-03 15:03:02 [scrapy.extensions.logstats] INFO: Crawled 1148 pages (at 61 pages/min), scraped 0 items (at 0 items/min)
2021-03-03 15:04:02 [scrapy.extensions.logstats] INFO: Crawled 1199 pages (at 51 pages/min), scraped 0 items (at 0 items/min)
2021-03-03 15:05:01 [scrapy.extensions.logstats] INFO: Crawled 1248 pages (at 49 pages/min), scraped 0 items (at 0 items/min)
2021-03-03 15:06:02 [scrapy.extensions.logstats] INFO: Crawled 1303 pages (at 55 pages/min), scraped 0 items (at 0 items/min)
2021-03-03 15:07:01 [scrapy.extensions.logstats] INFO: Crawled 1354 pages (at 51 pages/min), scraped 0 items (at 0 items/min)
2021-03-03 15:08:01 [scrapy.extensions.logstats] INFO: Crawled 1408 pages (at 54 pages/min), scraped 0 items (at 0 items/min)
2021-03-03 15:09:02 [scrapy.extensions.logstats] INFO: Crawled 1459 pages (at 51 pages/min), scraped 0 items (at 0 items/min)
2021-03-03 15:10:02 [scrapy.extensions.logstats] INFO: Crawled 1507 pages (at 48 pages/min), scraped 0 items (at 0 items/min)
2021-03-03 15:11:02 [scrapy.extensions.logstats] INFO: Crawled 1558 pages (at 51 pages/min), scraped 0 items (at 0 items/min)
2021-03-03 15:12:02 [scrapy.extensions.logstats] INFO: Crawled 1606 pages (at 48 pages/min), scraped 0 items (at 0 items/min)
2021-03-03 15:13:02 [scrapy.extensions.logstats] INFO: Crawled 1655 pages (at 49 pages/min), scraped 0 items (at 0 items/min)
2021-03-03 15:14:01 [scrapy.extensions.logstats] INFO: Crawled 1699 pages (at 44 pages/min), scraped 0 items (at 0 items/min)
2021-03-03 15:15:01 [scrapy.extensions.logstats] INFO: Crawled 1745 pages (at 46 pages/min), scraped 0 items (at 0 items/min)
2021-03-03 15:16:02 [scrapy.extensions.logstats] INFO: Crawled 1793 pages (at 48 pages/min), scraped 0 items (at 0 items/min)
2021-03-03 15:17:02 [scrapy.extensions.logstats] INFO: Crawled 1836 pages (at 43 pages/min), scraped 0 items (at 0 items/min)
2021-03-03 15:18:02 [scrapy.extensions.logstats] INFO: Crawled 1882 pages (at 46 pages/min), scraped 0 items (at 0 items/min)
2021-03-03 15:19:02 [scrapy.extensions.logstats] INFO: Crawled 1925 pages (at 43 pages/min), scraped 0 items (at 0 items/min)
2021-03-03 15:20:01 [scrapy.extensions.logstats] INFO: Crawled 1972 pages (at 47 pages/min), scraped 0 items (at 0 items/min)
2021-03-03 15:21:02 [scrapy.extensions.logstats] INFO: Crawled 2009 pages (at 37 pages/min), scraped 0 items (at 0 items/min)
2021-03-03 15:21:04 [scrapy.crawler] INFO: Received SIGTERM, shutting down gracefully. Send again to force 
2021-03-03 15:21:05 [scrapy.core.engine] INFO: Closing spider (shutdown)
2021-03-03 15:21:10 [scrapy.statscollectors] INFO: Dumping Scrapy stats:
{'downloader/exception_count': 6,
 'downloader/exception_type_count/twisted.internet.error.TimeoutError': 6,
 'downloader/request_bytes': 663340,
 'downloader/request_count': 2025,
 'downloader/request_method_count/GET': 2025,
 'downloader/response_bytes': 351495876,
 'downloader/response_count': 2019,
 'downloader/response_status_count/200': 659,
 'downloader/response_status_count/301': 262,
 'downloader/response_status_count/302': 1087,
 'downloader/response_status_count/403': 1,
 'downloader/response_status_count/404': 10,
 'elapsed_time_seconds': 2348.587504,
 'finish_reason': 'shutdown',
 'finish_time': datetime.datetime(2021, 3, 3, 11, 51, 10, 156476),
 'log_count/INFO': 55,
 'log_count/WARNING': 2,
 'memusage/max': 483414016,
 'memusage/startup': 108544000,
 'request_depth_max': 907,
 'response_received_count': 2013,
 'scheduler/dequeued': 2025,
 'scheduler/dequeued/memory': 2025,
 'scheduler/enqueued': 2028,
 'scheduler/enqueued/memory': 2028,
 'start_time': datetime.datetime(2021, 3, 3, 11, 12, 1, 568972)}
2021-03-03 15:21:10 [scrapy.core.engine] INFO: Spider closed (shutdown)
