2021-03-03 15:46:50 [scrapy.utils.log] INFO: Scrapy 2.1.0 started (bot: ARGUS)
2021-03-03 15:46:50 [scrapy.utils.log] INFO: Versions: lxml 4.6.1.0, libxml2 2.9.10, cssselect 1.1.0, parsel 1.6.0, w3lib 1.22.0, Twisted 20.3.0, Python 3.7.6 | packaged by conda-forge | (default, Dec 26 2019, 23:46:52) - [Clang 9.0.0 (tags/RELEASE_900/final)], pyOpenSSL 19.1.0 (OpenSSL 1.1.1d  10 Sep 2019), cryptography 2.8, Platform Darwin-18.7.0-x86_64-i386-64bit
2021-03-03 15:46:50 [scrapy.crawler] INFO: Overridden settings:
{'AJAXCRAWL_ENABLED': True,
 'BOT_NAME': 'ARGUS',
 'COMPRESSION_ENABLED': False,
 'CONCURRENT_ITEMS': 200,
 'CONCURRENT_REQUESTS': 100,
 'COOKIES_ENABLED': False,
 'DOWNLOAD_MAXSIZE': 10000000,
 'DOWNLOAD_TIMEOUT': 20,
 'LOG_FILE': 'logs/ARGUS/dualspider/4e582e167c1a11ebaf3134363b7bab66.log',
 'LOG_LEVEL': 'INFO',
 'NEWSPIDER_MODULE': 'ARGUS.spiders',
 'REACTOR_THREADPOOL_MAXSIZE': 30,
 'RETRY_ENABLED': False,
 'SPIDER_MODULES': ['ARGUS.spiders']}
2021-03-03 15:46:51 [scrapy.extensions.telnet] INFO: Telnet Password: 0bb67d0dcda4627c
2021-03-03 15:46:51 [py.warnings] WARNING: /Users/parnianshahkar/Downloads/miniconda3/lib/python3.7/site-packages/scrapy/extensions/feedexport.py:210: ScrapyDeprecationWarning: The `FEED_URI` and `FEED_FORMAT` settings have been deprecated in favor of the `FEEDS` setting. Please see the `FEEDS` setting docs for more details
  exporter = cls(crawler)

2021-03-03 15:46:51 [scrapy.middleware] INFO: Enabled extensions:
['scrapy.extensions.corestats.CoreStats',
 'scrapy.extensions.telnet.TelnetConsole',
 'scrapy.extensions.memusage.MemoryUsage',
 'scrapy.extensions.feedexport.FeedExporter',
 'scrapy.extensions.logstats.LogStats']
2021-03-03 15:46:52 [scrapy_fake_useragent.middleware] INFO: Using '<class 'scrapy_fake_useragent.providers.FakeUserAgentProvider'>' as the User-Agent provider
2021-03-03 15:46:52 [scrapy.middleware] INFO: Enabled downloader middlewares:
['scrapy.downloadermiddlewares.httpauth.HttpAuthMiddleware',
 'scrapy.downloadermiddlewares.downloadtimeout.DownloadTimeoutMiddleware',
 'scrapy.downloadermiddlewares.defaultheaders.DefaultHeadersMiddleware',
 'scrapy_fake_useragent.middleware.RandomUserAgentMiddleware',
 'scrapy.downloadermiddlewares.ajaxcrawl.AjaxCrawlMiddleware',
 'scrapy.downloadermiddlewares.redirect.MetaRefreshMiddleware',
 'scrapy.downloadermiddlewares.redirect.RedirectMiddleware',
 'scrapy.downloadermiddlewares.httpproxy.HttpProxyMiddleware',
 'scrapy.downloadermiddlewares.stats.DownloaderStats']
2021-03-03 15:46:52 [scrapy.middleware] INFO: Enabled spider middlewares:
['scrapy.spidermiddlewares.httperror.HttpErrorMiddleware',
 'scrapy.spidermiddlewares.offsite.OffsiteMiddleware',
 'scrapy.spidermiddlewares.referer.RefererMiddleware',
 'scrapy.spidermiddlewares.urllength.UrlLengthMiddleware',
 'scrapy.spidermiddlewares.depth.DepthMiddleware']
2021-03-03 15:46:52 [scrapy.middleware] INFO: Enabled item pipelines:
['ARGUS.pipelines.DualPipeline']
2021-03-03 15:46:52 [scrapy.core.engine] INFO: Spider opened
2021-03-03 15:46:52 [scrapy.extensions.logstats] INFO: Crawled 0 pages (at 0 pages/min), scraped 0 items (at 0 items/min)
2021-03-03 15:46:52 [scrapy.extensions.telnet] INFO: Telnet console listening on 127.0.0.1:6023
2021-03-03 15:46:59 [filelock] INFO: Lock 4759502352 acquired on /Users/parnianshahkar/.cache/python-tldextract/3.7.6.final__miniconda3__c4b0bd__tldextract-3.1.0/publicsuffix.org-tlds/de84b5ca2167d4c83e38fb162f2e8738.tldextract.json.lock
2021-03-03 15:46:59 [filelock] INFO: Lock 4767842960 acquired on /Users/parnianshahkar/.cache/python-tldextract/3.7.6.final__miniconda3__c4b0bd__tldextract-3.1.0/urls/62bf135d1c2f3d4db4228b9ecaf507a2.tldextract.json.lock
2021-03-03 15:46:59 [filelock] INFO: Lock 4767842960 released on /Users/parnianshahkar/.cache/python-tldextract/3.7.6.final__miniconda3__c4b0bd__tldextract-3.1.0/urls/62bf135d1c2f3d4db4228b9ecaf507a2.tldextract.json.lock
2021-03-03 15:46:59 [filelock] INFO: Lock 4759502352 released on /Users/parnianshahkar/.cache/python-tldextract/3.7.6.final__miniconda3__c4b0bd__tldextract-3.1.0/publicsuffix.org-tlds/de84b5ca2167d4c83e38fb162f2e8738.tldextract.json.lock
2021-03-03 15:47:01 [py.warnings] WARNING: /Users/parnianshahkar/Downloads/miniconda3/lib/python3.7/site-packages/scrapy/core/scraper.py:153: UserWarning: The "DualSpider.processURLstack" method is a generator and includes a "return" statement with a value different than None. This could lead to unexpected behaviour. Please see https://docs.python.org/3/reference/simple_stmts.html#the-return-statement for details about the semantics of the "return" statement within generators
  warn_on_generator_with_return_value(spider, request.errback)

2021-03-03 15:47:52 [scrapy.extensions.logstats] INFO: Crawled 41 pages (at 41 pages/min), scraped 0 items (at 0 items/min)
2021-03-03 15:48:52 [scrapy.extensions.logstats] INFO: Crawled 72 pages (at 31 pages/min), scraped 0 items (at 0 items/min)
2021-03-03 15:49:52 [scrapy.extensions.logstats] INFO: Crawled 88 pages (at 16 pages/min), scraped 0 items (at 0 items/min)
2021-03-03 15:50:52 [scrapy.extensions.logstats] INFO: Crawled 100 pages (at 12 pages/min), scraped 0 items (at 0 items/min)
2021-03-03 15:51:52 [scrapy.extensions.logstats] INFO: Crawled 121 pages (at 21 pages/min), scraped 0 items (at 0 items/min)
2021-03-03 15:52:52 [scrapy.extensions.logstats] INFO: Crawled 140 pages (at 19 pages/min), scraped 0 items (at 0 items/min)
2021-03-03 15:53:52 [scrapy.extensions.logstats] INFO: Crawled 160 pages (at 20 pages/min), scraped 0 items (at 0 items/min)
2021-03-03 15:54:54 [scrapy.extensions.logstats] INFO: Crawled 183 pages (at 23 pages/min), scraped 0 items (at 0 items/min)
2021-03-03 15:55:54 [scrapy.extensions.logstats] INFO: Crawled 204 pages (at 21 pages/min), scraped 0 items (at 0 items/min)
2021-03-03 15:56:52 [scrapy.extensions.logstats] INFO: Crawled 223 pages (at 19 pages/min), scraped 0 items (at 0 items/min)
2021-03-03 15:57:55 [scrapy.extensions.logstats] INFO: Crawled 240 pages (at 17 pages/min), scraped 0 items (at 0 items/min)
2021-03-03 15:58:58 [scrapy.extensions.logstats] INFO: Crawled 255 pages (at 15 pages/min), scraped 0 items (at 0 items/min)
2021-03-03 15:59:54 [scrapy.extensions.logstats] INFO: Crawled 270 pages (at 15 pages/min), scraped 0 items (at 0 items/min)
2021-03-03 16:00:52 [scrapy.extensions.logstats] INFO: Crawled 284 pages (at 14 pages/min), scraped 0 items (at 0 items/min)
2021-03-03 16:01:52 [scrapy.extensions.logstats] INFO: Crawled 298 pages (at 14 pages/min), scraped 0 items (at 0 items/min)
2021-03-03 16:02:57 [scrapy.extensions.logstats] INFO: Crawled 312 pages (at 14 pages/min), scraped 0 items (at 0 items/min)
2021-03-03 16:03:57 [scrapy.extensions.logstats] INFO: Crawled 324 pages (at 12 pages/min), scraped 0 items (at 0 items/min)
2021-03-03 16:04:55 [scrapy.extensions.logstats] INFO: Crawled 334 pages (at 10 pages/min), scraped 0 items (at 0 items/min)
2021-03-03 16:05:57 [scrapy.extensions.logstats] INFO: Crawled 347 pages (at 13 pages/min), scraped 0 items (at 0 items/min)
2021-03-03 16:07:00 [scrapy.extensions.logstats] INFO: Crawled 358 pages (at 11 pages/min), scraped 0 items (at 0 items/min)
2021-03-03 16:07:56 [scrapy.extensions.logstats] INFO: Crawled 368 pages (at 10 pages/min), scraped 0 items (at 0 items/min)
2021-03-03 16:08:55 [scrapy.extensions.logstats] INFO: Crawled 378 pages (at 10 pages/min), scraped 0 items (at 0 items/min)
2021-03-03 16:10:00 [scrapy.extensions.logstats] INFO: Crawled 387 pages (at 9 pages/min), scraped 0 items (at 0 items/min)
2021-03-03 16:10:55 [scrapy.extensions.logstats] INFO: Crawled 394 pages (at 7 pages/min), scraped 0 items (at 0 items/min)
2021-03-03 16:11:52 [scrapy.extensions.logstats] INFO: Crawled 403 pages (at 9 pages/min), scraped 0 items (at 0 items/min)
2021-03-03 16:13:00 [scrapy.extensions.logstats] INFO: Crawled 410 pages (at 7 pages/min), scraped 0 items (at 0 items/min)
2021-03-03 16:13:53 [scrapy.extensions.logstats] INFO: Crawled 417 pages (at 7 pages/min), scraped 0 items (at 0 items/min)
2021-03-03 16:15:06 [scrapy.extensions.logstats] INFO: Crawled 424 pages (at 7 pages/min), scraped 0 items (at 0 items/min)
2021-03-03 16:15:59 [scrapy.extensions.logstats] INFO: Crawled 430 pages (at 6 pages/min), scraped 0 items (at 0 items/min)
2021-03-03 16:16:59 [scrapy.extensions.logstats] INFO: Crawled 437 pages (at 7 pages/min), scraped 0 items (at 0 items/min)
2021-03-03 16:18:05 [scrapy.extensions.logstats] INFO: Crawled 445 pages (at 8 pages/min), scraped 0 items (at 0 items/min)
2021-03-03 16:19:05 [scrapy.extensions.logstats] INFO: Crawled 452 pages (at 7 pages/min), scraped 0 items (at 0 items/min)
2021-03-03 16:20:03 [scrapy.extensions.logstats] INFO: Crawled 459 pages (at 7 pages/min), scraped 0 items (at 0 items/min)
2021-03-03 16:21:03 [scrapy.extensions.logstats] INFO: Crawled 466 pages (at 7 pages/min), scraped 0 items (at 0 items/min)
2021-03-03 16:21:57 [scrapy.extensions.logstats] INFO: Crawled 472 pages (at 6 pages/min), scraped 0 items (at 0 items/min)
2021-03-03 16:22:58 [scrapy.extensions.logstats] INFO: Crawled 477 pages (at 5 pages/min), scraped 0 items (at 0 items/min)
2021-03-03 16:23:56 [scrapy.extensions.logstats] INFO: Crawled 482 pages (at 5 pages/min), scraped 0 items (at 0 items/min)
2021-03-03 16:25:12 [scrapy.extensions.logstats] INFO: Crawled 489 pages (at 7 pages/min), scraped 0 items (at 0 items/min)
2021-03-03 16:26:16 [scrapy.extensions.logstats] INFO: Crawled 493 pages (at 4 pages/min), scraped 0 items (at 0 items/min)
2021-03-03 16:26:56 [scrapy.extensions.logstats] INFO: Crawled 496 pages (at 3 pages/min), scraped 0 items (at 0 items/min)
2021-03-03 16:27:58 [scrapy.extensions.logstats] INFO: Crawled 500 pages (at 4 pages/min), scraped 0 items (at 0 items/min)
2021-03-03 16:29:04 [scrapy.extensions.logstats] INFO: Crawled 502 pages (at 2 pages/min), scraped 0 items (at 0 items/min)
2021-03-03 16:30:09 [scrapy.extensions.logstats] INFO: Crawled 504 pages (at 2 pages/min), scraped 0 items (at 0 items/min)
2021-03-03 16:31:05 [scrapy.extensions.logstats] INFO: Crawled 505 pages (at 1 pages/min), scraped 0 items (at 0 items/min)
2021-03-03 16:32:13 [scrapy.extensions.logstats] INFO: Crawled 507 pages (at 2 pages/min), scraped 0 items (at 0 items/min)
2021-03-03 16:32:56 [scrapy.extensions.logstats] INFO: Crawled 508 pages (at 1 pages/min), scraped 0 items (at 0 items/min)
2021-03-03 16:33:53 [scrapy.extensions.logstats] INFO: Crawled 509 pages (at 1 pages/min), scraped 0 items (at 0 items/min)
2021-03-03 16:34:03 [scrapy.crawler] INFO: Received SIGTERM, shutting down gracefully. Send again to force 
2021-03-03 16:34:09 [scrapy.core.engine] INFO: Closing spider (shutdown)
2021-03-03 16:34:35 [scrapy.statscollectors] INFO: Dumping Scrapy stats:
{'downloader/exception_count': 97,
 'downloader/exception_type_count/twisted.internet.error.TimeoutError': 89,
 'downloader/exception_type_count/twisted.web._newclient.ResponseNeverReceived': 8,
 'downloader/request_bytes': 211320,
 'downloader/request_count': 613,
 'downloader/request_method_count/GET': 613,
 'downloader/response_bytes': 101724940,
 'downloader/response_count': 516,
 'downloader/response_status_count/200': 395,
 'downloader/response_status_count/301': 9,
 'downloader/response_status_count/302': 112,
 'elapsed_time_seconds': 2862.822141,
 'finish_reason': 'shutdown',
 'finish_time': datetime.datetime(2021, 3, 3, 13, 4, 35, 131512),
 'log_count/INFO': 63,
 'log_count/WARNING': 2,
 'memusage/max': 427601920,
 'memusage/startup': 97165312,
 'request_depth_max': 259,
 'response_received_count': 510,
 'scheduler/dequeued': 613,
 'scheduler/dequeued/memory': 613,
 'scheduler/enqueued': 616,
 'scheduler/enqueued/memory': 616,
 'start_time': datetime.datetime(2021, 3, 3, 12, 16, 52, 309371)}
2021-03-03 16:34:35 [scrapy.core.engine] INFO: Spider closed (shutdown)
