2021-03-03 16:34:48 [scrapy.utils.log] INFO: Scrapy 2.1.0 started (bot: ARGUS)
2021-03-03 16:34:48 [scrapy.utils.log] INFO: Versions: lxml 4.6.1.0, libxml2 2.9.10, cssselect 1.1.0, parsel 1.6.0, w3lib 1.22.0, Twisted 20.3.0, Python 3.7.6 | packaged by conda-forge | (default, Dec 26 2019, 23:46:52) - [Clang 9.0.0 (tags/RELEASE_900/final)], pyOpenSSL 19.1.0 (OpenSSL 1.1.1d  10 Sep 2019), cryptography 2.8, Platform Darwin-18.7.0-x86_64-i386-64bit
2021-03-03 16:34:48 [scrapy.crawler] INFO: Overridden settings:
{'AJAXCRAWL_ENABLED': True,
 'BOT_NAME': 'ARGUS',
 'COMPRESSION_ENABLED': False,
 'CONCURRENT_ITEMS': 200,
 'CONCURRENT_REQUESTS': 100,
 'COOKIES_ENABLED': False,
 'DOWNLOAD_MAXSIZE': 10000000,
 'DOWNLOAD_TIMEOUT': 20,
 'LOG_FILE': 'logs/ARGUS/dualspider/51149ada7c2011ebaf3134363b7bab66.log',
 'LOG_LEVEL': 'INFO',
 'NEWSPIDER_MODULE': 'ARGUS.spiders',
 'REACTOR_THREADPOOL_MAXSIZE': 30,
 'RETRY_ENABLED': False,
 'SPIDER_MODULES': ['ARGUS.spiders']}
2021-03-03 16:34:48 [scrapy.extensions.telnet] INFO: Telnet Password: bcc9dc5b405fe25d
2021-03-03 16:34:48 [py.warnings] WARNING: /Users/parnianshahkar/Downloads/miniconda3/lib/python3.7/site-packages/scrapy/extensions/feedexport.py:210: ScrapyDeprecationWarning: The `FEED_URI` and `FEED_FORMAT` settings have been deprecated in favor of the `FEEDS` setting. Please see the `FEEDS` setting docs for more details
  exporter = cls(crawler)

2021-03-03 16:34:48 [scrapy.middleware] INFO: Enabled extensions:
['scrapy.extensions.corestats.CoreStats',
 'scrapy.extensions.telnet.TelnetConsole',
 'scrapy.extensions.memusage.MemoryUsage',
 'scrapy.extensions.feedexport.FeedExporter',
 'scrapy.extensions.logstats.LogStats']
2021-03-03 16:34:49 [scrapy_fake_useragent.middleware] INFO: Using '<class 'scrapy_fake_useragent.providers.FakeUserAgentProvider'>' as the User-Agent provider
2021-03-03 16:34:49 [scrapy.middleware] INFO: Enabled downloader middlewares:
['scrapy.downloadermiddlewares.httpauth.HttpAuthMiddleware',
 'scrapy.downloadermiddlewares.downloadtimeout.DownloadTimeoutMiddleware',
 'scrapy.downloadermiddlewares.defaultheaders.DefaultHeadersMiddleware',
 'scrapy_fake_useragent.middleware.RandomUserAgentMiddleware',
 'scrapy.downloadermiddlewares.ajaxcrawl.AjaxCrawlMiddleware',
 'scrapy.downloadermiddlewares.redirect.MetaRefreshMiddleware',
 'scrapy.downloadermiddlewares.redirect.RedirectMiddleware',
 'scrapy.downloadermiddlewares.httpproxy.HttpProxyMiddleware',
 'scrapy.downloadermiddlewares.stats.DownloaderStats']
2021-03-03 16:34:49 [scrapy.middleware] INFO: Enabled spider middlewares:
['scrapy.spidermiddlewares.httperror.HttpErrorMiddleware',
 'scrapy.spidermiddlewares.offsite.OffsiteMiddleware',
 'scrapy.spidermiddlewares.referer.RefererMiddleware',
 'scrapy.spidermiddlewares.urllength.UrlLengthMiddleware',
 'scrapy.spidermiddlewares.depth.DepthMiddleware']
2021-03-03 16:34:49 [scrapy.middleware] INFO: Enabled item pipelines:
['ARGUS.pipelines.DualPipeline']
2021-03-03 16:34:49 [scrapy.core.engine] INFO: Spider opened
2021-03-03 16:34:49 [scrapy.extensions.logstats] INFO: Crawled 0 pages (at 0 pages/min), scraped 0 items (at 0 items/min)
2021-03-03 16:34:49 [scrapy.extensions.telnet] INFO: Telnet console listening on 127.0.0.1:6023
2021-03-03 16:34:53 [filelock] INFO: Lock 4677700944 acquired on /Users/parnianshahkar/.cache/python-tldextract/3.7.6.final__miniconda3__c4b0bd__tldextract-3.1.0/publicsuffix.org-tlds/de84b5ca2167d4c83e38fb162f2e8738.tldextract.json.lock
2021-03-03 16:34:53 [filelock] INFO: Lock 4686820432 acquired on /Users/parnianshahkar/.cache/python-tldextract/3.7.6.final__miniconda3__c4b0bd__tldextract-3.1.0/urls/62bf135d1c2f3d4db4228b9ecaf507a2.tldextract.json.lock
2021-03-03 16:34:53 [filelock] INFO: Lock 4686820432 released on /Users/parnianshahkar/.cache/python-tldextract/3.7.6.final__miniconda3__c4b0bd__tldextract-3.1.0/urls/62bf135d1c2f3d4db4228b9ecaf507a2.tldextract.json.lock
2021-03-03 16:34:53 [filelock] INFO: Lock 4677700944 released on /Users/parnianshahkar/.cache/python-tldextract/3.7.6.final__miniconda3__c4b0bd__tldextract-3.1.0/publicsuffix.org-tlds/de84b5ca2167d4c83e38fb162f2e8738.tldextract.json.lock
2021-03-03 16:34:56 [py.warnings] WARNING: /Users/parnianshahkar/Downloads/miniconda3/lib/python3.7/site-packages/scrapy/core/scraper.py:153: UserWarning: The "DualSpider.processURLstack" method is a generator and includes a "return" statement with a value different than None. This could lead to unexpected behaviour. Please see https://docs.python.org/3/reference/simple_stmts.html#the-return-statement for details about the semantics of the "return" statement within generators
  warn_on_generator_with_return_value(spider, request.errback)

2021-03-03 16:35:49 [scrapy.extensions.logstats] INFO: Crawled 39 pages (at 39 pages/min), scraped 0 items (at 0 items/min)
2021-03-03 16:36:49 [scrapy.extensions.logstats] INFO: Crawled 47 pages (at 8 pages/min), scraped 0 items (at 0 items/min)
2021-03-03 16:37:49 [scrapy.extensions.logstats] INFO: Crawled 60 pages (at 13 pages/min), scraped 0 items (at 0 items/min)
2021-03-03 16:38:49 [scrapy.extensions.logstats] INFO: Crawled 73 pages (at 13 pages/min), scraped 0 items (at 0 items/min)
2021-03-03 16:39:50 [scrapy.extensions.logstats] INFO: Crawled 97 pages (at 24 pages/min), scraped 0 items (at 0 items/min)
2021-03-03 16:40:50 [scrapy.extensions.logstats] INFO: Crawled 130 pages (at 33 pages/min), scraped 0 items (at 0 items/min)
2021-03-03 16:41:49 [scrapy.extensions.logstats] INFO: Crawled 148 pages (at 18 pages/min), scraped 0 items (at 0 items/min)
2021-03-03 16:42:49 [scrapy.extensions.logstats] INFO: Crawled 163 pages (at 15 pages/min), scraped 0 items (at 0 items/min)
2021-03-03 16:43:51 [scrapy.extensions.logstats] INFO: Crawled 186 pages (at 23 pages/min), scraped 0 items (at 0 items/min)
2021-03-03 16:44:51 [scrapy.extensions.logstats] INFO: Crawled 205 pages (at 19 pages/min), scraped 0 items (at 0 items/min)
2021-03-03 16:45:49 [scrapy.extensions.logstats] INFO: Crawled 223 pages (at 18 pages/min), scraped 0 items (at 0 items/min)
2021-03-03 16:46:49 [scrapy.extensions.logstats] INFO: Crawled 239 pages (at 16 pages/min), scraped 0 items (at 0 items/min)
2021-03-03 16:47:50 [scrapy.extensions.logstats] INFO: Crawled 254 pages (at 15 pages/min), scraped 0 items (at 0 items/min)
2021-03-03 16:48:49 [scrapy.extensions.logstats] INFO: Crawled 276 pages (at 22 pages/min), scraped 0 items (at 0 items/min)
2021-03-03 16:49:49 [scrapy.extensions.logstats] INFO: Crawled 305 pages (at 29 pages/min), scraped 0 items (at 0 items/min)
2021-03-03 16:50:33 [scrapy.crawler] INFO: Received SIGTERM, shutting down gracefully. Send again to force 
2021-03-03 16:50:34 [scrapy.core.engine] INFO: Closing spider (shutdown)
2021-03-03 16:50:37 [scrapy.statscollectors] INFO: Dumping Scrapy stats:
{'downloader/exception_count': 30,
 'downloader/exception_type_count/twisted.internet.error.TimeoutError': 30,
 'downloader/request_bytes': 110783,
 'downloader/request_count': 362,
 'downloader/request_method_count/GET': 362,
 'downloader/response_bytes': 57665519,
 'downloader/response_count': 332,
 'downloader/response_status_count/200': 184,
 'downloader/response_status_count/301': 63,
 'downloader/response_status_count/302': 77,
 'downloader/response_status_count/404': 8,
 'elapsed_time_seconds': 948.818901,
 'finish_reason': 'shutdown',
 'finish_time': datetime.datetime(2021, 3, 3, 13, 20, 37, 980353),
 'log_count/INFO': 31,
 'log_count/WARNING': 2,
 'memusage/max': 193355776,
 'memusage/startup': 108556288,
 'request_depth_max': 146,
 'response_received_count': 326,
 'scheduler/dequeued': 362,
 'scheduler/dequeued/memory': 362,
 'scheduler/enqueued': 365,
 'scheduler/enqueued/memory': 365,
 'start_time': datetime.datetime(2021, 3, 3, 13, 4, 49, 161452)}
2021-03-03 16:50:37 [scrapy.core.engine] INFO: Spider closed (shutdown)
