2021-03-03 17:13:13 [scrapy.utils.log] INFO: Scrapy 2.1.0 started (bot: ARGUS)
2021-03-03 17:13:13 [scrapy.utils.log] INFO: Versions: lxml 4.6.1.0, libxml2 2.9.10, cssselect 1.1.0, parsel 1.6.0, w3lib 1.22.0, Twisted 20.3.0, Python 3.7.6 | packaged by conda-forge | (default, Dec 26 2019, 23:46:52) - [Clang 9.0.0 (tags/RELEASE_900/final)], pyOpenSSL 19.1.0 (OpenSSL 1.1.1d  10 Sep 2019), cryptography 2.8, Platform Darwin-18.7.0-x86_64-i386-64bit
2021-03-03 17:13:13 [scrapy.crawler] INFO: Overridden settings:
{'AJAXCRAWL_ENABLED': True,
 'BOT_NAME': 'ARGUS',
 'COMPRESSION_ENABLED': False,
 'CONCURRENT_ITEMS': 200,
 'CONCURRENT_REQUESTS': 100,
 'COOKIES_ENABLED': False,
 'DOWNLOAD_MAXSIZE': 10000000,
 'DOWNLOAD_TIMEOUT': 20,
 'LOG_FILE': 'logs/ARGUS/dualspider/630117a47c2611ebaf3134363b7bab66.log',
 'LOG_LEVEL': 'INFO',
 'NEWSPIDER_MODULE': 'ARGUS.spiders',
 'REACTOR_THREADPOOL_MAXSIZE': 30,
 'RETRY_ENABLED': False,
 'SPIDER_MODULES': ['ARGUS.spiders']}
2021-03-03 17:13:13 [scrapy.extensions.telnet] INFO: Telnet Password: b43bf12c942ff63e
2021-03-03 17:13:13 [py.warnings] WARNING: /Users/parnianshahkar/Downloads/miniconda3/lib/python3.7/site-packages/scrapy/extensions/feedexport.py:210: ScrapyDeprecationWarning: The `FEED_URI` and `FEED_FORMAT` settings have been deprecated in favor of the `FEEDS` setting. Please see the `FEEDS` setting docs for more details
  exporter = cls(crawler)

2021-03-03 17:13:13 [scrapy.middleware] INFO: Enabled extensions:
['scrapy.extensions.corestats.CoreStats',
 'scrapy.extensions.telnet.TelnetConsole',
 'scrapy.extensions.memusage.MemoryUsage',
 'scrapy.extensions.feedexport.FeedExporter',
 'scrapy.extensions.logstats.LogStats']
2021-03-03 17:13:14 [scrapy_fake_useragent.middleware] INFO: Using '<class 'scrapy_fake_useragent.providers.FakeUserAgentProvider'>' as the User-Agent provider
2021-03-03 17:13:14 [scrapy.middleware] INFO: Enabled downloader middlewares:
['scrapy.downloadermiddlewares.httpauth.HttpAuthMiddleware',
 'scrapy.downloadermiddlewares.downloadtimeout.DownloadTimeoutMiddleware',
 'scrapy.downloadermiddlewares.defaultheaders.DefaultHeadersMiddleware',
 'scrapy_fake_useragent.middleware.RandomUserAgentMiddleware',
 'scrapy.downloadermiddlewares.ajaxcrawl.AjaxCrawlMiddleware',
 'scrapy.downloadermiddlewares.redirect.MetaRefreshMiddleware',
 'scrapy.downloadermiddlewares.redirect.RedirectMiddleware',
 'scrapy.downloadermiddlewares.httpproxy.HttpProxyMiddleware',
 'scrapy.downloadermiddlewares.stats.DownloaderStats']
2021-03-03 17:13:14 [scrapy.middleware] INFO: Enabled spider middlewares:
['scrapy.spidermiddlewares.httperror.HttpErrorMiddleware',
 'scrapy.spidermiddlewares.offsite.OffsiteMiddleware',
 'scrapy.spidermiddlewares.referer.RefererMiddleware',
 'scrapy.spidermiddlewares.urllength.UrlLengthMiddleware',
 'scrapy.spidermiddlewares.depth.DepthMiddleware']
2021-03-03 17:13:14 [scrapy.middleware] INFO: Enabled item pipelines:
['ARGUS.pipelines.DualPipeline']
2021-03-03 17:13:14 [scrapy.core.engine] INFO: Spider opened
2021-03-03 17:13:14 [scrapy.extensions.logstats] INFO: Crawled 0 pages (at 0 pages/min), scraped 0 items (at 0 items/min)
2021-03-03 17:13:14 [scrapy.extensions.telnet] INFO: Telnet console listening on 127.0.0.1:6023
2021-03-03 17:13:16 [filelock] INFO: Lock 4738761232 acquired on /Users/parnianshahkar/.cache/python-tldextract/3.7.6.final__miniconda3__c4b0bd__tldextract-3.1.0/publicsuffix.org-tlds/de84b5ca2167d4c83e38fb162f2e8738.tldextract.json.lock
2021-03-03 17:13:16 [filelock] INFO: Lock 4738762896 acquired on /Users/parnianshahkar/.cache/python-tldextract/3.7.6.final__miniconda3__c4b0bd__tldextract-3.1.0/urls/62bf135d1c2f3d4db4228b9ecaf507a2.tldextract.json.lock
2021-03-03 17:13:16 [filelock] INFO: Lock 4738762896 released on /Users/parnianshahkar/.cache/python-tldextract/3.7.6.final__miniconda3__c4b0bd__tldextract-3.1.0/urls/62bf135d1c2f3d4db4228b9ecaf507a2.tldextract.json.lock
2021-03-03 17:13:16 [filelock] INFO: Lock 4738761232 released on /Users/parnianshahkar/.cache/python-tldextract/3.7.6.final__miniconda3__c4b0bd__tldextract-3.1.0/publicsuffix.org-tlds/de84b5ca2167d4c83e38fb162f2e8738.tldextract.json.lock
2021-03-03 17:13:17 [py.warnings] WARNING: /Users/parnianshahkar/Downloads/miniconda3/lib/python3.7/site-packages/scrapy/core/scraper.py:153: UserWarning: The "DualSpider.processURLstack" method is a generator and includes a "return" statement with a value different than None. This could lead to unexpected behaviour. Please see https://docs.python.org/3/reference/simple_stmts.html#the-return-statement for details about the semantics of the "return" statement within generators
  warn_on_generator_with_return_value(spider, request.errback)

2021-03-03 17:14:14 [scrapy.extensions.logstats] INFO: Crawled 65 pages (at 65 pages/min), scraped 0 items (at 0 items/min)
2021-03-03 17:15:14 [scrapy.extensions.logstats] INFO: Crawled 115 pages (at 50 pages/min), scraped 0 items (at 0 items/min)
2021-03-03 17:16:14 [scrapy.extensions.logstats] INFO: Crawled 153 pages (at 38 pages/min), scraped 0 items (at 0 items/min)
2021-03-03 17:17:15 [scrapy.extensions.logstats] INFO: Crawled 184 pages (at 31 pages/min), scraped 0 items (at 0 items/min)
2021-03-03 17:18:15 [scrapy.extensions.logstats] INFO: Crawled 211 pages (at 27 pages/min), scraped 0 items (at 0 items/min)
2021-03-03 17:19:15 [scrapy.extensions.logstats] INFO: Crawled 234 pages (at 23 pages/min), scraped 0 items (at 0 items/min)
2021-03-03 17:20:16 [scrapy.extensions.logstats] INFO: Crawled 259 pages (at 25 pages/min), scraped 0 items (at 0 items/min)
2021-03-03 17:21:16 [scrapy.extensions.logstats] INFO: Crawled 283 pages (at 24 pages/min), scraped 0 items (at 0 items/min)
2021-03-03 17:22:16 [scrapy.extensions.logstats] INFO: Crawled 304 pages (at 21 pages/min), scraped 0 items (at 0 items/min)
2021-03-03 17:23:17 [scrapy.extensions.logstats] INFO: Crawled 319 pages (at 15 pages/min), scraped 0 items (at 0 items/min)
2021-03-03 17:24:19 [scrapy.extensions.logstats] INFO: Crawled 337 pages (at 18 pages/min), scraped 0 items (at 0 items/min)
2021-03-03 17:25:18 [scrapy.extensions.logstats] INFO: Crawled 354 pages (at 17 pages/min), scraped 0 items (at 0 items/min)
2021-03-03 17:26:14 [scrapy.extensions.logstats] INFO: Crawled 371 pages (at 17 pages/min), scraped 0 items (at 0 items/min)
2021-03-03 17:27:14 [scrapy.extensions.logstats] INFO: Crawled 385 pages (at 14 pages/min), scraped 0 items (at 0 items/min)
2021-03-03 17:28:20 [scrapy.extensions.logstats] INFO: Crawled 402 pages (at 17 pages/min), scraped 0 items (at 0 items/min)
2021-03-03 17:29:19 [scrapy.extensions.logstats] INFO: Crawled 416 pages (at 14 pages/min), scraped 0 items (at 0 items/min)
2021-03-03 17:30:18 [scrapy.extensions.logstats] INFO: Crawled 426 pages (at 10 pages/min), scraped 0 items (at 0 items/min)
2021-03-03 17:31:21 [scrapy.extensions.logstats] INFO: Crawled 433 pages (at 7 pages/min), scraped 0 items (at 0 items/min)
2021-03-03 17:32:15 [scrapy.extensions.logstats] INFO: Crawled 436 pages (at 3 pages/min), scraped 0 items (at 0 items/min)
2021-03-03 17:33:24 [scrapy.extensions.logstats] INFO: Crawled 442 pages (at 6 pages/min), scraped 0 items (at 0 items/min)
2021-03-03 17:34:17 [scrapy.extensions.logstats] INFO: Crawled 447 pages (at 5 pages/min), scraped 0 items (at 0 items/min)
2021-03-03 17:35:17 [scrapy.extensions.logstats] INFO: Crawled 454 pages (at 7 pages/min), scraped 0 items (at 0 items/min)
2021-03-03 17:36:14 [scrapy.extensions.logstats] INFO: Crawled 460 pages (at 6 pages/min), scraped 0 items (at 0 items/min)
2021-03-03 17:37:15 [scrapy.extensions.logstats] INFO: Crawled 464 pages (at 4 pages/min), scraped 0 items (at 0 items/min)
2021-03-03 17:38:15 [scrapy.extensions.logstats] INFO: Crawled 468 pages (at 4 pages/min), scraped 0 items (at 0 items/min)
2021-03-03 17:39:24 [scrapy.extensions.logstats] INFO: Crawled 473 pages (at 5 pages/min), scraped 0 items (at 0 items/min)
2021-03-03 17:40:15 [scrapy.extensions.logstats] INFO: Crawled 477 pages (at 4 pages/min), scraped 0 items (at 0 items/min)
2021-03-03 17:41:14 [scrapy.extensions.logstats] INFO: Crawled 484 pages (at 7 pages/min), scraped 0 items (at 0 items/min)
2021-03-03 17:42:20 [scrapy.extensions.logstats] INFO: Crawled 488 pages (at 4 pages/min), scraped 0 items (at 0 items/min)
2021-03-03 17:43:18 [scrapy.extensions.logstats] INFO: Crawled 494 pages (at 6 pages/min), scraped 0 items (at 0 items/min)
2021-03-03 17:44:15 [scrapy.extensions.logstats] INFO: Crawled 498 pages (at 4 pages/min), scraped 0 items (at 0 items/min)
2021-03-03 17:45:19 [scrapy.extensions.logstats] INFO: Crawled 504 pages (at 6 pages/min), scraped 0 items (at 0 items/min)
2021-03-03 17:46:24 [scrapy.extensions.logstats] INFO: Crawled 509 pages (at 5 pages/min), scraped 0 items (at 0 items/min)
2021-03-03 17:47:22 [scrapy.extensions.logstats] INFO: Crawled 512 pages (at 3 pages/min), scraped 0 items (at 0 items/min)
2021-03-03 17:48:21 [scrapy.extensions.logstats] INFO: Crawled 515 pages (at 3 pages/min), scraped 0 items (at 0 items/min)
2021-03-03 17:49:23 [scrapy.extensions.logstats] INFO: Crawled 518 pages (at 3 pages/min), scraped 0 items (at 0 items/min)
2021-03-03 17:50:23 [scrapy.extensions.logstats] INFO: Crawled 523 pages (at 5 pages/min), scraped 0 items (at 0 items/min)
2021-03-03 17:51:15 [scrapy.extensions.logstats] INFO: Crawled 528 pages (at 5 pages/min), scraped 0 items (at 0 items/min)
2021-03-03 17:52:27 [scrapy.extensions.logstats] INFO: Crawled 535 pages (at 7 pages/min), scraped 0 items (at 0 items/min)
2021-03-03 17:53:17 [scrapy.extensions.logstats] INFO: Crawled 540 pages (at 5 pages/min), scraped 0 items (at 0 items/min)
2021-03-03 17:54:21 [scrapy.extensions.logstats] INFO: Crawled 545 pages (at 5 pages/min), scraped 0 items (at 0 items/min)
2021-03-03 17:55:18 [scrapy.extensions.logstats] INFO: Crawled 551 pages (at 6 pages/min), scraped 0 items (at 0 items/min)
2021-03-03 17:56:34 [scrapy.extensions.logstats] INFO: Crawled 558 pages (at 7 pages/min), scraped 0 items (at 0 items/min)
2021-03-03 17:57:15 [scrapy.extensions.logstats] INFO: Crawled 562 pages (at 4 pages/min), scraped 0 items (at 0 items/min)
2021-03-03 17:58:25 [scrapy.extensions.logstats] INFO: Crawled 567 pages (at 5 pages/min), scraped 0 items (at 0 items/min)
2021-03-03 17:59:18 [scrapy.extensions.logstats] INFO: Crawled 571 pages (at 4 pages/min), scraped 0 items (at 0 items/min)
2021-03-03 18:00:25 [scrapy.extensions.logstats] INFO: Crawled 576 pages (at 5 pages/min), scraped 0 items (at 0 items/min)
2021-03-03 18:01:17 [scrapy.extensions.logstats] INFO: Crawled 582 pages (at 6 pages/min), scraped 0 items (at 0 items/min)
2021-03-03 18:02:28 [scrapy.extensions.logstats] INFO: Crawled 588 pages (at 6 pages/min), scraped 0 items (at 0 items/min)
2021-03-03 18:03:18 [scrapy.extensions.logstats] INFO: Crawled 593 pages (at 5 pages/min), scraped 0 items (at 0 items/min)
2021-03-03 18:04:15 [scrapy.extensions.logstats] INFO: Crawled 599 pages (at 6 pages/min), scraped 0 items (at 0 items/min)
2021-03-03 18:05:20 [scrapy.extensions.logstats] INFO: Crawled 605 pages (at 6 pages/min), scraped 0 items (at 0 items/min)
2021-03-03 18:06:26 [scrapy.extensions.logstats] INFO: Crawled 611 pages (at 6 pages/min), scraped 0 items (at 0 items/min)
2021-03-03 18:07:14 [scrapy.extensions.logstats] INFO: Crawled 615 pages (at 4 pages/min), scraped 0 items (at 0 items/min)
2021-03-03 18:08:16 [scrapy.extensions.logstats] INFO: Crawled 622 pages (at 7 pages/min), scraped 0 items (at 0 items/min)
2021-03-03 18:09:26 [scrapy.extensions.logstats] INFO: Crawled 628 pages (at 6 pages/min), scraped 0 items (at 0 items/min)
2021-03-03 18:10:17 [scrapy.extensions.logstats] INFO: Crawled 632 pages (at 4 pages/min), scraped 0 items (at 0 items/min)
2021-03-03 18:11:24 [scrapy.extensions.logstats] INFO: Crawled 639 pages (at 7 pages/min), scraped 0 items (at 0 items/min)
2021-03-03 18:12:15 [scrapy.extensions.logstats] INFO: Crawled 643 pages (at 4 pages/min), scraped 0 items (at 0 items/min)
2021-03-03 18:13:14 [scrapy.extensions.logstats] INFO: Crawled 648 pages (at 5 pages/min), scraped 0 items (at 0 items/min)
2021-03-03 18:14:19 [scrapy.extensions.logstats] INFO: Crawled 653 pages (at 5 pages/min), scraped 0 items (at 0 items/min)
2021-03-03 18:15:15 [scrapy.extensions.logstats] INFO: Crawled 657 pages (at 4 pages/min), scraped 0 items (at 0 items/min)
2021-03-03 18:16:27 [scrapy.extensions.logstats] INFO: Crawled 662 pages (at 5 pages/min), scraped 0 items (at 0 items/min)
2021-03-03 18:17:24 [scrapy.extensions.logstats] INFO: Crawled 667 pages (at 5 pages/min), scraped 0 items (at 0 items/min)
2021-03-03 18:18:16 [scrapy.extensions.logstats] INFO: Crawled 671 pages (at 4 pages/min), scraped 0 items (at 0 items/min)
2021-03-03 18:19:15 [scrapy.extensions.logstats] INFO: Crawled 674 pages (at 3 pages/min), scraped 0 items (at 0 items/min)
2021-03-03 18:20:14 [scrapy.extensions.logstats] INFO: Crawled 677 pages (at 3 pages/min), scraped 0 items (at 0 items/min)
2021-03-03 18:21:17 [scrapy.extensions.logstats] INFO: Crawled 681 pages (at 4 pages/min), scraped 0 items (at 0 items/min)
2021-03-03 18:22:14 [scrapy.extensions.logstats] INFO: Crawled 687 pages (at 6 pages/min), scraped 0 items (at 0 items/min)
2021-03-03 18:23:35 [scrapy.extensions.logstats] INFO: Crawled 691 pages (at 4 pages/min), scraped 0 items (at 0 items/min)
2021-03-03 18:24:26 [scrapy.extensions.logstats] INFO: Crawled 695 pages (at 4 pages/min), scraped 0 items (at 0 items/min)
2021-03-03 18:25:18 [scrapy.extensions.logstats] INFO: Crawled 701 pages (at 6 pages/min), scraped 0 items (at 0 items/min)
2021-03-03 18:26:20 [scrapy.extensions.logstats] INFO: Crawled 709 pages (at 8 pages/min), scraped 0 items (at 0 items/min)
2021-03-03 18:27:15 [scrapy.extensions.logstats] INFO: Crawled 713 pages (at 4 pages/min), scraped 0 items (at 0 items/min)
2021-03-03 18:28:18 [scrapy.extensions.logstats] INFO: Crawled 715 pages (at 2 pages/min), scraped 0 items (at 0 items/min)
2021-03-03 18:29:14 [scrapy.extensions.logstats] INFO: Crawled 717 pages (at 2 pages/min), scraped 0 items (at 0 items/min)
2021-03-03 18:30:35 [scrapy.extensions.logstats] INFO: Crawled 722 pages (at 5 pages/min), scraped 0 items (at 0 items/min)
2021-03-03 18:31:31 [scrapy.extensions.logstats] INFO: Crawled 726 pages (at 4 pages/min), scraped 0 items (at 0 items/min)
2021-03-03 18:32:42 [scrapy.extensions.logstats] INFO: Crawled 730 pages (at 4 pages/min), scraped 0 items (at 0 items/min)
2021-03-03 18:33:15 [scrapy.extensions.logstats] INFO: Crawled 732 pages (at 2 pages/min), scraped 0 items (at 0 items/min)
2021-03-03 18:34:14 [scrapy.extensions.logstats] INFO: Crawled 737 pages (at 5 pages/min), scraped 0 items (at 0 items/min)
2021-03-03 18:35:24 [scrapy.extensions.logstats] INFO: Crawled 739 pages (at 2 pages/min), scraped 0 items (at 0 items/min)
2021-03-03 18:36:17 [scrapy.extensions.logstats] INFO: Crawled 740 pages (at 1 pages/min), scraped 0 items (at 0 items/min)
2021-03-03 18:37:27 [scrapy.extensions.logstats] INFO: Crawled 742 pages (at 2 pages/min), scraped 0 items (at 0 items/min)
2021-03-03 18:38:31 [scrapy.extensions.logstats] INFO: Crawled 744 pages (at 2 pages/min), scraped 0 items (at 0 items/min)
2021-03-03 18:39:15 [scrapy.extensions.logstats] INFO: Crawled 747 pages (at 3 pages/min), scraped 0 items (at 0 items/min)
2021-03-03 18:40:19 [scrapy.extensions.logstats] INFO: Crawled 752 pages (at 5 pages/min), scraped 0 items (at 0 items/min)
2021-03-03 18:41:19 [scrapy.extensions.logstats] INFO: Crawled 753 pages (at 1 pages/min), scraped 0 items (at 0 items/min)
2021-03-03 18:42:29 [scrapy.extensions.logstats] INFO: Crawled 756 pages (at 3 pages/min), scraped 0 items (at 0 items/min)
2021-03-03 18:43:17 [scrapy.extensions.logstats] INFO: Crawled 757 pages (at 1 pages/min), scraped 0 items (at 0 items/min)
2021-03-03 18:44:22 [scrapy.extensions.logstats] INFO: Crawled 759 pages (at 2 pages/min), scraped 0 items (at 0 items/min)
2021-03-03 18:45:20 [scrapy.extensions.logstats] INFO: Crawled 761 pages (at 2 pages/min), scraped 0 items (at 0 items/min)
2021-03-03 18:46:15 [scrapy.extensions.logstats] INFO: Crawled 763 pages (at 2 pages/min), scraped 0 items (at 0 items/min)
2021-03-03 18:47:24 [scrapy.extensions.logstats] INFO: Crawled 764 pages (at 1 pages/min), scraped 0 items (at 0 items/min)
2021-03-03 18:48:19 [scrapy.extensions.logstats] INFO: Crawled 766 pages (at 2 pages/min), scraped 0 items (at 0 items/min)
2021-03-03 18:49:25 [scrapy.extensions.logstats] INFO: Crawled 768 pages (at 2 pages/min), scraped 0 items (at 0 items/min)
2021-03-03 18:50:23 [scrapy.extensions.logstats] INFO: Crawled 769 pages (at 1 pages/min), scraped 0 items (at 0 items/min)
2021-03-03 18:51:20 [scrapy.extensions.logstats] INFO: Crawled 770 pages (at 1 pages/min), scraped 0 items (at 0 items/min)
2021-03-03 18:52:24 [scrapy.extensions.logstats] INFO: Crawled 774 pages (at 4 pages/min), scraped 0 items (at 0 items/min)
2021-03-03 18:53:32 [scrapy.extensions.logstats] INFO: Crawled 778 pages (at 4 pages/min), scraped 0 items (at 0 items/min)
2021-03-03 18:54:35 [scrapy.extensions.logstats] INFO: Crawled 782 pages (at 4 pages/min), scraped 0 items (at 0 items/min)
2021-03-03 18:55:17 [scrapy.extensions.logstats] INFO: Crawled 785 pages (at 3 pages/min), scraped 0 items (at 0 items/min)
2021-03-03 18:56:22 [scrapy.extensions.logstats] INFO: Crawled 789 pages (at 4 pages/min), scraped 0 items (at 0 items/min)
2021-03-03 18:57:28 [scrapy.extensions.logstats] INFO: Crawled 791 pages (at 2 pages/min), scraped 0 items (at 0 items/min)
2021-03-03 18:58:17 [scrapy.extensions.logstats] INFO: Crawled 793 pages (at 2 pages/min), scraped 0 items (at 0 items/min)
2021-03-03 18:59:19 [scrapy.extensions.logstats] INFO: Crawled 794 pages (at 1 pages/min), scraped 0 items (at 0 items/min)
2021-03-03 19:00:34 [scrapy.extensions.logstats] INFO: Crawled 795 pages (at 1 pages/min), scraped 0 items (at 0 items/min)
2021-03-03 19:01:19 [scrapy.extensions.logstats] INFO: Crawled 796 pages (at 1 pages/min), scraped 0 items (at 0 items/min)
2021-03-03 19:02:14 [scrapy.extensions.logstats] INFO: Crawled 797 pages (at 1 pages/min), scraped 0 items (at 0 items/min)
2021-03-03 19:03:18 [scrapy.extensions.logstats] INFO: Crawled 800 pages (at 3 pages/min), scraped 0 items (at 0 items/min)
2021-03-03 19:04:14 [scrapy.extensions.logstats] INFO: Crawled 802 pages (at 2 pages/min), scraped 0 items (at 0 items/min)
2021-03-03 19:05:37 [scrapy.extensions.logstats] INFO: Crawled 804 pages (at 2 pages/min), scraped 0 items (at 0 items/min)
2021-03-03 19:06:15 [scrapy.extensions.logstats] INFO: Crawled 805 pages (at 1 pages/min), scraped 0 items (at 0 items/min)
2021-03-03 19:07:15 [scrapy.extensions.logstats] INFO: Crawled 807 pages (at 2 pages/min), scraped 0 items (at 0 items/min)
2021-03-03 19:08:29 [scrapy.extensions.logstats] INFO: Crawled 809 pages (at 2 pages/min), scraped 0 items (at 0 items/min)
2021-03-03 19:09:19 [scrapy.extensions.logstats] INFO: Crawled 810 pages (at 1 pages/min), scraped 0 items (at 0 items/min)
2021-03-03 19:10:26 [scrapy.extensions.logstats] INFO: Crawled 811 pages (at 1 pages/min), scraped 0 items (at 0 items/min)
2021-03-03 19:11:14 [scrapy.extensions.logstats] INFO: Crawled 814 pages (at 3 pages/min), scraped 0 items (at 0 items/min)
2021-03-03 19:12:14 [scrapy.extensions.logstats] INFO: Crawled 818 pages (at 4 pages/min), scraped 0 items (at 0 items/min)
2021-03-03 19:13:25 [scrapy.extensions.logstats] INFO: Crawled 819 pages (at 1 pages/min), scraped 0 items (at 0 items/min)
2021-03-03 19:14:21 [scrapy.extensions.logstats] INFO: Crawled 820 pages (at 1 pages/min), scraped 0 items (at 0 items/min)
2021-03-03 19:15:38 [scrapy.extensions.logstats] INFO: Crawled 822 pages (at 2 pages/min), scraped 0 items (at 0 items/min)
2021-03-03 19:16:24 [scrapy.extensions.logstats] INFO: Crawled 823 pages (at 1 pages/min), scraped 0 items (at 0 items/min)
2021-03-03 19:17:26 [scrapy.extensions.logstats] INFO: Crawled 825 pages (at 2 pages/min), scraped 0 items (at 0 items/min)
2021-03-03 19:18:27 [scrapy.extensions.logstats] INFO: Crawled 825 pages (at 0 pages/min), scraped 0 items (at 0 items/min)
2021-03-03 19:19:17 [scrapy.extensions.logstats] INFO: Crawled 827 pages (at 2 pages/min), scraped 0 items (at 0 items/min)
2021-03-03 19:20:23 [scrapy.extensions.logstats] INFO: Crawled 829 pages (at 2 pages/min), scraped 0 items (at 0 items/min)
2021-03-03 19:21:27 [scrapy.extensions.logstats] INFO: Crawled 831 pages (at 2 pages/min), scraped 0 items (at 0 items/min)
2021-03-03 19:22:28 [scrapy.extensions.logstats] INFO: Crawled 831 pages (at 0 pages/min), scraped 0 items (at 0 items/min)
2021-03-03 19:23:18 [scrapy.extensions.logstats] INFO: Crawled 832 pages (at 1 pages/min), scraped 0 items (at 0 items/min)
2021-03-03 19:24:35 [scrapy.extensions.logstats] INFO: Crawled 834 pages (at 2 pages/min), scraped 0 items (at 0 items/min)
2021-03-03 19:25:21 [scrapy.extensions.logstats] INFO: Crawled 835 pages (at 1 pages/min), scraped 0 items (at 0 items/min)
2021-03-03 19:26:17 [scrapy.extensions.logstats] INFO: Crawled 836 pages (at 1 pages/min), scraped 0 items (at 0 items/min)
2021-03-03 19:27:48 [scrapy.extensions.logstats] INFO: Crawled 838 pages (at 2 pages/min), scraped 0 items (at 0 items/min)
2021-03-03 19:28:25 [scrapy.extensions.logstats] INFO: Crawled 838 pages (at 0 pages/min), scraped 0 items (at 0 items/min)
2021-03-03 19:29:15 [scrapy.extensions.logstats] INFO: Crawled 838 pages (at 0 pages/min), scraped 0 items (at 0 items/min)
2021-03-03 19:30:25 [scrapy.extensions.logstats] INFO: Crawled 841 pages (at 3 pages/min), scraped 0 items (at 0 items/min)
2021-03-03 19:31:20 [scrapy.extensions.logstats] INFO: Crawled 842 pages (at 1 pages/min), scraped 0 items (at 0 items/min)
2021-03-03 19:32:21 [scrapy.extensions.logstats] INFO: Crawled 842 pages (at 0 pages/min), scraped 0 items (at 0 items/min)
2021-03-03 19:33:41 [scrapy.extensions.logstats] INFO: Crawled 842 pages (at 0 pages/min), scraped 0 items (at 0 items/min)
2021-03-03 19:34:39 [scrapy.extensions.logstats] INFO: Crawled 842 pages (at 0 pages/min), scraped 0 items (at 0 items/min)
2021-03-03 19:35:33 [scrapy.extensions.logstats] INFO: Crawled 842 pages (at 0 pages/min), scraped 0 items (at 0 items/min)
2021-03-03 19:36:15 [scrapy.extensions.logstats] INFO: Crawled 842 pages (at 0 pages/min), scraped 0 items (at 0 items/min)
2021-03-03 19:37:16 [scrapy.extensions.logstats] INFO: Crawled 844 pages (at 2 pages/min), scraped 0 items (at 0 items/min)
2021-03-03 19:38:17 [scrapy.extensions.logstats] INFO: Crawled 845 pages (at 1 pages/min), scraped 0 items (at 0 items/min)
2021-03-03 19:39:19 [scrapy.extensions.logstats] INFO: Crawled 846 pages (at 1 pages/min), scraped 0 items (at 0 items/min)
2021-03-03 19:40:21 [scrapy.extensions.logstats] INFO: Crawled 848 pages (at 2 pages/min), scraped 0 items (at 0 items/min)
2021-03-03 19:41:17 [scrapy.extensions.logstats] INFO: Crawled 850 pages (at 2 pages/min), scraped 0 items (at 0 items/min)
2021-03-03 19:42:15 [scrapy.extensions.logstats] INFO: Crawled 851 pages (at 1 pages/min), scraped 0 items (at 0 items/min)
2021-03-03 19:43:25 [scrapy.extensions.logstats] INFO: Crawled 853 pages (at 2 pages/min), scraped 0 items (at 0 items/min)
2021-03-03 19:44:29 [scrapy.extensions.logstats] INFO: Crawled 855 pages (at 2 pages/min), scraped 0 items (at 0 items/min)
2021-03-03 19:45:15 [scrapy.extensions.logstats] INFO: Crawled 855 pages (at 0 pages/min), scraped 0 items (at 0 items/min)
2021-03-03 19:46:22 [scrapy.extensions.logstats] INFO: Crawled 859 pages (at 4 pages/min), scraped 0 items (at 0 items/min)
2021-03-03 19:47:32 [scrapy.extensions.logstats] INFO: Crawled 861 pages (at 2 pages/min), scraped 0 items (at 0 items/min)
2021-03-03 19:48:17 [scrapy.extensions.logstats] INFO: Crawled 862 pages (at 1 pages/min), scraped 0 items (at 0 items/min)
2021-03-03 19:49:21 [scrapy.extensions.logstats] INFO: Crawled 863 pages (at 1 pages/min), scraped 0 items (at 0 items/min)
2021-03-03 19:50:27 [scrapy.extensions.logstats] INFO: Crawled 867 pages (at 4 pages/min), scraped 0 items (at 0 items/min)
2021-03-03 19:51:14 [scrapy.extensions.logstats] INFO: Crawled 869 pages (at 2 pages/min), scraped 0 items (at 0 items/min)
2021-03-03 19:52:17 [scrapy.extensions.logstats] INFO: Crawled 870 pages (at 1 pages/min), scraped 0 items (at 0 items/min)
2021-03-03 19:53:30 [scrapy.extensions.logstats] INFO: Crawled 871 pages (at 1 pages/min), scraped 0 items (at 0 items/min)
2021-03-03 19:54:17 [scrapy.extensions.logstats] INFO: Crawled 872 pages (at 1 pages/min), scraped 0 items (at 0 items/min)
2021-03-03 19:55:20 [scrapy.extensions.logstats] INFO: Crawled 874 pages (at 2 pages/min), scraped 0 items (at 0 items/min)
2021-03-03 19:56:24 [scrapy.extensions.logstats] INFO: Crawled 876 pages (at 2 pages/min), scraped 0 items (at 0 items/min)
2021-03-03 19:57:14 [scrapy.extensions.logstats] INFO: Crawled 877 pages (at 1 pages/min), scraped 0 items (at 0 items/min)
2021-03-03 19:58:26 [scrapy.extensions.logstats] INFO: Crawled 878 pages (at 1 pages/min), scraped 0 items (at 0 items/min)
2021-03-03 19:59:16 [scrapy.extensions.logstats] INFO: Crawled 880 pages (at 2 pages/min), scraped 0 items (at 0 items/min)
2021-03-03 20:00:15 [scrapy.extensions.logstats] INFO: Crawled 882 pages (at 2 pages/min), scraped 0 items (at 0 items/min)
2021-03-03 20:01:18 [scrapy.extensions.logstats] INFO: Crawled 885 pages (at 3 pages/min), scraped 0 items (at 0 items/min)
2021-03-03 20:02:14 [scrapy.extensions.logstats] INFO: Crawled 887 pages (at 2 pages/min), scraped 0 items (at 0 items/min)
2021-03-03 20:03:22 [scrapy.extensions.logstats] INFO: Crawled 889 pages (at 2 pages/min), scraped 0 items (at 0 items/min)
2021-03-03 20:04:22 [scrapy.extensions.logstats] INFO: Crawled 891 pages (at 2 pages/min), scraped 0 items (at 0 items/min)
2021-03-03 20:05:17 [scrapy.extensions.logstats] INFO: Crawled 893 pages (at 2 pages/min), scraped 0 items (at 0 items/min)
2021-03-03 20:06:17 [scrapy.extensions.logstats] INFO: Crawled 895 pages (at 2 pages/min), scraped 0 items (at 0 items/min)
2021-03-03 20:07:19 [scrapy.extensions.logstats] INFO: Crawled 896 pages (at 1 pages/min), scraped 0 items (at 0 items/min)
2021-03-03 20:08:16 [scrapy.extensions.logstats] INFO: Crawled 898 pages (at 2 pages/min), scraped 0 items (at 0 items/min)
2021-03-03 20:09:20 [scrapy.extensions.logstats] INFO: Crawled 900 pages (at 2 pages/min), scraped 0 items (at 0 items/min)
2021-03-03 20:10:14 [scrapy.extensions.logstats] INFO: Crawled 901 pages (at 1 pages/min), scraped 0 items (at 0 items/min)
2021-03-03 20:11:42 [scrapy.extensions.logstats] INFO: Crawled 904 pages (at 3 pages/min), scraped 0 items (at 0 items/min)
2021-03-03 20:12:46 [scrapy.extensions.logstats] INFO: Crawled 906 pages (at 2 pages/min), scraped 0 items (at 0 items/min)
2021-03-03 20:13:38 [scrapy.extensions.logstats] INFO: Crawled 907 pages (at 1 pages/min), scraped 0 items (at 0 items/min)
2021-03-03 20:14:24 [scrapy.extensions.logstats] INFO: Crawled 909 pages (at 2 pages/min), scraped 0 items (at 0 items/min)
2021-03-03 20:15:38 [scrapy.extensions.logstats] INFO: Crawled 910 pages (at 1 pages/min), scraped 0 items (at 0 items/min)
2021-03-03 20:16:43 [scrapy.extensions.logstats] INFO: Crawled 911 pages (at 1 pages/min), scraped 0 items (at 0 items/min)
2021-03-03 20:17:16 [scrapy.extensions.logstats] INFO: Crawled 912 pages (at 1 pages/min), scraped 0 items (at 0 items/min)
2021-03-03 20:18:26 [scrapy.extensions.logstats] INFO: Crawled 916 pages (at 4 pages/min), scraped 0 items (at 0 items/min)
2021-03-03 20:19:17 [scrapy.extensions.logstats] INFO: Crawled 920 pages (at 4 pages/min), scraped 0 items (at 0 items/min)
2021-03-03 20:20:19 [scrapy.extensions.logstats] INFO: Crawled 921 pages (at 1 pages/min), scraped 0 items (at 0 items/min)
2021-03-03 20:21:16 [scrapy.extensions.logstats] INFO: Crawled 922 pages (at 1 pages/min), scraped 0 items (at 0 items/min)
2021-03-03 20:22:23 [scrapy.extensions.logstats] INFO: Crawled 924 pages (at 2 pages/min), scraped 0 items (at 0 items/min)
2021-03-03 20:23:31 [scrapy.extensions.logstats] INFO: Crawled 926 pages (at 2 pages/min), scraped 0 items (at 0 items/min)
2021-03-03 20:24:34 [scrapy.extensions.logstats] INFO: Crawled 927 pages (at 1 pages/min), scraped 0 items (at 0 items/min)
2021-03-03 20:25:19 [scrapy.extensions.logstats] INFO: Crawled 928 pages (at 1 pages/min), scraped 0 items (at 0 items/min)
2021-03-03 20:26:27 [scrapy.extensions.logstats] INFO: Crawled 932 pages (at 4 pages/min), scraped 0 items (at 0 items/min)
2021-03-03 20:27:17 [scrapy.extensions.logstats] INFO: Crawled 933 pages (at 1 pages/min), scraped 0 items (at 0 items/min)
2021-03-03 20:28:18 [scrapy.extensions.logstats] INFO: Crawled 935 pages (at 2 pages/min), scraped 0 items (at 0 items/min)
2021-03-03 20:29:21 [scrapy.extensions.logstats] INFO: Crawled 937 pages (at 2 pages/min), scraped 0 items (at 0 items/min)
2021-03-03 20:30:21 [scrapy.extensions.logstats] INFO: Crawled 938 pages (at 1 pages/min), scraped 0 items (at 0 items/min)
2021-03-03 20:31:30 [scrapy.extensions.logstats] INFO: Crawled 940 pages (at 2 pages/min), scraped 0 items (at 0 items/min)
2021-03-03 20:32:17 [scrapy.extensions.logstats] INFO: Crawled 941 pages (at 1 pages/min), scraped 0 items (at 0 items/min)
2021-03-03 20:33:14 [scrapy.extensions.logstats] INFO: Crawled 944 pages (at 3 pages/min), scraped 0 items (at 0 items/min)
2021-03-03 20:34:22 [scrapy.extensions.logstats] INFO: Crawled 948 pages (at 4 pages/min), scraped 0 items (at 0 items/min)
2021-03-03 20:35:40 [scrapy.extensions.logstats] INFO: Crawled 950 pages (at 2 pages/min), scraped 0 items (at 0 items/min)
2021-03-03 20:36:27 [scrapy.extensions.logstats] INFO: Crawled 952 pages (at 2 pages/min), scraped 0 items (at 0 items/min)
2021-03-03 20:37:17 [scrapy.extensions.logstats] INFO: Crawled 954 pages (at 2 pages/min), scraped 0 items (at 0 items/min)
2021-03-03 20:38:27 [scrapy.extensions.logstats] INFO: Crawled 956 pages (at 2 pages/min), scraped 0 items (at 0 items/min)
2021-03-03 20:39:17 [scrapy.extensions.logstats] INFO: Crawled 957 pages (at 1 pages/min), scraped 0 items (at 0 items/min)
2021-03-03 20:40:16 [scrapy.extensions.logstats] INFO: Crawled 959 pages (at 2 pages/min), scraped 0 items (at 0 items/min)
2021-03-03 20:41:14 [scrapy.extensions.logstats] INFO: Crawled 960 pages (at 1 pages/min), scraped 0 items (at 0 items/min)
2021-03-03 20:42:25 [scrapy.extensions.logstats] INFO: Crawled 962 pages (at 2 pages/min), scraped 0 items (at 0 items/min)
2021-03-03 20:43:14 [scrapy.extensions.logstats] INFO: Crawled 964 pages (at 2 pages/min), scraped 0 items (at 0 items/min)
2021-03-03 20:44:22 [scrapy.extensions.logstats] INFO: Crawled 965 pages (at 1 pages/min), scraped 0 items (at 0 items/min)
2021-03-03 20:45:14 [scrapy.extensions.logstats] INFO: Crawled 966 pages (at 1 pages/min), scraped 0 items (at 0 items/min)
2021-03-03 20:46:35 [scrapy.extensions.logstats] INFO: Crawled 968 pages (at 2 pages/min), scraped 0 items (at 0 items/min)
2021-03-03 20:47:22 [scrapy.extensions.logstats] INFO: Crawled 969 pages (at 1 pages/min), scraped 0 items (at 0 items/min)
2021-03-03 20:48:17 [scrapy.extensions.logstats] INFO: Crawled 970 pages (at 1 pages/min), scraped 0 items (at 0 items/min)
2021-03-03 20:49:23 [scrapy.extensions.logstats] INFO: Crawled 972 pages (at 2 pages/min), scraped 0 items (at 0 items/min)
2021-03-03 20:50:30 [scrapy.extensions.logstats] INFO: Crawled 974 pages (at 2 pages/min), scraped 0 items (at 0 items/min)
2021-03-03 20:51:34 [scrapy.extensions.logstats] INFO: Crawled 976 pages (at 2 pages/min), scraped 0 items (at 0 items/min)
2021-03-03 20:52:31 [scrapy.extensions.logstats] INFO: Crawled 977 pages (at 1 pages/min), scraped 0 items (at 0 items/min)
2021-03-03 20:53:20 [scrapy.extensions.logstats] INFO: Crawled 978 pages (at 1 pages/min), scraped 0 items (at 0 items/min)
2021-03-03 20:54:25 [scrapy.extensions.logstats] INFO: Crawled 980 pages (at 2 pages/min), scraped 0 items (at 0 items/min)
2021-03-03 20:55:21 [scrapy.extensions.logstats] INFO: Crawled 981 pages (at 1 pages/min), scraped 0 items (at 0 items/min)
2021-03-03 20:56:42 [scrapy.extensions.logstats] INFO: Crawled 983 pages (at 2 pages/min), scraped 0 items (at 0 items/min)
2021-03-03 20:57:51 [scrapy.extensions.logstats] INFO: Crawled 983 pages (at 0 pages/min), scraped 0 items (at 0 items/min)
2021-03-03 20:58:31 [scrapy.extensions.logstats] INFO: Crawled 983 pages (at 0 pages/min), scraped 0 items (at 0 items/min)
2021-03-03 20:59:16 [scrapy.extensions.logstats] INFO: Crawled 983 pages (at 0 pages/min), scraped 0 items (at 0 items/min)
2021-03-03 21:00:15 [scrapy.extensions.logstats] INFO: Crawled 985 pages (at 2 pages/min), scraped 0 items (at 0 items/min)
2021-03-03 21:01:20 [scrapy.extensions.logstats] INFO: Crawled 988 pages (at 3 pages/min), scraped 0 items (at 0 items/min)
2021-03-03 21:02:15 [scrapy.extensions.logstats] INFO: Crawled 990 pages (at 2 pages/min), scraped 0 items (at 0 items/min)
2021-03-03 21:03:33 [scrapy.extensions.logstats] INFO: Crawled 994 pages (at 4 pages/min), scraped 0 items (at 0 items/min)
2021-03-03 21:04:25 [scrapy.extensions.logstats] INFO: Crawled 996 pages (at 2 pages/min), scraped 0 items (at 0 items/min)
2021-03-03 21:05:16 [scrapy.extensions.logstats] INFO: Crawled 1000 pages (at 4 pages/min), scraped 0 items (at 0 items/min)
2021-03-03 21:06:28 [scrapy.extensions.logstats] INFO: Crawled 1001 pages (at 1 pages/min), scraped 0 items (at 0 items/min)
2021-03-03 21:07:39 [scrapy.extensions.logstats] INFO: Crawled 1002 pages (at 1 pages/min), scraped 0 items (at 0 items/min)
2021-03-03 21:08:29 [scrapy.extensions.logstats] INFO: Crawled 1003 pages (at 1 pages/min), scraped 0 items (at 0 items/min)
2021-03-03 21:09:20 [scrapy.extensions.logstats] INFO: Crawled 1005 pages (at 2 pages/min), scraped 0 items (at 0 items/min)
2021-03-03 21:10:27 [scrapy.extensions.logstats] INFO: Crawled 1006 pages (at 1 pages/min), scraped 0 items (at 0 items/min)
2021-03-03 21:11:18 [scrapy.extensions.logstats] INFO: Crawled 1007 pages (at 1 pages/min), scraped 0 items (at 0 items/min)
2021-03-03 21:12:40 [scrapy.extensions.logstats] INFO: Crawled 1010 pages (at 3 pages/min), scraped 0 items (at 0 items/min)
2021-03-03 21:13:29 [scrapy.extensions.logstats] INFO: Crawled 1012 pages (at 2 pages/min), scraped 0 items (at 0 items/min)
2021-03-03 21:14:20 [scrapy.extensions.logstats] INFO: Crawled 1014 pages (at 2 pages/min), scraped 0 items (at 0 items/min)
2021-03-03 21:15:38 [scrapy.extensions.logstats] INFO: Crawled 1015 pages (at 1 pages/min), scraped 0 items (at 0 items/min)
2021-03-03 21:16:28 [scrapy.extensions.logstats] INFO: Crawled 1017 pages (at 2 pages/min), scraped 0 items (at 0 items/min)
2021-03-03 21:17:17 [scrapy.extensions.logstats] INFO: Crawled 1019 pages (at 2 pages/min), scraped 0 items (at 0 items/min)
2021-03-03 21:18:26 [scrapy.extensions.logstats] INFO: Crawled 1021 pages (at 2 pages/min), scraped 0 items (at 0 items/min)
2021-03-03 21:19:16 [scrapy.extensions.logstats] INFO: Crawled 1023 pages (at 2 pages/min), scraped 0 items (at 0 items/min)
2021-03-03 21:20:19 [scrapy.extensions.logstats] INFO: Crawled 1026 pages (at 3 pages/min), scraped 0 items (at 0 items/min)
2021-03-03 21:21:19 [scrapy.extensions.logstats] INFO: Crawled 1028 pages (at 2 pages/min), scraped 0 items (at 0 items/min)
2021-03-03 21:22:39 [scrapy.extensions.logstats] INFO: Crawled 1031 pages (at 3 pages/min), scraped 0 items (at 0 items/min)
2021-03-03 21:23:25 [scrapy.extensions.logstats] INFO: Crawled 1031 pages (at 0 pages/min), scraped 0 items (at 0 items/min)
2021-03-03 21:24:35 [scrapy.extensions.logstats] INFO: Crawled 1034 pages (at 3 pages/min), scraped 0 items (at 0 items/min)
2021-03-03 21:25:20 [scrapy.extensions.logstats] INFO: Crawled 1036 pages (at 2 pages/min), scraped 0 items (at 0 items/min)
2021-03-03 21:26:18 [scrapy.extensions.logstats] INFO: Crawled 1039 pages (at 3 pages/min), scraped 0 items (at 0 items/min)
2021-03-03 21:27:14 [scrapy.extensions.logstats] INFO: Crawled 1041 pages (at 2 pages/min), scraped 0 items (at 0 items/min)
2021-03-03 21:28:32 [scrapy.extensions.logstats] INFO: Crawled 1046 pages (at 5 pages/min), scraped 0 items (at 0 items/min)
2021-03-03 21:29:16 [scrapy.extensions.logstats] INFO: Crawled 1046 pages (at 0 pages/min), scraped 0 items (at 0 items/min)
2021-03-03 21:30:19 [scrapy.extensions.logstats] INFO: Crawled 1051 pages (at 5 pages/min), scraped 0 items (at 0 items/min)
2021-03-03 21:31:20 [scrapy.extensions.logstats] INFO: Crawled 1053 pages (at 2 pages/min), scraped 0 items (at 0 items/min)
2021-03-03 21:32:40 [scrapy.extensions.logstats] INFO: Crawled 1056 pages (at 3 pages/min), scraped 0 items (at 0 items/min)
2021-03-03 21:33:33 [scrapy.extensions.logstats] INFO: Crawled 1058 pages (at 2 pages/min), scraped 0 items (at 0 items/min)
2021-03-03 21:34:27 [scrapy.extensions.logstats] INFO: Crawled 1058 pages (at 0 pages/min), scraped 0 items (at 0 items/min)
2021-03-03 21:35:15 [scrapy.extensions.logstats] INFO: Crawled 1059 pages (at 1 pages/min), scraped 0 items (at 0 items/min)
2021-03-03 21:36:18 [scrapy.extensions.logstats] INFO: Crawled 1063 pages (at 4 pages/min), scraped 0 items (at 0 items/min)
2021-03-03 21:37:15 [scrapy.extensions.logstats] INFO: Crawled 1068 pages (at 5 pages/min), scraped 0 items (at 0 items/min)
2021-03-03 21:38:16 [scrapy.extensions.logstats] INFO: Crawled 1075 pages (at 7 pages/min), scraped 0 items (at 0 items/min)
2021-03-03 21:39:16 [scrapy.extensions.logstats] INFO: Crawled 1077 pages (at 2 pages/min), scraped 0 items (at 0 items/min)
2021-03-03 21:40:37 [scrapy.extensions.logstats] INFO: Crawled 1080 pages (at 3 pages/min), scraped 0 items (at 0 items/min)
2021-03-03 21:41:29 [scrapy.extensions.logstats] INFO: Crawled 1082 pages (at 2 pages/min), scraped 0 items (at 0 items/min)
2021-03-03 21:42:20 [scrapy.extensions.logstats] INFO: Crawled 1084 pages (at 2 pages/min), scraped 0 items (at 0 items/min)
2021-03-03 21:43:24 [scrapy.extensions.logstats] INFO: Crawled 1086 pages (at 2 pages/min), scraped 0 items (at 0 items/min)
2021-03-03 21:44:14 [scrapy.extensions.logstats] INFO: Crawled 1087 pages (at 1 pages/min), scraped 0 items (at 0 items/min)
2021-03-03 21:45:30 [scrapy.extensions.logstats] INFO: Crawled 1088 pages (at 1 pages/min), scraped 0 items (at 0 items/min)
2021-03-03 21:46:20 [scrapy.extensions.logstats] INFO: Crawled 1089 pages (at 1 pages/min), scraped 0 items (at 0 items/min)
2021-03-03 21:47:36 [scrapy.extensions.logstats] INFO: Crawled 1092 pages (at 3 pages/min), scraped 0 items (at 0 items/min)
2021-03-03 21:48:24 [scrapy.extensions.logstats] INFO: Crawled 1095 pages (at 3 pages/min), scraped 0 items (at 0 items/min)
2021-03-03 21:49:14 [scrapy.extensions.logstats] INFO: Crawled 1096 pages (at 1 pages/min), scraped 0 items (at 0 items/min)
2021-03-03 21:50:21 [scrapy.extensions.logstats] INFO: Crawled 1098 pages (at 2 pages/min), scraped 0 items (at 0 items/min)
2021-03-03 21:51:16 [scrapy.extensions.logstats] INFO: Crawled 1100 pages (at 2 pages/min), scraped 0 items (at 0 items/min)
2021-03-03 21:52:24 [scrapy.extensions.logstats] INFO: Crawled 1100 pages (at 0 pages/min), scraped 0 items (at 0 items/min)
2021-03-03 21:53:27 [scrapy.extensions.logstats] INFO: Crawled 1102 pages (at 2 pages/min), scraped 0 items (at 0 items/min)
2021-03-03 21:54:21 [scrapy.extensions.logstats] INFO: Crawled 1102 pages (at 0 pages/min), scraped 0 items (at 0 items/min)
2021-03-03 21:55:18 [scrapy.extensions.logstats] INFO: Crawled 1104 pages (at 2 pages/min), scraped 0 items (at 0 items/min)
2021-03-03 21:56:21 [scrapy.extensions.logstats] INFO: Crawled 1105 pages (at 1 pages/min), scraped 0 items (at 0 items/min)
2021-03-03 21:57:32 [scrapy.extensions.logstats] INFO: Crawled 1106 pages (at 1 pages/min), scraped 0 items (at 0 items/min)
2021-03-03 21:58:14 [scrapy.extensions.logstats] INFO: Crawled 1106 pages (at 0 pages/min), scraped 0 items (at 0 items/min)
2021-03-03 21:59:16 [scrapy.extensions.logstats] INFO: Crawled 1108 pages (at 2 pages/min), scraped 0 items (at 0 items/min)
2021-03-03 22:00:16 [scrapy.extensions.logstats] INFO: Crawled 1108 pages (at 0 pages/min), scraped 0 items (at 0 items/min)
2021-03-03 22:01:17 [scrapy.extensions.logstats] INFO: Crawled 1108 pages (at 0 pages/min), scraped 0 items (at 0 items/min)
2021-03-03 22:02:30 [scrapy.extensions.logstats] INFO: Crawled 1109 pages (at 1 pages/min), scraped 0 items (at 0 items/min)
2021-03-03 22:03:28 [scrapy.extensions.logstats] INFO: Crawled 1110 pages (at 1 pages/min), scraped 0 items (at 0 items/min)
2021-03-03 22:04:14 [scrapy.extensions.logstats] INFO: Crawled 1111 pages (at 1 pages/min), scraped 0 items (at 0 items/min)
2021-03-03 22:05:17 [scrapy.extensions.logstats] INFO: Crawled 1113 pages (at 2 pages/min), scraped 0 items (at 0 items/min)
2021-03-03 22:06:36 [scrapy.extensions.logstats] INFO: Crawled 1113 pages (at 0 pages/min), scraped 0 items (at 0 items/min)
2021-03-03 22:07:21 [scrapy.extensions.logstats] INFO: Crawled 1113 pages (at 0 pages/min), scraped 0 items (at 0 items/min)
2021-03-03 22:08:36 [scrapy.extensions.logstats] INFO: Crawled 1115 pages (at 2 pages/min), scraped 0 items (at 0 items/min)
2021-03-03 22:09:36 [scrapy.extensions.logstats] INFO: Crawled 1117 pages (at 2 pages/min), scraped 0 items (at 0 items/min)
2021-03-03 22:10:28 [scrapy.extensions.logstats] INFO: Crawled 1119 pages (at 2 pages/min), scraped 0 items (at 0 items/min)
2021-03-03 22:11:16 [scrapy.extensions.logstats] INFO: Crawled 1120 pages (at 1 pages/min), scraped 0 items (at 0 items/min)
2021-03-03 22:12:15 [scrapy.extensions.logstats] INFO: Crawled 1121 pages (at 1 pages/min), scraped 0 items (at 0 items/min)
2021-03-03 22:13:24 [scrapy.extensions.logstats] INFO: Crawled 1123 pages (at 2 pages/min), scraped 0 items (at 0 items/min)
2021-03-03 22:14:17 [scrapy.extensions.logstats] INFO: Crawled 1124 pages (at 1 pages/min), scraped 0 items (at 0 items/min)
2021-03-03 22:15:14 [scrapy.extensions.logstats] INFO: Crawled 1126 pages (at 2 pages/min), scraped 0 items (at 0 items/min)
2021-03-03 22:16:26 [scrapy.extensions.logstats] INFO: Crawled 1127 pages (at 1 pages/min), scraped 0 items (at 0 items/min)
2021-03-03 22:17:19 [scrapy.extensions.logstats] INFO: Crawled 1127 pages (at 0 pages/min), scraped 0 items (at 0 items/min)
2021-03-03 22:18:21 [scrapy.extensions.logstats] INFO: Crawled 1128 pages (at 1 pages/min), scraped 0 items (at 0 items/min)
2021-03-03 22:19:35 [scrapy.extensions.logstats] INFO: Crawled 1131 pages (at 3 pages/min), scraped 0 items (at 0 items/min)
2021-03-03 22:20:18 [scrapy.extensions.logstats] INFO: Crawled 1131 pages (at 0 pages/min), scraped 0 items (at 0 items/min)
2021-03-03 22:21:18 [scrapy.extensions.logstats] INFO: Crawled 1132 pages (at 1 pages/min), scraped 0 items (at 0 items/min)
2021-03-03 22:22:28 [scrapy.extensions.logstats] INFO: Crawled 1133 pages (at 1 pages/min), scraped 0 items (at 0 items/min)
2021-03-03 22:23:14 [scrapy.extensions.logstats] INFO: Crawled 1133 pages (at 0 pages/min), scraped 0 items (at 0 items/min)
2021-03-03 22:24:21 [scrapy.core.downloader.handlers.http11] ERROR: Cancelling download of https://www.bayer.com/de/file/5266/download?token=NIMn5UaF: expected response size (12443751) larger than download max size (10000000).
2021-03-03 22:24:21 [scrapy.extensions.logstats] INFO: Crawled 1136 pages (at 3 pages/min), scraped 0 items (at 0 items/min)
2021-03-03 22:25:32 [scrapy.extensions.logstats] INFO: Crawled 1138 pages (at 2 pages/min), scraped 0 items (at 0 items/min)
2021-03-03 22:26:19 [scrapy.extensions.logstats] INFO: Crawled 1139 pages (at 1 pages/min), scraped 0 items (at 0 items/min)
2021-03-03 22:27:29 [scrapy.extensions.logstats] INFO: Crawled 1139 pages (at 0 pages/min), scraped 0 items (at 0 items/min)
2021-03-03 22:28:15 [scrapy.extensions.logstats] INFO: Crawled 1141 pages (at 2 pages/min), scraped 0 items (at 0 items/min)
2021-03-03 22:29:21 [scrapy.extensions.logstats] INFO: Crawled 1143 pages (at 2 pages/min), scraped 0 items (at 0 items/min)
2021-03-03 22:30:14 [scrapy.extensions.logstats] INFO: Crawled 1146 pages (at 3 pages/min), scraped 0 items (at 0 items/min)
2021-03-03 22:31:16 [scrapy.extensions.logstats] INFO: Crawled 1150 pages (at 4 pages/min), scraped 0 items (at 0 items/min)
2021-03-03 22:32:34 [scrapy.extensions.logstats] INFO: Crawled 1154 pages (at 4 pages/min), scraped 0 items (at 0 items/min)
2021-03-03 22:33:20 [scrapy.extensions.logstats] INFO: Crawled 1156 pages (at 2 pages/min), scraped 0 items (at 0 items/min)
2021-03-03 22:34:53 [scrapy.extensions.logstats] INFO: Crawled 1158 pages (at 2 pages/min), scraped 0 items (at 0 items/min)
2021-03-03 22:35:18 [scrapy.extensions.logstats] INFO: Crawled 1159 pages (at 1 pages/min), scraped 0 items (at 0 items/min)
2021-03-03 22:36:15 [scrapy.extensions.logstats] INFO: Crawled 1161 pages (at 2 pages/min), scraped 0 items (at 0 items/min)
2021-03-03 22:37:14 [scrapy.extensions.logstats] INFO: Crawled 1163 pages (at 2 pages/min), scraped 0 items (at 0 items/min)
2021-03-03 22:38:31 [scrapy.extensions.logstats] INFO: Crawled 1167 pages (at 4 pages/min), scraped 0 items (at 0 items/min)
2021-03-03 22:39:17 [scrapy.extensions.logstats] INFO: Crawled 1170 pages (at 3 pages/min), scraped 0 items (at 0 items/min)
2021-03-03 22:40:37 [scrapy.extensions.logstats] INFO: Crawled 1174 pages (at 4 pages/min), scraped 0 items (at 0 items/min)
2021-03-03 22:42:02 [scrapy.extensions.logstats] INFO: Crawled 1176 pages (at 2 pages/min), scraped 0 items (at 0 items/min)
2021-03-03 22:42:32 [scrapy.extensions.logstats] INFO: Crawled 1178 pages (at 2 pages/min), scraped 0 items (at 0 items/min)
2021-03-03 22:43:21 [scrapy.extensions.logstats] INFO: Crawled 1180 pages (at 2 pages/min), scraped 0 items (at 0 items/min)
2021-03-03 22:44:14 [scrapy.extensions.logstats] INFO: Crawled 1184 pages (at 4 pages/min), scraped 0 items (at 0 items/min)
2021-03-03 22:45:32 [scrapy.extensions.logstats] INFO: Crawled 1188 pages (at 4 pages/min), scraped 0 items (at 0 items/min)
2021-03-03 22:46:24 [scrapy.extensions.logstats] INFO: Crawled 1190 pages (at 2 pages/min), scraped 0 items (at 0 items/min)
2021-03-03 22:47:29 [scrapy.extensions.logstats] INFO: Crawled 1194 pages (at 4 pages/min), scraped 0 items (at 0 items/min)
2021-03-03 22:48:20 [scrapy.extensions.logstats] INFO: Crawled 1196 pages (at 2 pages/min), scraped 0 items (at 0 items/min)
2021-03-03 22:49:34 [scrapy.extensions.logstats] INFO: Crawled 1198 pages (at 2 pages/min), scraped 0 items (at 0 items/min)
2021-03-03 22:50:00 [scrapy.core.downloader.handlers.http11] ERROR: Cancelling download of https://www.bayer.com/de/file/13801/download?token=FtxrXH-X: expected response size (90201862) larger than download max size (10000000).
2021-03-03 22:50:25 [scrapy.extensions.logstats] INFO: Crawled 1200 pages (at 2 pages/min), scraped 0 items (at 0 items/min)
2021-03-03 22:51:28 [scrapy.extensions.logstats] INFO: Crawled 1202 pages (at 2 pages/min), scraped 0 items (at 0 items/min)
2021-03-03 22:52:17 [scrapy.extensions.logstats] INFO: Crawled 1204 pages (at 2 pages/min), scraped 0 items (at 0 items/min)
2021-03-03 22:53:35 [scrapy.extensions.logstats] INFO: Crawled 1208 pages (at 4 pages/min), scraped 0 items (at 0 items/min)
2021-03-03 22:54:21 [scrapy.extensions.logstats] INFO: Crawled 1210 pages (at 2 pages/min), scraped 0 items (at 0 items/min)
2021-03-03 22:55:24 [scrapy.extensions.logstats] INFO: Crawled 1212 pages (at 2 pages/min), scraped 0 items (at 0 items/min)
2021-03-03 22:56:49 [scrapy.extensions.logstats] INFO: Crawled 1214 pages (at 2 pages/min), scraped 0 items (at 0 items/min)
2021-03-03 22:57:14 [scrapy.extensions.logstats] INFO: Crawled 1215 pages (at 1 pages/min), scraped 0 items (at 0 items/min)
2021-03-03 22:58:20 [scrapy.extensions.logstats] INFO: Crawled 1218 pages (at 3 pages/min), scraped 0 items (at 0 items/min)
2021-03-03 22:59:33 [scrapy.extensions.logstats] INFO: Crawled 1220 pages (at 2 pages/min), scraped 0 items (at 0 items/min)
2021-03-03 23:00:20 [scrapy.extensions.logstats] INFO: Crawled 1222 pages (at 2 pages/min), scraped 0 items (at 0 items/min)
2021-03-03 23:01:16 [scrapy.extensions.logstats] INFO: Crawled 1224 pages (at 2 pages/min), scraped 0 items (at 0 items/min)
2021-03-03 23:02:59 [scrapy.extensions.logstats] INFO: Crawled 1228 pages (at 4 pages/min), scraped 0 items (at 0 items/min)
2021-03-03 23:03:14 [scrapy.extensions.logstats] INFO: Crawled 1228 pages (at 0 pages/min), scraped 0 items (at 0 items/min)
2021-03-03 23:04:22 [scrapy.extensions.logstats] INFO: Crawled 1231 pages (at 3 pages/min), scraped 0 items (at 0 items/min)
2021-03-03 23:05:14 [scrapy.extensions.logstats] INFO: Crawled 1232 pages (at 1 pages/min), scraped 0 items (at 0 items/min)
2021-03-03 23:06:15 [scrapy.extensions.logstats] INFO: Crawled 1234 pages (at 2 pages/min), scraped 0 items (at 0 items/min)
2021-03-03 23:07:18 [scrapy.extensions.logstats] INFO: Crawled 1235 pages (at 1 pages/min), scraped 0 items (at 0 items/min)
2021-03-03 23:08:27 [scrapy.extensions.logstats] INFO: Crawled 1236 pages (at 1 pages/min), scraped 0 items (at 0 items/min)
2021-03-03 23:09:21 [scrapy.extensions.logstats] INFO: Crawled 1237 pages (at 1 pages/min), scraped 0 items (at 0 items/min)
2021-03-03 23:10:25 [scrapy.extensions.logstats] INFO: Crawled 1239 pages (at 2 pages/min), scraped 0 items (at 0 items/min)
2021-03-03 23:11:15 [scrapy.extensions.logstats] INFO: Crawled 1240 pages (at 1 pages/min), scraped 0 items (at 0 items/min)
2021-03-03 23:12:31 [scrapy.extensions.logstats] INFO: Crawled 1242 pages (at 2 pages/min), scraped 0 items (at 0 items/min)
2021-03-03 23:13:22 [scrapy.extensions.logstats] INFO: Crawled 1243 pages (at 1 pages/min), scraped 0 items (at 0 items/min)
2021-03-03 23:14:35 [scrapy.extensions.logstats] INFO: Crawled 1244 pages (at 1 pages/min), scraped 0 items (at 0 items/min)
2021-03-03 23:15:14 [scrapy.extensions.logstats] INFO: Crawled 1244 pages (at 0 pages/min), scraped 0 items (at 0 items/min)
2021-03-03 23:16:32 [scrapy.extensions.logstats] INFO: Crawled 1248 pages (at 4 pages/min), scraped 0 items (at 0 items/min)
2021-03-03 23:17:19 [scrapy.extensions.logstats] INFO: Crawled 1249 pages (at 1 pages/min), scraped 0 items (at 0 items/min)
2021-03-03 23:18:43 [scrapy.extensions.logstats] INFO: Crawled 1251 pages (at 2 pages/min), scraped 0 items (at 0 items/min)
2021-03-03 23:19:20 [scrapy.extensions.logstats] INFO: Crawled 1251 pages (at 0 pages/min), scraped 0 items (at 0 items/min)
2021-03-03 23:20:17 [scrapy.extensions.logstats] INFO: Crawled 1253 pages (at 2 pages/min), scraped 0 items (at 0 items/min)
2021-03-03 23:21:31 [scrapy.extensions.logstats] INFO: Crawled 1255 pages (at 2 pages/min), scraped 0 items (at 0 items/min)
2021-03-03 23:22:18 [scrapy.extensions.logstats] INFO: Crawled 1256 pages (at 1 pages/min), scraped 0 items (at 0 items/min)
2021-03-03 23:23:23 [scrapy.extensions.logstats] INFO: Crawled 1257 pages (at 1 pages/min), scraped 0 items (at 0 items/min)
2021-03-03 23:24:28 [scrapy.extensions.logstats] INFO: Crawled 1259 pages (at 2 pages/min), scraped 0 items (at 0 items/min)
2021-03-03 23:25:21 [scrapy.extensions.logstats] INFO: Crawled 1260 pages (at 1 pages/min), scraped 0 items (at 0 items/min)
2021-03-03 23:26:26 [scrapy.extensions.logstats] INFO: Crawled 1262 pages (at 2 pages/min), scraped 0 items (at 0 items/min)
2021-03-03 23:27:26 [scrapy.extensions.logstats] INFO: Crawled 1263 pages (at 1 pages/min), scraped 0 items (at 0 items/min)
2021-03-03 23:28:27 [scrapy.extensions.logstats] INFO: Crawled 1264 pages (at 1 pages/min), scraped 0 items (at 0 items/min)
2021-03-03 23:29:15 [scrapy.extensions.logstats] INFO: Crawled 1266 pages (at 2 pages/min), scraped 0 items (at 0 items/min)
2021-03-03 23:30:28 [scrapy.extensions.logstats] INFO: Crawled 1267 pages (at 1 pages/min), scraped 0 items (at 0 items/min)
2021-03-03 23:31:14 [scrapy.extensions.logstats] INFO: Crawled 1269 pages (at 2 pages/min), scraped 0 items (at 0 items/min)
2021-03-03 23:32:21 [scrapy.extensions.logstats] INFO: Crawled 1270 pages (at 1 pages/min), scraped 0 items (at 0 items/min)
2021-03-03 23:33:15 [scrapy.extensions.logstats] INFO: Crawled 1272 pages (at 2 pages/min), scraped 0 items (at 0 items/min)
2021-03-03 23:34:23 [scrapy.extensions.logstats] INFO: Crawled 1273 pages (at 1 pages/min), scraped 0 items (at 0 items/min)
2021-03-03 23:36:02 [scrapy.extensions.logstats] INFO: Crawled 1275 pages (at 2 pages/min), scraped 0 items (at 0 items/min)
2021-03-03 23:36:27 [scrapy.extensions.logstats] INFO: Crawled 1275 pages (at 0 pages/min), scraped 0 items (at 0 items/min)
2021-03-03 23:37:25 [scrapy.extensions.logstats] INFO: Crawled 1277 pages (at 2 pages/min), scraped 0 items (at 0 items/min)
2021-03-03 23:38:40 [scrapy.extensions.logstats] INFO: Crawled 1278 pages (at 1 pages/min), scraped 0 items (at 0 items/min)
2021-03-03 23:39:22 [scrapy.extensions.logstats] INFO: Crawled 1279 pages (at 1 pages/min), scraped 0 items (at 0 items/min)
2021-03-03 23:40:41 [scrapy.extensions.logstats] INFO: Crawled 1281 pages (at 2 pages/min), scraped 0 items (at 0 items/min)
2021-03-03 23:41:21 [scrapy.extensions.logstats] INFO: Crawled 1282 pages (at 1 pages/min), scraped 0 items (at 0 items/min)
2021-03-03 23:42:39 [scrapy.extensions.logstats] INFO: Crawled 1283 pages (at 1 pages/min), scraped 0 items (at 0 items/min)
2021-03-03 23:43:17 [scrapy.extensions.logstats] INFO: Crawled 1284 pages (at 1 pages/min), scraped 0 items (at 0 items/min)
2021-03-03 23:44:38 [scrapy.extensions.logstats] INFO: Crawled 1286 pages (at 2 pages/min), scraped 0 items (at 0 items/min)
2021-03-03 23:45:22 [scrapy.extensions.logstats] INFO: Crawled 1287 pages (at 1 pages/min), scraped 0 items (at 0 items/min)
2021-03-03 23:46:21 [scrapy.extensions.logstats] INFO: Crawled 1288 pages (at 1 pages/min), scraped 0 items (at 0 items/min)
2021-03-03 23:47:32 [scrapy.extensions.logstats] INFO: Crawled 1290 pages (at 2 pages/min), scraped 0 items (at 0 items/min)
2021-03-03 23:48:20 [scrapy.extensions.logstats] INFO: Crawled 1291 pages (at 1 pages/min), scraped 0 items (at 0 items/min)
2021-03-03 23:49:28 [scrapy.extensions.logstats] INFO: Crawled 1292 pages (at 1 pages/min), scraped 0 items (at 0 items/min)
2021-03-03 23:50:17 [scrapy.extensions.logstats] INFO: Crawled 1293 pages (at 1 pages/min), scraped 0 items (at 0 items/min)
2021-03-03 23:51:26 [scrapy.extensions.logstats] INFO: Crawled 1295 pages (at 2 pages/min), scraped 0 items (at 0 items/min)
2021-03-03 23:52:15 [scrapy.extensions.logstats] INFO: Crawled 1296 pages (at 1 pages/min), scraped 0 items (at 0 items/min)
2021-03-03 23:53:22 [scrapy.extensions.logstats] INFO: Crawled 1296 pages (at 0 pages/min), scraped 0 items (at 0 items/min)
2021-03-03 23:54:23 [scrapy.extensions.logstats] INFO: Crawled 1299 pages (at 3 pages/min), scraped 0 items (at 0 items/min)
2021-03-03 23:55:28 [scrapy.extensions.logstats] INFO: Crawled 1300 pages (at 1 pages/min), scraped 0 items (at 0 items/min)
2021-03-03 23:56:20 [scrapy.extensions.logstats] INFO: Crawled 1300 pages (at 0 pages/min), scraped 0 items (at 0 items/min)
2021-03-03 23:57:17 [scrapy.extensions.logstats] INFO: Crawled 1300 pages (at 0 pages/min), scraped 0 items (at 0 items/min)
2021-03-03 23:58:16 [scrapy.extensions.logstats] INFO: Crawled 1300 pages (at 0 pages/min), scraped 0 items (at 0 items/min)
2021-03-03 23:59:28 [scrapy.extensions.logstats] INFO: Crawled 1300 pages (at 0 pages/min), scraped 0 items (at 0 items/min)
2021-03-04 00:00:19 [scrapy.extensions.logstats] INFO: Crawled 1302 pages (at 2 pages/min), scraped 0 items (at 0 items/min)
2021-03-04 00:01:28 [scrapy.extensions.logstats] INFO: Crawled 1303 pages (at 1 pages/min), scraped 0 items (at 0 items/min)
2021-03-04 00:02:37 [scrapy.extensions.logstats] INFO: Crawled 1304 pages (at 1 pages/min), scraped 0 items (at 0 items/min)
2021-03-04 00:03:18 [scrapy.extensions.logstats] INFO: Crawled 1305 pages (at 1 pages/min), scraped 0 items (at 0 items/min)
2021-03-04 00:04:38 [scrapy.extensions.logstats] INFO: Crawled 1306 pages (at 1 pages/min), scraped 0 items (at 0 items/min)
2021-03-04 00:05:20 [scrapy.extensions.logstats] INFO: Crawled 1307 pages (at 1 pages/min), scraped 0 items (at 0 items/min)
2021-03-04 00:06:27 [scrapy.extensions.logstats] INFO: Crawled 1308 pages (at 1 pages/min), scraped 0 items (at 0 items/min)
2021-03-04 00:07:19 [scrapy.extensions.logstats] INFO: Crawled 1309 pages (at 1 pages/min), scraped 0 items (at 0 items/min)
2021-03-04 00:08:21 [scrapy.extensions.logstats] INFO: Crawled 1311 pages (at 2 pages/min), scraped 0 items (at 0 items/min)
2021-03-04 00:09:41 [scrapy.extensions.logstats] INFO: Crawled 1311 pages (at 0 pages/min), scraped 0 items (at 0 items/min)
2021-03-04 00:10:26 [scrapy.extensions.logstats] INFO: Crawled 1311 pages (at 0 pages/min), scraped 0 items (at 0 items/min)
2021-03-04 00:11:53 [scrapy.extensions.logstats] INFO: Crawled 1311 pages (at 0 pages/min), scraped 0 items (at 0 items/min)
2021-03-04 00:12:29 [scrapy.extensions.logstats] INFO: Crawled 1313 pages (at 2 pages/min), scraped 0 items (at 0 items/min)
2021-03-04 00:13:16 [scrapy.extensions.logstats] INFO: Crawled 1313 pages (at 0 pages/min), scraped 0 items (at 0 items/min)
2021-03-04 00:14:16 [scrapy.extensions.logstats] INFO: Crawled 1313 pages (at 0 pages/min), scraped 0 items (at 0 items/min)
2021-03-04 00:15:18 [scrapy.extensions.logstats] INFO: Crawled 1313 pages (at 0 pages/min), scraped 0 items (at 0 items/min)
2021-03-04 00:16:22 [scrapy.extensions.logstats] INFO: Crawled 1313 pages (at 0 pages/min), scraped 0 items (at 0 items/min)
2021-03-04 00:17:32 [scrapy.extensions.logstats] INFO: Crawled 1313 pages (at 0 pages/min), scraped 0 items (at 0 items/min)
2021-03-04 00:18:35 [scrapy.extensions.logstats] INFO: Crawled 1313 pages (at 0 pages/min), scraped 0 items (at 0 items/min)
2021-03-04 00:19:24 [scrapy.extensions.logstats] INFO: Crawled 1314 pages (at 1 pages/min), scraped 0 items (at 0 items/min)
2021-03-04 00:20:56 [scrapy.extensions.logstats] INFO: Crawled 1314 pages (at 0 pages/min), scraped 0 items (at 0 items/min)
2021-03-04 00:21:32 [scrapy.extensions.logstats] INFO: Crawled 1314 pages (at 0 pages/min), scraped 0 items (at 0 items/min)
2021-03-04 00:22:25 [scrapy.extensions.logstats] INFO: Crawled 1315 pages (at 1 pages/min), scraped 0 items (at 0 items/min)
2021-03-04 00:23:26 [scrapy.extensions.logstats] INFO: Crawled 1317 pages (at 2 pages/min), scraped 0 items (at 0 items/min)
2021-03-04 00:24:51 [scrapy.extensions.logstats] INFO: Crawled 1320 pages (at 3 pages/min), scraped 0 items (at 0 items/min)
2021-03-04 00:25:32 [scrapy.extensions.logstats] INFO: Crawled 1322 pages (at 2 pages/min), scraped 0 items (at 0 items/min)
2021-03-04 00:26:23 [scrapy.extensions.logstats] INFO: Crawled 1323 pages (at 1 pages/min), scraped 0 items (at 0 items/min)
2021-03-04 00:27:18 [scrapy.extensions.logstats] INFO: Crawled 1325 pages (at 2 pages/min), scraped 0 items (at 0 items/min)
2021-03-04 00:28:17 [scrapy.extensions.logstats] INFO: Crawled 1326 pages (at 1 pages/min), scraped 0 items (at 0 items/min)
2021-03-04 00:29:18 [scrapy.extensions.logstats] INFO: Crawled 1329 pages (at 3 pages/min), scraped 0 items (at 0 items/min)
2021-03-04 00:30:52 [scrapy.extensions.logstats] INFO: Crawled 1329 pages (at 0 pages/min), scraped 0 items (at 0 items/min)
2021-03-04 00:31:36 [scrapy.extensions.logstats] INFO: Crawled 1329 pages (at 0 pages/min), scraped 0 items (at 0 items/min)
2021-03-04 00:32:15 [scrapy.extensions.logstats] INFO: Crawled 1330 pages (at 1 pages/min), scraped 0 items (at 0 items/min)
2021-03-04 00:33:35 [scrapy.extensions.logstats] INFO: Crawled 1332 pages (at 2 pages/min), scraped 0 items (at 0 items/min)
2021-03-04 00:34:15 [scrapy.extensions.logstats] INFO: Crawled 1333 pages (at 1 pages/min), scraped 0 items (at 0 items/min)
2021-03-04 00:35:32 [scrapy.extensions.logstats] INFO: Crawled 1335 pages (at 2 pages/min), scraped 0 items (at 0 items/min)
2021-03-04 00:36:25 [scrapy.extensions.logstats] INFO: Crawled 1337 pages (at 2 pages/min), scraped 0 items (at 0 items/min)
2021-03-04 00:37:23 [scrapy.extensions.logstats] INFO: Crawled 1337 pages (at 0 pages/min), scraped 0 items (at 0 items/min)
2021-03-04 00:38:15 [scrapy.extensions.logstats] INFO: Crawled 1337 pages (at 0 pages/min), scraped 0 items (at 0 items/min)
2021-03-04 00:39:14 [scrapy.extensions.logstats] INFO: Crawled 1341 pages (at 4 pages/min), scraped 0 items (at 0 items/min)
2021-03-04 00:40:44 [scrapy.extensions.logstats] INFO: Crawled 1347 pages (at 6 pages/min), scraped 0 items (at 0 items/min)
2021-03-04 00:41:26 [scrapy.extensions.logstats] INFO: Crawled 1347 pages (at 0 pages/min), scraped 0 items (at 0 items/min)
2021-03-04 00:42:23 [scrapy.extensions.logstats] INFO: Crawled 1350 pages (at 3 pages/min), scraped 0 items (at 0 items/min)
2021-03-04 00:43:45 [scrapy.extensions.logstats] INFO: Crawled 1352 pages (at 2 pages/min), scraped 0 items (at 0 items/min)
2021-03-04 01:02:42 [scrapy.extensions.logstats] INFO: Crawled 1352 pages (at 0 pages/min), scraped 0 items (at 0 items/min)
2021-03-04 09:43:27 [scrapy.extensions.logstats] INFO: Crawled 1352 pages (at 0 pages/min), scraped 0 items (at 0 items/min)
2021-03-04 09:44:31 [scrapy.extensions.logstats] INFO: Crawled 1352 pages (at 0 pages/min), scraped 0 items (at 0 items/min)
2021-03-04 09:45:49 [scrapy.extensions.logstats] INFO: Crawled 1352 pages (at 0 pages/min), scraped 0 items (at 0 items/min)
2021-03-04 09:47:14 [scrapy.extensions.logstats] INFO: Crawled 1352 pages (at 0 pages/min), scraped 0 items (at 0 items/min)
2021-03-04 09:48:38 [scrapy.extensions.logstats] INFO: Crawled 1352 pages (at 0 pages/min), scraped 0 items (at 0 items/min)
2021-03-04 09:49:18 [scrapy.extensions.logstats] INFO: Crawled 1352 pages (at 0 pages/min), scraped 0 items (at 0 items/min)
2021-03-04 09:50:37 [scrapy.extensions.logstats] INFO: Crawled 1352 pages (at 0 pages/min), scraped 0 items (at 0 items/min)
2021-03-04 09:51:16 [scrapy.extensions.logstats] INFO: Crawled 1352 pages (at 0 pages/min), scraped 0 items (at 0 items/min)
2021-03-04 09:52:21 [scrapy.extensions.logstats] INFO: Crawled 1352 pages (at 0 pages/min), scraped 0 items (at 0 items/min)
2021-03-04 09:53:15 [scrapy.extensions.logstats] INFO: Crawled 1352 pages (at 0 pages/min), scraped 0 items (at 0 items/min)
2021-03-04 09:54:28 [scrapy.extensions.logstats] INFO: Crawled 1352 pages (at 0 pages/min), scraped 0 items (at 0 items/min)
2021-03-04 09:55:16 [scrapy.extensions.logstats] INFO: Crawled 1352 pages (at 0 pages/min), scraped 0 items (at 0 items/min)
2021-03-04 09:56:14 [scrapy.extensions.logstats] INFO: Crawled 1353 pages (at 1 pages/min), scraped 0 items (at 0 items/min)
2021-03-04 10:32:14 [scrapy.extensions.logstats] INFO: Crawled 1354 pages (at 1 pages/min), scraped 0 items (at 0 items/min)
2021-03-04 10:33:35 [scrapy.extensions.logstats] INFO: Crawled 1354 pages (at 0 pages/min), scraped 0 items (at 0 items/min)
2021-03-04 10:34:45 [scrapy.extensions.logstats] INFO: Crawled 1354 pages (at 0 pages/min), scraped 0 items (at 0 items/min)
2021-03-04 10:35:23 [scrapy.extensions.logstats] INFO: Crawled 1354 pages (at 0 pages/min), scraped 0 items (at 0 items/min)
2021-03-04 10:36:19 [scrapy.extensions.logstats] INFO: Crawled 1354 pages (at 0 pages/min), scraped 0 items (at 0 items/min)
2021-03-04 10:38:03 [scrapy.extensions.logstats] INFO: Crawled 1354 pages (at 0 pages/min), scraped 0 items (at 0 items/min)
2021-03-04 10:38:30 [scrapy.extensions.logstats] INFO: Crawled 1354 pages (at 0 pages/min), scraped 0 items (at 0 items/min)
2021-03-04 10:40:07 [scrapy.extensions.logstats] INFO: Crawled 1354 pages (at 0 pages/min), scraped 0 items (at 0 items/min)
2021-03-04 10:40:35 [scrapy.extensions.logstats] INFO: Crawled 1354 pages (at 0 pages/min), scraped 0 items (at 0 items/min)
2021-03-04 10:41:30 [scrapy.extensions.logstats] INFO: Crawled 1354 pages (at 0 pages/min), scraped 0 items (at 0 items/min)
2021-03-04 10:44:36 [scrapy.extensions.logstats] INFO: Crawled 1354 pages (at 0 pages/min), scraped 0 items (at 0 items/min)
2021-03-04 10:45:27 [scrapy.extensions.logstats] INFO: Crawled 1354 pages (at 0 pages/min), scraped 0 items (at 0 items/min)
2021-03-04 10:47:56 [scrapy.extensions.logstats] INFO: Crawled 1354 pages (at 0 pages/min), scraped 0 items (at 0 items/min)
2021-03-04 10:48:41 [scrapy.extensions.logstats] INFO: Crawled 1354 pages (at 0 pages/min), scraped 0 items (at 0 items/min)
2021-03-04 10:49:20 [scrapy.extensions.logstats] INFO: Crawled 1354 pages (at 0 pages/min), scraped 0 items (at 0 items/min)
2021-03-04 10:51:22 [scrapy.extensions.logstats] INFO: Crawled 1354 pages (at 0 pages/min), scraped 0 items (at 0 items/min)
2021-03-04 10:52:16 [scrapy.extensions.logstats] INFO: Crawled 1354 pages (at 0 pages/min), scraped 0 items (at 0 items/min)
2021-03-04 10:55:36 [scrapy.extensions.logstats] INFO: Crawled 1354 pages (at 0 pages/min), scraped 0 items (at 0 items/min)
2021-03-04 10:56:30 [scrapy.extensions.logstats] INFO: Crawled 1354 pages (at 0 pages/min), scraped 0 items (at 0 items/min)
2021-03-04 10:57:18 [scrapy.extensions.logstats] INFO: Crawled 1354 pages (at 0 pages/min), scraped 0 items (at 0 items/min)
2021-03-04 10:59:27 [scrapy.extensions.logstats] INFO: Crawled 1354 pages (at 0 pages/min), scraped 0 items (at 0 items/min)
2021-03-04 11:00:16 [scrapy.extensions.logstats] INFO: Crawled 1354 pages (at 0 pages/min), scraped 0 items (at 0 items/min)
2021-03-04 11:03:07 [scrapy.extensions.logstats] INFO: Crawled 1354 pages (at 0 pages/min), scraped 0 items (at 0 items/min)
2021-03-04 11:09:05 [scrapy.extensions.logstats] INFO: Crawled 1354 pages (at 0 pages/min), scraped 0 items (at 0 items/min)
2021-03-04 11:10:00 [scrapy.extensions.logstats] INFO: Crawled 1354 pages (at 0 pages/min), scraped 0 items (at 0 items/min)
2021-03-04 11:13:04 [scrapy.extensions.logstats] INFO: Crawled 1354 pages (at 0 pages/min), scraped 0 items (at 0 items/min)
2021-03-04 11:15:55 [scrapy.extensions.logstats] INFO: Crawled 1354 pages (at 0 pages/min), scraped 0 items (at 0 items/min)
2021-03-04 11:16:52 [scrapy.extensions.logstats] INFO: Crawled 1354 pages (at 0 pages/min), scraped 0 items (at 0 items/min)
2021-03-04 11:19:35 [scrapy.extensions.logstats] INFO: Crawled 1354 pages (at 0 pages/min), scraped 0 items (at 0 items/min)
2021-03-04 11:20:29 [scrapy.extensions.logstats] INFO: Crawled 1354 pages (at 0 pages/min), scraped 0 items (at 0 items/min)
2021-03-04 11:23:18 [scrapy.extensions.logstats] INFO: Crawled 1354 pages (at 0 pages/min), scraped 0 items (at 0 items/min)
2021-03-04 11:28:14 [scrapy.extensions.logstats] INFO: Crawled 1354 pages (at 0 pages/min), scraped 0 items (at 0 items/min)
2021-03-04 12:09:13 [scrapy.extensions.logstats] INFO: Crawled 1354 pages (at 0 pages/min), scraped 0 items (at 0 items/min)
2021-03-04 12:09:32 [scrapy.extensions.logstats] INFO: Crawled 1354 pages (at 0 pages/min), scraped 0 items (at 0 items/min)
2021-03-04 12:10:26 [scrapy.extensions.logstats] INFO: Crawled 1356 pages (at 2 pages/min), scraped 0 items (at 0 items/min)
2021-03-04 12:11:18 [scrapy.extensions.logstats] INFO: Crawled 1357 pages (at 1 pages/min), scraped 0 items (at 0 items/min)
2021-03-04 12:12:19 [scrapy.extensions.logstats] INFO: Crawled 1358 pages (at 1 pages/min), scraped 0 items (at 0 items/min)
2021-03-04 12:13:35 [scrapy.extensions.logstats] INFO: Crawled 1360 pages (at 2 pages/min), scraped 0 items (at 0 items/min)
2021-03-04 12:14:59 [scrapy.extensions.logstats] INFO: Crawled 1360 pages (at 0 pages/min), scraped 0 items (at 0 items/min)
2021-03-04 12:15:17 [scrapy.extensions.logstats] INFO: Crawled 1360 pages (at 0 pages/min), scraped 0 items (at 0 items/min)
2021-03-04 12:18:16 [scrapy.extensions.logstats] INFO: Crawled 1360 pages (at 0 pages/min), scraped 0 items (at 0 items/min)
2021-03-04 12:19:36 [scrapy.extensions.logstats] INFO: Crawled 1360 pages (at 0 pages/min), scraped 0 items (at 0 items/min)
2021-03-04 12:20:38 [scrapy.extensions.logstats] INFO: Crawled 1360 pages (at 0 pages/min), scraped 0 items (at 0 items/min)
2021-03-04 12:22:28 [scrapy.extensions.logstats] INFO: Crawled 1360 pages (at 0 pages/min), scraped 0 items (at 0 items/min)
2021-03-04 12:23:30 [scrapy.extensions.logstats] INFO: Crawled 1360 pages (at 0 pages/min), scraped 0 items (at 0 items/min)
2021-03-04 12:24:43 [scrapy.extensions.logstats] INFO: Crawled 1360 pages (at 0 pages/min), scraped 0 items (at 0 items/min)
2021-03-04 12:25:36 [scrapy.extensions.logstats] INFO: Crawled 1360 pages (at 0 pages/min), scraped 0 items (at 0 items/min)
2021-03-04 12:27:13 [scrapy.extensions.logstats] INFO: Crawled 1360 pages (at 0 pages/min), scraped 0 items (at 0 items/min)
2021-03-04 12:29:49 [scrapy.extensions.logstats] INFO: Crawled 1360 pages (at 0 pages/min), scraped 0 items (at 0 items/min)
2021-03-04 12:30:41 [scrapy.extensions.logstats] INFO: Crawled 1360 pages (at 0 pages/min), scraped 0 items (at 0 items/min)
2021-03-04 12:32:16 [scrapy.extensions.logstats] INFO: Crawled 1360 pages (at 0 pages/min), scraped 0 items (at 0 items/min)
2021-03-04 12:34:06 [scrapy.extensions.logstats] INFO: Crawled 1360 pages (at 0 pages/min), scraped 0 items (at 0 items/min)
2021-03-04 12:35:00 [scrapy.extensions.logstats] INFO: Crawled 1360 pages (at 0 pages/min), scraped 0 items (at 0 items/min)
2021-03-04 12:35:52 [scrapy.extensions.logstats] INFO: Crawled 1360 pages (at 0 pages/min), scraped 0 items (at 0 items/min)
2021-03-04 12:37:54 [scrapy.extensions.logstats] INFO: Crawled 1360 pages (at 0 pages/min), scraped 0 items (at 0 items/min)
2021-03-04 12:38:37 [scrapy.extensions.logstats] INFO: Crawled 1360 pages (at 0 pages/min), scraped 0 items (at 0 items/min)
2021-03-04 12:39:29 [scrapy.extensions.logstats] INFO: Crawled 1360 pages (at 0 pages/min), scraped 0 items (at 0 items/min)
2021-03-04 12:41:32 [scrapy.extensions.logstats] INFO: Crawled 1360 pages (at 0 pages/min), scraped 0 items (at 0 items/min)
2021-03-04 12:42:15 [scrapy.extensions.logstats] INFO: Crawled 1360 pages (at 0 pages/min), scraped 0 items (at 0 items/min)
2021-03-04 12:45:17 [scrapy.extensions.logstats] INFO: Crawled 1360 pages (at 0 pages/min), scraped 0 items (at 0 items/min)
2021-03-04 12:46:47 [scrapy.extensions.logstats] INFO: Crawled 1360 pages (at 0 pages/min), scraped 0 items (at 0 items/min)
2021-03-04 12:48:54 [scrapy.extensions.logstats] INFO: Crawled 1360 pages (at 0 pages/min), scraped 0 items (at 0 items/min)
2021-03-04 13:24:08 [scrapy.extensions.logstats] INFO: Crawled 1360 pages (at 0 pages/min), scraped 0 items (at 0 items/min)
2021-03-04 13:24:18 [scrapy.extensions.logstats] INFO: Crawled 1360 pages (at 0 pages/min), scraped 0 items (at 0 items/min)
2021-03-04 13:35:47 [scrapy.extensions.logstats] INFO: Crawled 1360 pages (at 0 pages/min), scraped 0 items (at 0 items/min)
2021-03-04 18:43:41 [scrapy.extensions.logstats] INFO: Crawled 1360 pages (at 0 pages/min), scraped 0 items (at 0 items/min)
2021-03-04 18:44:31 [scrapy.extensions.logstats] INFO: Crawled 1360 pages (at 0 pages/min), scraped 0 items (at 0 items/min)
2021-03-04 18:47:15 [scrapy.extensions.logstats] INFO: Crawled 1360 pages (at 0 pages/min), scraped 0 items (at 0 items/min)
2021-03-04 18:48:20 [scrapy.extensions.logstats] INFO: Crawled 1360 pages (at 0 pages/min), scraped 0 items (at 0 items/min)
2021-03-04 18:49:46 [scrapy.extensions.logstats] INFO: Crawled 1360 pages (at 0 pages/min), scraped 0 items (at 0 items/min)
2021-03-04 18:50:29 [scrapy.extensions.logstats] INFO: Crawled 1360 pages (at 0 pages/min), scraped 0 items (at 0 items/min)
2021-03-04 18:51:28 [scrapy.extensions.logstats] INFO: Crawled 1360 pages (at 0 pages/min), scraped 0 items (at 0 items/min)
2021-03-04 18:52:17 [scrapy.extensions.logstats] INFO: Crawled 1360 pages (at 0 pages/min), scraped 0 items (at 0 items/min)
2021-03-04 18:53:24 [scrapy.extensions.logstats] INFO: Crawled 1360 pages (at 0 pages/min), scraped 0 items (at 0 items/min)
2021-03-04 18:54:31 [scrapy.extensions.logstats] INFO: Crawled 1360 pages (at 0 pages/min), scraped 0 items (at 0 items/min)
2021-03-04 18:55:27 [scrapy.extensions.logstats] INFO: Crawled 1360 pages (at 0 pages/min), scraped 0 items (at 0 items/min)
2021-03-04 18:56:25 [scrapy.extensions.logstats] INFO: Crawled 1360 pages (at 0 pages/min), scraped 0 items (at 0 items/min)
2021-03-04 18:57:28 [scrapy.extensions.logstats] INFO: Crawled 1360 pages (at 0 pages/min), scraped 0 items (at 0 items/min)
2021-03-04 18:58:32 [scrapy.extensions.logstats] INFO: Crawled 1361 pages (at 1 pages/min), scraped 0 items (at 0 items/min)
2021-03-04 19:00:27 [scrapy.extensions.logstats] INFO: Crawled 1362 pages (at 1 pages/min), scraped 0 items (at 0 items/min)
2021-03-04 19:01:23 [scrapy.extensions.logstats] INFO: Crawled 1362 pages (at 0 pages/min), scraped 0 items (at 0 items/min)
2021-03-04 19:02:27 [scrapy.extensions.logstats] INFO: Crawled 1362 pages (at 0 pages/min), scraped 0 items (at 0 items/min)
2021-03-04 19:03:34 [scrapy.extensions.logstats] INFO: Crawled 1362 pages (at 0 pages/min), scraped 0 items (at 0 items/min)
2021-03-04 19:04:43 [scrapy.extensions.logstats] INFO: Crawled 1362 pages (at 0 pages/min), scraped 0 items (at 0 items/min)
2021-03-04 19:05:14 [scrapy.extensions.logstats] INFO: Crawled 1362 pages (at 0 pages/min), scraped 0 items (at 0 items/min)
2021-03-04 19:06:24 [scrapy.extensions.logstats] INFO: Crawled 1362 pages (at 0 pages/min), scraped 0 items (at 0 items/min)
2021-03-04 19:07:32 [scrapy.extensions.logstats] INFO: Crawled 1362 pages (at 0 pages/min), scraped 0 items (at 0 items/min)
2021-03-04 19:09:10 [scrapy.extensions.logstats] INFO: Crawled 1362 pages (at 0 pages/min), scraped 0 items (at 0 items/min)
2021-03-04 19:09:54 [scrapy.extensions.logstats] INFO: Crawled 1362 pages (at 0 pages/min), scraped 0 items (at 0 items/min)
2021-03-04 19:10:25 [scrapy.extensions.logstats] INFO: Crawled 1362 pages (at 0 pages/min), scraped 0 items (at 0 items/min)
2021-03-04 19:11:27 [scrapy.extensions.logstats] INFO: Crawled 1362 pages (at 0 pages/min), scraped 0 items (at 0 items/min)
2021-03-04 19:12:23 [scrapy.extensions.logstats] INFO: Crawled 1362 pages (at 0 pages/min), scraped 0 items (at 0 items/min)
2021-03-04 19:13:28 [scrapy.extensions.logstats] INFO: Crawled 1362 pages (at 0 pages/min), scraped 0 items (at 0 items/min)
2021-03-04 19:15:12 [scrapy.extensions.logstats] INFO: Crawled 1362 pages (at 0 pages/min), scraped 0 items (at 0 items/min)
2021-03-04 19:15:53 [scrapy.extensions.logstats] INFO: Crawled 1362 pages (at 0 pages/min), scraped 0 items (at 0 items/min)
2021-03-04 19:16:25 [scrapy.extensions.logstats] INFO: Crawled 1362 pages (at 0 pages/min), scraped 0 items (at 0 items/min)
2021-03-04 19:17:30 [scrapy.extensions.logstats] INFO: Crawled 1362 pages (at 0 pages/min), scraped 0 items (at 0 items/min)
2021-03-04 19:18:25 [scrapy.extensions.logstats] INFO: Crawled 1362 pages (at 0 pages/min), scraped 0 items (at 0 items/min)
2021-03-04 19:19:19 [scrapy.extensions.logstats] INFO: Crawled 1362 pages (at 0 pages/min), scraped 0 items (at 0 items/min)
2021-03-04 19:20:26 [scrapy.extensions.logstats] INFO: Crawled 1362 pages (at 0 pages/min), scraped 0 items (at 0 items/min)
2021-03-04 19:21:30 [scrapy.extensions.logstats] INFO: Crawled 1362 pages (at 0 pages/min), scraped 0 items (at 0 items/min)
2021-03-04 19:22:36 [scrapy.extensions.logstats] INFO: Crawled 1362 pages (at 0 pages/min), scraped 0 items (at 0 items/min)
2021-03-04 19:23:35 [scrapy.extensions.logstats] INFO: Crawled 1362 pages (at 0 pages/min), scraped 0 items (at 0 items/min)
2021-03-04 19:24:34 [scrapy.extensions.logstats] INFO: Crawled 1362 pages (at 0 pages/min), scraped 0 items (at 0 items/min)
2021-03-04 19:25:30 [scrapy.extensions.logstats] INFO: Crawled 1362 pages (at 0 pages/min), scraped 0 items (at 0 items/min)
2021-03-04 19:26:28 [scrapy.extensions.logstats] INFO: Crawled 1362 pages (at 0 pages/min), scraped 0 items (at 0 items/min)
2021-03-04 19:28:03 [scrapy.extensions.logstats] INFO: Crawled 1362 pages (at 0 pages/min), scraped 0 items (at 0 items/min)
2021-03-04 19:28:37 [scrapy.extensions.logstats] INFO: Crawled 1362 pages (at 0 pages/min), scraped 0 items (at 0 items/min)
2021-03-04 19:29:34 [scrapy.extensions.logstats] INFO: Crawled 1362 pages (at 0 pages/min), scraped 0 items (at 0 items/min)
2021-03-04 19:30:26 [scrapy.extensions.logstats] INFO: Crawled 1362 pages (at 0 pages/min), scraped 0 items (at 0 items/min)
2021-03-04 19:31:19 [scrapy.extensions.logstats] INFO: Crawled 1362 pages (at 0 pages/min), scraped 0 items (at 0 items/min)
2021-03-04 19:32:21 [scrapy.extensions.logstats] INFO: Crawled 1362 pages (at 0 pages/min), scraped 0 items (at 0 items/min)
2021-03-04 19:33:16 [scrapy.extensions.logstats] INFO: Crawled 1362 pages (at 0 pages/min), scraped 0 items (at 0 items/min)
2021-03-04 19:34:39 [scrapy.extensions.logstats] INFO: Crawled 1362 pages (at 0 pages/min), scraped 0 items (at 0 items/min)
2021-03-04 19:35:16 [scrapy.extensions.logstats] INFO: Crawled 1362 pages (at 0 pages/min), scraped 0 items (at 0 items/min)
2021-03-04 19:36:20 [scrapy.extensions.logstats] INFO: Crawled 1362 pages (at 0 pages/min), scraped 0 items (at 0 items/min)
2021-03-04 19:37:21 [scrapy.extensions.logstats] INFO: Crawled 1362 pages (at 0 pages/min), scraped 0 items (at 0 items/min)
2021-03-04 19:38:16 [scrapy.extensions.logstats] INFO: Crawled 1362 pages (at 0 pages/min), scraped 0 items (at 0 items/min)
2021-03-04 19:40:39 [scrapy.extensions.logstats] INFO: Crawled 1362 pages (at 0 pages/min), scraped 0 items (at 0 items/min)
2021-03-04 19:41:16 [scrapy.extensions.logstats] INFO: Crawled 1362 pages (at 0 pages/min), scraped 0 items (at 0 items/min)
2021-03-04 19:42:20 [scrapy.extensions.logstats] INFO: Crawled 1362 pages (at 0 pages/min), scraped 0 items (at 0 items/min)
2021-03-04 19:43:19 [scrapy.extensions.logstats] INFO: Crawled 1362 pages (at 0 pages/min), scraped 0 items (at 0 items/min)
2021-03-04 19:44:21 [scrapy.extensions.logstats] INFO: Crawled 1362 pages (at 0 pages/min), scraped 0 items (at 0 items/min)
2021-03-04 19:45:23 [scrapy.extensions.logstats] INFO: Crawled 1362 pages (at 0 pages/min), scraped 0 items (at 0 items/min)
2021-03-04 19:46:22 [scrapy.extensions.logstats] INFO: Crawled 1362 pages (at 0 pages/min), scraped 0 items (at 0 items/min)
2021-03-04 19:47:18 [scrapy.extensions.logstats] INFO: Crawled 1362 pages (at 0 pages/min), scraped 0 items (at 0 items/min)
2021-03-04 19:48:30 [scrapy.extensions.logstats] INFO: Crawled 1362 pages (at 0 pages/min), scraped 0 items (at 0 items/min)
2021-03-04 19:49:28 [scrapy.extensions.logstats] INFO: Crawled 1362 pages (at 0 pages/min), scraped 0 items (at 0 items/min)
2021-03-04 19:50:25 [scrapy.extensions.logstats] INFO: Crawled 1362 pages (at 0 pages/min), scraped 0 items (at 0 items/min)
2021-03-04 19:53:29 [scrapy.extensions.logstats] INFO: Crawled 1362 pages (at 0 pages/min), scraped 0 items (at 0 items/min)
2021-03-04 19:54:31 [scrapy.extensions.logstats] INFO: Crawled 1362 pages (at 0 pages/min), scraped 0 items (at 0 items/min)
2021-03-04 19:55:37 [scrapy.extensions.logstats] INFO: Crawled 1362 pages (at 0 pages/min), scraped 0 items (at 0 items/min)
2021-03-04 19:56:32 [scrapy.extensions.logstats] INFO: Crawled 1362 pages (at 0 pages/min), scraped 0 items (at 0 items/min)
2021-03-04 19:57:35 [scrapy.extensions.logstats] INFO: Crawled 1362 pages (at 0 pages/min), scraped 0 items (at 0 items/min)
2021-03-04 19:58:38 [scrapy.extensions.logstats] INFO: Crawled 1362 pages (at 0 pages/min), scraped 0 items (at 0 items/min)
2021-03-04 19:59:35 [scrapy.extensions.logstats] INFO: Crawled 1362 pages (at 0 pages/min), scraped 0 items (at 0 items/min)
2021-03-04 20:00:38 [scrapy.extensions.logstats] INFO: Crawled 1364 pages (at 2 pages/min), scraped 0 items (at 0 items/min)
2021-03-04 20:01:40 [scrapy.extensions.logstats] INFO: Crawled 1367 pages (at 3 pages/min), scraped 0 items (at 0 items/min)
2021-03-04 20:04:31 [scrapy.extensions.logstats] INFO: Crawled 1369 pages (at 2 pages/min), scraped 0 items (at 0 items/min)
2021-03-04 20:05:37 [scrapy.extensions.logstats] INFO: Crawled 1369 pages (at 0 pages/min), scraped 0 items (at 0 items/min)
2021-03-04 20:06:46 [scrapy.extensions.logstats] INFO: Crawled 1369 pages (at 0 pages/min), scraped 0 items (at 0 items/min)
2021-03-04 20:07:19 [scrapy.extensions.logstats] INFO: Crawled 1369 pages (at 0 pages/min), scraped 0 items (at 0 items/min)
2021-03-04 20:08:24 [scrapy.extensions.logstats] INFO: Crawled 1369 pages (at 0 pages/min), scraped 0 items (at 0 items/min)
2021-03-04 20:09:31 [scrapy.extensions.logstats] INFO: Crawled 1369 pages (at 0 pages/min), scraped 0 items (at 0 items/min)
2021-03-04 20:10:35 [scrapy.extensions.logstats] INFO: Crawled 1369 pages (at 0 pages/min), scraped 0 items (at 0 items/min)
2021-03-04 20:11:14 [scrapy.extensions.logstats] INFO: Crawled 1369 pages (at 0 pages/min), scraped 0 items (at 0 items/min)
2021-03-04 20:12:19 [scrapy.extensions.logstats] INFO: Crawled 1369 pages (at 0 pages/min), scraped 0 items (at 0 items/min)
2021-03-04 20:13:25 [scrapy.extensions.logstats] INFO: Crawled 1369 pages (at 0 pages/min), scraped 0 items (at 0 items/min)
2021-03-04 20:14:29 [scrapy.extensions.logstats] INFO: Crawled 1369 pages (at 0 pages/min), scraped 0 items (at 0 items/min)
2021-03-04 20:15:36 [scrapy.extensions.logstats] INFO: Crawled 1369 pages (at 0 pages/min), scraped 0 items (at 0 items/min)
2021-03-04 20:16:20 [scrapy.extensions.logstats] INFO: Crawled 1369 pages (at 0 pages/min), scraped 0 items (at 0 items/min)
2021-03-04 20:32:06 [scrapy.extensions.logstats] INFO: Crawled 1369 pages (at 0 pages/min), scraped 0 items (at 0 items/min)
2021-03-04 20:32:28 [scrapy.extensions.logstats] INFO: Crawled 1369 pages (at 0 pages/min), scraped 0 items (at 0 items/min)
2021-03-04 20:42:40 [scrapy.extensions.logstats] INFO: Crawled 1371 pages (at 2 pages/min), scraped 0 items (at 0 items/min)
2021-03-05 11:21:43 [scrapy.extensions.logstats] INFO: Crawled 1371 pages (at 0 pages/min), scraped 0 items (at 0 items/min)
2021-03-05 11:22:36 [scrapy.extensions.logstats] INFO: Crawled 1371 pages (at 0 pages/min), scraped 0 items (at 0 items/min)
2021-03-05 11:23:26 [scrapy.extensions.logstats] INFO: Crawled 1371 pages (at 0 pages/min), scraped 0 items (at 0 items/min)
2021-03-05 11:24:17 [scrapy.extensions.logstats] INFO: Crawled 1371 pages (at 0 pages/min), scraped 0 items (at 0 items/min)
2021-03-05 11:25:50 [scrapy.extensions.logstats] INFO: Crawled 1371 pages (at 0 pages/min), scraped 0 items (at 0 items/min)
2021-03-05 11:26:44 [scrapy.extensions.logstats] INFO: Crawled 1371 pages (at 0 pages/min), scraped 0 items (at 0 items/min)
2021-03-05 11:27:37 [scrapy.extensions.logstats] INFO: Crawled 1371 pages (at 0 pages/min), scraped 0 items (at 0 items/min)
2021-03-05 11:28:28 [scrapy.extensions.logstats] INFO: Crawled 1371 pages (at 0 pages/min), scraped 0 items (at 0 items/min)
2021-03-05 11:29:17 [scrapy.extensions.logstats] INFO: Crawled 1371 pages (at 0 pages/min), scraped 0 items (at 0 items/min)
2021-03-05 11:30:16 [scrapy.extensions.logstats] INFO: Crawled 1371 pages (at 0 pages/min), scraped 0 items (at 0 items/min)
2021-03-05 11:31:20 [scrapy.extensions.logstats] INFO: Crawled 1371 pages (at 0 pages/min), scraped 0 items (at 0 items/min)
2021-03-05 11:33:08 [scrapy.extensions.logstats] INFO: Crawled 1374 pages (at 3 pages/min), scraped 0 items (at 0 items/min)
2021-03-05 11:33:18 [scrapy.extensions.logstats] INFO: Crawled 1374 pages (at 0 pages/min), scraped 0 items (at 0 items/min)
2021-03-05 11:34:45 [scrapy.extensions.logstats] INFO: Crawled 1378 pages (at 4 pages/min), scraped 0 items (at 0 items/min)
2021-03-05 11:35:29 [scrapy.extensions.logstats] INFO: Crawled 1380 pages (at 2 pages/min), scraped 0 items (at 0 items/min)
2021-03-05 11:36:19 [scrapy.extensions.logstats] INFO: Crawled 1380 pages (at 0 pages/min), scraped 0 items (at 0 items/min)
2021-03-05 11:37:26 [scrapy.extensions.logstats] INFO: Crawled 1380 pages (at 0 pages/min), scraped 0 items (at 0 items/min)
2021-03-05 11:38:25 [scrapy.extensions.logstats] INFO: Crawled 1380 pages (at 0 pages/min), scraped 0 items (at 0 items/min)
2021-03-05 11:39:36 [scrapy.extensions.logstats] INFO: Crawled 1381 pages (at 1 pages/min), scraped 0 items (at 0 items/min)
2021-03-05 11:40:24 [scrapy.extensions.logstats] INFO: Crawled 1381 pages (at 0 pages/min), scraped 0 items (at 0 items/min)
2021-03-05 11:42:13 [scrapy.extensions.logstats] INFO: Crawled 1381 pages (at 0 pages/min), scraped 0 items (at 0 items/min)
2021-03-05 11:42:34 [scrapy.extensions.logstats] INFO: Crawled 1381 pages (at 0 pages/min), scraped 0 items (at 0 items/min)
2021-03-05 11:43:38 [scrapy.extensions.logstats] INFO: Crawled 1383 pages (at 2 pages/min), scraped 0 items (at 0 items/min)
2021-03-05 11:44:19 [scrapy.extensions.logstats] INFO: Crawled 1384 pages (at 1 pages/min), scraped 0 items (at 0 items/min)
2021-03-05 11:45:16 [scrapy.extensions.logstats] INFO: Crawled 1384 pages (at 0 pages/min), scraped 0 items (at 0 items/min)
2021-03-05 11:47:11 [scrapy.extensions.logstats] INFO: Crawled 1386 pages (at 2 pages/min), scraped 0 items (at 0 items/min)
2021-03-05 11:47:36 [scrapy.extensions.logstats] INFO: Crawled 1386 pages (at 0 pages/min), scraped 0 items (at 0 items/min)
2021-03-05 11:48:23 [scrapy.extensions.logstats] INFO: Crawled 1388 pages (at 2 pages/min), scraped 0 items (at 0 items/min)
2021-03-05 11:49:27 [scrapy.extensions.logstats] INFO: Crawled 1389 pages (at 1 pages/min), scraped 0 items (at 0 items/min)
2021-03-05 11:50:15 [scrapy.extensions.logstats] INFO: Crawled 1391 pages (at 2 pages/min), scraped 0 items (at 0 items/min)
2021-03-05 11:51:16 [scrapy.extensions.logstats] INFO: Crawled 1391 pages (at 0 pages/min), scraped 0 items (at 0 items/min)
2021-03-05 11:53:12 [scrapy.extensions.logstats] INFO: Crawled 1393 pages (at 2 pages/min), scraped 0 items (at 0 items/min)
2021-03-05 11:53:19 [scrapy.extensions.logstats] INFO: Crawled 1393 pages (at 0 pages/min), scraped 0 items (at 0 items/min)
2021-03-05 11:54:23 [scrapy.extensions.logstats] INFO: Crawled 1396 pages (at 3 pages/min), scraped 0 items (at 0 items/min)
2021-03-05 11:55:17 [scrapy.extensions.logstats] INFO: Crawled 1400 pages (at 4 pages/min), scraped 0 items (at 0 items/min)
2021-03-05 11:56:14 [scrapy.extensions.logstats] INFO: Crawled 1402 pages (at 2 pages/min), scraped 0 items (at 0 items/min)
2021-03-05 11:57:27 [scrapy.extensions.logstats] INFO: Crawled 1404 pages (at 2 pages/min), scraped 0 items (at 0 items/min)
2021-03-05 11:58:40 [scrapy.extensions.logstats] INFO: Crawled 1405 pages (at 1 pages/min), scraped 0 items (at 0 items/min)
2021-03-05 11:59:16 [scrapy.extensions.logstats] INFO: Crawled 1406 pages (at 1 pages/min), scraped 0 items (at 0 items/min)
2021-03-05 12:00:15 [scrapy.extensions.logstats] INFO: Crawled 1407 pages (at 1 pages/min), scraped 0 items (at 0 items/min)
2021-03-05 12:01:15 [scrapy.extensions.logstats] INFO: Crawled 1409 pages (at 2 pages/min), scraped 0 items (at 0 items/min)
2021-03-05 12:02:20 [scrapy.extensions.logstats] INFO: Crawled 1411 pages (at 2 pages/min), scraped 0 items (at 0 items/min)
2021-03-05 12:03:35 [scrapy.extensions.logstats] INFO: Crawled 1412 pages (at 1 pages/min), scraped 0 items (at 0 items/min)
2021-03-05 12:04:28 [scrapy.extensions.logstats] INFO: Crawled 1413 pages (at 1 pages/min), scraped 0 items (at 0 items/min)
2021-03-05 12:26:26 [scrapy.extensions.logstats] INFO: Crawled 1414 pages (at 1 pages/min), scraped 0 items (at 0 items/min)
2021-03-05 12:27:31 [scrapy.extensions.logstats] INFO: Crawled 1414 pages (at 0 pages/min), scraped 0 items (at 0 items/min)
2021-03-05 12:28:20 [scrapy.extensions.logstats] INFO: Crawled 1414 pages (at 0 pages/min), scraped 0 items (at 0 items/min)
2021-03-05 12:29:23 [scrapy.extensions.logstats] INFO: Crawled 1414 pages (at 0 pages/min), scraped 0 items (at 0 items/min)
2021-03-05 12:30:45 [scrapy.extensions.logstats] INFO: Crawled 1414 pages (at 0 pages/min), scraped 0 items (at 0 items/min)
2021-03-05 12:31:39 [scrapy.extensions.logstats] INFO: Crawled 1414 pages (at 0 pages/min), scraped 0 items (at 0 items/min)
2021-03-05 12:32:31 [scrapy.extensions.logstats] INFO: Crawled 1416 pages (at 2 pages/min), scraped 0 items (at 0 items/min)
2021-03-05 12:33:15 [scrapy.extensions.logstats] INFO: Crawled 1416 pages (at 0 pages/min), scraped 0 items (at 0 items/min)
2021-03-05 12:34:57 [scrapy.extensions.logstats] INFO: Crawled 1416 pages (at 0 pages/min), scraped 0 items (at 0 items/min)
