2021-03-03 16:35:14 [scrapy.utils.log] INFO: Scrapy 2.1.0 started (bot: ARGUS)
2021-03-03 16:35:14 [scrapy.utils.log] INFO: Versions: lxml 4.6.1.0, libxml2 2.9.10, cssselect 1.1.0, parsel 1.6.0, w3lib 1.22.0, Twisted 20.3.0, Python 3.7.6 | packaged by conda-forge | (default, Dec 26 2019, 23:46:52) - [Clang 9.0.0 (tags/RELEASE_900/final)], pyOpenSSL 19.1.0 (OpenSSL 1.1.1d  10 Sep 2019), cryptography 2.8, Platform Darwin-18.7.0-x86_64-i386-64bit
2021-03-03 16:35:14 [scrapy.crawler] INFO: Overridden settings:
{'AJAXCRAWL_ENABLED': True,
 'BOT_NAME': 'ARGUS',
 'COMPRESSION_ENABLED': False,
 'CONCURRENT_ITEMS': 200,
 'CONCURRENT_REQUESTS': 100,
 'COOKIES_ENABLED': False,
 'DOWNLOAD_MAXSIZE': 10000000,
 'DOWNLOAD_TIMEOUT': 20,
 'LOG_FILE': 'logs/ARGUS/dualspider/67e482b67c2011ebaf3134363b7bab66.log',
 'LOG_LEVEL': 'INFO',
 'NEWSPIDER_MODULE': 'ARGUS.spiders',
 'REACTOR_THREADPOOL_MAXSIZE': 30,
 'RETRY_ENABLED': False,
 'SPIDER_MODULES': ['ARGUS.spiders']}
2021-03-03 16:35:14 [scrapy.extensions.telnet] INFO: Telnet Password: 8e82706724f4068d
2021-03-03 16:35:15 [py.warnings] WARNING: /Users/parnianshahkar/Downloads/miniconda3/lib/python3.7/site-packages/scrapy/extensions/feedexport.py:210: ScrapyDeprecationWarning: The `FEED_URI` and `FEED_FORMAT` settings have been deprecated in favor of the `FEEDS` setting. Please see the `FEEDS` setting docs for more details
  exporter = cls(crawler)

2021-03-03 16:35:15 [scrapy.middleware] INFO: Enabled extensions:
['scrapy.extensions.corestats.CoreStats',
 'scrapy.extensions.telnet.TelnetConsole',
 'scrapy.extensions.memusage.MemoryUsage',
 'scrapy.extensions.feedexport.FeedExporter',
 'scrapy.extensions.logstats.LogStats']
2021-03-03 16:35:15 [scrapy_fake_useragent.middleware] INFO: Using '<class 'scrapy_fake_useragent.providers.FakeUserAgentProvider'>' as the User-Agent provider
2021-03-03 16:35:15 [scrapy.middleware] INFO: Enabled downloader middlewares:
['scrapy.downloadermiddlewares.httpauth.HttpAuthMiddleware',
 'scrapy.downloadermiddlewares.downloadtimeout.DownloadTimeoutMiddleware',
 'scrapy.downloadermiddlewares.defaultheaders.DefaultHeadersMiddleware',
 'scrapy_fake_useragent.middleware.RandomUserAgentMiddleware',
 'scrapy.downloadermiddlewares.ajaxcrawl.AjaxCrawlMiddleware',
 'scrapy.downloadermiddlewares.redirect.MetaRefreshMiddleware',
 'scrapy.downloadermiddlewares.redirect.RedirectMiddleware',
 'scrapy.downloadermiddlewares.httpproxy.HttpProxyMiddleware',
 'scrapy.downloadermiddlewares.stats.DownloaderStats']
2021-03-03 16:35:15 [scrapy.middleware] INFO: Enabled spider middlewares:
['scrapy.spidermiddlewares.httperror.HttpErrorMiddleware',
 'scrapy.spidermiddlewares.offsite.OffsiteMiddleware',
 'scrapy.spidermiddlewares.referer.RefererMiddleware',
 'scrapy.spidermiddlewares.urllength.UrlLengthMiddleware',
 'scrapy.spidermiddlewares.depth.DepthMiddleware']
2021-03-03 16:35:15 [scrapy.middleware] INFO: Enabled item pipelines:
['ARGUS.pipelines.DualPipeline']
2021-03-03 16:35:15 [scrapy.core.engine] INFO: Spider opened
2021-03-03 16:35:15 [scrapy.extensions.logstats] INFO: Crawled 0 pages (at 0 pages/min), scraped 0 items (at 0 items/min)
2021-03-03 16:35:15 [scrapy.extensions.telnet] INFO: Telnet console listening on 127.0.0.1:6025
2021-03-03 16:35:18 [filelock] INFO: Lock 4756656912 acquired on /Users/parnianshahkar/.cache/python-tldextract/3.7.6.final__miniconda3__c4b0bd__tldextract-3.1.0/publicsuffix.org-tlds/de84b5ca2167d4c83e38fb162f2e8738.tldextract.json.lock
2021-03-03 16:35:18 [filelock] INFO: Lock 4757197072 acquired on /Users/parnianshahkar/.cache/python-tldextract/3.7.6.final__miniconda3__c4b0bd__tldextract-3.1.0/urls/62bf135d1c2f3d4db4228b9ecaf507a2.tldextract.json.lock
2021-03-03 16:35:18 [filelock] INFO: Lock 4757197072 released on /Users/parnianshahkar/.cache/python-tldextract/3.7.6.final__miniconda3__c4b0bd__tldextract-3.1.0/urls/62bf135d1c2f3d4db4228b9ecaf507a2.tldextract.json.lock
2021-03-03 16:35:18 [filelock] INFO: Lock 4756656912 released on /Users/parnianshahkar/.cache/python-tldextract/3.7.6.final__miniconda3__c4b0bd__tldextract-3.1.0/publicsuffix.org-tlds/de84b5ca2167d4c83e38fb162f2e8738.tldextract.json.lock
2021-03-03 16:35:21 [py.warnings] WARNING: /Users/parnianshahkar/Downloads/miniconda3/lib/python3.7/site-packages/scrapy/core/scraper.py:153: UserWarning: The "DualSpider.processURLstack" method is a generator and includes a "return" statement with a value different than None. This could lead to unexpected behaviour. Please see https://docs.python.org/3/reference/simple_stmts.html#the-return-statement for details about the semantics of the "return" statement within generators
  warn_on_generator_with_return_value(spider, request.errback)

2021-03-03 16:36:15 [scrapy.extensions.logstats] INFO: Crawled 29 pages (at 29 pages/min), scraped 0 items (at 0 items/min)
2021-03-03 16:37:15 [scrapy.extensions.logstats] INFO: Crawled 40 pages (at 11 pages/min), scraped 0 items (at 0 items/min)
2021-03-03 16:38:15 [scrapy.extensions.logstats] INFO: Crawled 49 pages (at 9 pages/min), scraped 0 items (at 0 items/min)
2021-03-03 16:39:15 [scrapy.extensions.logstats] INFO: Crawled 56 pages (at 7 pages/min), scraped 0 items (at 0 items/min)
2021-03-03 16:40:17 [scrapy.extensions.logstats] INFO: Crawled 86 pages (at 30 pages/min), scraped 0 items (at 0 items/min)
2021-03-03 16:41:15 [scrapy.extensions.logstats] INFO: Crawled 111 pages (at 25 pages/min), scraped 0 items (at 0 items/min)
2021-03-03 16:42:16 [scrapy.extensions.logstats] INFO: Crawled 120 pages (at 9 pages/min), scraped 0 items (at 0 items/min)
2021-03-03 16:43:15 [scrapy.extensions.logstats] INFO: Crawled 140 pages (at 20 pages/min), scraped 0 items (at 0 items/min)
2021-03-03 16:44:18 [scrapy.extensions.logstats] INFO: Crawled 161 pages (at 21 pages/min), scraped 0 items (at 0 items/min)
2021-03-03 16:45:16 [scrapy.extensions.logstats] INFO: Crawled 176 pages (at 15 pages/min), scraped 0 items (at 0 items/min)
2021-03-03 16:46:15 [scrapy.extensions.logstats] INFO: Crawled 191 pages (at 15 pages/min), scraped 0 items (at 0 items/min)
2021-03-03 16:47:16 [scrapy.extensions.logstats] INFO: Crawled 207 pages (at 16 pages/min), scraped 0 items (at 0 items/min)
2021-03-03 16:48:16 [scrapy.extensions.logstats] INFO: Crawled 221 pages (at 14 pages/min), scraped 0 items (at 0 items/min)
2021-03-03 16:49:15 [scrapy.extensions.logstats] INFO: Crawled 239 pages (at 18 pages/min), scraped 0 items (at 0 items/min)
2021-03-03 16:50:17 [scrapy.extensions.logstats] INFO: Crawled 264 pages (at 25 pages/min), scraped 0 items (at 0 items/min)
2021-03-03 16:50:33 [scrapy.crawler] INFO: Received SIGTERM, shutting down gracefully. Send again to force 
2021-03-03 16:50:36 [scrapy.core.engine] INFO: Closing spider (shutdown)
2021-03-03 16:50:44 [scrapy.statscollectors] INFO: Dumping Scrapy stats:
{'downloader/exception_count': 32,
 'downloader/exception_type_count/twisted.internet.error.TimeoutError': 32,
 'downloader/request_bytes': 94706,
 'downloader/request_count': 310,
 'downloader/request_method_count/GET': 310,
 'downloader/response_bytes': 45235841,
 'downloader/response_count': 278,
 'downloader/response_status_count/200': 177,
 'downloader/response_status_count/301': 45,
 'downloader/response_status_count/302': 46,
 'downloader/response_status_count/404': 10,
 'elapsed_time_seconds': 928.685755,
 'finish_reason': 'shutdown',
 'finish_time': datetime.datetime(2021, 3, 3, 13, 20, 44, 419150),
 'log_count/INFO': 31,
 'log_count/WARNING': 2,
 'memusage/max': 174960640,
 'memusage/startup': 108515328,
 'request_depth_max': 128,
 'response_received_count': 272,
 'scheduler/dequeued': 310,
 'scheduler/dequeued/memory': 310,
 'scheduler/enqueued': 313,
 'scheduler/enqueued/memory': 313,
 'start_time': datetime.datetime(2021, 3, 3, 13, 5, 15, 733395)}
2021-03-03 16:50:44 [scrapy.core.engine] INFO: Spider closed (shutdown)
