2021-03-03 16:51:55 [scrapy.utils.log] INFO: Scrapy 2.1.0 started (bot: ARGUS)
2021-03-03 16:51:55 [scrapy.utils.log] INFO: Versions: lxml 4.6.1.0, libxml2 2.9.10, cssselect 1.1.0, parsel 1.6.0, w3lib 1.22.0, Twisted 20.3.0, Python 3.7.6 | packaged by conda-forge | (default, Dec 26 2019, 23:46:52) - [Clang 9.0.0 (tags/RELEASE_900/final)], pyOpenSSL 19.1.0 (OpenSSL 1.1.1d  10 Sep 2019), cryptography 2.8, Platform Darwin-18.7.0-x86_64-i386-64bit
2021-03-03 16:51:55 [scrapy.crawler] INFO: Overridden settings:
{'AJAXCRAWL_ENABLED': True,
 'BOT_NAME': 'ARGUS',
 'COMPRESSION_ENABLED': False,
 'CONCURRENT_ITEMS': 200,
 'CONCURRENT_REQUESTS': 100,
 'COOKIES_ENABLED': False,
 'DOWNLOAD_MAXSIZE': 10000000,
 'DOWNLOAD_TIMEOUT': 20,
 'LOG_FILE': 'logs/ARGUS/dualspider/689334847c2311ebaf3134363b7bab66.log',
 'LOG_LEVEL': 'INFO',
 'NEWSPIDER_MODULE': 'ARGUS.spiders',
 'REACTOR_THREADPOOL_MAXSIZE': 30,
 'RETRY_ENABLED': False,
 'SPIDER_MODULES': ['ARGUS.spiders']}
2021-03-03 16:51:55 [scrapy.extensions.telnet] INFO: Telnet Password: 46d429120dbcce83
2021-03-03 16:51:55 [py.warnings] WARNING: /Users/parnianshahkar/Downloads/miniconda3/lib/python3.7/site-packages/scrapy/extensions/feedexport.py:210: ScrapyDeprecationWarning: The `FEED_URI` and `FEED_FORMAT` settings have been deprecated in favor of the `FEEDS` setting. Please see the `FEEDS` setting docs for more details
  exporter = cls(crawler)

2021-03-03 16:51:55 [scrapy.middleware] INFO: Enabled extensions:
['scrapy.extensions.corestats.CoreStats',
 'scrapy.extensions.telnet.TelnetConsole',
 'scrapy.extensions.memusage.MemoryUsage',
 'scrapy.extensions.feedexport.FeedExporter',
 'scrapy.extensions.logstats.LogStats']
2021-03-03 16:51:56 [scrapy_fake_useragent.middleware] INFO: Using '<class 'scrapy_fake_useragent.providers.FakeUserAgentProvider'>' as the User-Agent provider
2021-03-03 16:51:56 [scrapy.middleware] INFO: Enabled downloader middlewares:
['scrapy.downloadermiddlewares.httpauth.HttpAuthMiddleware',
 'scrapy.downloadermiddlewares.downloadtimeout.DownloadTimeoutMiddleware',
 'scrapy.downloadermiddlewares.defaultheaders.DefaultHeadersMiddleware',
 'scrapy_fake_useragent.middleware.RandomUserAgentMiddleware',
 'scrapy.downloadermiddlewares.ajaxcrawl.AjaxCrawlMiddleware',
 'scrapy.downloadermiddlewares.redirect.MetaRefreshMiddleware',
 'scrapy.downloadermiddlewares.redirect.RedirectMiddleware',
 'scrapy.downloadermiddlewares.httpproxy.HttpProxyMiddleware',
 'scrapy.downloadermiddlewares.stats.DownloaderStats']
2021-03-03 16:51:56 [scrapy.middleware] INFO: Enabled spider middlewares:
['scrapy.spidermiddlewares.httperror.HttpErrorMiddleware',
 'scrapy.spidermiddlewares.offsite.OffsiteMiddleware',
 'scrapy.spidermiddlewares.referer.RefererMiddleware',
 'scrapy.spidermiddlewares.urllength.UrlLengthMiddleware',
 'scrapy.spidermiddlewares.depth.DepthMiddleware']
2021-03-03 16:51:56 [scrapy.middleware] INFO: Enabled item pipelines:
['ARGUS.pipelines.DualPipeline']
2021-03-03 16:51:56 [scrapy.core.engine] INFO: Spider opened
2021-03-03 16:51:56 [scrapy.extensions.logstats] INFO: Crawled 0 pages (at 0 pages/min), scraped 0 items (at 0 items/min)
2021-03-03 16:51:56 [scrapy.extensions.telnet] INFO: Telnet console listening on 127.0.0.1:6026
2021-03-03 16:52:08 [filelock] INFO: Lock 4792318480 acquired on /Users/parnianshahkar/.cache/python-tldextract/3.7.6.final__miniconda3__c4b0bd__tldextract-3.1.0/publicsuffix.org-tlds/de84b5ca2167d4c83e38fb162f2e8738.tldextract.json.lock
2021-03-03 16:52:08 [filelock] INFO: Lock 4792236496 acquired on /Users/parnianshahkar/.cache/python-tldextract/3.7.6.final__miniconda3__c4b0bd__tldextract-3.1.0/urls/62bf135d1c2f3d4db4228b9ecaf507a2.tldextract.json.lock
2021-03-03 16:52:08 [filelock] INFO: Lock 4792236496 released on /Users/parnianshahkar/.cache/python-tldextract/3.7.6.final__miniconda3__c4b0bd__tldextract-3.1.0/urls/62bf135d1c2f3d4db4228b9ecaf507a2.tldextract.json.lock
2021-03-03 16:52:08 [filelock] INFO: Lock 4792318480 released on /Users/parnianshahkar/.cache/python-tldextract/3.7.6.final__miniconda3__c4b0bd__tldextract-3.1.0/publicsuffix.org-tlds/de84b5ca2167d4c83e38fb162f2e8738.tldextract.json.lock
2021-03-03 16:52:12 [py.warnings] WARNING: /Users/parnianshahkar/Downloads/miniconda3/lib/python3.7/site-packages/scrapy/core/scraper.py:153: UserWarning: The "DualSpider.processURLstack" method is a generator and includes a "return" statement with a value different than None. This could lead to unexpected behaviour. Please see https://docs.python.org/3/reference/simple_stmts.html#the-return-statement for details about the semantics of the "return" statement within generators
  warn_on_generator_with_return_value(spider, request.errback)

2021-03-03 16:52:18 [scrapy.utils.signal] ERROR: Error caught on signal handler: <bound method FeedExporter.item_scraped of <scrapy.extensions.feedexport.FeedExporter object at 0x11c98b910>>
Traceback (most recent call last):
  File "/Users/parnianshahkar/Downloads/miniconda3/lib/python3.7/site-packages/scrapy/utils/defer.py", line 161, in maybeDeferred_coro
    result = f(*args, **kw)
  File "/Users/parnianshahkar/Downloads/miniconda3/lib/python3.7/site-packages/pydispatch/robustapply.py", line 55, in robustApply
    return receiver(*arguments, **named)
  File "/Users/parnianshahkar/Downloads/miniconda3/lib/python3.7/site-packages/scrapy/extensions/feedexport.py", line 291, in item_scraped
    slot.exporter.export_item(item)
  File "/Users/parnianshahkar/Downloads/miniconda3/lib/python3.7/site-packages/scrapy/exporters.py", line 91, in export_item
    itemdict = dict(self._get_serialized_fields(item))
  File "/Users/parnianshahkar/Downloads/miniconda3/lib/python3.7/site-packages/scrapy/exporters.py", line 65, in _get_serialized_fields
    field_iter = item.keys()
AttributeError: 'NoneType' object has no attribute 'keys'
2021-03-03 16:52:56 [scrapy.extensions.logstats] INFO: Crawled 35 pages (at 35 pages/min), scraped 1 items (at 1 items/min)
2021-03-03 16:53:56 [scrapy.extensions.logstats] INFO: Crawled 56 pages (at 21 pages/min), scraped 1 items (at 0 items/min)
2021-03-03 16:54:56 [scrapy.extensions.logstats] INFO: Crawled 81 pages (at 25 pages/min), scraped 1 items (at 0 items/min)
2021-03-03 16:55:57 [scrapy.extensions.logstats] INFO: Crawled 99 pages (at 18 pages/min), scraped 1 items (at 0 items/min)
2021-03-03 16:56:42 [scrapy.crawler] INFO: Received SIGTERM, shutting down gracefully. Send again to force 
2021-03-03 16:56:44 [scrapy.core.engine] INFO: Closing spider (shutdown)
2021-03-03 16:56:51 [scrapy.statscollectors] INFO: Dumping Scrapy stats:
{'downloader/exception_count': 1,
 'downloader/exception_type_count/twisted.internet.error.TimeoutError': 1,
 'downloader/request_bytes': 38580,
 'downloader/request_count': 118,
 'downloader/request_method_count/GET': 118,
 'downloader/response_bytes': 18145690,
 'downloader/response_count': 117,
 'downloader/response_status_count/200': 105,
 'downloader/response_status_count/301': 7,
 'downloader/response_status_count/302': 5,
 'elapsed_time_seconds': 294.864972,
 'finish_reason': 'shutdown',
 'finish_time': datetime.datetime(2021, 3, 3, 13, 26, 51, 250781),
 'item_scraped_count': 1,
 'log_count/ERROR': 1,
 'log_count/INFO': 20,
 'log_count/WARNING': 2,
 'memusage/max': 163540992,
 'memusage/startup': 101089280,
 'request_depth_max': 59,
 'response_received_count': 111,
 'scheduler/dequeued': 118,
 'scheduler/dequeued/memory': 118,
 'scheduler/enqueued': 120,
 'scheduler/enqueued/memory': 120,
 'start_time': datetime.datetime(2021, 3, 3, 13, 21, 56, 385809)}
2021-03-03 16:56:51 [scrapy.core.engine] INFO: Spider closed (shutdown)
