2021-03-03 16:09:07 [scrapy.utils.log] INFO: Scrapy 2.1.0 started (bot: ARGUS)
2021-03-03 16:09:07 [scrapy.utils.log] INFO: Versions: lxml 4.6.1.0, libxml2 2.9.10, cssselect 1.1.0, parsel 1.6.0, w3lib 1.22.0, Twisted 20.3.0, Python 3.7.6 | packaged by conda-forge | (default, Dec 26 2019, 23:46:52) - [Clang 9.0.0 (tags/RELEASE_900/final)], pyOpenSSL 19.1.0 (OpenSSL 1.1.1d  10 Sep 2019), cryptography 2.8, Platform Darwin-18.7.0-x86_64-i386-64bit
2021-03-03 16:09:07 [scrapy.crawler] INFO: Overridden settings:
{'AJAXCRAWL_ENABLED': True,
 'BOT_NAME': 'ARGUS',
 'COMPRESSION_ENABLED': False,
 'CONCURRENT_ITEMS': 200,
 'CONCURRENT_REQUESTS': 100,
 'COOKIES_ENABLED': False,
 'DOWNLOAD_MAXSIZE': 10000000,
 'DOWNLOAD_TIMEOUT': 20,
 'LOG_FILE': 'logs/ARGUS/dualspider/6e1b61207c1d11ebaf3134363b7bab66.log',
 'LOG_LEVEL': 'INFO',
 'NEWSPIDER_MODULE': 'ARGUS.spiders',
 'REACTOR_THREADPOOL_MAXSIZE': 30,
 'RETRY_ENABLED': False,
 'SPIDER_MODULES': ['ARGUS.spiders']}
2021-03-03 16:09:08 [scrapy.extensions.telnet] INFO: Telnet Password: 8a04fd3ff3f7bdbd
2021-03-03 16:09:08 [py.warnings] WARNING: /Users/parnianshahkar/Downloads/miniconda3/lib/python3.7/site-packages/scrapy/extensions/feedexport.py:210: ScrapyDeprecationWarning: The `FEED_URI` and `FEED_FORMAT` settings have been deprecated in favor of the `FEEDS` setting. Please see the `FEEDS` setting docs for more details
  exporter = cls(crawler)

2021-03-03 16:09:08 [scrapy.middleware] INFO: Enabled extensions:
['scrapy.extensions.corestats.CoreStats',
 'scrapy.extensions.telnet.TelnetConsole',
 'scrapy.extensions.memusage.MemoryUsage',
 'scrapy.extensions.feedexport.FeedExporter',
 'scrapy.extensions.logstats.LogStats']
2021-03-03 16:09:08 [scrapy_fake_useragent.middleware] INFO: Using '<class 'scrapy_fake_useragent.providers.FakeUserAgentProvider'>' as the User-Agent provider
2021-03-03 16:09:08 [scrapy.middleware] INFO: Enabled downloader middlewares:
['scrapy.downloadermiddlewares.httpauth.HttpAuthMiddleware',
 'scrapy.downloadermiddlewares.downloadtimeout.DownloadTimeoutMiddleware',
 'scrapy.downloadermiddlewares.defaultheaders.DefaultHeadersMiddleware',
 'scrapy_fake_useragent.middleware.RandomUserAgentMiddleware',
 'scrapy.downloadermiddlewares.ajaxcrawl.AjaxCrawlMiddleware',
 'scrapy.downloadermiddlewares.redirect.MetaRefreshMiddleware',
 'scrapy.downloadermiddlewares.redirect.RedirectMiddleware',
 'scrapy.downloadermiddlewares.httpproxy.HttpProxyMiddleware',
 'scrapy.downloadermiddlewares.stats.DownloaderStats']
2021-03-03 16:09:08 [scrapy.middleware] INFO: Enabled spider middlewares:
['scrapy.spidermiddlewares.httperror.HttpErrorMiddleware',
 'scrapy.spidermiddlewares.offsite.OffsiteMiddleware',
 'scrapy.spidermiddlewares.referer.RefererMiddleware',
 'scrapy.spidermiddlewares.urllength.UrlLengthMiddleware',
 'scrapy.spidermiddlewares.depth.DepthMiddleware']
2021-03-03 16:09:08 [scrapy.middleware] INFO: Enabled item pipelines:
['ARGUS.pipelines.DualPipeline']
2021-03-03 16:09:08 [scrapy.core.engine] INFO: Spider opened
2021-03-03 16:09:08 [scrapy.extensions.logstats] INFO: Crawled 0 pages (at 0 pages/min), scraped 0 items (at 0 items/min)
2021-03-03 16:09:08 [scrapy.extensions.telnet] INFO: Telnet console listening on 127.0.0.1:6025
2021-03-03 16:09:13 [filelock] INFO: Lock 4561336720 acquired on /Users/parnianshahkar/.cache/python-tldextract/3.7.6.final__miniconda3__c4b0bd__tldextract-3.1.0/publicsuffix.org-tlds/de84b5ca2167d4c83e38fb162f2e8738.tldextract.json.lock
2021-03-03 16:09:13 [filelock] INFO: Lock 4552737808 acquired on /Users/parnianshahkar/.cache/python-tldextract/3.7.6.final__miniconda3__c4b0bd__tldextract-3.1.0/urls/62bf135d1c2f3d4db4228b9ecaf507a2.tldextract.json.lock
2021-03-03 16:09:13 [filelock] INFO: Lock 4552737808 released on /Users/parnianshahkar/.cache/python-tldextract/3.7.6.final__miniconda3__c4b0bd__tldextract-3.1.0/urls/62bf135d1c2f3d4db4228b9ecaf507a2.tldextract.json.lock
2021-03-03 16:09:13 [filelock] INFO: Lock 4561336720 released on /Users/parnianshahkar/.cache/python-tldextract/3.7.6.final__miniconda3__c4b0bd__tldextract-3.1.0/publicsuffix.org-tlds/de84b5ca2167d4c83e38fb162f2e8738.tldextract.json.lock
2021-03-03 16:09:16 [py.warnings] WARNING: /Users/parnianshahkar/Downloads/miniconda3/lib/python3.7/site-packages/scrapy/core/scraper.py:153: UserWarning: The "DualSpider.processURLstack" method is a generator and includes a "return" statement with a value different than None. This could lead to unexpected behaviour. Please see https://docs.python.org/3/reference/simple_stmts.html#the-return-statement for details about the semantics of the "return" statement within generators
  warn_on_generator_with_return_value(spider, request.errback)

2021-03-03 16:10:09 [scrapy.extensions.logstats] INFO: Crawled 56 pages (at 56 pages/min), scraped 0 items (at 0 items/min)
2021-03-03 16:11:09 [scrapy.extensions.logstats] INFO: Crawled 92 pages (at 36 pages/min), scraped 0 items (at 0 items/min)
2021-03-03 16:12:09 [scrapy.extensions.logstats] INFO: Crawled 118 pages (at 26 pages/min), scraped 0 items (at 0 items/min)
2021-03-03 16:13:10 [scrapy.extensions.logstats] INFO: Crawled 139 pages (at 21 pages/min), scraped 0 items (at 0 items/min)
2021-03-03 16:14:10 [scrapy.extensions.logstats] INFO: Crawled 156 pages (at 17 pages/min), scraped 0 items (at 0 items/min)
2021-03-03 16:15:11 [scrapy.extensions.logstats] INFO: Crawled 174 pages (at 18 pages/min), scraped 0 items (at 0 items/min)
2021-03-03 16:16:10 [scrapy.extensions.logstats] INFO: Crawled 190 pages (at 16 pages/min), scraped 0 items (at 0 items/min)
2021-03-03 16:17:09 [scrapy.extensions.logstats] INFO: Crawled 203 pages (at 13 pages/min), scraped 0 items (at 0 items/min)
2021-03-03 16:18:09 [scrapy.extensions.logstats] INFO: Crawled 215 pages (at 12 pages/min), scraped 0 items (at 0 items/min)
2021-03-03 16:19:11 [scrapy.extensions.logstats] INFO: Crawled 226 pages (at 11 pages/min), scraped 0 items (at 0 items/min)
2021-03-03 16:20:11 [scrapy.extensions.logstats] INFO: Crawled 238 pages (at 12 pages/min), scraped 0 items (at 0 items/min)
2021-03-03 16:21:10 [scrapy.extensions.logstats] INFO: Crawled 248 pages (at 10 pages/min), scraped 0 items (at 0 items/min)
2021-03-03 16:22:19 [scrapy.extensions.logstats] INFO: Crawled 258 pages (at 10 pages/min), scraped 0 items (at 0 items/min)
2021-03-03 16:23:10 [scrapy.extensions.logstats] INFO: Crawled 266 pages (at 8 pages/min), scraped 0 items (at 0 items/min)
2021-03-03 16:24:11 [scrapy.extensions.logstats] INFO: Crawled 272 pages (at 6 pages/min), scraped 0 items (at 0 items/min)
2021-03-03 16:25:15 [scrapy.extensions.logstats] INFO: Crawled 281 pages (at 9 pages/min), scraped 0 items (at 0 items/min)
2021-03-03 16:26:11 [scrapy.extensions.logstats] INFO: Crawled 286 pages (at 5 pages/min), scraped 0 items (at 0 items/min)
2021-03-03 16:27:10 [scrapy.extensions.logstats] INFO: Crawled 292 pages (at 6 pages/min), scraped 0 items (at 0 items/min)
2021-03-03 16:28:16 [scrapy.extensions.logstats] INFO: Crawled 298 pages (at 6 pages/min), scraped 0 items (at 0 items/min)
2021-03-03 16:29:10 [scrapy.extensions.logstats] INFO: Crawled 303 pages (at 5 pages/min), scraped 0 items (at 0 items/min)
2021-03-03 16:30:28 [scrapy.extensions.logstats] INFO: Crawled 309 pages (at 6 pages/min), scraped 0 items (at 0 items/min)
2021-03-03 16:31:30 [scrapy.extensions.logstats] INFO: Crawled 313 pages (at 4 pages/min), scraped 0 items (at 0 items/min)
2021-03-03 16:32:09 [scrapy.extensions.logstats] INFO: Crawled 315 pages (at 2 pages/min), scraped 0 items (at 0 items/min)
2021-03-03 16:33:12 [scrapy.extensions.logstats] INFO: Crawled 317 pages (at 2 pages/min), scraped 0 items (at 0 items/min)
2021-03-03 16:34:08 [scrapy.extensions.logstats] INFO: Crawled 319 pages (at 2 pages/min), scraped 0 items (at 0 items/min)
2021-03-03 16:34:51 [scrapy.crawler] INFO: Received SIGTERM, shutting down gracefully. Send again to force 
2021-03-03 16:34:53 [scrapy.core.engine] INFO: Closing spider (shutdown)
2021-03-03 16:35:03 [scrapy.statscollectors] INFO: Dumping Scrapy stats:
{'downloader/exception_count': 46,
 'downloader/exception_type_count/twisted.internet.error.TimeoutError': 42,
 'downloader/exception_type_count/twisted.web._newclient.ResponseNeverReceived': 4,
 'downloader/request_bytes': 128581,
 'downloader/request_count': 373,
 'downloader/request_method_count/GET': 373,
 'downloader/response_bytes': 84458462,
 'downloader/response_count': 327,
 'downloader/response_status_count/200': 278,
 'downloader/response_status_count/301': 7,
 'downloader/response_status_count/302': 42,
 'elapsed_time_seconds': 1555.005869,
 'finish_reason': 'shutdown',
 'finish_time': datetime.datetime(2021, 3, 3, 13, 5, 3, 808542),
 'log_count/INFO': 41,
 'log_count/WARNING': 2,
 'memusage/max': 262656000,
 'memusage/startup': 105988096,
 'request_depth_max': 144,
 'response_received_count': 321,
 'scheduler/dequeued': 373,
 'scheduler/dequeued/memory': 373,
 'scheduler/enqueued': 376,
 'scheduler/enqueued/memory': 376,
 'start_time': datetime.datetime(2021, 3, 3, 12, 39, 8, 802673)}
2021-03-03 16:35:03 [scrapy.core.engine] INFO: Spider closed (shutdown)
