2021-03-03 16:59:19 [scrapy.utils.log] INFO: Scrapy 2.1.0 started (bot: ARGUS)
2021-03-03 16:59:19 [scrapy.utils.log] INFO: Versions: lxml 4.6.1.0, libxml2 2.9.10, cssselect 1.1.0, parsel 1.6.0, w3lib 1.22.0, Twisted 20.3.0, Python 3.7.6 | packaged by conda-forge | (default, Dec 26 2019, 23:46:52) - [Clang 9.0.0 (tags/RELEASE_900/final)], pyOpenSSL 19.1.0 (OpenSSL 1.1.1d  10 Sep 2019), cryptography 2.8, Platform Darwin-18.7.0-x86_64-i386-64bit
2021-03-03 16:59:19 [scrapy.crawler] INFO: Overridden settings:
{'AJAXCRAWL_ENABLED': True,
 'BOT_NAME': 'ARGUS',
 'COMPRESSION_ENABLED': False,
 'CONCURRENT_ITEMS': 200,
 'CONCURRENT_REQUESTS': 100,
 'COOKIES_ENABLED': False,
 'DOWNLOAD_MAXSIZE': 10000000,
 'DOWNLOAD_TIMEOUT': 20,
 'LOG_FILE': 'logs/ARGUS/dualspider/713dbf727c2411ebaf3134363b7bab66.log',
 'LOG_LEVEL': 'INFO',
 'NEWSPIDER_MODULE': 'ARGUS.spiders',
 'REACTOR_THREADPOOL_MAXSIZE': 30,
 'RETRY_ENABLED': False,
 'SPIDER_MODULES': ['ARGUS.spiders']}
2021-03-03 16:59:19 [scrapy.extensions.telnet] INFO: Telnet Password: 1f9ad0a806d9609a
2021-03-03 16:59:20 [py.warnings] WARNING: /Users/parnianshahkar/Downloads/miniconda3/lib/python3.7/site-packages/scrapy/extensions/feedexport.py:210: ScrapyDeprecationWarning: The `FEED_URI` and `FEED_FORMAT` settings have been deprecated in favor of the `FEEDS` setting. Please see the `FEEDS` setting docs for more details
  exporter = cls(crawler)

2021-03-03 16:59:20 [scrapy.middleware] INFO: Enabled extensions:
['scrapy.extensions.corestats.CoreStats',
 'scrapy.extensions.telnet.TelnetConsole',
 'scrapy.extensions.memusage.MemoryUsage',
 'scrapy.extensions.feedexport.FeedExporter',
 'scrapy.extensions.logstats.LogStats']
2021-03-03 16:59:20 [scrapy_fake_useragent.middleware] INFO: Using '<class 'scrapy_fake_useragent.providers.FakeUserAgentProvider'>' as the User-Agent provider
2021-03-03 16:59:20 [scrapy.middleware] INFO: Enabled downloader middlewares:
['scrapy.downloadermiddlewares.httpauth.HttpAuthMiddleware',
 'scrapy.downloadermiddlewares.downloadtimeout.DownloadTimeoutMiddleware',
 'scrapy.downloadermiddlewares.defaultheaders.DefaultHeadersMiddleware',
 'scrapy_fake_useragent.middleware.RandomUserAgentMiddleware',
 'scrapy.downloadermiddlewares.ajaxcrawl.AjaxCrawlMiddleware',
 'scrapy.downloadermiddlewares.redirect.MetaRefreshMiddleware',
 'scrapy.downloadermiddlewares.redirect.RedirectMiddleware',
 'scrapy.downloadermiddlewares.httpproxy.HttpProxyMiddleware',
 'scrapy.downloadermiddlewares.stats.DownloaderStats']
2021-03-03 16:59:20 [scrapy.middleware] INFO: Enabled spider middlewares:
['scrapy.spidermiddlewares.httperror.HttpErrorMiddleware',
 'scrapy.spidermiddlewares.offsite.OffsiteMiddleware',
 'scrapy.spidermiddlewares.referer.RefererMiddleware',
 'scrapy.spidermiddlewares.urllength.UrlLengthMiddleware',
 'scrapy.spidermiddlewares.depth.DepthMiddleware']
2021-03-03 16:59:20 [scrapy.middleware] INFO: Enabled item pipelines:
['ARGUS.pipelines.DualPipeline']
2021-03-03 16:59:20 [scrapy.core.engine] INFO: Spider opened
2021-03-03 16:59:20 [scrapy.extensions.logstats] INFO: Crawled 0 pages (at 0 pages/min), scraped 0 items (at 0 items/min)
2021-03-03 16:59:20 [scrapy.extensions.telnet] INFO: Telnet console listening on 127.0.0.1:6023
2021-03-03 16:59:25 [filelock] INFO: Lock 4577521296 acquired on /Users/parnianshahkar/.cache/python-tldextract/3.7.6.final__miniconda3__c4b0bd__tldextract-3.1.0/publicsuffix.org-tlds/de84b5ca2167d4c83e38fb162f2e8738.tldextract.json.lock
2021-03-03 16:59:25 [filelock] INFO: Lock 4577773712 acquired on /Users/parnianshahkar/.cache/python-tldextract/3.7.6.final__miniconda3__c4b0bd__tldextract-3.1.0/urls/62bf135d1c2f3d4db4228b9ecaf507a2.tldextract.json.lock
2021-03-03 16:59:25 [filelock] INFO: Lock 4577773712 released on /Users/parnianshahkar/.cache/python-tldextract/3.7.6.final__miniconda3__c4b0bd__tldextract-3.1.0/urls/62bf135d1c2f3d4db4228b9ecaf507a2.tldextract.json.lock
2021-03-03 16:59:25 [filelock] INFO: Lock 4577521296 released on /Users/parnianshahkar/.cache/python-tldextract/3.7.6.final__miniconda3__c4b0bd__tldextract-3.1.0/publicsuffix.org-tlds/de84b5ca2167d4c83e38fb162f2e8738.tldextract.json.lock
2021-03-03 16:59:27 [py.warnings] WARNING: /Users/parnianshahkar/Downloads/miniconda3/lib/python3.7/site-packages/scrapy/core/scraper.py:153: UserWarning: The "DualSpider.processURLstack" method is a generator and includes a "return" statement with a value different than None. This could lead to unexpected behaviour. Please see https://docs.python.org/3/reference/simple_stmts.html#the-return-statement for details about the semantics of the "return" statement within generators
  warn_on_generator_with_return_value(spider, request.errback)

2021-03-03 17:00:20 [scrapy.extensions.logstats] INFO: Crawled 70 pages (at 70 pages/min), scraped 0 items (at 0 items/min)
2021-03-03 17:01:21 [scrapy.extensions.logstats] INFO: Crawled 140 pages (at 70 pages/min), scraped 0 items (at 0 items/min)
2021-03-03 17:02:21 [scrapy.extensions.logstats] INFO: Crawled 190 pages (at 50 pages/min), scraped 0 items (at 0 items/min)
2021-03-03 17:03:21 [scrapy.extensions.logstats] INFO: Crawled 242 pages (at 52 pages/min), scraped 0 items (at 0 items/min)
2021-03-03 17:04:21 [scrapy.extensions.logstats] INFO: Crawled 283 pages (at 41 pages/min), scraped 0 items (at 0 items/min)
2021-03-03 17:05:20 [scrapy.extensions.logstats] INFO: Crawled 340 pages (at 57 pages/min), scraped 0 items (at 0 items/min)
2021-03-03 17:06:20 [scrapy.extensions.logstats] INFO: Crawled 405 pages (at 65 pages/min), scraped 0 items (at 0 items/min)
2021-03-03 17:07:21 [scrapy.extensions.logstats] INFO: Crawled 463 pages (at 58 pages/min), scraped 0 items (at 0 items/min)
2021-03-03 17:08:06 [scrapy.crawler] INFO: Received SIGTERM, shutting down gracefully. Send again to force 
2021-03-03 17:08:06 [scrapy.core.engine] INFO: Closing spider (shutdown)
2021-03-03 17:08:11 [scrapy.statscollectors] INFO: Dumping Scrapy stats:
{'downloader/request_bytes': 165819,
 'downloader/request_count': 519,
 'downloader/request_method_count/GET': 519,
 'downloader/response_bytes': 130424464,
 'downloader/response_count': 519,
 'downloader/response_status_count/200': 270,
 'downloader/response_status_count/301': 72,
 'downloader/response_status_count/302': 167,
 'downloader/response_status_count/404': 10,
 'elapsed_time_seconds': 530.519697,
 'finish_reason': 'shutdown',
 'finish_time': datetime.datetime(2021, 3, 3, 13, 38, 11, 347053),
 'log_count/INFO': 24,
 'log_count/WARNING': 2,
 'memusage/max': 217759744,
 'memusage/startup': 104300544,
 'request_depth_max': 224,
 'response_received_count': 513,
 'scheduler/dequeued': 519,
 'scheduler/dequeued/memory': 519,
 'scheduler/enqueued': 522,
 'scheduler/enqueued/memory': 522,
 'start_time': datetime.datetime(2021, 3, 3, 13, 29, 20, 827356)}
2021-03-03 17:08:11 [scrapy.core.engine] INFO: Spider closed (shutdown)
