2021-03-05 13:15:24 [scrapy.utils.log] INFO: Scrapy 2.1.0 started (bot: ARGUS)
2021-03-05 13:15:24 [scrapy.utils.log] INFO: Versions: lxml 4.6.2.0, libxml2 2.9.10, cssselect 1.1.0, parsel 1.6.0, w3lib 1.22.0, Twisted 21.2.0, Python 3.6.11 | packaged by conda-forge | (default, Aug  5 2020, 20:19:23) - [GCC Clang 10.0.1 ], pyOpenSSL 20.0.1 (OpenSSL 1.1.1j  16 Feb 2021), cryptography 3.4.6, Platform Darwin-18.7.0-x86_64-i386-64bit
2021-03-05 13:15:24 [scrapy.crawler] INFO: Overridden settings:
{'AJAXCRAWL_ENABLED': True,
 'BOT_NAME': 'ARGUS',
 'COMPRESSION_ENABLED': False,
 'CONCURRENT_ITEMS': 200,
 'CONCURRENT_REQUESTS': 100,
 'COOKIES_ENABLED': False,
 'DOWNLOAD_MAXSIZE': 10000000,
 'DOWNLOAD_TIMEOUT': 20,
 'LOG_FILE': 'logs/ARGUS/dualspider/7d87ff3a7d9711ebadd534363b7bab66.log',
 'LOG_LEVEL': 'INFO',
 'NEWSPIDER_MODULE': 'ARGUS.spiders',
 'REACTOR_THREADPOOL_MAXSIZE': 30,
 'RETRY_ENABLED': False,
 'SPIDER_MODULES': ['ARGUS.spiders']}
2021-03-05 13:15:24 [scrapy.extensions.telnet] INFO: Telnet Password: 6eff251cca01dbcb
2021-03-05 13:15:24 [py.warnings] WARNING: /Users/parnianshahkar/Downloads/miniconda3/envs/Exercise_Scrapy/lib/python3.6/site-packages/scrapy/extensions/feedexport.py:210: ScrapyDeprecationWarning: The `FEED_URI` and `FEED_FORMAT` settings have been deprecated in favor of the `FEEDS` setting. Please see the `FEEDS` setting docs for more details
  exporter = cls(crawler)

2021-03-05 13:15:24 [scrapy.middleware] INFO: Enabled extensions:
['scrapy.extensions.corestats.CoreStats',
 'scrapy.extensions.telnet.TelnetConsole',
 'scrapy.extensions.memusage.MemoryUsage',
 'scrapy.extensions.feedexport.FeedExporter',
 'scrapy.extensions.logstats.LogStats']
2021-03-05 13:15:25 [scrapy_fake_useragent.middleware] INFO: Using '<class 'scrapy_fake_useragent.providers.FakeUserAgentProvider'>' as the User-Agent provider
2021-03-05 13:15:25 [scrapy.middleware] INFO: Enabled downloader middlewares:
['scrapy.downloadermiddlewares.httpauth.HttpAuthMiddleware',
 'scrapy.downloadermiddlewares.downloadtimeout.DownloadTimeoutMiddleware',
 'scrapy.downloadermiddlewares.defaultheaders.DefaultHeadersMiddleware',
 'scrapy_fake_useragent.middleware.RandomUserAgentMiddleware',
 'scrapy.downloadermiddlewares.ajaxcrawl.AjaxCrawlMiddleware',
 'scrapy.downloadermiddlewares.redirect.MetaRefreshMiddleware',
 'scrapy.downloadermiddlewares.redirect.RedirectMiddleware',
 'scrapy.downloadermiddlewares.httpproxy.HttpProxyMiddleware',
 'scrapy.downloadermiddlewares.stats.DownloaderStats']
2021-03-05 13:15:25 [scrapy.middleware] INFO: Enabled spider middlewares:
['scrapy.spidermiddlewares.httperror.HttpErrorMiddleware',
 'scrapy.spidermiddlewares.offsite.OffsiteMiddleware',
 'scrapy.spidermiddlewares.referer.RefererMiddleware',
 'scrapy.spidermiddlewares.urllength.UrlLengthMiddleware',
 'scrapy.spidermiddlewares.depth.DepthMiddleware']
2021-03-05 13:15:25 [scrapy.middleware] INFO: Enabled item pipelines:
['ARGUS.pipelines.DualPipeline']
2021-03-05 13:15:25 [scrapy.core.engine] INFO: Spider opened
2021-03-05 13:15:25 [scrapy.extensions.logstats] INFO: Crawled 0 pages (at 0 pages/min), scraped 0 items (at 0 items/min)
2021-03-05 13:15:25 [scrapy.extensions.telnet] INFO: Telnet console listening on 127.0.0.1:6023
2021-03-05 13:15:27 [filelock] INFO: Lock 4686068648 acquired on /Users/parnianshahkar/.cache/python-tldextract/3.6.11.final__Exercise_Scrapy__13fdd4__tldextract-3.1.0/publicsuffix.org-tlds/de84b5ca2167d4c83e38fb162f2e8738.tldextract.json.lock
2021-03-05 13:15:27 [filelock] INFO: Lock 4686013888 acquired on /Users/parnianshahkar/.cache/python-tldextract/3.6.11.final__Exercise_Scrapy__13fdd4__tldextract-3.1.0/urls/62bf135d1c2f3d4db4228b9ecaf507a2.tldextract.json.lock
2021-03-05 13:15:27 [filelock] INFO: Lock 4686013888 released on /Users/parnianshahkar/.cache/python-tldextract/3.6.11.final__Exercise_Scrapy__13fdd4__tldextract-3.1.0/urls/62bf135d1c2f3d4db4228b9ecaf507a2.tldextract.json.lock
2021-03-05 13:15:27 [filelock] INFO: Lock 4686068648 released on /Users/parnianshahkar/.cache/python-tldextract/3.6.11.final__Exercise_Scrapy__13fdd4__tldextract-3.1.0/publicsuffix.org-tlds/de84b5ca2167d4c83e38fb162f2e8738.tldextract.json.lock
2021-03-05 13:15:29 [py.warnings] WARNING: /Users/parnianshahkar/Downloads/miniconda3/envs/Exercise_Scrapy/lib/python3.6/site-packages/scrapy/core/scraper.py:153: UserWarning: The "DualSpider.processURLstack" method is a generator and includes a "return" statement with a value different than None. This could lead to unexpected behaviour. Please see https://docs.python.org/3/reference/simple_stmts.html#the-return-statement for details about the semantics of the "return" statement within generators
  warn_on_generator_with_return_value(spider, request.errback)

2021-03-05 13:15:44 [scrapy.utils.signal] ERROR: Error caught on signal handler: <bound method FeedExporter.item_scraped of <scrapy.extensions.feedexport.FeedExporter object at 0x116cf3f60>>
Traceback (most recent call last):
  File "/Users/parnianshahkar/Downloads/miniconda3/envs/Exercise_Scrapy/lib/python3.6/site-packages/scrapy/utils/defer.py", line 161, in maybeDeferred_coro
    result = f(*args, **kw)
  File "/Users/parnianshahkar/Downloads/miniconda3/envs/Exercise_Scrapy/lib/python3.6/site-packages/pydispatch/robustapply.py", line 55, in robustApply
    return receiver(*arguments, **named)
  File "/Users/parnianshahkar/Downloads/miniconda3/envs/Exercise_Scrapy/lib/python3.6/site-packages/scrapy/extensions/feedexport.py", line 291, in item_scraped
    slot.exporter.export_item(item)
  File "/Users/parnianshahkar/Downloads/miniconda3/envs/Exercise_Scrapy/lib/python3.6/site-packages/scrapy/exporters.py", line 91, in export_item
    itemdict = dict(self._get_serialized_fields(item))
  File "/Users/parnianshahkar/Downloads/miniconda3/envs/Exercise_Scrapy/lib/python3.6/site-packages/scrapy/exporters.py", line 65, in _get_serialized_fields
    field_iter = item.keys()
AttributeError: 'NoneType' object has no attribute 'keys'
2021-03-05 13:15:47 [scrapy.utils.signal] ERROR: Error caught on signal handler: <bound method FeedExporter.item_scraped of <scrapy.extensions.feedexport.FeedExporter object at 0x116cf3f60>>
Traceback (most recent call last):
  File "/Users/parnianshahkar/Downloads/miniconda3/envs/Exercise_Scrapy/lib/python3.6/site-packages/scrapy/utils/defer.py", line 161, in maybeDeferred_coro
    result = f(*args, **kw)
  File "/Users/parnianshahkar/Downloads/miniconda3/envs/Exercise_Scrapy/lib/python3.6/site-packages/pydispatch/robustapply.py", line 55, in robustApply
    return receiver(*arguments, **named)
  File "/Users/parnianshahkar/Downloads/miniconda3/envs/Exercise_Scrapy/lib/python3.6/site-packages/scrapy/extensions/feedexport.py", line 291, in item_scraped
    slot.exporter.export_item(item)
  File "/Users/parnianshahkar/Downloads/miniconda3/envs/Exercise_Scrapy/lib/python3.6/site-packages/scrapy/exporters.py", line 91, in export_item
    itemdict = dict(self._get_serialized_fields(item))
  File "/Users/parnianshahkar/Downloads/miniconda3/envs/Exercise_Scrapy/lib/python3.6/site-packages/scrapy/exporters.py", line 65, in _get_serialized_fields
    field_iter = item.keys()
AttributeError: 'NoneType' object has no attribute 'keys'
2021-03-05 13:15:51 [scrapy.utils.signal] ERROR: Error caught on signal handler: <bound method FeedExporter.item_scraped of <scrapy.extensions.feedexport.FeedExporter object at 0x116cf3f60>>
Traceback (most recent call last):
  File "/Users/parnianshahkar/Downloads/miniconda3/envs/Exercise_Scrapy/lib/python3.6/site-packages/scrapy/utils/defer.py", line 161, in maybeDeferred_coro
    result = f(*args, **kw)
  File "/Users/parnianshahkar/Downloads/miniconda3/envs/Exercise_Scrapy/lib/python3.6/site-packages/pydispatch/robustapply.py", line 55, in robustApply
    return receiver(*arguments, **named)
  File "/Users/parnianshahkar/Downloads/miniconda3/envs/Exercise_Scrapy/lib/python3.6/site-packages/scrapy/extensions/feedexport.py", line 291, in item_scraped
    slot.exporter.export_item(item)
  File "/Users/parnianshahkar/Downloads/miniconda3/envs/Exercise_Scrapy/lib/python3.6/site-packages/scrapy/exporters.py", line 91, in export_item
    itemdict = dict(self._get_serialized_fields(item))
  File "/Users/parnianshahkar/Downloads/miniconda3/envs/Exercise_Scrapy/lib/python3.6/site-packages/scrapy/exporters.py", line 65, in _get_serialized_fields
    field_iter = item.keys()
AttributeError: 'NoneType' object has no attribute 'keys'
2021-03-05 13:15:51 [scrapy.core.engine] INFO: Closing spider (finished)
2021-03-05 13:15:51 [scrapy.statscollectors] INFO: Dumping Scrapy stats:
{'downloader/request_bytes': 12554,
 'downloader/request_count': 40,
 'downloader/request_method_count/GET': 40,
 'downloader/response_bytes': 16211611,
 'downloader/response_count': 40,
 'downloader/response_status_count/200': 30,
 'downloader/response_status_count/301': 7,
 'downloader/response_status_count/302': 3,
 'elapsed_time_seconds': 25.59968,
 'finish_reason': 'finished',
 'finish_time': datetime.datetime(2021, 3, 5, 9, 45, 51, 279170),
 'item_scraped_count': 3,
 'log_count/ERROR': 3,
 'log_count/INFO': 15,
 'log_count/WARNING': 2,
 'memusage/max': 101249024,
 'memusage/startup': 101249024,
 'request_depth_max': 12,
 'response_received_count': 34,
 'scheduler/dequeued': 40,
 'scheduler/dequeued/memory': 40,
 'scheduler/enqueued': 40,
 'scheduler/enqueued/memory': 40,
 'start_time': datetime.datetime(2021, 3, 5, 9, 45, 25, 679490)}
2021-03-05 13:15:51 [scrapy.core.engine] INFO: Spider closed (finished)
