2021-03-03 17:29:57 [scrapy.utils.log] INFO: Scrapy 2.1.0 started (bot: ARGUS)
2021-03-03 17:29:57 [scrapy.utils.log] INFO: Versions: lxml 4.6.1.0, libxml2 2.9.10, cssselect 1.1.0, parsel 1.6.0, w3lib 1.22.0, Twisted 20.3.0, Python 3.7.6 | packaged by conda-forge | (default, Dec 26 2019, 23:46:52) - [Clang 9.0.0 (tags/RELEASE_900/final)], pyOpenSSL 19.1.0 (OpenSSL 1.1.1d  10 Sep 2019), cryptography 2.8, Platform Darwin-18.7.0-x86_64-i386-64bit
2021-03-03 17:29:57 [scrapy.crawler] INFO: Overridden settings:
{'AJAXCRAWL_ENABLED': True,
 'BOT_NAME': 'ARGUS',
 'COMPRESSION_ENABLED': False,
 'CONCURRENT_ITEMS': 200,
 'CONCURRENT_REQUESTS': 100,
 'COOKIES_ENABLED': False,
 'DOWNLOAD_MAXSIZE': 10000000,
 'DOWNLOAD_TIMEOUT': 20,
 'LOG_FILE': 'logs/ARGUS/dualspider/b7eb66fa7c2811ebaf3134363b7bab66.log',
 'LOG_LEVEL': 'INFO',
 'NEWSPIDER_MODULE': 'ARGUS.spiders',
 'REACTOR_THREADPOOL_MAXSIZE': 30,
 'RETRY_ENABLED': False,
 'SPIDER_MODULES': ['ARGUS.spiders']}
2021-03-03 17:29:57 [scrapy.extensions.telnet] INFO: Telnet Password: c72e2c8275198da0
2021-03-03 17:29:57 [py.warnings] WARNING: /Users/parnianshahkar/Downloads/miniconda3/lib/python3.7/site-packages/scrapy/extensions/feedexport.py:210: ScrapyDeprecationWarning: The `FEED_URI` and `FEED_FORMAT` settings have been deprecated in favor of the `FEEDS` setting. Please see the `FEEDS` setting docs for more details
  exporter = cls(crawler)

2021-03-03 17:29:57 [scrapy.middleware] INFO: Enabled extensions:
['scrapy.extensions.corestats.CoreStats',
 'scrapy.extensions.telnet.TelnetConsole',
 'scrapy.extensions.memusage.MemoryUsage',
 'scrapy.extensions.feedexport.FeedExporter',
 'scrapy.extensions.logstats.LogStats']
2021-03-03 17:29:58 [scrapy_fake_useragent.middleware] INFO: Using '<class 'scrapy_fake_useragent.providers.FakeUserAgentProvider'>' as the User-Agent provider
2021-03-03 17:29:58 [scrapy.middleware] INFO: Enabled downloader middlewares:
['scrapy.downloadermiddlewares.httpauth.HttpAuthMiddleware',
 'scrapy.downloadermiddlewares.downloadtimeout.DownloadTimeoutMiddleware',
 'scrapy.downloadermiddlewares.defaultheaders.DefaultHeadersMiddleware',
 'scrapy_fake_useragent.middleware.RandomUserAgentMiddleware',
 'scrapy.downloadermiddlewares.ajaxcrawl.AjaxCrawlMiddleware',
 'scrapy.downloadermiddlewares.redirect.MetaRefreshMiddleware',
 'scrapy.downloadermiddlewares.redirect.RedirectMiddleware',
 'scrapy.downloadermiddlewares.httpproxy.HttpProxyMiddleware',
 'scrapy.downloadermiddlewares.stats.DownloaderStats']
2021-03-03 17:29:58 [scrapy.middleware] INFO: Enabled spider middlewares:
['scrapy.spidermiddlewares.httperror.HttpErrorMiddleware',
 'scrapy.spidermiddlewares.offsite.OffsiteMiddleware',
 'scrapy.spidermiddlewares.referer.RefererMiddleware',
 'scrapy.spidermiddlewares.urllength.UrlLengthMiddleware',
 'scrapy.spidermiddlewares.depth.DepthMiddleware']
2021-03-03 17:29:58 [scrapy.middleware] INFO: Enabled item pipelines:
['ARGUS.pipelines.DualPipeline']
2021-03-03 17:29:58 [scrapy.core.engine] INFO: Spider opened
2021-03-03 17:29:58 [scrapy.extensions.logstats] INFO: Crawled 0 pages (at 0 pages/min), scraped 0 items (at 0 items/min)
2021-03-03 17:29:58 [scrapy.extensions.telnet] INFO: Telnet console listening on 127.0.0.1:6024
2021-03-03 17:30:06 [filelock] INFO: Lock 4603606928 acquired on /Users/parnianshahkar/.cache/python-tldextract/3.7.6.final__miniconda3__c4b0bd__tldextract-3.1.0/publicsuffix.org-tlds/de84b5ca2167d4c83e38fb162f2e8738.tldextract.json.lock
2021-03-03 17:30:06 [filelock] INFO: Lock 4604029328 acquired on /Users/parnianshahkar/.cache/python-tldextract/3.7.6.final__miniconda3__c4b0bd__tldextract-3.1.0/urls/62bf135d1c2f3d4db4228b9ecaf507a2.tldextract.json.lock
2021-03-03 17:30:06 [filelock] INFO: Lock 4604029328 released on /Users/parnianshahkar/.cache/python-tldextract/3.7.6.final__miniconda3__c4b0bd__tldextract-3.1.0/urls/62bf135d1c2f3d4db4228b9ecaf507a2.tldextract.json.lock
2021-03-03 17:30:06 [filelock] INFO: Lock 4603606928 released on /Users/parnianshahkar/.cache/python-tldextract/3.7.6.final__miniconda3__c4b0bd__tldextract-3.1.0/publicsuffix.org-tlds/de84b5ca2167d4c83e38fb162f2e8738.tldextract.json.lock
2021-03-03 17:30:08 [py.warnings] WARNING: /Users/parnianshahkar/Downloads/miniconda3/lib/python3.7/site-packages/scrapy/core/scraper.py:153: UserWarning: The "DualSpider.processURLstack" method is a generator and includes a "return" statement with a value different than None. This could lead to unexpected behaviour. Please see https://docs.python.org/3/reference/simple_stmts.html#the-return-statement for details about the semantics of the "return" statement within generators
  warn_on_generator_with_return_value(spider, request.errback)

2021-03-03 17:30:59 [scrapy.extensions.logstats] INFO: Crawled 26 pages (at 26 pages/min), scraped 0 items (at 0 items/min)
2021-03-03 17:31:58 [scrapy.extensions.logstats] INFO: Crawled 42 pages (at 16 pages/min), scraped 0 items (at 0 items/min)
2021-03-03 17:32:59 [scrapy.extensions.logstats] INFO: Crawled 58 pages (at 16 pages/min), scraped 0 items (at 0 items/min)
2021-03-03 17:33:58 [scrapy.extensions.logstats] INFO: Crawled 74 pages (at 16 pages/min), scraped 0 items (at 0 items/min)
2021-03-03 17:34:58 [scrapy.extensions.logstats] INFO: Crawled 89 pages (at 15 pages/min), scraped 0 items (at 0 items/min)
2021-03-03 17:35:59 [scrapy.extensions.logstats] INFO: Crawled 100 pages (at 11 pages/min), scraped 0 items (at 0 items/min)
2021-03-03 17:36:58 [scrapy.extensions.logstats] INFO: Crawled 112 pages (at 12 pages/min), scraped 0 items (at 0 items/min)
2021-03-03 17:37:58 [scrapy.extensions.logstats] INFO: Crawled 137 pages (at 25 pages/min), scraped 0 items (at 0 items/min)
2021-03-03 17:38:58 [scrapy.extensions.logstats] INFO: Crawled 167 pages (at 30 pages/min), scraped 0 items (at 0 items/min)
2021-03-03 17:39:58 [scrapy.extensions.logstats] INFO: Crawled 194 pages (at 27 pages/min), scraped 0 items (at 0 items/min)
2021-03-03 17:40:58 [scrapy.extensions.logstats] INFO: Crawled 221 pages (at 27 pages/min), scraped 0 items (at 0 items/min)
2021-03-03 17:41:59 [scrapy.extensions.logstats] INFO: Crawled 250 pages (at 29 pages/min), scraped 0 items (at 0 items/min)
2021-03-03 17:43:00 [scrapy.extensions.logstats] INFO: Crawled 270 pages (at 20 pages/min), scraped 0 items (at 0 items/min)
2021-03-03 17:43:59 [scrapy.extensions.logstats] INFO: Crawled 300 pages (at 30 pages/min), scraped 0 items (at 0 items/min)
2021-03-03 17:44:59 [scrapy.extensions.logstats] INFO: Crawled 330 pages (at 30 pages/min), scraped 0 items (at 0 items/min)
2021-03-03 17:45:58 [scrapy.extensions.logstats] INFO: Crawled 358 pages (at 28 pages/min), scraped 0 items (at 0 items/min)
2021-03-03 17:46:58 [scrapy.extensions.logstats] INFO: Crawled 382 pages (at 24 pages/min), scraped 0 items (at 0 items/min)
2021-03-03 17:47:58 [scrapy.extensions.logstats] INFO: Crawled 405 pages (at 23 pages/min), scraped 0 items (at 0 items/min)
2021-03-03 17:48:58 [scrapy.extensions.logstats] INFO: Crawled 430 pages (at 25 pages/min), scraped 0 items (at 0 items/min)
2021-03-03 17:49:59 [scrapy.extensions.logstats] INFO: Crawled 452 pages (at 22 pages/min), scraped 0 items (at 0 items/min)
2021-03-03 17:50:58 [scrapy.extensions.logstats] INFO: Crawled 472 pages (at 20 pages/min), scraped 0 items (at 0 items/min)
2021-03-03 17:51:58 [scrapy.extensions.logstats] INFO: Crawled 493 pages (at 21 pages/min), scraped 0 items (at 0 items/min)
2021-03-03 17:53:00 [scrapy.extensions.logstats] INFO: Crawled 513 pages (at 20 pages/min), scraped 0 items (at 0 items/min)
2021-03-03 17:53:58 [scrapy.extensions.logstats] INFO: Crawled 532 pages (at 19 pages/min), scraped 0 items (at 0 items/min)
2021-03-03 17:54:59 [scrapy.extensions.logstats] INFO: Crawled 551 pages (at 19 pages/min), scraped 0 items (at 0 items/min)
2021-03-03 17:55:58 [scrapy.extensions.logstats] INFO: Crawled 568 pages (at 17 pages/min), scraped 0 items (at 0 items/min)
2021-03-03 17:57:01 [scrapy.extensions.logstats] INFO: Crawled 587 pages (at 19 pages/min), scraped 0 items (at 0 items/min)
2021-03-03 17:57:58 [scrapy.extensions.logstats] INFO: Crawled 602 pages (at 15 pages/min), scraped 0 items (at 0 items/min)
2021-03-03 17:58:59 [scrapy.extensions.logstats] INFO: Crawled 622 pages (at 20 pages/min), scraped 0 items (at 0 items/min)
2021-03-03 17:59:59 [scrapy.extensions.logstats] INFO: Crawled 640 pages (at 18 pages/min), scraped 0 items (at 0 items/min)
2021-03-03 18:01:00 [scrapy.extensions.logstats] INFO: Crawled 660 pages (at 20 pages/min), scraped 0 items (at 0 items/min)
2021-03-03 18:01:59 [scrapy.extensions.logstats] INFO: Crawled 679 pages (at 19 pages/min), scraped 0 items (at 0 items/min)
2021-03-03 18:03:00 [scrapy.extensions.logstats] INFO: Crawled 691 pages (at 12 pages/min), scraped 0 items (at 0 items/min)
2021-03-03 18:04:00 [scrapy.extensions.logstats] INFO: Crawled 705 pages (at 14 pages/min), scraped 0 items (at 0 items/min)
2021-03-03 18:05:00 [scrapy.extensions.logstats] INFO: Crawled 722 pages (at 17 pages/min), scraped 0 items (at 0 items/min)
2021-03-03 18:05:58 [scrapy.extensions.logstats] INFO: Crawled 738 pages (at 16 pages/min), scraped 0 items (at 0 items/min)
2021-03-03 18:07:00 [scrapy.extensions.logstats] INFO: Crawled 754 pages (at 16 pages/min), scraped 0 items (at 0 items/min)
2021-03-03 18:08:00 [scrapy.extensions.logstats] INFO: Crawled 772 pages (at 18 pages/min), scraped 0 items (at 0 items/min)
2021-03-03 18:08:59 [scrapy.extensions.logstats] INFO: Crawled 789 pages (at 17 pages/min), scraped 0 items (at 0 items/min)
2021-03-03 18:09:59 [scrapy.extensions.logstats] INFO: Crawled 810 pages (at 21 pages/min), scraped 0 items (at 0 items/min)
2021-03-03 18:11:01 [scrapy.extensions.logstats] INFO: Crawled 827 pages (at 17 pages/min), scraped 0 items (at 0 items/min)
2021-03-03 18:11:58 [scrapy.extensions.logstats] INFO: Crawled 842 pages (at 15 pages/min), scraped 0 items (at 0 items/min)
2021-03-03 18:12:58 [scrapy.extensions.logstats] INFO: Crawled 860 pages (at 18 pages/min), scraped 0 items (at 0 items/min)
2021-03-03 18:13:58 [scrapy.extensions.logstats] INFO: Crawled 877 pages (at 17 pages/min), scraped 0 items (at 0 items/min)
2021-03-03 18:14:58 [scrapy.extensions.logstats] INFO: Crawled 891 pages (at 14 pages/min), scraped 0 items (at 0 items/min)
2021-03-03 18:15:59 [scrapy.extensions.logstats] INFO: Crawled 909 pages (at 18 pages/min), scraped 0 items (at 0 items/min)
2021-03-03 18:17:01 [scrapy.extensions.logstats] INFO: Crawled 923 pages (at 14 pages/min), scraped 0 items (at 0 items/min)
2021-03-03 18:17:59 [scrapy.extensions.logstats] INFO: Crawled 937 pages (at 14 pages/min), scraped 0 items (at 0 items/min)
2021-03-03 18:19:00 [scrapy.extensions.logstats] INFO: Crawled 952 pages (at 15 pages/min), scraped 0 items (at 0 items/min)
2021-03-03 18:20:00 [scrapy.extensions.logstats] INFO: Crawled 965 pages (at 13 pages/min), scraped 0 items (at 0 items/min)
2021-03-03 18:21:00 [scrapy.extensions.logstats] INFO: Crawled 981 pages (at 16 pages/min), scraped 0 items (at 0 items/min)
2021-03-03 18:22:01 [scrapy.extensions.logstats] INFO: Crawled 998 pages (at 17 pages/min), scraped 0 items (at 0 items/min)
2021-03-03 18:22:58 [scrapy.extensions.logstats] INFO: Crawled 1010 pages (at 12 pages/min), scraped 0 items (at 0 items/min)
2021-03-03 18:24:00 [scrapy.extensions.logstats] INFO: Crawled 1026 pages (at 16 pages/min), scraped 0 items (at 0 items/min)
2021-03-03 18:25:01 [scrapy.extensions.logstats] INFO: Crawled 1043 pages (at 17 pages/min), scraped 0 items (at 0 items/min)
2021-03-03 18:25:58 [scrapy.extensions.logstats] INFO: Crawled 1060 pages (at 17 pages/min), scraped 0 items (at 0 items/min)
2021-03-03 18:27:02 [scrapy.extensions.logstats] INFO: Crawled 1075 pages (at 15 pages/min), scraped 0 items (at 0 items/min)
2021-03-03 18:27:59 [scrapy.extensions.logstats] INFO: Crawled 1089 pages (at 14 pages/min), scraped 0 items (at 0 items/min)
2021-03-03 18:28:58 [scrapy.extensions.logstats] INFO: Crawled 1099 pages (at 10 pages/min), scraped 0 items (at 0 items/min)
2021-03-03 18:29:59 [scrapy.extensions.logstats] INFO: Crawled 1113 pages (at 14 pages/min), scraped 0 items (at 0 items/min)
2021-03-03 18:31:00 [scrapy.extensions.logstats] INFO: Crawled 1128 pages (at 15 pages/min), scraped 0 items (at 0 items/min)
2021-03-03 18:31:59 [scrapy.extensions.logstats] INFO: Crawled 1141 pages (at 13 pages/min), scraped 0 items (at 0 items/min)
2021-03-03 18:32:59 [scrapy.extensions.logstats] INFO: Crawled 1153 pages (at 12 pages/min), scraped 0 items (at 0 items/min)
2021-03-03 18:34:00 [scrapy.extensions.logstats] INFO: Crawled 1165 pages (at 12 pages/min), scraped 0 items (at 0 items/min)
2021-03-03 18:34:58 [scrapy.extensions.logstats] INFO: Crawled 1176 pages (at 11 pages/min), scraped 0 items (at 0 items/min)
2021-03-03 18:35:59 [scrapy.extensions.logstats] INFO: Crawled 1185 pages (at 9 pages/min), scraped 0 items (at 0 items/min)
2021-03-03 18:37:01 [scrapy.extensions.logstats] INFO: Crawled 1196 pages (at 11 pages/min), scraped 0 items (at 0 items/min)
2021-03-03 18:38:00 [scrapy.extensions.logstats] INFO: Crawled 1206 pages (at 10 pages/min), scraped 0 items (at 0 items/min)
2021-03-03 18:38:58 [scrapy.extensions.logstats] INFO: Crawled 1218 pages (at 12 pages/min), scraped 0 items (at 0 items/min)
2021-03-03 18:39:58 [scrapy.extensions.logstats] INFO: Crawled 1229 pages (at 11 pages/min), scraped 0 items (at 0 items/min)
2021-03-03 18:41:01 [scrapy.extensions.logstats] INFO: Crawled 1242 pages (at 13 pages/min), scraped 0 items (at 0 items/min)
2021-03-03 18:41:59 [scrapy.extensions.logstats] INFO: Crawled 1253 pages (at 11 pages/min), scraped 0 items (at 0 items/min)
2021-03-03 18:42:59 [scrapy.extensions.logstats] INFO: Crawled 1265 pages (at 12 pages/min), scraped 0 items (at 0 items/min)
2021-03-03 18:44:00 [scrapy.extensions.logstats] INFO: Crawled 1277 pages (at 12 pages/min), scraped 0 items (at 0 items/min)
2021-03-03 18:44:58 [scrapy.extensions.logstats] INFO: Crawled 1286 pages (at 9 pages/min), scraped 0 items (at 0 items/min)
2021-03-03 18:46:02 [scrapy.extensions.logstats] INFO: Crawled 1299 pages (at 13 pages/min), scraped 0 items (at 0 items/min)
2021-03-03 18:47:02 [scrapy.extensions.logstats] INFO: Crawled 1311 pages (at 12 pages/min), scraped 0 items (at 0 items/min)
2021-03-03 18:48:00 [scrapy.extensions.logstats] INFO: Crawled 1323 pages (at 12 pages/min), scraped 0 items (at 0 items/min)
2021-03-03 18:48:58 [scrapy.extensions.logstats] INFO: Crawled 1335 pages (at 12 pages/min), scraped 0 items (at 0 items/min)
2021-03-03 18:49:59 [scrapy.extensions.logstats] INFO: Crawled 1346 pages (at 11 pages/min), scraped 0 items (at 0 items/min)
2021-03-03 18:50:58 [scrapy.extensions.logstats] INFO: Crawled 1355 pages (at 9 pages/min), scraped 0 items (at 0 items/min)
2021-03-03 18:51:58 [scrapy.extensions.logstats] INFO: Crawled 1367 pages (at 12 pages/min), scraped 0 items (at 0 items/min)
2021-03-03 18:52:59 [scrapy.extensions.logstats] INFO: Crawled 1378 pages (at 11 pages/min), scraped 0 items (at 0 items/min)
2021-03-03 18:53:59 [scrapy.extensions.logstats] INFO: Crawled 1391 pages (at 13 pages/min), scraped 0 items (at 0 items/min)
2021-03-03 18:54:58 [scrapy.extensions.logstats] INFO: Crawled 1403 pages (at 12 pages/min), scraped 0 items (at 0 items/min)
2021-03-03 18:56:02 [scrapy.extensions.logstats] INFO: Crawled 1417 pages (at 14 pages/min), scraped 0 items (at 0 items/min)
2021-03-03 18:57:03 [scrapy.extensions.logstats] INFO: Crawled 1428 pages (at 11 pages/min), scraped 0 items (at 0 items/min)
2021-03-03 18:57:59 [scrapy.extensions.logstats] INFO: Crawled 1440 pages (at 12 pages/min), scraped 0 items (at 0 items/min)
2021-03-03 18:59:00 [scrapy.extensions.logstats] INFO: Crawled 1453 pages (at 13 pages/min), scraped 0 items (at 0 items/min)
2021-03-03 18:59:59 [scrapy.extensions.logstats] INFO: Crawled 1464 pages (at 11 pages/min), scraped 0 items (at 0 items/min)
2021-03-03 19:01:00 [scrapy.extensions.logstats] INFO: Crawled 1477 pages (at 13 pages/min), scraped 0 items (at 0 items/min)
2021-03-03 19:01:58 [scrapy.extensions.logstats] INFO: Crawled 1485 pages (at 8 pages/min), scraped 0 items (at 0 items/min)
2021-03-03 19:02:59 [scrapy.extensions.logstats] INFO: Crawled 1499 pages (at 14 pages/min), scraped 0 items (at 0 items/min)
2021-03-03 19:03:58 [scrapy.extensions.logstats] INFO: Crawled 1512 pages (at 13 pages/min), scraped 0 items (at 0 items/min)
2021-03-03 19:05:02 [scrapy.extensions.logstats] INFO: Crawled 1523 pages (at 11 pages/min), scraped 0 items (at 0 items/min)
2021-03-03 19:05:58 [scrapy.extensions.logstats] INFO: Crawled 1533 pages (at 10 pages/min), scraped 0 items (at 0 items/min)
2021-03-03 19:07:00 [scrapy.extensions.logstats] INFO: Crawled 1544 pages (at 11 pages/min), scraped 0 items (at 0 items/min)
2021-03-03 19:07:59 [scrapy.extensions.logstats] INFO: Crawled 1552 pages (at 8 pages/min), scraped 0 items (at 0 items/min)
2021-03-03 19:08:58 [scrapy.extensions.logstats] INFO: Crawled 1564 pages (at 12 pages/min), scraped 0 items (at 0 items/min)
2021-03-03 19:10:03 [scrapy.extensions.logstats] INFO: Crawled 1576 pages (at 12 pages/min), scraped 0 items (at 0 items/min)
2021-03-03 19:11:01 [scrapy.extensions.logstats] INFO: Crawled 1589 pages (at 13 pages/min), scraped 0 items (at 0 items/min)
2021-03-03 19:11:59 [scrapy.extensions.logstats] INFO: Crawled 1600 pages (at 11 pages/min), scraped 0 items (at 0 items/min)
2021-03-03 19:13:02 [scrapy.extensions.logstats] INFO: Crawled 1613 pages (at 13 pages/min), scraped 0 items (at 0 items/min)
2021-03-03 19:13:59 [scrapy.extensions.logstats] INFO: Crawled 1620 pages (at 7 pages/min), scraped 0 items (at 0 items/min)
2021-03-03 19:15:03 [scrapy.extensions.logstats] INFO: Crawled 1631 pages (at 11 pages/min), scraped 0 items (at 0 items/min)
2021-03-03 19:15:58 [scrapy.extensions.logstats] INFO: Crawled 1642 pages (at 11 pages/min), scraped 0 items (at 0 items/min)
2021-03-03 19:17:03 [scrapy.extensions.logstats] INFO: Crawled 1655 pages (at 13 pages/min), scraped 0 items (at 0 items/min)
2021-03-03 19:18:00 [scrapy.extensions.logstats] INFO: Crawled 1664 pages (at 9 pages/min), scraped 0 items (at 0 items/min)
2021-03-03 19:19:04 [scrapy.extensions.logstats] INFO: Crawled 1673 pages (at 9 pages/min), scraped 0 items (at 0 items/min)
2021-03-03 19:20:00 [scrapy.extensions.logstats] INFO: Crawled 1682 pages (at 9 pages/min), scraped 0 items (at 0 items/min)
2021-03-03 19:21:00 [scrapy.extensions.logstats] INFO: Crawled 1692 pages (at 10 pages/min), scraped 0 items (at 0 items/min)
2021-03-03 19:22:03 [scrapy.extensions.logstats] INFO: Crawled 1701 pages (at 9 pages/min), scraped 0 items (at 0 items/min)
2021-03-03 19:23:05 [scrapy.extensions.logstats] INFO: Crawled 1710 pages (at 9 pages/min), scraped 0 items (at 0 items/min)
2021-03-03 19:24:02 [scrapy.extensions.logstats] INFO: Crawled 1718 pages (at 8 pages/min), scraped 0 items (at 0 items/min)
2021-03-03 19:25:02 [scrapy.extensions.logstats] INFO: Crawled 1728 pages (at 10 pages/min), scraped 0 items (at 0 items/min)
2021-03-03 19:26:04 [scrapy.extensions.logstats] INFO: Crawled 1737 pages (at 9 pages/min), scraped 0 items (at 0 items/min)
2021-03-03 19:26:58 [scrapy.extensions.logstats] INFO: Crawled 1744 pages (at 7 pages/min), scraped 0 items (at 0 items/min)
2021-03-03 19:28:03 [scrapy.extensions.logstats] INFO: Crawled 1751 pages (at 7 pages/min), scraped 0 items (at 0 items/min)
2021-03-03 19:29:02 [scrapy.extensions.logstats] INFO: Crawled 1758 pages (at 7 pages/min), scraped 0 items (at 0 items/min)
2021-03-03 19:30:02 [scrapy.extensions.logstats] INFO: Crawled 1768 pages (at 10 pages/min), scraped 0 items (at 0 items/min)
2021-03-03 19:30:58 [scrapy.extensions.logstats] INFO: Crawled 1778 pages (at 10 pages/min), scraped 0 items (at 0 items/min)
2021-03-03 19:32:00 [scrapy.extensions.logstats] INFO: Crawled 1783 pages (at 5 pages/min), scraped 0 items (at 0 items/min)
2021-03-03 19:33:03 [scrapy.extensions.logstats] INFO: Crawled 1790 pages (at 7 pages/min), scraped 0 items (at 0 items/min)
2021-03-03 19:33:58 [scrapy.extensions.logstats] INFO: Crawled 1796 pages (at 6 pages/min), scraped 0 items (at 0 items/min)
2021-03-03 19:35:04 [scrapy.extensions.logstats] INFO: Crawled 1804 pages (at 8 pages/min), scraped 0 items (at 0 items/min)
2021-03-03 19:36:00 [scrapy.extensions.logstats] INFO: Crawled 1809 pages (at 5 pages/min), scraped 0 items (at 0 items/min)
2021-03-03 19:36:58 [scrapy.extensions.logstats] INFO: Crawled 1817 pages (at 8 pages/min), scraped 0 items (at 0 items/min)
2021-03-03 19:38:02 [scrapy.extensions.logstats] INFO: Crawled 1825 pages (at 8 pages/min), scraped 0 items (at 0 items/min)
2021-03-03 19:39:01 [scrapy.extensions.logstats] INFO: Crawled 1834 pages (at 9 pages/min), scraped 0 items (at 0 items/min)
2021-03-03 19:40:07 [scrapy.extensions.logstats] INFO: Crawled 1844 pages (at 10 pages/min), scraped 0 items (at 0 items/min)
2021-03-03 19:41:01 [scrapy.extensions.logstats] INFO: Crawled 1852 pages (at 8 pages/min), scraped 0 items (at 0 items/min)
2021-03-03 19:42:02 [scrapy.extensions.logstats] INFO: Crawled 1863 pages (at 11 pages/min), scraped 0 items (at 0 items/min)
2021-03-03 19:42:58 [scrapy.extensions.logstats] INFO: Crawled 1874 pages (at 11 pages/min), scraped 0 items (at 0 items/min)
2021-03-03 19:43:59 [scrapy.extensions.logstats] INFO: Crawled 1885 pages (at 11 pages/min), scraped 0 items (at 0 items/min)
2021-03-03 19:45:01 [scrapy.extensions.logstats] INFO: Crawled 1895 pages (at 10 pages/min), scraped 0 items (at 0 items/min)
2021-03-03 19:46:02 [scrapy.extensions.logstats] INFO: Crawled 1905 pages (at 10 pages/min), scraped 0 items (at 0 items/min)
2021-03-03 19:46:58 [scrapy.extensions.logstats] INFO: Crawled 1914 pages (at 9 pages/min), scraped 0 items (at 0 items/min)
2021-03-03 19:48:00 [scrapy.extensions.logstats] INFO: Crawled 1926 pages (at 12 pages/min), scraped 0 items (at 0 items/min)
2021-03-03 19:49:02 [scrapy.extensions.logstats] INFO: Crawled 1938 pages (at 12 pages/min), scraped 0 items (at 0 items/min)
2021-03-03 19:50:00 [scrapy.extensions.logstats] INFO: Crawled 1948 pages (at 10 pages/min), scraped 0 items (at 0 items/min)
2021-03-03 19:51:00 [scrapy.extensions.logstats] INFO: Crawled 1959 pages (at 11 pages/min), scraped 0 items (at 0 items/min)
2021-03-03 19:51:58 [scrapy.extensions.logstats] INFO: Crawled 1968 pages (at 9 pages/min), scraped 0 items (at 0 items/min)
2021-03-03 19:52:58 [scrapy.extensions.logstats] INFO: Crawled 1980 pages (at 12 pages/min), scraped 0 items (at 0 items/min)
2021-03-03 19:54:01 [scrapy.extensions.logstats] INFO: Crawled 1992 pages (at 12 pages/min), scraped 0 items (at 0 items/min)
2021-03-03 19:55:00 [scrapy.extensions.logstats] INFO: Crawled 2002 pages (at 10 pages/min), scraped 0 items (at 0 items/min)
2021-03-03 19:55:59 [scrapy.extensions.logstats] INFO: Crawled 2013 pages (at 11 pages/min), scraped 0 items (at 0 items/min)
2021-03-03 19:57:01 [scrapy.extensions.logstats] INFO: Crawled 2024 pages (at 11 pages/min), scraped 0 items (at 0 items/min)
2021-03-03 19:57:59 [scrapy.extensions.logstats] INFO: Crawled 2034 pages (at 10 pages/min), scraped 0 items (at 0 items/min)
2021-03-03 19:59:01 [scrapy.extensions.logstats] INFO: Crawled 2045 pages (at 11 pages/min), scraped 0 items (at 0 items/min)
2021-03-03 20:00:00 [scrapy.extensions.logstats] INFO: Crawled 2054 pages (at 9 pages/min), scraped 0 items (at 0 items/min)
2021-03-03 20:01:01 [scrapy.extensions.logstats] INFO: Crawled 2061 pages (at 7 pages/min), scraped 0 items (at 0 items/min)
2021-03-03 20:02:02 [scrapy.extensions.logstats] INFO: Crawled 2069 pages (at 8 pages/min), scraped 0 items (at 0 items/min)
2021-03-03 20:03:03 [scrapy.extensions.logstats] INFO: Crawled 2077 pages (at 8 pages/min), scraped 0 items (at 0 items/min)
2021-03-03 20:04:08 [scrapy.extensions.logstats] INFO: Crawled 2085 pages (at 8 pages/min), scraped 0 items (at 0 items/min)
2021-03-03 20:05:02 [scrapy.extensions.logstats] INFO: Crawled 2092 pages (at 7 pages/min), scraped 0 items (at 0 items/min)
2021-03-03 20:06:04 [scrapy.extensions.logstats] INFO: Crawled 2101 pages (at 9 pages/min), scraped 0 items (at 0 items/min)
2021-03-03 20:07:04 [scrapy.extensions.logstats] INFO: Crawled 2107 pages (at 6 pages/min), scraped 0 items (at 0 items/min)
2021-03-03 20:07:58 [scrapy.extensions.logstats] INFO: Crawled 2114 pages (at 7 pages/min), scraped 0 items (at 0 items/min)
2021-03-03 20:09:03 [scrapy.extensions.logstats] INFO: Crawled 2120 pages (at 6 pages/min), scraped 0 items (at 0 items/min)
2021-03-03 20:10:01 [scrapy.extensions.logstats] INFO: Crawled 2127 pages (at 7 pages/min), scraped 0 items (at 0 items/min)
2021-03-03 20:11:02 [scrapy.extensions.logstats] INFO: Crawled 2135 pages (at 8 pages/min), scraped 0 items (at 0 items/min)
2021-03-03 20:12:06 [scrapy.extensions.logstats] INFO: Crawled 2142 pages (at 7 pages/min), scraped 0 items (at 0 items/min)
2021-03-03 20:13:01 [scrapy.extensions.logstats] INFO: Crawled 2148 pages (at 6 pages/min), scraped 0 items (at 0 items/min)
2021-03-03 20:13:59 [scrapy.extensions.logstats] INFO: Crawled 2154 pages (at 6 pages/min), scraped 0 items (at 0 items/min)
2021-03-03 20:14:58 [scrapy.extensions.logstats] INFO: Crawled 2162 pages (at 8 pages/min), scraped 0 items (at 0 items/min)
2021-03-03 20:16:02 [scrapy.extensions.logstats] INFO: Crawled 2168 pages (at 6 pages/min), scraped 0 items (at 0 items/min)
2021-03-03 20:16:59 [scrapy.extensions.logstats] INFO: Crawled 2173 pages (at 5 pages/min), scraped 0 items (at 0 items/min)
2021-03-03 20:17:59 [scrapy.extensions.logstats] INFO: Crawled 2180 pages (at 7 pages/min), scraped 0 items (at 0 items/min)
2021-03-03 20:18:58 [scrapy.extensions.logstats] INFO: Crawled 2188 pages (at 8 pages/min), scraped 0 items (at 0 items/min)
2021-03-03 20:19:58 [scrapy.extensions.logstats] INFO: Crawled 2198 pages (at 10 pages/min), scraped 0 items (at 0 items/min)
2021-03-03 20:21:01 [scrapy.extensions.logstats] INFO: Crawled 2209 pages (at 11 pages/min), scraped 0 items (at 0 items/min)
2021-03-03 20:21:58 [scrapy.extensions.logstats] INFO: Crawled 2218 pages (at 9 pages/min), scraped 0 items (at 0 items/min)
2021-03-03 20:23:08 [scrapy.extensions.logstats] INFO: Crawled 2227 pages (at 9 pages/min), scraped 0 items (at 0 items/min)
2021-03-03 20:23:58 [scrapy.extensions.logstats] INFO: Crawled 2236 pages (at 9 pages/min), scraped 0 items (at 0 items/min)
2021-03-03 20:24:58 [scrapy.extensions.logstats] INFO: Crawled 2245 pages (at 9 pages/min), scraped 0 items (at 0 items/min)
2021-03-03 20:26:04 [scrapy.extensions.logstats] INFO: Crawled 2256 pages (at 11 pages/min), scraped 0 items (at 0 items/min)
2021-03-03 20:26:58 [scrapy.extensions.logstats] INFO: Crawled 2265 pages (at 9 pages/min), scraped 0 items (at 0 items/min)
2021-03-03 20:28:06 [scrapy.extensions.logstats] INFO: Crawled 2275 pages (at 10 pages/min), scraped 0 items (at 0 items/min)
2021-03-03 20:28:58 [scrapy.extensions.logstats] INFO: Crawled 2283 pages (at 8 pages/min), scraped 0 items (at 0 items/min)
2021-03-03 20:30:02 [scrapy.extensions.logstats] INFO: Crawled 2294 pages (at 11 pages/min), scraped 0 items (at 0 items/min)
2021-03-03 20:31:00 [scrapy.extensions.logstats] INFO: Crawled 2304 pages (at 10 pages/min), scraped 0 items (at 0 items/min)
2021-03-03 20:31:59 [scrapy.extensions.logstats] INFO: Crawled 2313 pages (at 9 pages/min), scraped 0 items (at 0 items/min)
2021-03-03 20:33:00 [scrapy.extensions.logstats] INFO: Crawled 2320 pages (at 7 pages/min), scraped 0 items (at 0 items/min)
2021-03-03 20:33:59 [scrapy.extensions.logstats] INFO: Crawled 2328 pages (at 8 pages/min), scraped 0 items (at 0 items/min)
2021-03-03 20:34:58 [scrapy.extensions.logstats] INFO: Crawled 2335 pages (at 7 pages/min), scraped 0 items (at 0 items/min)
2021-03-03 20:36:05 [scrapy.extensions.logstats] INFO: Crawled 2342 pages (at 7 pages/min), scraped 0 items (at 0 items/min)
2021-03-03 20:37:01 [scrapy.extensions.logstats] INFO: Crawled 2350 pages (at 8 pages/min), scraped 0 items (at 0 items/min)
2021-03-03 20:37:58 [scrapy.extensions.logstats] INFO: Crawled 2359 pages (at 9 pages/min), scraped 0 items (at 0 items/min)
2021-03-03 20:39:03 [scrapy.extensions.logstats] INFO: Crawled 2368 pages (at 9 pages/min), scraped 0 items (at 0 items/min)
2021-03-03 20:39:59 [scrapy.extensions.logstats] INFO: Crawled 2377 pages (at 9 pages/min), scraped 0 items (at 0 items/min)
2021-03-03 20:40:59 [scrapy.extensions.logstats] INFO: Crawled 2386 pages (at 9 pages/min), scraped 0 items (at 0 items/min)
2021-03-03 20:42:01 [scrapy.extensions.logstats] INFO: Crawled 2395 pages (at 9 pages/min), scraped 0 items (at 0 items/min)
2021-03-03 20:42:58 [scrapy.extensions.logstats] INFO: Crawled 2403 pages (at 8 pages/min), scraped 0 items (at 0 items/min)
2021-03-03 20:43:59 [scrapy.extensions.logstats] INFO: Crawled 2412 pages (at 9 pages/min), scraped 0 items (at 0 items/min)
2021-03-03 20:45:01 [scrapy.extensions.logstats] INFO: Crawled 2421 pages (at 9 pages/min), scraped 0 items (at 0 items/min)
2021-03-03 20:46:02 [scrapy.extensions.logstats] INFO: Crawled 2431 pages (at 10 pages/min), scraped 0 items (at 0 items/min)
2021-03-03 20:47:04 [scrapy.extensions.logstats] INFO: Crawled 2439 pages (at 8 pages/min), scraped 0 items (at 0 items/min)
2021-03-03 20:48:04 [scrapy.extensions.logstats] INFO: Crawled 2447 pages (at 8 pages/min), scraped 0 items (at 0 items/min)
2021-03-03 20:48:59 [scrapy.extensions.logstats] INFO: Crawled 2455 pages (at 8 pages/min), scraped 0 items (at 0 items/min)
2021-03-03 20:50:02 [scrapy.extensions.logstats] INFO: Crawled 2463 pages (at 8 pages/min), scraped 0 items (at 0 items/min)
2021-03-03 20:51:01 [scrapy.extensions.logstats] INFO: Crawled 2472 pages (at 9 pages/min), scraped 0 items (at 0 items/min)
2021-03-03 20:52:02 [scrapy.extensions.logstats] INFO: Crawled 2480 pages (at 8 pages/min), scraped 0 items (at 0 items/min)
2021-03-03 20:53:00 [scrapy.extensions.logstats] INFO: Crawled 2489 pages (at 9 pages/min), scraped 0 items (at 0 items/min)
2021-03-03 20:54:00 [scrapy.extensions.logstats] INFO: Crawled 2498 pages (at 9 pages/min), scraped 0 items (at 0 items/min)
2021-03-03 20:55:02 [scrapy.extensions.logstats] INFO: Crawled 2506 pages (at 8 pages/min), scraped 0 items (at 0 items/min)
2021-03-03 20:56:00 [scrapy.extensions.logstats] INFO: Crawled 2515 pages (at 9 pages/min), scraped 0 items (at 0 items/min)
2021-03-03 20:56:59 [scrapy.extensions.logstats] INFO: Crawled 2520 pages (at 5 pages/min), scraped 0 items (at 0 items/min)
2021-03-03 20:58:06 [scrapy.extensions.logstats] INFO: Crawled 2526 pages (at 6 pages/min), scraped 0 items (at 0 items/min)
2021-03-03 20:59:01 [scrapy.extensions.logstats] INFO: Crawled 2532 pages (at 6 pages/min), scraped 0 items (at 0 items/min)
2021-03-03 20:59:59 [scrapy.extensions.logstats] INFO: Crawled 2538 pages (at 6 pages/min), scraped 0 items (at 0 items/min)
2021-03-03 21:01:03 [scrapy.extensions.logstats] INFO: Crawled 2545 pages (at 7 pages/min), scraped 0 items (at 0 items/min)
2021-03-03 21:01:59 [scrapy.extensions.logstats] INFO: Crawled 2552 pages (at 7 pages/min), scraped 0 items (at 0 items/min)
2021-03-03 21:03:03 [scrapy.extensions.logstats] INFO: Crawled 2560 pages (at 8 pages/min), scraped 0 items (at 0 items/min)
2021-03-03 21:04:03 [scrapy.extensions.logstats] INFO: Crawled 2568 pages (at 8 pages/min), scraped 0 items (at 0 items/min)
2021-03-03 21:05:00 [scrapy.extensions.logstats] INFO: Crawled 2576 pages (at 8 pages/min), scraped 0 items (at 0 items/min)
2021-03-03 21:05:58 [scrapy.extensions.logstats] INFO: Crawled 2583 pages (at 7 pages/min), scraped 0 items (at 0 items/min)
2021-03-03 21:06:59 [scrapy.extensions.logstats] INFO: Crawled 2590 pages (at 7 pages/min), scraped 0 items (at 0 items/min)
2021-03-03 21:08:03 [scrapy.extensions.logstats] INFO: Crawled 2598 pages (at 8 pages/min), scraped 0 items (at 0 items/min)
2021-03-03 21:09:05 [scrapy.extensions.logstats] INFO: Crawled 2604 pages (at 6 pages/min), scraped 0 items (at 0 items/min)
2021-03-03 21:10:02 [scrapy.extensions.logstats] INFO: Crawled 2611 pages (at 7 pages/min), scraped 0 items (at 0 items/min)
2021-03-03 21:11:01 [scrapy.extensions.logstats] INFO: Crawled 2619 pages (at 8 pages/min), scraped 0 items (at 0 items/min)
2021-03-03 21:12:00 [scrapy.extensions.logstats] INFO: Crawled 2626 pages (at 7 pages/min), scraped 0 items (at 0 items/min)
2021-03-03 21:13:04 [scrapy.extensions.logstats] INFO: Crawled 2634 pages (at 8 pages/min), scraped 0 items (at 0 items/min)
2021-03-03 21:14:05 [scrapy.extensions.logstats] INFO: Crawled 2641 pages (at 7 pages/min), scraped 0 items (at 0 items/min)
2021-03-03 21:15:03 [scrapy.extensions.logstats] INFO: Crawled 2647 pages (at 6 pages/min), scraped 0 items (at 0 items/min)
2021-03-03 21:15:58 [scrapy.extensions.logstats] INFO: Crawled 2653 pages (at 6 pages/min), scraped 0 items (at 0 items/min)
2021-03-03 21:17:02 [scrapy.extensions.logstats] INFO: Crawled 2661 pages (at 8 pages/min), scraped 0 items (at 0 items/min)
2021-03-03 21:18:05 [scrapy.extensions.logstats] INFO: Crawled 2669 pages (at 8 pages/min), scraped 0 items (at 0 items/min)
2021-03-03 21:19:00 [scrapy.extensions.logstats] INFO: Crawled 2676 pages (at 7 pages/min), scraped 0 items (at 0 items/min)
2021-03-03 21:20:04 [scrapy.extensions.logstats] INFO: Crawled 2684 pages (at 8 pages/min), scraped 0 items (at 0 items/min)
2021-03-03 21:20:58 [scrapy.extensions.logstats] INFO: Crawled 2690 pages (at 6 pages/min), scraped 0 items (at 0 items/min)
2021-03-03 21:22:04 [scrapy.extensions.logstats] INFO: Crawled 2697 pages (at 7 pages/min), scraped 0 items (at 0 items/min)
2021-03-03 21:23:03 [scrapy.extensions.logstats] INFO: Crawled 2705 pages (at 8 pages/min), scraped 0 items (at 0 items/min)
2021-03-03 21:23:59 [scrapy.extensions.logstats] INFO: Crawled 2712 pages (at 7 pages/min), scraped 0 items (at 0 items/min)
2021-03-03 21:25:00 [scrapy.extensions.logstats] INFO: Crawled 2721 pages (at 9 pages/min), scraped 0 items (at 0 items/min)
2021-03-03 21:25:59 [scrapy.extensions.logstats] INFO: Crawled 2729 pages (at 8 pages/min), scraped 0 items (at 0 items/min)
2021-03-03 21:27:02 [scrapy.extensions.logstats] INFO: Crawled 2736 pages (at 7 pages/min), scraped 0 items (at 0 items/min)
2021-03-03 21:28:03 [scrapy.extensions.logstats] INFO: Crawled 2744 pages (at 8 pages/min), scraped 0 items (at 0 items/min)
2021-03-03 21:28:58 [scrapy.extensions.logstats] INFO: Crawled 2751 pages (at 7 pages/min), scraped 0 items (at 0 items/min)
2021-03-03 21:30:00 [scrapy.extensions.logstats] INFO: Crawled 2760 pages (at 9 pages/min), scraped 0 items (at 0 items/min)
2021-03-03 21:30:58 [scrapy.extensions.logstats] INFO: Crawled 2769 pages (at 9 pages/min), scraped 0 items (at 0 items/min)
2021-03-03 21:32:03 [scrapy.extensions.logstats] INFO: Crawled 2778 pages (at 9 pages/min), scraped 0 items (at 0 items/min)
2021-03-03 21:33:00 [scrapy.extensions.logstats] INFO: Crawled 2785 pages (at 7 pages/min), scraped 0 items (at 0 items/min)
2021-03-03 21:34:01 [scrapy.extensions.logstats] INFO: Crawled 2794 pages (at 9 pages/min), scraped 0 items (at 0 items/min)
2021-03-03 21:35:04 [scrapy.extensions.logstats] INFO: Crawled 2803 pages (at 9 pages/min), scraped 0 items (at 0 items/min)
2021-03-03 21:35:59 [scrapy.extensions.logstats] INFO: Crawled 2812 pages (at 9 pages/min), scraped 0 items (at 0 items/min)
2021-03-03 21:37:02 [scrapy.extensions.logstats] INFO: Crawled 2825 pages (at 13 pages/min), scraped 0 items (at 0 items/min)
2021-03-03 21:38:00 [scrapy.extensions.logstats] INFO: Crawled 2837 pages (at 12 pages/min), scraped 0 items (at 0 items/min)
2021-03-03 21:38:59 [scrapy.extensions.logstats] INFO: Crawled 2846 pages (at 9 pages/min), scraped 0 items (at 0 items/min)
2021-03-03 21:40:05 [scrapy.extensions.logstats] INFO: Crawled 2855 pages (at 9 pages/min), scraped 0 items (at 0 items/min)
2021-03-03 21:41:02 [scrapy.extensions.logstats] INFO: Crawled 2863 pages (at 8 pages/min), scraped 0 items (at 0 items/min)
2021-03-03 21:41:58 [scrapy.extensions.logstats] INFO: Crawled 2870 pages (at 7 pages/min), scraped 0 items (at 0 items/min)
2021-03-03 21:42:58 [scrapy.extensions.logstats] INFO: Crawled 2879 pages (at 9 pages/min), scraped 0 items (at 0 items/min)
2021-03-03 21:44:04 [scrapy.extensions.logstats] INFO: Crawled 2885 pages (at 6 pages/min), scraped 0 items (at 0 items/min)
2021-03-03 21:44:58 [scrapy.extensions.logstats] INFO: Crawled 2891 pages (at 6 pages/min), scraped 0 items (at 0 items/min)
2021-03-03 21:45:58 [scrapy.extensions.logstats] INFO: Crawled 2899 pages (at 8 pages/min), scraped 0 items (at 0 items/min)
2021-03-03 21:47:02 [scrapy.extensions.logstats] INFO: Crawled 2907 pages (at 8 pages/min), scraped 0 items (at 0 items/min)
2021-03-03 21:48:03 [scrapy.extensions.logstats] INFO: Crawled 2914 pages (at 7 pages/min), scraped 0 items (at 0 items/min)
2021-03-03 21:49:01 [scrapy.extensions.logstats] INFO: Crawled 2920 pages (at 6 pages/min), scraped 0 items (at 0 items/min)
2021-03-03 21:50:01 [scrapy.extensions.logstats] INFO: Crawled 2927 pages (at 7 pages/min), scraped 0 items (at 0 items/min)
2021-03-03 21:50:59 [scrapy.extensions.logstats] INFO: Crawled 2935 pages (at 8 pages/min), scraped 0 items (at 0 items/min)
2021-03-03 21:52:03 [scrapy.extensions.logstats] INFO: Crawled 2943 pages (at 8 pages/min), scraped 0 items (at 0 items/min)
2021-03-03 21:52:59 [scrapy.extensions.logstats] INFO: Crawled 2951 pages (at 8 pages/min), scraped 0 items (at 0 items/min)
2021-03-03 21:54:04 [scrapy.extensions.logstats] INFO: Crawled 2958 pages (at 7 pages/min), scraped 0 items (at 0 items/min)
2021-03-03 21:55:00 [scrapy.extensions.logstats] INFO: Crawled 2965 pages (at 7 pages/min), scraped 0 items (at 0 items/min)
2021-03-03 21:56:03 [scrapy.extensions.logstats] INFO: Crawled 2970 pages (at 5 pages/min), scraped 0 items (at 0 items/min)
2021-03-03 21:56:58 [scrapy.extensions.logstats] INFO: Crawled 2976 pages (at 6 pages/min), scraped 0 items (at 0 items/min)
2021-03-03 21:58:04 [scrapy.extensions.logstats] INFO: Crawled 2983 pages (at 7 pages/min), scraped 0 items (at 0 items/min)
2021-03-03 21:58:58 [scrapy.extensions.logstats] INFO: Crawled 2988 pages (at 5 pages/min), scraped 0 items (at 0 items/min)
2021-03-03 21:59:58 [scrapy.extensions.logstats] INFO: Crawled 2994 pages (at 6 pages/min), scraped 0 items (at 0 items/min)
2021-03-03 22:01:00 [scrapy.extensions.logstats] INFO: Crawled 2998 pages (at 4 pages/min), scraped 0 items (at 0 items/min)
2021-03-03 22:01:59 [scrapy.extensions.logstats] INFO: Crawled 3005 pages (at 7 pages/min), scraped 0 items (at 0 items/min)
2021-03-03 22:03:05 [scrapy.extensions.logstats] INFO: Crawled 3010 pages (at 5 pages/min), scraped 0 items (at 0 items/min)
2021-03-03 22:04:05 [scrapy.extensions.logstats] INFO: Crawled 3018 pages (at 8 pages/min), scraped 0 items (at 0 items/min)
2021-03-03 22:05:03 [scrapy.extensions.logstats] INFO: Crawled 3026 pages (at 8 pages/min), scraped 0 items (at 0 items/min)
2021-03-03 22:05:59 [scrapy.extensions.logstats] INFO: Crawled 3033 pages (at 7 pages/min), scraped 0 items (at 0 items/min)
2021-03-03 22:07:02 [scrapy.extensions.logstats] INFO: Crawled 3040 pages (at 7 pages/min), scraped 0 items (at 0 items/min)
2021-03-03 22:08:01 [scrapy.extensions.logstats] INFO: Crawled 3048 pages (at 8 pages/min), scraped 0 items (at 0 items/min)
2021-03-03 22:09:01 [scrapy.extensions.logstats] INFO: Crawled 3054 pages (at 6 pages/min), scraped 0 items (at 0 items/min)
2021-03-03 22:10:00 [scrapy.extensions.logstats] INFO: Crawled 3061 pages (at 7 pages/min), scraped 0 items (at 0 items/min)
2021-03-03 22:11:01 [scrapy.extensions.logstats] INFO: Crawled 3067 pages (at 6 pages/min), scraped 0 items (at 0 items/min)
2021-03-03 22:12:00 [scrapy.extensions.logstats] INFO: Crawled 3073 pages (at 6 pages/min), scraped 0 items (at 0 items/min)
2021-03-03 22:13:00 [scrapy.extensions.logstats] INFO: Crawled 3081 pages (at 8 pages/min), scraped 0 items (at 0 items/min)
2021-03-03 22:14:03 [scrapy.extensions.logstats] INFO: Crawled 3089 pages (at 8 pages/min), scraped 0 items (at 0 items/min)
2021-03-03 22:15:00 [scrapy.extensions.logstats] INFO: Crawled 3096 pages (at 7 pages/min), scraped 0 items (at 0 items/min)
2021-03-03 22:15:58 [scrapy.extensions.logstats] INFO: Crawled 3100 pages (at 4 pages/min), scraped 0 items (at 0 items/min)
2021-03-03 22:17:02 [scrapy.extensions.logstats] INFO: Crawled 3107 pages (at 7 pages/min), scraped 0 items (at 0 items/min)
2021-03-03 22:17:58 [scrapy.extensions.logstats] INFO: Crawled 3113 pages (at 6 pages/min), scraped 0 items (at 0 items/min)
2021-03-03 22:19:03 [scrapy.extensions.logstats] INFO: Crawled 3122 pages (at 9 pages/min), scraped 0 items (at 0 items/min)
2021-03-03 22:20:04 [scrapy.extensions.logstats] INFO: Crawled 3131 pages (at 9 pages/min), scraped 0 items (at 0 items/min)
2021-03-03 22:20:58 [scrapy.extensions.logstats] INFO: Crawled 3138 pages (at 7 pages/min), scraped 0 items (at 0 items/min)
2021-03-03 22:21:59 [scrapy.extensions.logstats] INFO: Crawled 3144 pages (at 6 pages/min), scraped 0 items (at 0 items/min)
2021-03-03 22:23:01 [scrapy.extensions.logstats] INFO: Crawled 3152 pages (at 8 pages/min), scraped 0 items (at 0 items/min)
2021-03-03 22:23:58 [scrapy.extensions.logstats] INFO: Crawled 3157 pages (at 5 pages/min), scraped 0 items (at 0 items/min)
2021-03-03 22:25:01 [scrapy.extensions.logstats] INFO: Crawled 3165 pages (at 8 pages/min), scraped 0 items (at 0 items/min)
2021-03-03 22:26:03 [scrapy.extensions.logstats] INFO: Crawled 3174 pages (at 9 pages/min), scraped 0 items (at 0 items/min)
2021-03-03 22:27:03 [scrapy.extensions.logstats] INFO: Crawled 3182 pages (at 8 pages/min), scraped 0 items (at 0 items/min)
2021-03-03 22:27:58 [scrapy.extensions.logstats] INFO: Crawled 3190 pages (at 8 pages/min), scraped 0 items (at 0 items/min)
2021-03-03 22:29:02 [scrapy.extensions.logstats] INFO: Crawled 3199 pages (at 9 pages/min), scraped 0 items (at 0 items/min)
2021-03-03 22:30:10 [scrapy.extensions.logstats] INFO: Crawled 3206 pages (at 7 pages/min), scraped 0 items (at 0 items/min)
2021-03-03 22:31:03 [scrapy.extensions.logstats] INFO: Crawled 3214 pages (at 8 pages/min), scraped 0 items (at 0 items/min)
2021-03-03 22:32:01 [scrapy.extensions.logstats] INFO: Crawled 3222 pages (at 8 pages/min), scraped 0 items (at 0 items/min)
2021-03-03 22:32:58 [scrapy.extensions.logstats] INFO: Crawled 3230 pages (at 8 pages/min), scraped 0 items (at 0 items/min)
2021-03-03 22:34:01 [scrapy.extensions.logstats] INFO: Crawled 3238 pages (at 8 pages/min), scraped 0 items (at 0 items/min)
2021-03-03 22:34:59 [scrapy.extensions.logstats] INFO: Crawled 3247 pages (at 9 pages/min), scraped 0 items (at 0 items/min)
2021-03-03 22:36:04 [scrapy.extensions.logstats] INFO: Crawled 3256 pages (at 9 pages/min), scraped 0 items (at 0 items/min)
2021-03-03 22:37:03 [scrapy.extensions.logstats] INFO: Crawled 3262 pages (at 6 pages/min), scraped 0 items (at 0 items/min)
2021-03-03 22:38:01 [scrapy.extensions.logstats] INFO: Crawled 3270 pages (at 8 pages/min), scraped 0 items (at 0 items/min)
2021-03-03 22:39:00 [scrapy.extensions.logstats] INFO: Crawled 3278 pages (at 8 pages/min), scraped 0 items (at 0 items/min)
2021-03-03 22:40:05 [scrapy.extensions.logstats] INFO: Crawled 3286 pages (at 8 pages/min), scraped 0 items (at 0 items/min)
2021-03-03 22:41:04 [scrapy.extensions.logstats] INFO: Crawled 3293 pages (at 7 pages/min), scraped 0 items (at 0 items/min)
2021-03-03 22:42:02 [scrapy.extensions.logstats] INFO: Crawled 3298 pages (at 5 pages/min), scraped 0 items (at 0 items/min)
2021-03-03 22:43:02 [scrapy.extensions.logstats] INFO: Crawled 3305 pages (at 7 pages/min), scraped 0 items (at 0 items/min)
2021-03-03 22:43:58 [scrapy.extensions.logstats] INFO: Crawled 3312 pages (at 7 pages/min), scraped 0 items (at 0 items/min)
2021-03-03 22:44:58 [scrapy.extensions.logstats] INFO: Crawled 3319 pages (at 7 pages/min), scraped 0 items (at 0 items/min)
2021-03-03 22:46:01 [scrapy.extensions.logstats] INFO: Crawled 3327 pages (at 8 pages/min), scraped 0 items (at 0 items/min)
2021-03-03 22:47:00 [scrapy.extensions.logstats] INFO: Crawled 3335 pages (at 8 pages/min), scraped 0 items (at 0 items/min)
2021-03-03 22:48:02 [scrapy.extensions.logstats] INFO: Crawled 3343 pages (at 8 pages/min), scraped 0 items (at 0 items/min)
2021-03-03 22:49:07 [scrapy.extensions.logstats] INFO: Crawled 3349 pages (at 6 pages/min), scraped 0 items (at 0 items/min)
2021-03-03 22:50:04 [scrapy.extensions.logstats] INFO: Crawled 3356 pages (at 7 pages/min), scraped 0 items (at 0 items/min)
2021-03-03 22:51:01 [scrapy.extensions.logstats] INFO: Crawled 3364 pages (at 8 pages/min), scraped 0 items (at 0 items/min)
2021-03-03 22:52:02 [scrapy.extensions.logstats] INFO: Crawled 3371 pages (at 7 pages/min), scraped 0 items (at 0 items/min)
2021-03-03 22:52:58 [scrapy.extensions.logstats] INFO: Crawled 3378 pages (at 7 pages/min), scraped 0 items (at 0 items/min)
2021-03-03 22:54:00 [scrapy.extensions.logstats] INFO: Crawled 3385 pages (at 7 pages/min), scraped 0 items (at 0 items/min)
2021-03-03 22:54:58 [scrapy.extensions.logstats] INFO: Crawled 3389 pages (at 4 pages/min), scraped 0 items (at 0 items/min)
2021-03-03 22:55:58 [scrapy.extensions.logstats] INFO: Crawled 3396 pages (at 7 pages/min), scraped 0 items (at 0 items/min)
2021-03-03 22:56:58 [scrapy.extensions.logstats] INFO: Crawled 3403 pages (at 7 pages/min), scraped 0 items (at 0 items/min)
2021-03-03 22:58:06 [scrapy.extensions.logstats] INFO: Crawled 3412 pages (at 9 pages/min), scraped 0 items (at 0 items/min)
2021-03-03 22:59:00 [scrapy.extensions.logstats] INFO: Crawled 3417 pages (at 5 pages/min), scraped 0 items (at 0 items/min)
2021-03-03 23:00:04 [scrapy.extensions.logstats] INFO: Crawled 3424 pages (at 7 pages/min), scraped 0 items (at 0 items/min)
2021-03-03 23:01:01 [scrapy.extensions.logstats] INFO: Crawled 3429 pages (at 5 pages/min), scraped 0 items (at 0 items/min)
2021-03-03 23:02:05 [scrapy.extensions.logstats] INFO: Crawled 3437 pages (at 8 pages/min), scraped 0 items (at 0 items/min)
2021-03-03 23:03:02 [scrapy.extensions.logstats] INFO: Crawled 3444 pages (at 7 pages/min), scraped 0 items (at 0 items/min)
2021-03-03 23:04:05 [scrapy.extensions.logstats] INFO: Crawled 3452 pages (at 8 pages/min), scraped 0 items (at 0 items/min)
2021-03-03 23:05:04 [scrapy.extensions.logstats] INFO: Crawled 3459 pages (at 7 pages/min), scraped 0 items (at 0 items/min)
2021-03-03 23:06:04 [scrapy.extensions.logstats] INFO: Crawled 3464 pages (at 5 pages/min), scraped 0 items (at 0 items/min)
2021-03-03 23:06:59 [scrapy.extensions.logstats] INFO: Crawled 3471 pages (at 7 pages/min), scraped 0 items (at 0 items/min)
2021-03-03 23:08:00 [scrapy.extensions.logstats] INFO: Crawled 3479 pages (at 8 pages/min), scraped 0 items (at 0 items/min)
2021-03-03 23:09:03 [scrapy.extensions.logstats] INFO: Crawled 3487 pages (at 8 pages/min), scraped 0 items (at 0 items/min)
2021-03-03 23:09:58 [scrapy.extensions.logstats] INFO: Crawled 3495 pages (at 8 pages/min), scraped 0 items (at 0 items/min)
2021-03-03 23:11:05 [scrapy.extensions.logstats] INFO: Crawled 3500 pages (at 5 pages/min), scraped 0 items (at 0 items/min)
2021-03-03 23:12:00 [scrapy.extensions.logstats] INFO: Crawled 3506 pages (at 6 pages/min), scraped 0 items (at 0 items/min)
2021-03-03 23:13:03 [scrapy.extensions.logstats] INFO: Crawled 3514 pages (at 8 pages/min), scraped 0 items (at 0 items/min)
2021-03-03 23:14:03 [scrapy.extensions.logstats] INFO: Crawled 3521 pages (at 7 pages/min), scraped 0 items (at 0 items/min)
2021-03-03 23:15:03 [scrapy.extensions.logstats] INFO: Crawled 3528 pages (at 7 pages/min), scraped 0 items (at 0 items/min)
2021-03-03 23:16:00 [scrapy.extensions.logstats] INFO: Crawled 3535 pages (at 7 pages/min), scraped 0 items (at 0 items/min)
2021-03-03 23:17:01 [scrapy.extensions.logstats] INFO: Crawled 3539 pages (at 4 pages/min), scraped 0 items (at 0 items/min)
2021-03-03 23:18:03 [scrapy.extensions.logstats] INFO: Crawled 3546 pages (at 7 pages/min), scraped 0 items (at 0 items/min)
2021-03-03 23:19:02 [scrapy.extensions.logstats] INFO: Crawled 3553 pages (at 7 pages/min), scraped 0 items (at 0 items/min)
2021-03-03 23:20:05 [scrapy.extensions.logstats] INFO: Crawled 3561 pages (at 8 pages/min), scraped 0 items (at 0 items/min)
2021-03-03 23:21:03 [scrapy.extensions.logstats] INFO: Crawled 3568 pages (at 7 pages/min), scraped 0 items (at 0 items/min)
2021-03-03 23:22:06 [scrapy.extensions.logstats] INFO: Crawled 3575 pages (at 7 pages/min), scraped 0 items (at 0 items/min)
2021-03-03 23:22:58 [scrapy.extensions.logstats] INFO: Crawled 3581 pages (at 6 pages/min), scraped 0 items (at 0 items/min)
2021-03-03 23:24:04 [scrapy.extensions.logstats] INFO: Crawled 3586 pages (at 5 pages/min), scraped 0 items (at 0 items/min)
2021-03-03 23:25:02 [scrapy.extensions.logstats] INFO: Crawled 3592 pages (at 6 pages/min), scraped 0 items (at 0 items/min)
2021-03-03 23:25:58 [scrapy.extensions.logstats] INFO: Crawled 3598 pages (at 6 pages/min), scraped 0 items (at 0 items/min)
2021-03-03 23:27:00 [scrapy.extensions.logstats] INFO: Crawled 3604 pages (at 6 pages/min), scraped 0 items (at 0 items/min)
2021-03-03 23:28:05 [scrapy.extensions.logstats] INFO: Crawled 3611 pages (at 7 pages/min), scraped 0 items (at 0 items/min)
2021-03-03 23:29:00 [scrapy.extensions.logstats] INFO: Crawled 3617 pages (at 6 pages/min), scraped 0 items (at 0 items/min)
2021-03-03 23:30:25 [scrapy.extensions.logstats] INFO: Crawled 3624 pages (at 7 pages/min), scraped 0 items (at 0 items/min)
2021-03-03 23:31:04 [scrapy.extensions.logstats] INFO: Crawled 3628 pages (at 4 pages/min), scraped 0 items (at 0 items/min)
2021-03-03 23:32:04 [scrapy.extensions.logstats] INFO: Crawled 3634 pages (at 6 pages/min), scraped 0 items (at 0 items/min)
2021-03-03 23:33:04 [scrapy.extensions.logstats] INFO: Crawled 3641 pages (at 7 pages/min), scraped 0 items (at 0 items/min)
2021-03-03 23:34:02 [scrapy.extensions.logstats] INFO: Crawled 3648 pages (at 7 pages/min), scraped 0 items (at 0 items/min)
2021-03-03 23:34:58 [scrapy.extensions.logstats] INFO: Crawled 3655 pages (at 7 pages/min), scraped 0 items (at 0 items/min)
2021-03-03 23:36:03 [scrapy.extensions.logstats] INFO: Crawled 3663 pages (at 8 pages/min), scraped 0 items (at 0 items/min)
2021-03-03 23:37:00 [scrapy.extensions.logstats] INFO: Crawled 3670 pages (at 7 pages/min), scraped 0 items (at 0 items/min)
2021-03-03 23:38:01 [scrapy.extensions.logstats] INFO: Crawled 3674 pages (at 4 pages/min), scraped 0 items (at 0 items/min)
2021-03-03 23:39:00 [scrapy.extensions.logstats] INFO: Crawled 3680 pages (at 6 pages/min), scraped 0 items (at 0 items/min)
2021-03-03 23:40:03 [scrapy.extensions.logstats] INFO: Crawled 3688 pages (at 8 pages/min), scraped 0 items (at 0 items/min)
2021-03-03 23:41:03 [scrapy.extensions.logstats] INFO: Crawled 3695 pages (at 7 pages/min), scraped 0 items (at 0 items/min)
2021-03-03 23:42:00 [scrapy.extensions.logstats] INFO: Crawled 3702 pages (at 7 pages/min), scraped 0 items (at 0 items/min)
2021-03-03 23:43:11 [scrapy.extensions.logstats] INFO: Crawled 3708 pages (at 6 pages/min), scraped 0 items (at 0 items/min)
2021-03-03 23:44:04 [scrapy.extensions.logstats] INFO: Crawled 3714 pages (at 6 pages/min), scraped 0 items (at 0 items/min)
2021-03-03 23:45:03 [scrapy.extensions.logstats] INFO: Crawled 3721 pages (at 7 pages/min), scraped 0 items (at 0 items/min)
2021-03-03 23:46:06 [scrapy.extensions.logstats] INFO: Crawled 3728 pages (at 7 pages/min), scraped 0 items (at 0 items/min)
2021-03-03 23:47:00 [scrapy.extensions.logstats] INFO: Crawled 3734 pages (at 6 pages/min), scraped 0 items (at 0 items/min)
2021-03-03 23:48:00 [scrapy.extensions.logstats] INFO: Crawled 3741 pages (at 7 pages/min), scraped 0 items (at 0 items/min)
2021-03-03 23:49:01 [scrapy.extensions.logstats] INFO: Crawled 3748 pages (at 7 pages/min), scraped 0 items (at 0 items/min)
2021-03-03 23:50:11 [scrapy.extensions.logstats] INFO: Crawled 3754 pages (at 6 pages/min), scraped 0 items (at 0 items/min)
2021-03-03 23:51:01 [scrapy.extensions.logstats] INFO: Crawled 3760 pages (at 6 pages/min), scraped 0 items (at 0 items/min)
2021-03-03 23:52:12 [scrapy.extensions.logstats] INFO: Crawled 3767 pages (at 7 pages/min), scraped 0 items (at 0 items/min)
2021-03-03 23:53:04 [scrapy.extensions.logstats] INFO: Crawled 3772 pages (at 5 pages/min), scraped 0 items (at 0 items/min)
2021-03-03 23:54:05 [scrapy.extensions.logstats] INFO: Crawled 3779 pages (at 7 pages/min), scraped 0 items (at 0 items/min)
2021-03-03 23:55:04 [scrapy.extensions.logstats] INFO: Crawled 3786 pages (at 7 pages/min), scraped 0 items (at 0 items/min)
2021-03-03 23:55:58 [scrapy.extensions.logstats] INFO: Crawled 3791 pages (at 5 pages/min), scraped 0 items (at 0 items/min)
2021-03-03 23:57:08 [scrapy.extensions.logstats] INFO: Crawled 3796 pages (at 5 pages/min), scraped 0 items (at 0 items/min)
2021-03-03 23:57:59 [scrapy.extensions.logstats] INFO: Crawled 3800 pages (at 4 pages/min), scraped 0 items (at 0 items/min)
2021-03-03 23:58:59 [scrapy.extensions.logstats] INFO: Crawled 3802 pages (at 2 pages/min), scraped 0 items (at 0 items/min)
2021-03-04 00:00:05 [scrapy.extensions.logstats] INFO: Crawled 3807 pages (at 5 pages/min), scraped 0 items (at 0 items/min)
2021-03-04 00:00:58 [scrapy.extensions.logstats] INFO: Crawled 3811 pages (at 4 pages/min), scraped 0 items (at 0 items/min)
2021-03-04 00:01:58 [scrapy.extensions.logstats] INFO: Crawled 3817 pages (at 6 pages/min), scraped 0 items (at 0 items/min)
2021-03-04 00:03:05 [scrapy.extensions.logstats] INFO: Crawled 3824 pages (at 7 pages/min), scraped 0 items (at 0 items/min)
2021-03-04 00:04:06 [scrapy.extensions.logstats] INFO: Crawled 3831 pages (at 7 pages/min), scraped 0 items (at 0 items/min)
2021-03-04 00:05:00 [scrapy.extensions.logstats] INFO: Crawled 3837 pages (at 6 pages/min), scraped 0 items (at 0 items/min)
2021-03-04 00:06:09 [scrapy.extensions.logstats] INFO: Crawled 3840 pages (at 3 pages/min), scraped 0 items (at 0 items/min)
2021-03-04 00:06:59 [scrapy.extensions.logstats] INFO: Crawled 3843 pages (at 3 pages/min), scraped 0 items (at 0 items/min)
2021-03-04 00:07:58 [scrapy.extensions.logstats] INFO: Crawled 3849 pages (at 6 pages/min), scraped 0 items (at 0 items/min)
2021-03-04 00:09:00 [scrapy.extensions.logstats] INFO: Crawled 3855 pages (at 6 pages/min), scraped 0 items (at 0 items/min)
2021-03-04 00:10:05 [scrapy.extensions.logstats] INFO: Crawled 3861 pages (at 6 pages/min), scraped 0 items (at 0 items/min)
2021-03-04 00:11:02 [scrapy.extensions.logstats] INFO: Crawled 3867 pages (at 6 pages/min), scraped 0 items (at 0 items/min)
2021-03-04 00:12:02 [scrapy.extensions.logstats] INFO: Crawled 3873 pages (at 6 pages/min), scraped 0 items (at 0 items/min)
2021-03-04 00:13:09 [scrapy.extensions.logstats] INFO: Crawled 3878 pages (at 5 pages/min), scraped 0 items (at 0 items/min)
2021-03-04 00:14:54 [scrapy.extensions.logstats] INFO: Crawled 3882 pages (at 4 pages/min), scraped 0 items (at 0 items/min)
2021-03-04 00:15:10 [scrapy.extensions.logstats] INFO: Crawled 3883 pages (at 1 pages/min), scraped 0 items (at 0 items/min)
2021-03-04 00:16:09 [scrapy.extensions.logstats] INFO: Crawled 3887 pages (at 4 pages/min), scraped 0 items (at 0 items/min)
2021-03-04 00:16:59 [scrapy.extensions.logstats] INFO: Crawled 3890 pages (at 3 pages/min), scraped 0 items (at 0 items/min)
2021-03-04 00:18:00 [scrapy.extensions.logstats] INFO: Crawled 3894 pages (at 4 pages/min), scraped 0 items (at 0 items/min)
2021-03-04 00:19:05 [scrapy.extensions.logstats] INFO: Crawled 3900 pages (at 6 pages/min), scraped 0 items (at 0 items/min)
2021-03-04 00:19:58 [scrapy.extensions.logstats] INFO: Crawled 3904 pages (at 4 pages/min), scraped 0 items (at 0 items/min)
2021-03-04 00:20:58 [scrapy.extensions.logstats] INFO: Crawled 3907 pages (at 3 pages/min), scraped 0 items (at 0 items/min)
2021-03-04 00:22:05 [scrapy.extensions.logstats] INFO: Crawled 3914 pages (at 7 pages/min), scraped 0 items (at 0 items/min)
2021-03-04 00:23:01 [scrapy.extensions.logstats] INFO: Crawled 3920 pages (at 6 pages/min), scraped 0 items (at 0 items/min)
2021-03-04 00:24:13 [scrapy.extensions.logstats] INFO: Crawled 3926 pages (at 6 pages/min), scraped 0 items (at 0 items/min)
2021-03-04 00:25:00 [scrapy.extensions.logstats] INFO: Crawled 3931 pages (at 5 pages/min), scraped 0 items (at 0 items/min)
2021-03-04 00:26:04 [scrapy.extensions.logstats] INFO: Crawled 3937 pages (at 6 pages/min), scraped 0 items (at 0 items/min)
2021-03-04 00:27:01 [scrapy.extensions.logstats] INFO: Crawled 3943 pages (at 6 pages/min), scraped 0 items (at 0 items/min)
2021-03-04 00:27:58 [scrapy.extensions.logstats] INFO: Crawled 3948 pages (at 5 pages/min), scraped 0 items (at 0 items/min)
2021-03-04 00:29:05 [scrapy.extensions.logstats] INFO: Crawled 3955 pages (at 7 pages/min), scraped 0 items (at 0 items/min)
2021-03-04 00:30:35 [scrapy.extensions.logstats] INFO: Crawled 3961 pages (at 6 pages/min), scraped 0 items (at 0 items/min)
2021-03-04 00:31:07 [scrapy.extensions.logstats] INFO: Crawled 3962 pages (at 1 pages/min), scraped 0 items (at 0 items/min)
2021-03-04 00:32:06 [scrapy.extensions.logstats] INFO: Crawled 3968 pages (at 6 pages/min), scraped 0 items (at 0 items/min)
2021-03-04 00:32:58 [scrapy.extensions.logstats] INFO: Crawled 3973 pages (at 5 pages/min), scraped 0 items (at 0 items/min)
2021-03-04 00:33:58 [scrapy.extensions.logstats] INFO: Crawled 3979 pages (at 6 pages/min), scraped 0 items (at 0 items/min)
2021-03-04 00:35:07 [scrapy.extensions.logstats] INFO: Crawled 3986 pages (at 7 pages/min), scraped 0 items (at 0 items/min)
2021-03-04 00:36:02 [scrapy.extensions.logstats] INFO: Crawled 3990 pages (at 4 pages/min), scraped 0 items (at 0 items/min)
2021-03-04 00:37:00 [scrapy.extensions.logstats] INFO: Crawled 3996 pages (at 6 pages/min), scraped 0 items (at 0 items/min)
2021-03-04 00:38:00 [scrapy.extensions.logstats] INFO: Crawled 4002 pages (at 6 pages/min), scraped 0 items (at 0 items/min)
2021-03-04 00:38:58 [scrapy.extensions.logstats] INFO: Crawled 4009 pages (at 7 pages/min), scraped 0 items (at 0 items/min)
2021-03-04 00:40:02 [scrapy.extensions.logstats] INFO: Crawled 4016 pages (at 7 pages/min), scraped 0 items (at 0 items/min)
2021-03-04 00:40:59 [scrapy.extensions.logstats] INFO: Crawled 4023 pages (at 7 pages/min), scraped 0 items (at 0 items/min)
2021-03-04 00:42:11 [scrapy.extensions.logstats] INFO: Crawled 4028 pages (at 5 pages/min), scraped 0 items (at 0 items/min)
2021-03-04 00:43:00 [scrapy.extensions.logstats] INFO: Crawled 4031 pages (at 3 pages/min), scraped 0 items (at 0 items/min)
2021-03-04 00:44:02 [scrapy.extensions.logstats] INFO: Crawled 4036 pages (at 5 pages/min), scraped 0 items (at 0 items/min)
2021-03-04 01:02:17 [scrapy.extensions.logstats] INFO: Crawled 4037 pages (at 1 pages/min), scraped 0 items (at 0 items/min)
2021-03-04 01:02:59 [scrapy.extensions.logstats] INFO: Crawled 4040 pages (at 3 pages/min), scraped 0 items (at 0 items/min)
2021-03-04 09:43:29 [scrapy.extensions.logstats] INFO: Crawled 4040 pages (at 0 pages/min), scraped 0 items (at 0 items/min)
2021-03-04 09:44:14 [scrapy.extensions.logstats] INFO: Crawled 4041 pages (at 1 pages/min), scraped 0 items (at 0 items/min)
2021-03-04 09:45:12 [scrapy.extensions.logstats] INFO: Crawled 4044 pages (at 3 pages/min), scraped 0 items (at 0 items/min)
2021-03-04 09:46:11 [scrapy.extensions.logstats] INFO: Crawled 4046 pages (at 2 pages/min), scraped 0 items (at 0 items/min)
2021-03-04 09:47:05 [scrapy.extensions.logstats] INFO: Crawled 4048 pages (at 2 pages/min), scraped 0 items (at 0 items/min)
2021-03-04 09:47:58 [scrapy.extensions.logstats] INFO: Crawled 4051 pages (at 3 pages/min), scraped 0 items (at 0 items/min)
2021-03-04 09:49:07 [scrapy.extensions.logstats] INFO: Crawled 4056 pages (at 5 pages/min), scraped 0 items (at 0 items/min)
2021-03-04 09:50:00 [scrapy.extensions.logstats] INFO: Crawled 4061 pages (at 5 pages/min), scraped 0 items (at 0 items/min)
2021-03-04 09:51:04 [scrapy.extensions.logstats] INFO: Crawled 4066 pages (at 5 pages/min), scraped 0 items (at 0 items/min)
2021-03-04 09:51:58 [scrapy.extensions.logstats] INFO: Crawled 4070 pages (at 4 pages/min), scraped 0 items (at 0 items/min)
2021-03-04 09:52:58 [scrapy.extensions.logstats] INFO: Crawled 4074 pages (at 4 pages/min), scraped 0 items (at 0 items/min)
2021-03-04 09:54:05 [scrapy.extensions.logstats] INFO: Crawled 4076 pages (at 2 pages/min), scraped 0 items (at 0 items/min)
2021-03-04 09:55:03 [scrapy.extensions.logstats] INFO: Crawled 4080 pages (at 4 pages/min), scraped 0 items (at 0 items/min)
2021-03-04 09:56:02 [scrapy.extensions.logstats] INFO: Crawled 4086 pages (at 6 pages/min), scraped 0 items (at 0 items/min)
2021-03-04 09:56:58 [scrapy.extensions.logstats] INFO: Crawled 4090 pages (at 4 pages/min), scraped 0 items (at 0 items/min)
2021-03-04 10:30:41 [scrapy.extensions.logstats] INFO: Crawled 4090 pages (at 0 pages/min), scraped 0 items (at 0 items/min)
2021-03-04 10:30:58 [scrapy.extensions.logstats] INFO: Crawled 4091 pages (at 1 pages/min), scraped 0 items (at 0 items/min)
2021-03-04 10:31:58 [scrapy.extensions.logstats] INFO: Crawled 4096 pages (at 5 pages/min), scraped 0 items (at 0 items/min)
2021-03-04 10:33:05 [scrapy.extensions.logstats] INFO: Crawled 4102 pages (at 6 pages/min), scraped 0 items (at 0 items/min)
2021-03-04 10:34:10 [scrapy.extensions.logstats] INFO: Crawled 4107 pages (at 5 pages/min), scraped 0 items (at 0 items/min)
2021-03-04 10:35:09 [scrapy.extensions.logstats] INFO: Crawled 4110 pages (at 3 pages/min), scraped 0 items (at 0 items/min)
2021-03-04 10:36:13 [scrapy.extensions.logstats] INFO: Crawled 4113 pages (at 3 pages/min), scraped 0 items (at 0 items/min)
2021-03-04 10:37:18 [scrapy.extensions.logstats] INFO: Crawled 4116 pages (at 3 pages/min), scraped 0 items (at 0 items/min)
2021-03-04 10:38:06 [scrapy.extensions.logstats] INFO: Crawled 4118 pages (at 2 pages/min), scraped 0 items (at 0 items/min)
2021-03-04 10:39:21 [scrapy.extensions.logstats] INFO: Crawled 4121 pages (at 3 pages/min), scraped 0 items (at 0 items/min)
2021-03-04 10:40:15 [scrapy.extensions.logstats] INFO: Crawled 4123 pages (at 2 pages/min), scraped 0 items (at 0 items/min)
2021-03-04 10:43:19 [scrapy.extensions.logstats] INFO: Crawled 4124 pages (at 1 pages/min), scraped 0 items (at 0 items/min)
2021-03-04 10:44:10 [scrapy.extensions.logstats] INFO: Crawled 4125 pages (at 1 pages/min), scraped 0 items (at 0 items/min)
2021-03-04 10:45:37 [scrapy.extensions.logstats] INFO: Crawled 4127 pages (at 2 pages/min), scraped 0 items (at 0 items/min)
2021-03-04 10:46:23 [scrapy.extensions.logstats] INFO: Crawled 4128 pages (at 1 pages/min), scraped 0 items (at 0 items/min)
2021-03-04 10:47:12 [scrapy.extensions.logstats] INFO: Crawled 4129 pages (at 1 pages/min), scraped 0 items (at 0 items/min)
2021-03-04 10:48:10 [scrapy.extensions.logstats] INFO: Crawled 4131 pages (at 2 pages/min), scraped 0 items (at 0 items/min)
2021-03-04 10:49:40 [scrapy.extensions.logstats] INFO: Crawled 4133 pages (at 2 pages/min), scraped 0 items (at 0 items/min)
2021-03-04 10:50:25 [scrapy.extensions.logstats] INFO: Crawled 4134 pages (at 1 pages/min), scraped 0 items (at 0 items/min)
2021-03-04 10:51:08 [scrapy.extensions.logstats] INFO: Crawled 4135 pages (at 1 pages/min), scraped 0 items (at 0 items/min)
2021-03-04 10:52:40 [scrapy.extensions.logstats] INFO: Crawled 4137 pages (at 2 pages/min), scraped 0 items (at 0 items/min)
2021-03-04 10:53:54 [scrapy.extensions.logstats] INFO: Crawled 4138 pages (at 1 pages/min), scraped 0 items (at 0 items/min)
2021-03-04 10:55:09 [scrapy.extensions.logstats] INFO: Crawled 4139 pages (at 1 pages/min), scraped 0 items (at 0 items/min)
2021-03-04 10:56:03 [scrapy.extensions.logstats] INFO: Crawled 4140 pages (at 1 pages/min), scraped 0 items (at 0 items/min)
2021-03-04 10:57:45 [scrapy.extensions.logstats] INFO: Crawled 4142 pages (at 2 pages/min), scraped 0 items (at 0 items/min)
2021-03-04 10:58:32 [scrapy.extensions.logstats] INFO: Crawled 4143 pages (at 1 pages/min), scraped 0 items (at 0 items/min)
2021-03-04 10:59:17 [scrapy.extensions.logstats] INFO: Crawled 4144 pages (at 1 pages/min), scraped 0 items (at 0 items/min)
2021-03-04 11:00:01 [scrapy.extensions.logstats] INFO: Crawled 4145 pages (at 1 pages/min), scraped 0 items (at 0 items/min)
2021-03-04 11:01:31 [scrapy.extensions.logstats] INFO: Crawled 4147 pages (at 2 pages/min), scraped 0 items (at 0 items/min)
2021-03-04 11:02:21 [scrapy.extensions.logstats] INFO: Crawled 4148 pages (at 1 pages/min), scraped 0 items (at 0 items/min)
2021-03-04 11:03:05 [scrapy.extensions.logstats] INFO: Crawled 4149 pages (at 1 pages/min), scraped 0 items (at 0 items/min)
2021-03-04 11:04:39 [scrapy.extensions.logstats] INFO: Crawled 4151 pages (at 2 pages/min), scraped 0 items (at 0 items/min)
2021-03-04 11:05:53 [scrapy.extensions.logstats] INFO: Crawled 4152 pages (at 1 pages/min), scraped 0 items (at 0 items/min)
2021-03-04 11:06:38 [scrapy.extensions.logstats] INFO: Crawled 4153 pages (at 1 pages/min), scraped 0 items (at 0 items/min)
2021-03-04 11:07:25 [scrapy.extensions.logstats] INFO: Crawled 4154 pages (at 1 pages/min), scraped 0 items (at 0 items/min)
2021-03-04 11:08:09 [scrapy.extensions.logstats] INFO: Crawled 4155 pages (at 1 pages/min), scraped 0 items (at 0 items/min)
2021-03-04 11:09:35 [scrapy.extensions.logstats] INFO: Crawled 4157 pages (at 2 pages/min), scraped 0 items (at 0 items/min)
2021-03-04 11:10:29 [scrapy.extensions.logstats] INFO: Crawled 4158 pages (at 1 pages/min), scraped 0 items (at 0 items/min)
2021-03-04 11:11:18 [scrapy.extensions.logstats] INFO: Crawled 4159 pages (at 1 pages/min), scraped 0 items (at 0 items/min)
2021-03-04 11:12:09 [scrapy.extensions.logstats] INFO: Crawled 4160 pages (at 1 pages/min), scraped 0 items (at 0 items/min)
2021-03-04 11:13:39 [scrapy.extensions.logstats] INFO: Crawled 4162 pages (at 2 pages/min), scraped 0 items (at 0 items/min)
2021-03-04 11:14:29 [scrapy.extensions.logstats] INFO: Crawled 4163 pages (at 1 pages/min), scraped 0 items (at 0 items/min)
2021-03-04 11:15:21 [scrapy.extensions.logstats] INFO: Crawled 4164 pages (at 1 pages/min), scraped 0 items (at 0 items/min)
2021-03-04 11:16:05 [scrapy.extensions.logstats] INFO: Crawled 4165 pages (at 1 pages/min), scraped 0 items (at 0 items/min)
2021-03-04 11:17:39 [scrapy.extensions.logstats] INFO: Crawled 4167 pages (at 2 pages/min), scraped 0 items (at 0 items/min)
2021-03-04 11:18:24 [scrapy.extensions.logstats] INFO: Crawled 4168 pages (at 1 pages/min), scraped 0 items (at 0 items/min)
2021-03-04 11:19:11 [scrapy.extensions.logstats] INFO: Crawled 4169 pages (at 1 pages/min), scraped 0 items (at 0 items/min)
2021-03-04 11:19:59 [scrapy.extensions.logstats] INFO: Crawled 4170 pages (at 1 pages/min), scraped 0 items (at 0 items/min)
2021-03-04 11:21:34 [scrapy.extensions.logstats] INFO: Crawled 4172 pages (at 2 pages/min), scraped 0 items (at 0 items/min)
2021-03-04 11:22:23 [scrapy.extensions.logstats] INFO: Crawled 4173 pages (at 1 pages/min), scraped 0 items (at 0 items/min)
2021-03-04 11:23:07 [scrapy.extensions.logstats] INFO: Crawled 4174 pages (at 1 pages/min), scraped 0 items (at 0 items/min)
2021-03-04 11:24:39 [scrapy.extensions.logstats] INFO: Crawled 4176 pages (at 2 pages/min), scraped 0 items (at 0 items/min)
2021-03-04 11:25:46 [scrapy.extensions.logstats] INFO: Crawled 4177 pages (at 1 pages/min), scraped 0 items (at 0 items/min)
2021-03-04 11:25:59 [scrapy.extensions.logstats] INFO: Crawled 4178 pages (at 1 pages/min), scraped 0 items (at 0 items/min)
2021-03-04 11:27:01 [scrapy.extensions.logstats] INFO: Crawled 4178 pages (at 0 pages/min), scraped 0 items (at 0 items/min)
2021-03-04 11:28:09 [scrapy.extensions.logstats] INFO: Crawled 4179 pages (at 1 pages/min), scraped 0 items (at 0 items/min)
2021-03-04 12:09:12 [scrapy.extensions.logstats] INFO: Crawled 4181 pages (at 2 pages/min), scraped 0 items (at 0 items/min)
2021-03-04 12:10:53 [scrapy.extensions.logstats] INFO: Crawled 4182 pages (at 1 pages/min), scraped 0 items (at 0 items/min)
2021-03-04 12:11:02 [scrapy.extensions.logstats] INFO: Crawled 4183 pages (at 1 pages/min), scraped 0 items (at 0 items/min)
2021-03-04 12:11:58 [scrapy.extensions.logstats] INFO: Crawled 4187 pages (at 4 pages/min), scraped 0 items (at 0 items/min)
2021-03-04 12:13:03 [scrapy.extensions.logstats] INFO: Crawled 4192 pages (at 5 pages/min), scraped 0 items (at 0 items/min)
2021-03-04 12:14:06 [scrapy.extensions.logstats] INFO: Crawled 4196 pages (at 4 pages/min), scraped 0 items (at 0 items/min)
2021-03-04 12:15:08 [scrapy.extensions.logstats] INFO: Crawled 4199 pages (at 3 pages/min), scraped 0 items (at 0 items/min)
2021-03-04 12:16:11 [scrapy.extensions.logstats] INFO: Crawled 4202 pages (at 3 pages/min), scraped 0 items (at 0 items/min)
2021-03-04 12:17:07 [scrapy.extensions.logstats] INFO: Crawled 4204 pages (at 2 pages/min), scraped 0 items (at 0 items/min)
2021-03-04 12:17:58 [scrapy.extensions.logstats] INFO: Crawled 4206 pages (at 2 pages/min), scraped 0 items (at 0 items/min)
2021-03-04 12:19:01 [scrapy.extensions.logstats] INFO: Crawled 4208 pages (at 2 pages/min), scraped 0 items (at 0 items/min)
2021-03-04 12:19:59 [scrapy.extensions.logstats] INFO: Crawled 4210 pages (at 2 pages/min), scraped 0 items (at 0 items/min)
2021-03-04 12:21:21 [scrapy.extensions.logstats] INFO: Crawled 4212 pages (at 2 pages/min), scraped 0 items (at 0 items/min)
2021-03-04 12:21:58 [scrapy.extensions.logstats] INFO: Crawled 4213 pages (at 1 pages/min), scraped 0 items (at 0 items/min)
2021-03-04 12:23:11 [scrapy.extensions.logstats] INFO: Crawled 4215 pages (at 2 pages/min), scraped 0 items (at 0 items/min)
2021-03-04 12:24:11 [scrapy.extensions.logstats] INFO: Crawled 4217 pages (at 2 pages/min), scraped 0 items (at 0 items/min)
2021-03-04 12:25:41 [scrapy.extensions.logstats] INFO: Crawled 4219 pages (at 2 pages/min), scraped 0 items (at 0 items/min)
2021-03-04 12:26:58 [scrapy.extensions.logstats] INFO: Crawled 4220 pages (at 1 pages/min), scraped 0 items (at 0 items/min)
2021-03-04 12:26:58 [scrapy.extensions.logstats] INFO: Crawled 4220 pages (at 0 pages/min), scraped 0 items (at 0 items/min)
2021-03-04 12:27:58 [scrapy.extensions.logstats] INFO: Crawled 4221 pages (at 1 pages/min), scraped 0 items (at 0 items/min)
2021-03-04 12:29:52 [scrapy.extensions.logstats] INFO: Crawled 4223 pages (at 2 pages/min), scraped 0 items (at 0 items/min)
2021-03-04 12:33:03 [scrapy.extensions.logstats] INFO: Crawled 4224 pages (at 1 pages/min), scraped 0 items (at 0 items/min)
2021-03-04 12:34:35 [scrapy.extensions.logstats] INFO: Crawled 4225 pages (at 1 pages/min), scraped 0 items (at 0 items/min)
2021-03-04 12:35:31 [scrapy.extensions.logstats] INFO: Crawled 4226 pages (at 1 pages/min), scraped 0 items (at 0 items/min)
2021-03-04 12:36:18 [scrapy.extensions.logstats] INFO: Crawled 4227 pages (at 1 pages/min), scraped 0 items (at 0 items/min)
2021-03-04 12:37:08 [scrapy.extensions.logstats] INFO: Crawled 4228 pages (at 1 pages/min), scraped 0 items (at 0 items/min)
2021-03-04 12:37:58 [scrapy.extensions.logstats] INFO: Crawled 4229 pages (at 1 pages/min), scraped 0 items (at 0 items/min)
2021-03-04 12:39:35 [scrapy.extensions.logstats] INFO: Crawled 4231 pages (at 2 pages/min), scraped 0 items (at 0 items/min)
2021-03-04 12:40:25 [scrapy.extensions.logstats] INFO: Crawled 4232 pages (at 1 pages/min), scraped 0 items (at 0 items/min)
2021-03-04 12:41:13 [scrapy.extensions.logstats] INFO: Crawled 4233 pages (at 1 pages/min), scraped 0 items (at 0 items/min)
2021-03-04 12:42:03 [scrapy.extensions.logstats] INFO: Crawled 4234 pages (at 1 pages/min), scraped 0 items (at 0 items/min)
2021-03-04 12:43:42 [scrapy.extensions.logstats] INFO: Crawled 4236 pages (at 2 pages/min), scraped 0 items (at 0 items/min)
2021-03-04 12:44:32 [scrapy.extensions.logstats] INFO: Crawled 4237 pages (at 1 pages/min), scraped 0 items (at 0 items/min)
2021-03-04 12:45:25 [scrapy.extensions.logstats] INFO: Crawled 4238 pages (at 1 pages/min), scraped 0 items (at 0 items/min)
2021-03-04 12:46:14 [scrapy.extensions.logstats] INFO: Crawled 4239 pages (at 1 pages/min), scraped 0 items (at 0 items/min)
2021-03-04 12:47:05 [scrapy.extensions.logstats] INFO: Crawled 4240 pages (at 1 pages/min), scraped 0 items (at 0 items/min)
2021-03-04 12:48:01 [scrapy.extensions.logstats] INFO: Crawled 4241 pages (at 1 pages/min), scraped 0 items (at 0 items/min)
2021-03-04 13:24:09 [scrapy.extensions.logstats] INFO: Crawled 4243 pages (at 2 pages/min), scraped 0 items (at 0 items/min)
2021-03-04 13:35:47 [scrapy.extensions.logstats] INFO: Crawled 4247 pages (at 4 pages/min), scraped 0 items (at 0 items/min)
2021-03-04 13:35:58 [scrapy.extensions.logstats] INFO: Crawled 4247 pages (at 0 pages/min), scraped 0 items (at 0 items/min)
2021-03-04 18:43:43 [scrapy.extensions.logstats] INFO: Crawled 4248 pages (at 1 pages/min), scraped 0 items (at 0 items/min)
2021-03-04 18:43:58 [scrapy.extensions.logstats] INFO: Crawled 4248 pages (at 0 pages/min), scraped 0 items (at 0 items/min)
2021-03-04 18:45:11 [scrapy.extensions.logstats] INFO: Crawled 4254 pages (at 6 pages/min), scraped 0 items (at 0 items/min)
2021-03-04 18:46:04 [scrapy.extensions.logstats] INFO: Crawled 4255 pages (at 1 pages/min), scraped 0 items (at 0 items/min)
2021-03-04 18:47:03 [scrapy.extensions.logstats] INFO: Crawled 4259 pages (at 4 pages/min), scraped 0 items (at 0 items/min)
2021-03-04 18:49:48 [scrapy.extensions.logstats] INFO: Crawled 4262 pages (at 3 pages/min), scraped 0 items (at 0 items/min)
2021-03-04 18:50:03 [scrapy.extensions.logstats] INFO: Crawled 4262 pages (at 0 pages/min), scraped 0 items (at 0 items/min)
2021-03-04 18:50:58 [scrapy.extensions.logstats] INFO: Crawled 4263 pages (at 1 pages/min), scraped 0 items (at 0 items/min)
2021-03-04 18:51:59 [scrapy.extensions.logstats] INFO: Crawled 4265 pages (at 2 pages/min), scraped 0 items (at 0 items/min)
2021-03-04 18:53:10 [scrapy.extensions.logstats] INFO: Crawled 4269 pages (at 4 pages/min), scraped 0 items (at 0 items/min)
2021-03-04 18:54:00 [scrapy.extensions.logstats] INFO: Crawled 4272 pages (at 3 pages/min), scraped 0 items (at 0 items/min)
2021-03-04 18:55:07 [scrapy.extensions.logstats] INFO: Crawled 4276 pages (at 4 pages/min), scraped 0 items (at 0 items/min)
2021-03-04 18:56:11 [scrapy.extensions.logstats] INFO: Crawled 4280 pages (at 4 pages/min), scraped 0 items (at 0 items/min)
2021-03-04 18:56:58 [scrapy.extensions.logstats] INFO: Crawled 4284 pages (at 4 pages/min), scraped 0 items (at 0 items/min)
2021-03-04 18:58:06 [scrapy.extensions.logstats] INFO: Crawled 4288 pages (at 4 pages/min), scraped 0 items (at 0 items/min)
2021-03-04 18:59:07 [scrapy.extensions.logstats] INFO: Crawled 4293 pages (at 5 pages/min), scraped 0 items (at 0 items/min)
2021-03-04 19:00:05 [scrapy.extensions.logstats] INFO: Crawled 4297 pages (at 4 pages/min), scraped 0 items (at 0 items/min)
2021-03-04 19:01:13 [scrapy.extensions.logstats] INFO: Crawled 4301 pages (at 4 pages/min), scraped 0 items (at 0 items/min)
2021-03-04 19:01:59 [scrapy.extensions.logstats] INFO: Crawled 4304 pages (at 3 pages/min), scraped 0 items (at 0 items/min)
2021-03-04 19:03:13 [scrapy.extensions.logstats] INFO: Crawled 4306 pages (at 2 pages/min), scraped 0 items (at 0 items/min)
2021-03-04 19:04:11 [scrapy.extensions.logstats] INFO: Crawled 4309 pages (at 3 pages/min), scraped 0 items (at 0 items/min)
2021-03-04 19:05:06 [scrapy.extensions.logstats] INFO: Crawled 4312 pages (at 3 pages/min), scraped 0 items (at 0 items/min)
2021-03-04 19:06:15 [scrapy.extensions.logstats] INFO: Crawled 4316 pages (at 4 pages/min), scraped 0 items (at 0 items/min)
2021-03-04 19:07:10 [scrapy.extensions.logstats] INFO: Crawled 4319 pages (at 3 pages/min), scraped 0 items (at 0 items/min)
2021-03-04 19:08:12 [scrapy.extensions.logstats] INFO: Crawled 4322 pages (at 3 pages/min), scraped 0 items (at 0 items/min)
2021-03-04 19:09:14 [scrapy.extensions.logstats] INFO: Crawled 4324 pages (at 2 pages/min), scraped 0 items (at 0 items/min)
2021-03-04 19:10:17 [scrapy.extensions.logstats] INFO: Crawled 4327 pages (at 3 pages/min), scraped 0 items (at 0 items/min)
2021-03-04 19:11:05 [scrapy.extensions.logstats] INFO: Crawled 4329 pages (at 2 pages/min), scraped 0 items (at 0 items/min)
2021-03-04 19:12:02 [scrapy.extensions.logstats] INFO: Crawled 4332 pages (at 3 pages/min), scraped 0 items (at 0 items/min)
2021-03-04 19:13:00 [scrapy.extensions.logstats] INFO: Crawled 4335 pages (at 3 pages/min), scraped 0 items (at 0 items/min)
2021-03-04 19:14:11 [scrapy.extensions.logstats] INFO: Crawled 4339 pages (at 4 pages/min), scraped 0 items (at 0 items/min)
2021-03-04 19:15:15 [scrapy.extensions.logstats] INFO: Crawled 4342 pages (at 3 pages/min), scraped 0 items (at 0 items/min)
2021-03-04 19:16:12 [scrapy.extensions.logstats] INFO: Crawled 4345 pages (at 3 pages/min), scraped 0 items (at 0 items/min)
2021-03-04 19:16:58 [scrapy.extensions.logstats] INFO: Crawled 4348 pages (at 3 pages/min), scraped 0 items (at 0 items/min)
2021-03-04 19:18:09 [scrapy.extensions.logstats] INFO: Crawled 4352 pages (at 4 pages/min), scraped 0 items (at 0 items/min)
2021-03-04 19:18:58 [scrapy.extensions.logstats] INFO: Crawled 4355 pages (at 3 pages/min), scraped 0 items (at 0 items/min)
2021-03-04 19:20:10 [scrapy.extensions.logstats] INFO: Crawled 4359 pages (at 4 pages/min), scraped 0 items (at 0 items/min)
2021-03-04 19:21:44 [scrapy.extensions.logstats] INFO: Crawled 4362 pages (at 3 pages/min), scraped 0 items (at 0 items/min)
2021-03-04 19:22:00 [scrapy.extensions.logstats] INFO: Crawled 4363 pages (at 1 pages/min), scraped 0 items (at 0 items/min)
2021-03-04 19:23:01 [scrapy.extensions.logstats] INFO: Crawled 4367 pages (at 4 pages/min), scraped 0 items (at 0 items/min)
2021-03-04 19:24:05 [scrapy.extensions.logstats] INFO: Crawled 4371 pages (at 4 pages/min), scraped 0 items (at 0 items/min)
2021-03-04 19:25:10 [scrapy.extensions.logstats] INFO: Crawled 4375 pages (at 4 pages/min), scraped 0 items (at 0 items/min)
2021-03-04 19:25:58 [scrapy.extensions.logstats] INFO: Crawled 4379 pages (at 4 pages/min), scraped 0 items (at 0 items/min)
2021-03-04 19:26:58 [scrapy.extensions.logstats] INFO: Crawled 4382 pages (at 3 pages/min), scraped 0 items (at 0 items/min)
2021-03-04 19:28:12 [scrapy.extensions.logstats] INFO: Crawled 4386 pages (at 4 pages/min), scraped 0 items (at 0 items/min)
2021-03-04 19:29:01 [scrapy.extensions.logstats] INFO: Crawled 4389 pages (at 3 pages/min), scraped 0 items (at 0 items/min)
2021-03-04 19:30:09 [scrapy.extensions.logstats] INFO: Crawled 4393 pages (at 4 pages/min), scraped 0 items (at 0 items/min)
2021-03-04 19:31:00 [scrapy.extensions.logstats] INFO: Crawled 4397 pages (at 4 pages/min), scraped 0 items (at 0 items/min)
2021-03-04 19:32:17 [scrapy.extensions.logstats] INFO: Crawled 4399 pages (at 2 pages/min), scraped 0 items (at 0 items/min)
2021-03-04 19:33:11 [scrapy.extensions.logstats] INFO: Crawled 4402 pages (at 3 pages/min), scraped 0 items (at 0 items/min)
2021-03-04 19:34:01 [scrapy.extensions.logstats] INFO: Crawled 4405 pages (at 3 pages/min), scraped 0 items (at 0 items/min)
2021-03-04 19:35:08 [scrapy.extensions.logstats] INFO: Crawled 4409 pages (at 4 pages/min), scraped 0 items (at 0 items/min)
2021-03-04 19:35:59 [scrapy.extensions.logstats] INFO: Crawled 4412 pages (at 3 pages/min), scraped 0 items (at 0 items/min)
2021-03-04 19:37:10 [scrapy.extensions.logstats] INFO: Crawled 4416 pages (at 4 pages/min), scraped 0 items (at 0 items/min)
2021-03-04 19:38:08 [scrapy.extensions.logstats] INFO: Crawled 4420 pages (at 4 pages/min), scraped 0 items (at 0 items/min)
2021-03-04 19:39:06 [scrapy.extensions.logstats] INFO: Crawled 4424 pages (at 4 pages/min), scraped 0 items (at 0 items/min)
2021-03-04 19:40:01 [scrapy.extensions.logstats] INFO: Crawled 4428 pages (at 4 pages/min), scraped 0 items (at 0 items/min)
2021-03-04 19:40:58 [scrapy.extensions.logstats] INFO: Crawled 4432 pages (at 4 pages/min), scraped 0 items (at 0 items/min)
2021-03-04 19:41:59 [scrapy.extensions.logstats] INFO: Crawled 4433 pages (at 1 pages/min), scraped 0 items (at 0 items/min)
2021-03-04 19:43:06 [scrapy.extensions.logstats] INFO: Crawled 4437 pages (at 4 pages/min), scraped 0 items (at 0 items/min)
2021-03-04 19:44:11 [scrapy.extensions.logstats] INFO: Crawled 4441 pages (at 4 pages/min), scraped 0 items (at 0 items/min)
2021-03-04 19:45:07 [scrapy.extensions.logstats] INFO: Crawled 4444 pages (at 3 pages/min), scraped 0 items (at 0 items/min)
2021-03-04 19:45:58 [scrapy.extensions.logstats] INFO: Crawled 4447 pages (at 3 pages/min), scraped 0 items (at 0 items/min)
2021-03-04 19:46:58 [scrapy.extensions.logstats] INFO: Crawled 4451 pages (at 4 pages/min), scraped 0 items (at 0 items/min)
2021-03-04 19:48:03 [scrapy.extensions.logstats] INFO: Crawled 4455 pages (at 4 pages/min), scraped 0 items (at 0 items/min)
2021-03-04 19:49:11 [scrapy.extensions.logstats] INFO: Crawled 4459 pages (at 4 pages/min), scraped 0 items (at 0 items/min)
2021-03-04 19:50:07 [scrapy.extensions.logstats] INFO: Crawled 4462 pages (at 3 pages/min), scraped 0 items (at 0 items/min)
2021-03-04 19:51:04 [scrapy.extensions.logstats] INFO: Crawled 4465 pages (at 3 pages/min), scraped 0 items (at 0 items/min)
2021-03-04 19:52:44 [scrapy.extensions.logstats] INFO: Crawled 4467 pages (at 2 pages/min), scraped 0 items (at 0 items/min)
2021-03-04 19:53:13 [scrapy.extensions.logstats] INFO: Crawled 4467 pages (at 0 pages/min), scraped 0 items (at 0 items/min)
2021-03-04 19:54:11 [scrapy.extensions.logstats] INFO: Crawled 4470 pages (at 3 pages/min), scraped 0 items (at 0 items/min)
2021-03-04 19:55:09 [scrapy.extensions.logstats] INFO: Crawled 4473 pages (at 3 pages/min), scraped 0 items (at 0 items/min)
2021-03-04 19:56:08 [scrapy.extensions.logstats] INFO: Crawled 4476 pages (at 3 pages/min), scraped 0 items (at 0 items/min)
2021-03-04 19:57:09 [scrapy.extensions.logstats] INFO: Crawled 4479 pages (at 3 pages/min), scraped 0 items (at 0 items/min)
2021-03-04 19:58:02 [scrapy.extensions.logstats] INFO: Crawled 4482 pages (at 3 pages/min), scraped 0 items (at 0 items/min)
2021-03-04 19:59:08 [scrapy.extensions.logstats] INFO: Crawled 4486 pages (at 4 pages/min), scraped 0 items (at 0 items/min)
2021-03-04 20:00:05 [scrapy.extensions.logstats] INFO: Crawled 4490 pages (at 4 pages/min), scraped 0 items (at 0 items/min)
2021-03-04 20:00:58 [scrapy.extensions.logstats] INFO: Crawled 4493 pages (at 3 pages/min), scraped 0 items (at 0 items/min)
2021-03-04 20:02:10 [scrapy.extensions.logstats] INFO: Crawled 4497 pages (at 4 pages/min), scraped 0 items (at 0 items/min)
2021-03-04 20:03:01 [scrapy.extensions.logstats] INFO: Crawled 4500 pages (at 3 pages/min), scraped 0 items (at 0 items/min)
2021-03-04 20:04:11 [scrapy.extensions.logstats] INFO: Crawled 4503 pages (at 3 pages/min), scraped 0 items (at 0 items/min)
2021-03-04 20:05:38 [scrapy.extensions.logstats] INFO: Crawled 4505 pages (at 2 pages/min), scraped 0 items (at 0 items/min)
2021-03-04 20:05:58 [scrapy.extensions.logstats] INFO: Crawled 4505 pages (at 0 pages/min), scraped 0 items (at 0 items/min)
2021-03-04 20:06:58 [scrapy.extensions.logstats] INFO: Crawled 4509 pages (at 4 pages/min), scraped 0 items (at 0 items/min)
2021-03-04 20:08:00 [scrapy.extensions.logstats] INFO: Crawled 4511 pages (at 2 pages/min), scraped 0 items (at 0 items/min)
2021-03-04 20:09:02 [scrapy.extensions.logstats] INFO: Crawled 4515 pages (at 4 pages/min), scraped 0 items (at 0 items/min)
2021-03-04 20:10:12 [scrapy.extensions.logstats] INFO: Crawled 4519 pages (at 4 pages/min), scraped 0 items (at 0 items/min)
2021-03-04 20:11:13 [scrapy.extensions.logstats] INFO: Crawled 4522 pages (at 3 pages/min), scraped 0 items (at 0 items/min)
2021-03-04 20:12:07 [scrapy.extensions.logstats] INFO: Crawled 4525 pages (at 3 pages/min), scraped 0 items (at 0 items/min)
2021-03-04 20:13:00 [scrapy.extensions.logstats] INFO: Crawled 4528 pages (at 3 pages/min), scraped 0 items (at 0 items/min)
2021-03-04 20:14:05 [scrapy.extensions.logstats] INFO: Crawled 4532 pages (at 4 pages/min), scraped 0 items (at 0 items/min)
2021-03-04 20:15:00 [scrapy.extensions.logstats] INFO: Crawled 4535 pages (at 3 pages/min), scraped 0 items (at 0 items/min)
2021-03-04 20:15:58 [scrapy.extensions.logstats] INFO: Crawled 4538 pages (at 3 pages/min), scraped 0 items (at 0 items/min)
2021-03-04 20:30:29 [scrapy.extensions.logstats] INFO: Crawled 4540 pages (at 2 pages/min), scraped 0 items (at 0 items/min)
2021-03-04 20:31:03 [scrapy.extensions.logstats] INFO: Crawled 4541 pages (at 1 pages/min), scraped 0 items (at 0 items/min)
2021-03-04 20:32:03 [scrapy.extensions.logstats] INFO: Crawled 4545 pages (at 4 pages/min), scraped 0 items (at 0 items/min)
2021-03-04 20:42:46 [scrapy.extensions.logstats] INFO: Crawled 4546 pages (at 1 pages/min), scraped 0 items (at 0 items/min)
2021-03-05 11:21:37 [scrapy.extensions.logstats] INFO: Crawled 4547 pages (at 1 pages/min), scraped 0 items (at 0 items/min)
2021-03-05 11:22:01 [scrapy.extensions.logstats] INFO: Crawled 4547 pages (at 0 pages/min), scraped 0 items (at 0 items/min)
2021-03-05 11:23:13 [scrapy.extensions.logstats] INFO: Crawled 4551 pages (at 4 pages/min), scraped 0 items (at 0 items/min)
2021-03-05 11:23:59 [scrapy.extensions.logstats] INFO: Crawled 4554 pages (at 3 pages/min), scraped 0 items (at 0 items/min)
2021-03-05 11:25:14 [scrapy.extensions.logstats] INFO: Crawled 4560 pages (at 6 pages/min), scraped 0 items (at 0 items/min)
2021-03-05 11:26:08 [scrapy.extensions.logstats] INFO: Crawled 4562 pages (at 2 pages/min), scraped 0 items (at 0 items/min)
2021-03-05 11:26:58 [scrapy.extensions.logstats] INFO: Crawled 4564 pages (at 2 pages/min), scraped 0 items (at 0 items/min)
2021-03-05 11:27:58 [scrapy.extensions.logstats] INFO: Crawled 4566 pages (at 2 pages/min), scraped 0 items (at 0 items/min)
2021-03-05 11:29:21 [scrapy.extensions.logstats] INFO: Crawled 4569 pages (at 3 pages/min), scraped 0 items (at 0 items/min)
2021-03-05 11:29:58 [scrapy.extensions.logstats] INFO: Crawled 4570 pages (at 1 pages/min), scraped 0 items (at 0 items/min)
2021-03-05 11:30:58 [scrapy.extensions.logstats] INFO: Crawled 4574 pages (at 4 pages/min), scraped 0 items (at 0 items/min)
2021-03-05 11:32:02 [scrapy.extensions.logstats] INFO: Crawled 4579 pages (at 5 pages/min), scraped 0 items (at 0 items/min)
2021-03-05 11:33:02 [scrapy.extensions.logstats] INFO: Crawled 4584 pages (at 5 pages/min), scraped 0 items (at 0 items/min)
2021-03-05 11:34:08 [scrapy.extensions.logstats] INFO: Crawled 4590 pages (at 6 pages/min), scraped 0 items (at 0 items/min)
2021-03-05 11:35:06 [scrapy.extensions.logstats] INFO: Crawled 4595 pages (at 5 pages/min), scraped 0 items (at 0 items/min)
2021-03-05 11:36:00 [scrapy.extensions.logstats] INFO: Crawled 4596 pages (at 1 pages/min), scraped 0 items (at 0 items/min)
2021-03-05 11:37:04 [scrapy.extensions.logstats] INFO: Crawled 4600 pages (at 4 pages/min), scraped 0 items (at 0 items/min)
2021-03-05 11:38:07 [scrapy.extensions.logstats] INFO: Crawled 4604 pages (at 4 pages/min), scraped 0 items (at 0 items/min)
2021-03-05 11:38:59 [scrapy.extensions.logstats] INFO: Crawled 4608 pages (at 4 pages/min), scraped 0 items (at 0 items/min)
2021-03-05 11:40:09 [scrapy.extensions.logstats] INFO: Crawled 4614 pages (at 6 pages/min), scraped 0 items (at 0 items/min)
2021-03-05 11:41:04 [scrapy.extensions.logstats] INFO: Crawled 4617 pages (at 3 pages/min), scraped 0 items (at 0 items/min)
2021-03-05 11:42:04 [scrapy.extensions.logstats] INFO: Crawled 4621 pages (at 4 pages/min), scraped 0 items (at 0 items/min)
2021-03-05 11:42:58 [scrapy.extensions.logstats] INFO: Crawled 4626 pages (at 5 pages/min), scraped 0 items (at 0 items/min)
2021-03-05 11:43:58 [scrapy.extensions.logstats] INFO: Crawled 4630 pages (at 4 pages/min), scraped 0 items (at 0 items/min)
2021-03-05 11:45:04 [scrapy.extensions.logstats] INFO: Crawled 4636 pages (at 6 pages/min), scraped 0 items (at 0 items/min)
2021-03-05 11:46:03 [scrapy.extensions.logstats] INFO: Crawled 4641 pages (at 5 pages/min), scraped 0 items (at 0 items/min)
2021-03-05 11:47:57 [scrapy.extensions.logstats] INFO: Crawled 4644 pages (at 3 pages/min), scraped 0 items (at 0 items/min)
2021-03-05 11:48:08 [scrapy.extensions.logstats] INFO: Crawled 4645 pages (at 1 pages/min), scraped 0 items (at 0 items/min)
2021-03-05 11:49:02 [scrapy.extensions.logstats] INFO: Crawled 4650 pages (at 5 pages/min), scraped 0 items (at 0 items/min)
2021-03-05 11:50:05 [scrapy.extensions.logstats] INFO: Crawled 4656 pages (at 6 pages/min), scraped 0 items (at 0 items/min)
2021-03-05 11:51:05 [scrapy.extensions.logstats] INFO: Crawled 4662 pages (at 6 pages/min), scraped 0 items (at 0 items/min)
2021-03-05 11:52:09 [scrapy.extensions.logstats] INFO: Crawled 4668 pages (at 6 pages/min), scraped 0 items (at 0 items/min)
2021-03-05 11:53:04 [scrapy.extensions.logstats] INFO: Crawled 4675 pages (at 7 pages/min), scraped 0 items (at 0 items/min)
2021-03-05 11:54:01 [scrapy.extensions.logstats] INFO: Crawled 4680 pages (at 5 pages/min), scraped 0 items (at 0 items/min)
2021-03-05 11:54:58 [scrapy.extensions.logstats] INFO: Crawled 4684 pages (at 4 pages/min), scraped 0 items (at 0 items/min)
2021-03-05 11:56:02 [scrapy.extensions.logstats] INFO: Crawled 4690 pages (at 6 pages/min), scraped 0 items (at 0 items/min)
2021-03-05 11:57:08 [scrapy.extensions.logstats] INFO: Crawled 4692 pages (at 2 pages/min), scraped 0 items (at 0 items/min)
2021-03-05 11:58:00 [scrapy.extensions.logstats] INFO: Crawled 4697 pages (at 5 pages/min), scraped 0 items (at 0 items/min)
2021-03-05 11:59:06 [scrapy.extensions.logstats] INFO: Crawled 4704 pages (at 7 pages/min), scraped 0 items (at 0 items/min)
2021-03-05 12:00:06 [scrapy.extensions.logstats] INFO: Crawled 4710 pages (at 6 pages/min), scraped 0 items (at 0 items/min)
2021-03-05 12:01:02 [scrapy.extensions.logstats] INFO: Crawled 4715 pages (at 5 pages/min), scraped 0 items (at 0 items/min)
2021-03-05 12:02:02 [scrapy.extensions.logstats] INFO: Crawled 4721 pages (at 6 pages/min), scraped 0 items (at 0 items/min)
2021-03-05 12:02:59 [scrapy.extensions.logstats] INFO: Crawled 4727 pages (at 6 pages/min), scraped 0 items (at 0 items/min)
2021-03-05 12:03:58 [scrapy.extensions.logstats] INFO: Crawled 4732 pages (at 5 pages/min), scraped 0 items (at 0 items/min)
2021-03-05 12:04:59 [scrapy.extensions.logstats] INFO: Crawled 4738 pages (at 6 pages/min), scraped 0 items (at 0 items/min)
2021-03-05 12:26:33 [scrapy.extensions.logstats] INFO: Crawled 4739 pages (at 1 pages/min), scraped 0 items (at 0 items/min)
2021-03-05 12:27:34 [scrapy.extensions.logstats] INFO: Crawled 4741 pages (at 2 pages/min), scraped 0 items (at 0 items/min)
2021-03-05 12:29:14 [scrapy.extensions.logstats] INFO: Crawled 4741 pages (at 0 pages/min), scraped 0 items (at 0 items/min)
2021-03-05 12:29:58 [scrapy.extensions.logstats] INFO: Crawled 4744 pages (at 3 pages/min), scraped 0 items (at 0 items/min)
2021-03-05 12:31:06 [scrapy.extensions.logstats] INFO: Crawled 4746 pages (at 2 pages/min), scraped 0 items (at 0 items/min)
2021-03-05 12:31:58 [scrapy.extensions.logstats] INFO: Crawled 4749 pages (at 3 pages/min), scraped 0 items (at 0 items/min)
2021-03-05 12:33:07 [scrapy.extensions.logstats] INFO: Crawled 4752 pages (at 3 pages/min), scraped 0 items (at 0 items/min)
2021-03-05 12:34:16 [scrapy.extensions.logstats] INFO: Crawled 4755 pages (at 3 pages/min), scraped 0 items (at 0 items/min)
2021-03-05 12:34:59 [scrapy.extensions.logstats] INFO: Crawled 4757 pages (at 2 pages/min), scraped 0 items (at 0 items/min)
2021-03-05 12:36:55 [scrapy.extensions.logstats] INFO: Crawled 4758 pages (at 1 pages/min), scraped 0 items (at 0 items/min)
2021-03-05 12:36:58 [scrapy.extensions.logstats] INFO: Crawled 4759 pages (at 1 pages/min), scraped 0 items (at 0 items/min)
