2021-03-03 17:29:57 [scrapy.utils.log] INFO: Scrapy 2.1.0 started (bot: ARGUS)
2021-03-03 17:29:57 [scrapy.utils.log] INFO: Versions: lxml 4.6.1.0, libxml2 2.9.10, cssselect 1.1.0, parsel 1.6.0, w3lib 1.22.0, Twisted 20.3.0, Python 3.7.6 | packaged by conda-forge | (default, Dec 26 2019, 23:46:52) - [Clang 9.0.0 (tags/RELEASE_900/final)], pyOpenSSL 19.1.0 (OpenSSL 1.1.1d  10 Sep 2019), cryptography 2.8, Platform Darwin-18.7.0-x86_64-i386-64bit
2021-03-03 17:29:57 [scrapy.crawler] INFO: Overridden settings:
{'AJAXCRAWL_ENABLED': True,
 'BOT_NAME': 'ARGUS',
 'COMPRESSION_ENABLED': False,
 'CONCURRENT_ITEMS': 200,
 'CONCURRENT_REQUESTS': 100,
 'COOKIES_ENABLED': False,
 'DOWNLOAD_MAXSIZE': 10000000,
 'DOWNLOAD_TIMEOUT': 20,
 'LOG_FILE': 'logs/ARGUS/dualspider/b7f409c27c2811ebaf3134363b7bab66.log',
 'LOG_LEVEL': 'INFO',
 'NEWSPIDER_MODULE': 'ARGUS.spiders',
 'REACTOR_THREADPOOL_MAXSIZE': 30,
 'RETRY_ENABLED': False,
 'SPIDER_MODULES': ['ARGUS.spiders']}
2021-03-03 17:29:57 [scrapy.extensions.telnet] INFO: Telnet Password: 47c78826e96673a6
2021-03-03 17:29:57 [py.warnings] WARNING: /Users/parnianshahkar/Downloads/miniconda3/lib/python3.7/site-packages/scrapy/extensions/feedexport.py:210: ScrapyDeprecationWarning: The `FEED_URI` and `FEED_FORMAT` settings have been deprecated in favor of the `FEEDS` setting. Please see the `FEEDS` setting docs for more details
  exporter = cls(crawler)

2021-03-03 17:29:57 [scrapy.middleware] INFO: Enabled extensions:
['scrapy.extensions.corestats.CoreStats',
 'scrapy.extensions.telnet.TelnetConsole',
 'scrapy.extensions.memusage.MemoryUsage',
 'scrapy.extensions.feedexport.FeedExporter',
 'scrapy.extensions.logstats.LogStats']
2021-03-03 17:29:58 [scrapy_fake_useragent.middleware] INFO: Using '<class 'scrapy_fake_useragent.providers.FakeUserAgentProvider'>' as the User-Agent provider
2021-03-03 17:29:58 [scrapy.middleware] INFO: Enabled downloader middlewares:
['scrapy.downloadermiddlewares.httpauth.HttpAuthMiddleware',
 'scrapy.downloadermiddlewares.downloadtimeout.DownloadTimeoutMiddleware',
 'scrapy.downloadermiddlewares.defaultheaders.DefaultHeadersMiddleware',
 'scrapy_fake_useragent.middleware.RandomUserAgentMiddleware',
 'scrapy.downloadermiddlewares.ajaxcrawl.AjaxCrawlMiddleware',
 'scrapy.downloadermiddlewares.redirect.MetaRefreshMiddleware',
 'scrapy.downloadermiddlewares.redirect.RedirectMiddleware',
 'scrapy.downloadermiddlewares.httpproxy.HttpProxyMiddleware',
 'scrapy.downloadermiddlewares.stats.DownloaderStats']
2021-03-03 17:29:58 [scrapy.middleware] INFO: Enabled spider middlewares:
['scrapy.spidermiddlewares.httperror.HttpErrorMiddleware',
 'scrapy.spidermiddlewares.offsite.OffsiteMiddleware',
 'scrapy.spidermiddlewares.referer.RefererMiddleware',
 'scrapy.spidermiddlewares.urllength.UrlLengthMiddleware',
 'scrapy.spidermiddlewares.depth.DepthMiddleware']
2021-03-03 17:29:58 [scrapy.middleware] INFO: Enabled item pipelines:
['ARGUS.pipelines.DualPipeline']
2021-03-03 17:29:58 [scrapy.core.engine] INFO: Spider opened
2021-03-03 17:29:58 [scrapy.extensions.logstats] INFO: Crawled 0 pages (at 0 pages/min), scraped 0 items (at 0 items/min)
2021-03-03 17:29:58 [scrapy.extensions.telnet] INFO: Telnet console listening on 127.0.0.1:6025
2021-03-03 17:30:06 [filelock] INFO: Lock 4790077072 acquired on /Users/parnianshahkar/.cache/python-tldextract/3.7.6.final__miniconda3__c4b0bd__tldextract-3.1.0/publicsuffix.org-tlds/de84b5ca2167d4c83e38fb162f2e8738.tldextract.json.lock
2021-03-03 17:30:06 [filelock] INFO: Lock 4789991440 acquired on /Users/parnianshahkar/.cache/python-tldextract/3.7.6.final__miniconda3__c4b0bd__tldextract-3.1.0/urls/62bf135d1c2f3d4db4228b9ecaf507a2.tldextract.json.lock
2021-03-03 17:30:06 [filelock] INFO: Lock 4789991440 released on /Users/parnianshahkar/.cache/python-tldextract/3.7.6.final__miniconda3__c4b0bd__tldextract-3.1.0/urls/62bf135d1c2f3d4db4228b9ecaf507a2.tldextract.json.lock
2021-03-03 17:30:06 [filelock] INFO: Lock 4790077072 released on /Users/parnianshahkar/.cache/python-tldextract/3.7.6.final__miniconda3__c4b0bd__tldextract-3.1.0/publicsuffix.org-tlds/de84b5ca2167d4c83e38fb162f2e8738.tldextract.json.lock
2021-03-03 17:30:11 [py.warnings] WARNING: /Users/parnianshahkar/Downloads/miniconda3/lib/python3.7/site-packages/scrapy/core/scraper.py:153: UserWarning: The "DualSpider.processURLstack" method is a generator and includes a "return" statement with a value different than None. This could lead to unexpected behaviour. Please see https://docs.python.org/3/reference/simple_stmts.html#the-return-statement for details about the semantics of the "return" statement within generators
  warn_on_generator_with_return_value(spider, request.errback)

2021-03-03 17:30:59 [scrapy.extensions.logstats] INFO: Crawled 13 pages (at 13 pages/min), scraped 0 items (at 0 items/min)
2021-03-03 17:31:58 [scrapy.extensions.logstats] INFO: Crawled 24 pages (at 11 pages/min), scraped 0 items (at 0 items/min)
2021-03-03 17:32:58 [scrapy.extensions.logstats] INFO: Crawled 35 pages (at 11 pages/min), scraped 0 items (at 0 items/min)
2021-03-03 17:34:00 [scrapy.extensions.logstats] INFO: Crawled 48 pages (at 13 pages/min), scraped 0 items (at 0 items/min)
2021-03-03 17:34:59 [scrapy.extensions.logstats] INFO: Crawled 61 pages (at 13 pages/min), scraped 0 items (at 0 items/min)
2021-03-03 17:35:58 [scrapy.extensions.logstats] INFO: Crawled 71 pages (at 10 pages/min), scraped 0 items (at 0 items/min)
2021-03-03 17:36:58 [scrapy.extensions.logstats] INFO: Crawled 82 pages (at 11 pages/min), scraped 0 items (at 0 items/min)
2021-03-03 17:37:58 [scrapy.extensions.logstats] INFO: Crawled 94 pages (at 12 pages/min), scraped 0 items (at 0 items/min)
2021-03-03 17:38:58 [scrapy.extensions.logstats] INFO: Crawled 106 pages (at 12 pages/min), scraped 0 items (at 0 items/min)
2021-03-03 17:39:58 [scrapy.extensions.logstats] INFO: Crawled 118 pages (at 12 pages/min), scraped 0 items (at 0 items/min)
2021-03-03 17:40:58 [scrapy.extensions.logstats] INFO: Crawled 132 pages (at 14 pages/min), scraped 0 items (at 0 items/min)
2021-03-03 17:41:59 [scrapy.extensions.logstats] INFO: Crawled 145 pages (at 13 pages/min), scraped 0 items (at 0 items/min)
2021-03-03 17:43:00 [scrapy.extensions.logstats] INFO: Crawled 159 pages (at 14 pages/min), scraped 0 items (at 0 items/min)
2021-03-03 17:44:00 [scrapy.extensions.logstats] INFO: Crawled 173 pages (at 14 pages/min), scraped 0 items (at 0 items/min)
2021-03-03 17:44:59 [scrapy.extensions.logstats] INFO: Crawled 186 pages (at 13 pages/min), scraped 0 items (at 0 items/min)
2021-03-03 17:45:58 [scrapy.extensions.logstats] INFO: Crawled 199 pages (at 13 pages/min), scraped 0 items (at 0 items/min)
2021-03-03 17:46:59 [scrapy.extensions.logstats] INFO: Crawled 211 pages (at 12 pages/min), scraped 0 items (at 0 items/min)
2021-03-03 17:47:58 [scrapy.extensions.logstats] INFO: Crawled 222 pages (at 11 pages/min), scraped 0 items (at 0 items/min)
2021-03-03 17:48:58 [scrapy.extensions.logstats] INFO: Crawled 233 pages (at 11 pages/min), scraped 0 items (at 0 items/min)
2021-03-03 17:50:00 [scrapy.extensions.logstats] INFO: Crawled 245 pages (at 12 pages/min), scraped 0 items (at 0 items/min)
2021-03-03 17:50:58 [scrapy.extensions.logstats] INFO: Crawled 254 pages (at 9 pages/min), scraped 0 items (at 0 items/min)
2021-03-03 17:51:58 [scrapy.extensions.logstats] INFO: Crawled 264 pages (at 10 pages/min), scraped 0 items (at 0 items/min)
2021-03-03 17:52:58 [scrapy.extensions.logstats] INFO: Crawled 275 pages (at 11 pages/min), scraped 0 items (at 0 items/min)
2021-03-03 17:53:59 [scrapy.extensions.logstats] INFO: Crawled 287 pages (at 12 pages/min), scraped 0 items (at 0 items/min)
2021-03-03 17:54:58 [scrapy.extensions.logstats] INFO: Crawled 297 pages (at 10 pages/min), scraped 0 items (at 0 items/min)
2021-03-03 17:55:58 [scrapy.extensions.logstats] INFO: Crawled 307 pages (at 10 pages/min), scraped 0 items (at 0 items/min)
2021-03-03 17:56:59 [scrapy.extensions.logstats] INFO: Crawled 320 pages (at 13 pages/min), scraped 0 items (at 0 items/min)
2021-03-03 17:57:58 [scrapy.extensions.logstats] INFO: Crawled 332 pages (at 12 pages/min), scraped 0 items (at 0 items/min)
2021-03-03 17:59:00 [scrapy.extensions.logstats] INFO: Crawled 341 pages (at 9 pages/min), scraped 0 items (at 0 items/min)
2021-03-03 17:59:58 [scrapy.extensions.logstats] INFO: Crawled 351 pages (at 10 pages/min), scraped 0 items (at 0 items/min)
2021-03-03 18:01:00 [scrapy.extensions.logstats] INFO: Crawled 361 pages (at 10 pages/min), scraped 0 items (at 0 items/min)
2021-03-03 18:01:59 [scrapy.extensions.logstats] INFO: Crawled 371 pages (at 10 pages/min), scraped 0 items (at 0 items/min)
2021-03-03 18:02:58 [scrapy.extensions.logstats] INFO: Crawled 382 pages (at 11 pages/min), scraped 0 items (at 0 items/min)
2021-03-03 18:03:58 [scrapy.extensions.logstats] INFO: Crawled 393 pages (at 11 pages/min), scraped 0 items (at 0 items/min)
2021-03-03 18:04:58 [scrapy.extensions.logstats] INFO: Crawled 403 pages (at 10 pages/min), scraped 0 items (at 0 items/min)
2021-03-03 18:05:58 [scrapy.extensions.logstats] INFO: Crawled 414 pages (at 11 pages/min), scraped 0 items (at 0 items/min)
2021-03-03 18:06:58 [scrapy.extensions.logstats] INFO: Crawled 425 pages (at 11 pages/min), scraped 0 items (at 0 items/min)
2021-03-03 18:07:58 [scrapy.extensions.logstats] INFO: Crawled 437 pages (at 12 pages/min), scraped 0 items (at 0 items/min)
2021-03-03 18:08:58 [scrapy.extensions.logstats] INFO: Crawled 448 pages (at 11 pages/min), scraped 0 items (at 0 items/min)
2021-03-03 18:09:58 [scrapy.extensions.logstats] INFO: Crawled 461 pages (at 13 pages/min), scraped 0 items (at 0 items/min)
2021-03-03 18:10:58 [scrapy.extensions.logstats] INFO: Crawled 471 pages (at 10 pages/min), scraped 0 items (at 0 items/min)
2021-03-03 18:11:58 [scrapy.extensions.logstats] INFO: Crawled 481 pages (at 10 pages/min), scraped 0 items (at 0 items/min)
2021-03-03 18:12:58 [scrapy.extensions.logstats] INFO: Crawled 488 pages (at 7 pages/min), scraped 0 items (at 0 items/min)
2021-03-03 18:13:58 [scrapy.extensions.logstats] INFO: Crawled 499 pages (at 11 pages/min), scraped 0 items (at 0 items/min)
2021-03-03 18:15:12 [scrapy.extensions.logstats] INFO: Crawled 508 pages (at 9 pages/min), scraped 0 items (at 0 items/min)
2021-03-03 18:15:59 [scrapy.extensions.logstats] INFO: Crawled 518 pages (at 10 pages/min), scraped 0 items (at 0 items/min)
2021-03-03 18:16:58 [scrapy.extensions.logstats] INFO: Crawled 524 pages (at 6 pages/min), scraped 0 items (at 0 items/min)
2021-03-03 18:17:58 [scrapy.extensions.logstats] INFO: Crawled 531 pages (at 7 pages/min), scraped 0 items (at 0 items/min)
2021-03-03 18:19:03 [scrapy.extensions.logstats] INFO: Crawled 537 pages (at 6 pages/min), scraped 0 items (at 0 items/min)
2021-03-03 18:19:59 [scrapy.extensions.logstats] INFO: Crawled 541 pages (at 4 pages/min), scraped 0 items (at 0 items/min)
2021-03-03 18:21:02 [scrapy.extensions.logstats] INFO: Crawled 548 pages (at 7 pages/min), scraped 0 items (at 0 items/min)
2021-03-03 18:22:06 [scrapy.extensions.logstats] INFO: Crawled 554 pages (at 6 pages/min), scraped 0 items (at 0 items/min)
2021-03-03 18:22:58 [scrapy.extensions.logstats] INFO: Crawled 555 pages (at 1 pages/min), scraped 0 items (at 0 items/min)
2021-03-03 18:23:58 [scrapy.extensions.logstats] INFO: Crawled 559 pages (at 4 pages/min), scraped 0 items (at 0 items/min)
2021-03-03 18:25:00 [scrapy.extensions.logstats] INFO: Crawled 564 pages (at 5 pages/min), scraped 0 items (at 0 items/min)
2021-03-03 18:25:58 [scrapy.extensions.logstats] INFO: Crawled 567 pages (at 3 pages/min), scraped 0 items (at 0 items/min)
2021-03-03 18:27:09 [scrapy.extensions.logstats] INFO: Crawled 569 pages (at 2 pages/min), scraped 0 items (at 0 items/min)
2021-03-03 18:27:58 [scrapy.extensions.logstats] INFO: Crawled 570 pages (at 1 pages/min), scraped 0 items (at 0 items/min)
2021-03-03 18:29:07 [scrapy.extensions.logstats] INFO: Crawled 574 pages (at 4 pages/min), scraped 0 items (at 0 items/min)
2021-03-03 18:30:08 [scrapy.extensions.logstats] INFO: Crawled 577 pages (at 3 pages/min), scraped 0 items (at 0 items/min)
2021-03-03 18:31:04 [scrapy.extensions.logstats] INFO: Crawled 579 pages (at 2 pages/min), scraped 0 items (at 0 items/min)
2021-03-03 18:31:58 [scrapy.extensions.logstats] INFO: Crawled 584 pages (at 5 pages/min), scraped 0 items (at 0 items/min)
2021-03-03 18:32:58 [scrapy.extensions.logstats] INFO: Crawled 587 pages (at 3 pages/min), scraped 0 items (at 0 items/min)
2021-03-03 18:33:58 [scrapy.extensions.logstats] INFO: Crawled 590 pages (at 3 pages/min), scraped 0 items (at 0 items/min)
2021-03-03 18:34:58 [scrapy.extensions.logstats] INFO: Crawled 593 pages (at 3 pages/min), scraped 0 items (at 0 items/min)
2021-03-03 18:35:58 [scrapy.extensions.logstats] INFO: Crawled 595 pages (at 2 pages/min), scraped 0 items (at 0 items/min)
2021-03-03 18:36:58 [scrapy.extensions.logstats] INFO: Crawled 600 pages (at 5 pages/min), scraped 0 items (at 0 items/min)
2021-03-03 18:38:00 [scrapy.extensions.logstats] INFO: Crawled 606 pages (at 6 pages/min), scraped 0 items (at 0 items/min)
2021-03-03 18:39:04 [scrapy.extensions.logstats] INFO: Crawled 608 pages (at 2 pages/min), scraped 0 items (at 0 items/min)
2021-03-03 18:39:58 [scrapy.extensions.logstats] INFO: Crawled 609 pages (at 1 pages/min), scraped 0 items (at 0 items/min)
2021-03-03 18:41:09 [scrapy.extensions.logstats] INFO: Crawled 616 pages (at 7 pages/min), scraped 0 items (at 0 items/min)
2021-03-03 18:41:58 [scrapy.extensions.logstats] INFO: Crawled 622 pages (at 6 pages/min), scraped 0 items (at 0 items/min)
2021-03-03 18:43:04 [scrapy.extensions.logstats] INFO: Crawled 629 pages (at 7 pages/min), scraped 0 items (at 0 items/min)
2021-03-03 18:43:58 [scrapy.extensions.logstats] INFO: Crawled 633 pages (at 4 pages/min), scraped 0 items (at 0 items/min)
2021-03-03 18:45:09 [scrapy.extensions.logstats] INFO: Crawled 637 pages (at 4 pages/min), scraped 0 items (at 0 items/min)
2021-03-03 18:46:19 [scrapy.extensions.logstats] INFO: Crawled 639 pages (at 2 pages/min), scraped 0 items (at 0 items/min)
2021-03-03 18:46:58 [scrapy.extensions.logstats] INFO: Crawled 643 pages (at 4 pages/min), scraped 0 items (at 0 items/min)
2021-03-03 18:47:58 [scrapy.extensions.logstats] INFO: Crawled 645 pages (at 2 pages/min), scraped 0 items (at 0 items/min)
2021-03-03 18:49:06 [scrapy.extensions.logstats] INFO: Crawled 647 pages (at 2 pages/min), scraped 0 items (at 0 items/min)
2021-03-03 18:50:17 [scrapy.extensions.logstats] INFO: Crawled 649 pages (at 2 pages/min), scraped 0 items (at 0 items/min)
2021-03-03 18:51:00 [scrapy.extensions.logstats] INFO: Crawled 651 pages (at 2 pages/min), scraped 0 items (at 0 items/min)
2021-03-03 18:51:59 [scrapy.extensions.logstats] INFO: Crawled 653 pages (at 2 pages/min), scraped 0 items (at 0 items/min)
2021-03-03 18:52:58 [scrapy.extensions.logstats] INFO: Crawled 655 pages (at 2 pages/min), scraped 0 items (at 0 items/min)
2021-03-03 18:53:59 [scrapy.extensions.logstats] INFO: Crawled 657 pages (at 2 pages/min), scraped 0 items (at 0 items/min)
2021-03-03 18:54:58 [scrapy.extensions.logstats] INFO: Crawled 664 pages (at 7 pages/min), scraped 0 items (at 0 items/min)
2021-03-03 18:56:13 [scrapy.extensions.logstats] INFO: Crawled 669 pages (at 5 pages/min), scraped 0 items (at 0 items/min)
2021-03-03 18:57:16 [scrapy.extensions.logstats] INFO: Crawled 671 pages (at 2 pages/min), scraped 0 items (at 0 items/min)
2021-03-03 18:58:22 [scrapy.extensions.logstats] INFO: Crawled 675 pages (at 4 pages/min), scraped 0 items (at 0 items/min)
2021-03-03 18:58:58 [scrapy.extensions.logstats] INFO: Crawled 677 pages (at 2 pages/min), scraped 0 items (at 0 items/min)
2021-03-03 19:00:25 [scrapy.extensions.logstats] INFO: Crawled 679 pages (at 2 pages/min), scraped 0 items (at 0 items/min)
2021-03-03 19:00:58 [scrapy.extensions.logstats] INFO: Crawled 681 pages (at 2 pages/min), scraped 0 items (at 0 items/min)
2021-03-03 19:01:58 [scrapy.extensions.logstats] INFO: Crawled 687 pages (at 6 pages/min), scraped 0 items (at 0 items/min)
2021-03-03 19:02:11 [scrapy.core.downloader.handlers.http11] ERROR: Cancelling download of https://www.bmw.de/content/dam/bmw/marketDE/bmw_de/new-vehicles/pdf/BMW_ZK_MPP_PSL_2019_DIN_web_catalog.pdf.asset.1568370532085.pdf: expected response size (10082606) larger than download max size (10000000).
2021-03-03 19:02:58 [scrapy.extensions.logstats] INFO: Crawled 690 pages (at 3 pages/min), scraped 0 items (at 0 items/min)
2021-03-03 19:04:00 [scrapy.extensions.logstats] INFO: Crawled 701 pages (at 11 pages/min), scraped 0 items (at 0 items/min)
2021-03-03 19:05:22 [scrapy.extensions.logstats] INFO: Crawled 711 pages (at 10 pages/min), scraped 0 items (at 0 items/min)
2021-03-03 19:05:41 [root] INFO: undefined: <PDFCIDFont: basefont='BDFJKN+BMWTypeGlobalPro-Bold', cidcoding='Adobe-Identity'>, 39
2021-03-03 19:05:41 [root] INFO: undefined: <PDFCIDFont: basefont='BDFJKN+BMWTypeGlobalPro-Bold', cidcoding='Adobe-Identity'>, 51
2021-03-03 19:05:41 [root] INFO: undefined: <PDFCIDFont: basefont='BDFJKN+BMWTypeGlobalPro-Bold', cidcoding='Adobe-Identity'>, 38
2021-03-03 19:05:41 [root] INFO: undefined: <PDFCIDFont: basefont='BDFJKN+BMWTypeGlobalPro-Bold', cidcoding='Adobe-Identity'>, 54
2021-03-03 19:05:41 [root] INFO: undefined: <PDFCIDFont: basefont='BDFJKN+BMWTypeGlobalPro-Bold', cidcoding='Adobe-Identity'>, 37
2021-03-03 19:05:41 [root] INFO: undefined: <PDFCIDFont: basefont='BDFJKN+BMWTypeGlobalPro-Bold', cidcoding='Adobe-Identity'>, 38
2021-03-03 19:05:41 [root] INFO: undefined: <PDFCIDFont: basefont='BDFJKN+BMWTypeGlobalPro-Bold', cidcoding='Adobe-Identity'>, 1
2021-03-03 19:05:41 [root] INFO: undefined: <PDFCIDFont: basefont='BDFJKN+BMWTypeGlobalPro-Bold', cidcoding='Adobe-Identity'>, 42
2021-03-03 19:05:41 [root] INFO: undefined: <PDFCIDFont: basefont='BDFJKN+BMWTypeGlobalPro-Bold', cidcoding='Adobe-Identity'>, 52
2021-03-03 19:05:41 [root] INFO: undefined: <PDFCIDFont: basefont='BDFJKN+BMWTypeGlobalPro-Bold', cidcoding='Adobe-Identity'>, 53
2021-03-03 19:05:41 [root] INFO: undefined: <PDFCIDFont: basefont='BDFJKN+BMWTypeGlobalPro-Bold', cidcoding='Adobe-Identity'>, 1
2021-03-03 19:05:41 [root] INFO: undefined: <PDFCIDFont: basefont='BDFJKN+BMWTypeGlobalPro-Bold', cidcoding='Adobe-Identity'>, 40
2021-03-03 19:05:41 [root] INFO: undefined: <PDFCIDFont: basefont='BDFJKN+BMWTypeGlobalPro-Bold', cidcoding='Adobe-Identity'>, 51
2021-03-03 19:05:41 [root] INFO: undefined: <PDFCIDFont: basefont='BDFJKN+BMWTypeGlobalPro-Bold', cidcoding='Adobe-Identity'>, 38
2021-03-03 19:05:41 [root] INFO: undefined: <PDFCIDFont: basefont='BDFJKN+BMWTypeGlobalPro-Bold', cidcoding='Adobe-Identity'>, 47
2021-03-03 19:05:41 [root] INFO: undefined: <PDFCIDFont: basefont='BDFJKN+BMWTypeGlobalPro-Bold', cidcoding='Adobe-Identity'>, 59
2021-03-03 19:05:41 [root] INFO: undefined: <PDFCIDFont: basefont='BDFJKN+BMWTypeGlobalPro-Bold', cidcoding='Adobe-Identity'>, 38
2021-03-03 19:05:41 [root] INFO: undefined: <PDFCIDFont: basefont='BDFJKN+BMWTypeGlobalPro-Bold', cidcoding='Adobe-Identity'>, 47
2021-03-03 19:05:41 [root] INFO: undefined: <PDFCIDFont: basefont='BDFJKN+BMWTypeGlobalPro-Bold', cidcoding='Adobe-Identity'>, 45
2021-03-03 19:05:41 [root] INFO: undefined: <PDFCIDFont: basefont='BDFJKN+BMWTypeGlobalPro-Bold', cidcoding='Adobe-Identity'>, 48
2021-03-03 19:05:41 [root] INFO: undefined: <PDFCIDFont: basefont='BDFJKN+BMWTypeGlobalPro-Bold', cidcoding='Adobe-Identity'>, 52
2021-03-03 19:05:41 [root] INFO: undefined: <PDFCIDFont: basefont='BDFJKN+BMWTypeGlobalPro-Bold', cidcoding='Adobe-Identity'>, 38
2021-03-03 19:05:41 [root] INFO: undefined: <PDFCIDFont: basefont='BDFJKN+BMWTypeGlobalPro-Bold', cidcoding='Adobe-Identity'>, 1
2021-03-03 19:05:41 [root] INFO: undefined: <PDFCIDFont: basefont='BDFJKN+BMWTypeGlobalPro-Bold', cidcoding='Adobe-Identity'>, 46
2021-03-03 19:05:41 [root] INFO: undefined: <PDFCIDFont: basefont='BDFJKN+BMWTypeGlobalPro-Bold', cidcoding='Adobe-Identity'>, 48
2021-03-03 19:05:41 [root] INFO: undefined: <PDFCIDFont: basefont='BDFJKN+BMWTypeGlobalPro-Bold', cidcoding='Adobe-Identity'>, 35
2021-03-03 19:05:41 [root] INFO: undefined: <PDFCIDFont: basefont='BDFJKN+BMWTypeGlobalPro-Bold', cidcoding='Adobe-Identity'>, 42
2021-03-03 19:05:41 [root] INFO: undefined: <PDFCIDFont: basefont='BDFJKN+BMWTypeGlobalPro-Bold', cidcoding='Adobe-Identity'>, 45
2021-03-03 19:05:41 [root] INFO: undefined: <PDFCIDFont: basefont='BDFJKN+BMWTypeGlobalPro-Bold', cidcoding='Adobe-Identity'>, 42
2021-03-03 19:05:41 [root] INFO: undefined: <PDFCIDFont: basefont='BDFJKN+BMWTypeGlobalPro-Bold', cidcoding='Adobe-Identity'>, 53
2021-03-03 19:05:41 [root] INFO: undefined: <PDFCIDFont: basefont='BDFJKN+BMWTypeGlobalPro-Bold', cidcoding='Adobe-Identity'>, 132
2021-03-03 19:05:41 [root] INFO: undefined: <PDFCIDFont: basefont='BDFJKN+BMWTypeGlobalPro-Bold', cidcoding='Adobe-Identity'>, 53
2021-03-03 19:05:41 [root] INFO: undefined: <PDFCIDFont: basefont='BDFJKN+BMWTypeGlobalPro-Bold', cidcoding='Adobe-Identity'>, 15
2021-03-03 19:05:41 [root] INFO: undefined: <PDFCIDFont: basefont='BDFJKN+BMWTypeGlobalPro-Bold', cidcoding='Adobe-Identity'>, 39
2021-03-03 19:05:41 [root] INFO: undefined: <PDFCIDFont: basefont='BDFJKN+BMWTypeGlobalPro-Bold', cidcoding='Adobe-Identity'>, 34
2021-03-03 19:05:41 [root] INFO: undefined: <PDFCIDFont: basefont='BDFJKN+BMWTypeGlobalPro-Bold', cidcoding='Adobe-Identity'>, 41
2021-03-03 19:05:41 [root] INFO: undefined: <PDFCIDFont: basefont='BDFJKN+BMWTypeGlobalPro-Bold', cidcoding='Adobe-Identity'>, 51
2021-03-03 19:05:41 [root] INFO: undefined: <PDFCIDFont: basefont='BDFJKN+BMWTypeGlobalPro-Bold', cidcoding='Adobe-Identity'>, 41
2021-03-03 19:05:41 [root] INFO: undefined: <PDFCIDFont: basefont='BDFJKN+BMWTypeGlobalPro-Bold', cidcoding='Adobe-Identity'>, 42
2021-03-03 19:05:41 [root] INFO: undefined: <PDFCIDFont: basefont='BDFJKN+BMWTypeGlobalPro-Bold', cidcoding='Adobe-Identity'>, 45
2021-03-03 19:05:41 [root] INFO: undefined: <PDFCIDFont: basefont='BDFJKN+BMWTypeGlobalPro-Bold', cidcoding='Adobe-Identity'>, 39
2021-03-03 19:05:41 [root] INFO: undefined: <PDFCIDFont: basefont='BDFJKN+BMWTypeGlobalPro-Bold', cidcoding='Adobe-Identity'>, 38
2021-03-03 19:05:41 [root] INFO: undefined: <PDFCIDFont: basefont='BDFJKN+BMWTypeGlobalPro-Bold', cidcoding='Adobe-Identity'>, 47
2021-03-03 19:05:41 [root] INFO: undefined: <PDFCIDFont: basefont='BDFJKN+BMWTypeGlobalPro-Bold', cidcoding='Adobe-Identity'>, 1
2021-03-03 19:05:41 [root] INFO: undefined: <PDFCIDFont: basefont='BDFJKN+BMWTypeGlobalPro-Bold', cidcoding='Adobe-Identity'>, 55
2021-03-03 19:05:41 [root] INFO: undefined: <PDFCIDFont: basefont='BDFJKN+BMWTypeGlobalPro-Bold', cidcoding='Adobe-Identity'>, 48
2021-03-03 19:05:41 [root] INFO: undefined: <PDFCIDFont: basefont='BDFJKN+BMWTypeGlobalPro-Bold', cidcoding='Adobe-Identity'>, 47
2021-03-03 19:05:41 [root] INFO: undefined: <PDFCIDFont: basefont='BDFJKN+BMWTypeGlobalPro-Bold', cidcoding='Adobe-Identity'>, 1
2021-03-03 19:05:41 [root] INFO: undefined: <PDFCIDFont: basefont='BDFJKN+BMWTypeGlobalPro-Bold', cidcoding='Adobe-Identity'>, 35
2021-03-03 19:05:41 [root] INFO: undefined: <PDFCIDFont: basefont='BDFJKN+BMWTypeGlobalPro-Bold', cidcoding='Adobe-Identity'>, 46
2021-03-03 19:05:41 [root] INFO: undefined: <PDFCIDFont: basefont='BDFJKN+BMWTypeGlobalPro-Bold', cidcoding='Adobe-Identity'>, 56
2021-03-03 19:05:41 [root] INFO: undefined: <PDFCIDFont: basefont='BDFJKN+BMWTypeGlobalPro-Bold', cidcoding='Adobe-Identity'>, 15
2021-03-03 19:05:41 [root] INFO: undefined: <PDFCIDFont: basefont='BDFJKN+BMWTypeGlobalPro-Bold', cidcoding='Adobe-Identity'>, 1
2021-03-03 19:05:41 [root] INFO: undefined: <PDFCIDFont: basefont='BDFJKN+BMWTypeGlobalPro-Bold', cidcoding='Adobe-Identity'>, 54
2021-03-03 19:05:41 [root] INFO: undefined: <PDFCIDFont: basefont='BDFJKN+BMWTypeGlobalPro-Bold', cidcoding='Adobe-Identity'>, 47
2021-03-03 19:05:41 [root] INFO: undefined: <PDFCIDFont: basefont='BDFJKN+BMWTypeGlobalPro-Bold', cidcoding='Adobe-Identity'>, 52
2021-03-03 19:05:41 [root] INFO: undefined: <PDFCIDFont: basefont='BDFJKN+BMWTypeGlobalPro-Bold', cidcoding='Adobe-Identity'>, 38
2021-03-03 19:05:41 [root] INFO: undefined: <PDFCIDFont: basefont='BDFJKN+BMWTypeGlobalPro-Bold', cidcoding='Adobe-Identity'>, 51
2021-03-03 19:05:41 [root] INFO: undefined: <PDFCIDFont: basefont='BDFJKN+BMWTypeGlobalPro-Bold', cidcoding='Adobe-Identity'>, 1
2021-03-03 19:05:41 [root] INFO: undefined: <PDFCIDFont: basefont='BDFJKN+BMWTypeGlobalPro-Bold', cidcoding='Adobe-Identity'>, 49
2021-03-03 19:05:41 [root] INFO: undefined: <PDFCIDFont: basefont='BDFJKN+BMWTypeGlobalPro-Bold', cidcoding='Adobe-Identity'>, 51
2021-03-03 19:05:41 [root] INFO: undefined: <PDFCIDFont: basefont='BDFJKN+BMWTypeGlobalPro-Bold', cidcoding='Adobe-Identity'>, 48
2021-03-03 19:05:41 [root] INFO: undefined: <PDFCIDFont: basefont='BDFJKN+BMWTypeGlobalPro-Bold', cidcoding='Adobe-Identity'>, 40
2021-03-03 19:05:41 [root] INFO: undefined: <PDFCIDFont: basefont='BDFJKN+BMWTypeGlobalPro-Bold', cidcoding='Adobe-Identity'>, 51
2021-03-03 19:05:41 [root] INFO: undefined: <PDFCIDFont: basefont='BDFJKN+BMWTypeGlobalPro-Bold', cidcoding='Adobe-Identity'>, 34
2021-03-03 19:05:41 [root] INFO: undefined: <PDFCIDFont: basefont='BDFJKN+BMWTypeGlobalPro-Bold', cidcoding='Adobe-Identity'>, 46
2021-03-03 19:05:41 [root] INFO: undefined: <PDFCIDFont: basefont='BDFJKN+BMWTypeGlobalPro-Bold', cidcoding='Adobe-Identity'>, 46
2021-03-03 19:05:41 [root] INFO: undefined: <PDFCIDFont: basefont='BDFJKN+BMWTypeGlobalPro-Bold', cidcoding='Adobe-Identity'>, 1
2021-03-03 19:05:41 [root] INFO: undefined: <PDFCIDFont: basefont='BDFJKN+BMWTypeGlobalPro-Bold', cidcoding='Adobe-Identity'>, 39
2021-03-03 19:05:41 [root] INFO: undefined: <PDFCIDFont: basefont='BDFJKN+BMWTypeGlobalPro-Bold', cidcoding='Adobe-Identity'>, 156
2021-03-03 19:05:41 [root] INFO: undefined: <PDFCIDFont: basefont='BDFJKN+BMWTypeGlobalPro-Bold', cidcoding='Adobe-Identity'>, 51
2021-03-03 19:05:41 [root] INFO: undefined: <PDFCIDFont: basefont='BDFJKN+BMWTypeGlobalPro-Bold', cidcoding='Adobe-Identity'>, 1
2021-03-03 19:05:41 [root] INFO: undefined: <PDFCIDFont: basefont='BDFJKN+BMWTypeGlobalPro-Bold', cidcoding='Adobe-Identity'>, 39
2021-03-03 19:05:41 [root] INFO: undefined: <PDFCIDFont: basefont='BDFJKN+BMWTypeGlobalPro-Bold', cidcoding='Adobe-Identity'>, 34
2021-03-03 19:05:41 [root] INFO: undefined: <PDFCIDFont: basefont='BDFJKN+BMWTypeGlobalPro-Bold', cidcoding='Adobe-Identity'>, 41
2021-03-03 19:05:41 [root] INFO: undefined: <PDFCIDFont: basefont='BDFJKN+BMWTypeGlobalPro-Bold', cidcoding='Adobe-Identity'>, 51
2021-03-03 19:05:41 [root] INFO: undefined: <PDFCIDFont: basefont='BDFJKN+BMWTypeGlobalPro-Bold', cidcoding='Adobe-Identity'>, 38
2021-03-03 19:05:41 [root] INFO: undefined: <PDFCIDFont: basefont='BDFJKN+BMWTypeGlobalPro-Bold', cidcoding='Adobe-Identity'>, 51
2021-03-03 19:05:41 [root] INFO: undefined: <PDFCIDFont: basefont='BDFJKN+BMWTypeGlobalPro-Bold', cidcoding='Adobe-Identity'>, 1
2021-03-03 19:05:41 [root] INFO: undefined: <PDFCIDFont: basefont='BDFJKN+BMWTypeGlobalPro-Bold', cidcoding='Adobe-Identity'>, 46
2021-03-03 19:05:41 [root] INFO: undefined: <PDFCIDFont: basefont='BDFJKN+BMWTypeGlobalPro-Bold', cidcoding='Adobe-Identity'>, 42
2021-03-03 19:05:41 [root] INFO: undefined: <PDFCIDFont: basefont='BDFJKN+BMWTypeGlobalPro-Bold', cidcoding='Adobe-Identity'>, 53
2021-03-03 19:05:41 [root] INFO: undefined: <PDFCIDFont: basefont='BDFJKN+BMWTypeGlobalPro-Bold', cidcoding='Adobe-Identity'>, 1
2021-03-03 19:05:41 [root] INFO: undefined: <PDFCIDFont: basefont='BDFJKN+BMWTypeGlobalPro-Bold', cidcoding='Adobe-Identity'>, 41
2021-03-03 19:05:41 [root] INFO: undefined: <PDFCIDFont: basefont='BDFJKN+BMWTypeGlobalPro-Bold', cidcoding='Adobe-Identity'>, 34
2021-03-03 19:05:41 [root] INFO: undefined: <PDFCIDFont: basefont='BDFJKN+BMWTypeGlobalPro-Bold', cidcoding='Adobe-Identity'>, 47
2021-03-03 19:05:41 [root] INFO: undefined: <PDFCIDFont: basefont='BDFJKN+BMWTypeGlobalPro-Bold', cidcoding='Adobe-Identity'>, 37
2021-03-03 19:05:41 [root] INFO: undefined: <PDFCIDFont: basefont='BDFJKN+BMWTypeGlobalPro-Bold', cidcoding='Adobe-Identity'>, 42
2021-03-03 19:05:41 [root] INFO: undefined: <PDFCIDFont: basefont='BDFJKN+BMWTypeGlobalPro-Bold', cidcoding='Adobe-Identity'>, 36
2021-03-03 19:05:41 [root] INFO: undefined: <PDFCIDFont: basefont='BDFJKN+BMWTypeGlobalPro-Bold', cidcoding='Adobe-Identity'>, 34
2021-03-03 19:05:41 [root] INFO: undefined: <PDFCIDFont: basefont='BDFJKN+BMWTypeGlobalPro-Bold', cidcoding='Adobe-Identity'>, 49
2021-03-03 19:05:41 [root] INFO: undefined: <PDFCIDFont: basefont='BDFJKN+BMWTypeGlobalPro-Bold', cidcoding='Adobe-Identity'>, 15
2021-03-03 19:05:41 [root] INFO: undefined: <PDFCIDFont: basefont='BDFJKN+BMWTypeGlobalPro-Bold', cidcoding='Adobe-Identity'>, 39
2021-03-03 19:05:41 [root] INFO: undefined: <PDFCIDFont: basefont='BDFJKN+BMWTypeGlobalPro-Bold', cidcoding='Adobe-Identity'>, 83
2021-03-03 19:05:41 [root] INFO: undefined: <PDFCIDFont: basefont='BDFJKN+BMWTypeGlobalPro-Bold', cidcoding='Adobe-Identity'>, 70
2021-03-03 19:05:41 [root] INFO: undefined: <PDFCIDFont: basefont='BDFJKN+BMWTypeGlobalPro-Bold', cidcoding='Adobe-Identity'>, 86
2021-03-03 19:05:41 [root] INFO: undefined: <PDFCIDFont: basefont='BDFJKN+BMWTypeGlobalPro-Bold', cidcoding='Adobe-Identity'>, 69
2021-03-03 19:05:41 [root] INFO: undefined: <PDFCIDFont: basefont='BDFJKN+BMWTypeGlobalPro-Bold', cidcoding='Adobe-Identity'>, 70
2021-03-03 19:05:41 [root] INFO: undefined: <PDFCIDFont: basefont='BDFJKN+BMWTypeGlobalPro-Bold', cidcoding='Adobe-Identity'>, 1
2021-03-03 19:05:41 [root] INFO: undefined: <PDFCIDFont: basefont='BDFJKN+BMWTypeGlobalPro-Bold', cidcoding='Adobe-Identity'>, 66
2021-03-03 19:05:41 [root] INFO: undefined: <PDFCIDFont: basefont='BDFJKN+BMWTypeGlobalPro-Bold', cidcoding='Adobe-Identity'>, 78
2021-03-03 19:05:41 [root] INFO: undefined: <PDFCIDFont: basefont='BDFJKN+BMWTypeGlobalPro-Bold', cidcoding='Adobe-Identity'>, 1
2021-03-03 19:05:41 [root] INFO: undefined: <PDFCIDFont: basefont='BDFJKN+BMWTypeGlobalPro-Bold', cidcoding='Adobe-Identity'>, 39
2021-03-03 19:05:41 [root] INFO: undefined: <PDFCIDFont: basefont='BDFJKN+BMWTypeGlobalPro-Bold', cidcoding='Adobe-Identity'>, 66
2021-03-03 19:05:41 [root] INFO: undefined: <PDFCIDFont: basefont='BDFJKN+BMWTypeGlobalPro-Bold', cidcoding='Adobe-Identity'>, 73
2021-03-03 19:05:41 [root] INFO: undefined: <PDFCIDFont: basefont='BDFJKN+BMWTypeGlobalPro-Bold', cidcoding='Adobe-Identity'>, 83
2021-03-03 19:05:41 [root] INFO: undefined: <PDFCIDFont: basefont='BDFJKN+BMWTypeGlobalPro-Bold', cidcoding='Adobe-Identity'>, 70
2021-03-03 19:05:41 [root] INFO: undefined: <PDFCIDFont: basefont='BDFJKN+BMWTypeGlobalPro-Bold', cidcoding='Adobe-Identity'>, 79
2021-03-03 19:05:41 [root] INFO: undefined: <PDFCIDFont: basefont='BDFJKN+BMWTypeGlobalPro-Bold', cidcoding='Adobe-Identity'>, 39
2021-03-03 19:05:41 [root] INFO: undefined: <PDFCIDFont: basefont='BDFJKN+BMWTypeGlobalPro-Bold', cidcoding='Adobe-Identity'>, 66
2021-03-03 19:05:41 [root] INFO: undefined: <PDFCIDFont: basefont='BDFJKN+BMWTypeGlobalPro-Bold', cidcoding='Adobe-Identity'>, 73
2021-03-03 19:05:41 [root] INFO: undefined: <PDFCIDFont: basefont='BDFJKN+BMWTypeGlobalPro-Bold', cidcoding='Adobe-Identity'>, 83
2021-03-03 19:05:41 [root] INFO: undefined: <PDFCIDFont: basefont='BDFJKN+BMWTypeGlobalPro-Bold', cidcoding='Adobe-Identity'>, 73
2021-03-03 19:05:41 [root] INFO: undefined: <PDFCIDFont: basefont='BDFJKN+BMWTypeGlobalPro-Bold', cidcoding='Adobe-Identity'>, 74
2021-03-03 19:05:41 [root] INFO: undefined: <PDFCIDFont: basefont='BDFJKN+BMWTypeGlobalPro-Bold', cidcoding='Adobe-Identity'>, 77
2021-03-03 19:05:41 [root] INFO: undefined: <PDFCIDFont: basefont='BDFJKN+BMWTypeGlobalPro-Bold', cidcoding='Adobe-Identity'>, 71
2021-03-03 19:05:41 [root] INFO: undefined: <PDFCIDFont: basefont='BDFJKN+BMWTypeGlobalPro-Bold', cidcoding='Adobe-Identity'>, 70
2021-03-03 19:05:41 [root] INFO: undefined: <PDFCIDFont: basefont='BDFJKN+BMWTypeGlobalPro-Bold', cidcoding='Adobe-Identity'>, 79
2021-03-03 19:05:41 [root] INFO: undefined: <PDFCIDFont: basefont='BDFJKN+BMWTypeGlobalPro-Bold', cidcoding='Adobe-Identity'>, 1
2021-03-03 19:05:41 [root] INFO: undefined: <PDFCIDFont: basefont='BDFJKN+BMWTypeGlobalPro-Bold', cidcoding='Adobe-Identity'>, 87
2021-03-03 19:05:41 [root] INFO: undefined: <PDFCIDFont: basefont='BDFJKN+BMWTypeGlobalPro-Bold', cidcoding='Adobe-Identity'>, 80
2021-03-03 19:05:41 [root] INFO: undefined: <PDFCIDFont: basefont='BDFJKN+BMWTypeGlobalPro-Bold', cidcoding='Adobe-Identity'>, 79
2021-03-03 19:05:41 [root] INFO: undefined: <PDFCIDFont: basefont='BDFJKN+BMWTypeGlobalPro-Bold', cidcoding='Adobe-Identity'>, 1
2021-03-03 19:05:41 [root] INFO: undefined: <PDFCIDFont: basefont='BDFJKN+BMWTypeGlobalPro-Bold', cidcoding='Adobe-Identity'>, 35
2021-03-03 19:05:41 [root] INFO: undefined: <PDFCIDFont: basefont='BDFJKN+BMWTypeGlobalPro-Bold', cidcoding='Adobe-Identity'>, 46
2021-03-03 19:05:41 [root] INFO: undefined: <PDFCIDFont: basefont='BDFJKN+BMWTypeGlobalPro-Bold', cidcoding='Adobe-Identity'>, 56
2021-03-03 19:05:41 [root] INFO: undefined: <PDFCIDFont: basefont='BDFJKN+BMWTypeGlobalPro-Bold', cidcoding='Adobe-Identity'>, 88
2021-03-03 19:05:41 [root] INFO: undefined: <PDFCIDFont: basefont='BDFJKN+BMWTypeGlobalPro-Bold', cidcoding='Adobe-Identity'>, 88
2021-03-03 19:05:41 [root] INFO: undefined: <PDFCIDFont: basefont='BDFJKN+BMWTypeGlobalPro-Bold', cidcoding='Adobe-Identity'>, 88
2021-03-03 19:05:41 [root] INFO: undefined: <PDFCIDFont: basefont='BDFJKN+BMWTypeGlobalPro-Bold', cidcoding='Adobe-Identity'>, 15
2021-03-03 19:05:41 [root] INFO: undefined: <PDFCIDFont: basefont='BDFJKN+BMWTypeGlobalPro-Bold', cidcoding='Adobe-Identity'>, 67
2021-03-03 19:05:41 [root] INFO: undefined: <PDFCIDFont: basefont='BDFJKN+BMWTypeGlobalPro-Bold', cidcoding='Adobe-Identity'>, 78
2021-03-03 19:05:41 [root] INFO: undefined: <PDFCIDFont: basefont='BDFJKN+BMWTypeGlobalPro-Bold', cidcoding='Adobe-Identity'>, 88
2021-03-03 19:05:41 [root] INFO: undefined: <PDFCIDFont: basefont='BDFJKN+BMWTypeGlobalPro-Bold', cidcoding='Adobe-Identity'>, 15
2021-03-03 19:05:41 [root] INFO: undefined: <PDFCIDFont: basefont='BDFJKN+BMWTypeGlobalPro-Bold', cidcoding='Adobe-Identity'>, 69
2021-03-03 19:05:41 [root] INFO: undefined: <PDFCIDFont: basefont='BDFJKN+BMWTypeGlobalPro-Bold', cidcoding='Adobe-Identity'>, 70
2021-03-03 19:05:41 [root] INFO: undefined: <PDFCIDFont: basefont='BDFJKN+BMWTypeGlobalPro-Bold', cidcoding='Adobe-Identity'>, 16
2021-03-03 19:05:41 [root] INFO: undefined: <PDFCIDFont: basefont='BDFJKN+BMWTypeGlobalPro-Bold', cidcoding='Adobe-Identity'>, 71
2021-03-03 19:05:41 [root] INFO: undefined: <PDFCIDFont: basefont='BDFJKN+BMWTypeGlobalPro-Bold', cidcoding='Adobe-Identity'>, 66
2021-03-03 19:05:41 [root] INFO: undefined: <PDFCIDFont: basefont='BDFJKN+BMWTypeGlobalPro-Bold', cidcoding='Adobe-Identity'>, 73
2021-03-03 19:05:41 [root] INFO: undefined: <PDFCIDFont: basefont='BDFJKN+BMWTypeGlobalPro-Bold', cidcoding='Adobe-Identity'>, 83
2021-03-03 19:05:41 [root] INFO: undefined: <PDFCIDFont: basefont='BDFJKN+BMWTypeGlobalPro-Bold', cidcoding='Adobe-Identity'>, 73
2021-03-03 19:05:41 [root] INFO: undefined: <PDFCIDFont: basefont='BDFJKN+BMWTypeGlobalPro-Bold', cidcoding='Adobe-Identity'>, 74
2021-03-03 19:05:41 [root] INFO: undefined: <PDFCIDFont: basefont='BDFJKN+BMWTypeGlobalPro-Bold', cidcoding='Adobe-Identity'>, 77
2021-03-03 19:05:41 [root] INFO: undefined: <PDFCIDFont: basefont='BDFJKN+BMWTypeGlobalPro-Bold', cidcoding='Adobe-Identity'>, 71
2021-03-03 19:05:41 [root] INFO: undefined: <PDFCIDFont: basefont='BDFJKN+BMWTypeGlobalPro-Bold', cidcoding='Adobe-Identity'>, 70
2021-03-03 19:05:41 [root] INFO: undefined: <PDFCIDFont: basefont='BDFJKN+BMWTypeGlobalPro-Bold', cidcoding='Adobe-Identity'>, 79
2021-03-03 19:05:58 [scrapy.extensions.logstats] INFO: Crawled 714 pages (at 3 pages/min), scraped 0 items (at 0 items/min)
2021-03-03 19:06:13 [scrapy.core.downloader.handlers.http11] ERROR: Cancelling download of https://www.bmw.de/content/dam/bmw/common/topics/fascination-bmw/bmw-lifestyle-2020/catalogue/BMW_Lifestyle_Catalogue_2020_EAL_web.pdf.asset.1588778477432.pdf: expected response size (16543416) larger than download max size (10000000).
2021-03-03 19:06:59 [scrapy.extensions.logstats] INFO: Crawled 719 pages (at 5 pages/min), scraped 0 items (at 0 items/min)
2021-03-03 19:07:58 [scrapy.extensions.logstats] INFO: Crawled 724 pages (at 5 pages/min), scraped 0 items (at 0 items/min)
2021-03-03 19:09:00 [scrapy.extensions.logstats] INFO: Crawled 728 pages (at 4 pages/min), scraped 0 items (at 0 items/min)
2021-03-03 19:09:52 [root] INFO: undefined: <PDFTrueTypeFont: basefont='CXOYBI+Wingdings'>, 2
2021-03-03 19:09:52 [root] INFO: undefined: <PDFTrueTypeFont: basefont='CXOYBI+Wingdings'>, 2
2021-03-03 19:10:00 [scrapy.extensions.logstats] INFO: Crawled 736 pages (at 8 pages/min), scraped 0 items (at 0 items/min)
2021-03-03 19:10:02 [root] INFO: undefined: <PDFTrueTypeFont: basefont='CXOYBI+Wingdings'>, 2
2021-03-03 19:10:02 [root] INFO: undefined: <PDFTrueTypeFont: basefont='CXOYBI+Wingdings'>, 2
2021-03-03 19:10:30 [scrapy.core.engine] INFO: Closing spider (finished)
2021-03-03 19:10:30 [scrapy.statscollectors] INFO: Dumping Scrapy stats:
{'downloader/exception_count': 2,
 'downloader/exception_type_count/twisted.internet.defer.CancelledError': 2,
 'downloader/request_bytes': 329049,
 'downloader/request_count': 745,
 'downloader/request_method_count/GET': 745,
 'downloader/response_bytes': 1064715674,
 'downloader/response_count': 743,
 'downloader/response_status_count/200': 720,
 'downloader/response_status_count/301': 21,
 'downloader/response_status_count/302': 1,
 'downloader/response_status_count/404': 1,
 'elapsed_time_seconds': 6031.786169,
 'finish_reason': 'finished',
 'finish_time': datetime.datetime(2021, 3, 3, 15, 40, 30, 506169),
 'log_count/ERROR': 2,
 'log_count/INFO': 266,
 'log_count/WARNING': 2,
 'memusage/max': 249069568,
 'memusage/startup': 96653312,
 'request_depth_max': 689,
 'response_received_count': 742,
 'scheduler/dequeued': 745,
 'scheduler/dequeued/memory': 745,
 'scheduler/enqueued': 745,
 'scheduler/enqueued/memory': 745,
 'start_time': datetime.datetime(2021, 3, 3, 13, 59, 58, 720000)}
2021-03-03 19:10:30 [scrapy.core.engine] INFO: Spider closed (finished)
