2021-03-03 17:29:57 [scrapy.utils.log] INFO: Scrapy 2.1.0 started (bot: ARGUS)
2021-03-03 17:29:57 [scrapy.utils.log] INFO: Versions: lxml 4.6.1.0, libxml2 2.9.10, cssselect 1.1.0, parsel 1.6.0, w3lib 1.22.0, Twisted 20.3.0, Python 3.7.6 | packaged by conda-forge | (default, Dec 26 2019, 23:46:52) - [Clang 9.0.0 (tags/RELEASE_900/final)], pyOpenSSL 19.1.0 (OpenSSL 1.1.1d  10 Sep 2019), cryptography 2.8, Platform Darwin-18.7.0-x86_64-i386-64bit
2021-03-03 17:29:57 [scrapy.crawler] INFO: Overridden settings:
{'AJAXCRAWL_ENABLED': True,
 'BOT_NAME': 'ARGUS',
 'COMPRESSION_ENABLED': False,
 'CONCURRENT_ITEMS': 200,
 'CONCURRENT_REQUESTS': 100,
 'COOKIES_ENABLED': False,
 'DOWNLOAD_MAXSIZE': 10000000,
 'DOWNLOAD_TIMEOUT': 20,
 'LOG_FILE': 'logs/ARGUS/dualspider/b808501c7c2811ebaf3134363b7bab66.log',
 'LOG_LEVEL': 'INFO',
 'NEWSPIDER_MODULE': 'ARGUS.spiders',
 'REACTOR_THREADPOOL_MAXSIZE': 30,
 'RETRY_ENABLED': False,
 'SPIDER_MODULES': ['ARGUS.spiders']}
2021-03-03 17:29:57 [scrapy.extensions.telnet] INFO: Telnet Password: 7e095177d0616f0a
2021-03-03 17:29:57 [py.warnings] WARNING: /Users/parnianshahkar/Downloads/miniconda3/lib/python3.7/site-packages/scrapy/extensions/feedexport.py:210: ScrapyDeprecationWarning: The `FEED_URI` and `FEED_FORMAT` settings have been deprecated in favor of the `FEEDS` setting. Please see the `FEEDS` setting docs for more details
  exporter = cls(crawler)

2021-03-03 17:29:57 [scrapy.middleware] INFO: Enabled extensions:
['scrapy.extensions.corestats.CoreStats',
 'scrapy.extensions.telnet.TelnetConsole',
 'scrapy.extensions.memusage.MemoryUsage',
 'scrapy.extensions.feedexport.FeedExporter',
 'scrapy.extensions.logstats.LogStats']
2021-03-03 17:29:58 [scrapy_fake_useragent.middleware] INFO: Using '<class 'scrapy_fake_useragent.providers.FakeUserAgentProvider'>' as the User-Agent provider
2021-03-03 17:29:58 [scrapy.middleware] INFO: Enabled downloader middlewares:
['scrapy.downloadermiddlewares.httpauth.HttpAuthMiddleware',
 'scrapy.downloadermiddlewares.downloadtimeout.DownloadTimeoutMiddleware',
 'scrapy.downloadermiddlewares.defaultheaders.DefaultHeadersMiddleware',
 'scrapy_fake_useragent.middleware.RandomUserAgentMiddleware',
 'scrapy.downloadermiddlewares.ajaxcrawl.AjaxCrawlMiddleware',
 'scrapy.downloadermiddlewares.redirect.MetaRefreshMiddleware',
 'scrapy.downloadermiddlewares.redirect.RedirectMiddleware',
 'scrapy.downloadermiddlewares.httpproxy.HttpProxyMiddleware',
 'scrapy.downloadermiddlewares.stats.DownloaderStats']
2021-03-03 17:29:58 [scrapy.middleware] INFO: Enabled spider middlewares:
['scrapy.spidermiddlewares.httperror.HttpErrorMiddleware',
 'scrapy.spidermiddlewares.offsite.OffsiteMiddleware',
 'scrapy.spidermiddlewares.referer.RefererMiddleware',
 'scrapy.spidermiddlewares.urllength.UrlLengthMiddleware',
 'scrapy.spidermiddlewares.depth.DepthMiddleware']
2021-03-03 17:29:58 [scrapy.middleware] INFO: Enabled item pipelines:
['ARGUS.pipelines.DualPipeline']
2021-03-03 17:29:58 [scrapy.core.engine] INFO: Spider opened
2021-03-03 17:29:58 [scrapy.extensions.logstats] INFO: Crawled 0 pages (at 0 pages/min), scraped 0 items (at 0 items/min)
2021-03-03 17:29:58 [scrapy.extensions.telnet] INFO: Telnet console listening on 127.0.0.1:6026
2021-03-03 17:30:05 [filelock] INFO: Lock 4628783056 acquired on /Users/parnianshahkar/.cache/python-tldextract/3.7.6.final__miniconda3__c4b0bd__tldextract-3.1.0/publicsuffix.org-tlds/de84b5ca2167d4c83e38fb162f2e8738.tldextract.json.lock
2021-03-03 17:30:05 [filelock] INFO: Lock 4628982480 acquired on /Users/parnianshahkar/.cache/python-tldextract/3.7.6.final__miniconda3__c4b0bd__tldextract-3.1.0/urls/62bf135d1c2f3d4db4228b9ecaf507a2.tldextract.json.lock
2021-03-03 17:30:05 [filelock] INFO: Lock 4628982480 released on /Users/parnianshahkar/.cache/python-tldextract/3.7.6.final__miniconda3__c4b0bd__tldextract-3.1.0/urls/62bf135d1c2f3d4db4228b9ecaf507a2.tldextract.json.lock
2021-03-03 17:30:05 [filelock] INFO: Lock 4628783056 released on /Users/parnianshahkar/.cache/python-tldextract/3.7.6.final__miniconda3__c4b0bd__tldextract-3.1.0/publicsuffix.org-tlds/de84b5ca2167d4c83e38fb162f2e8738.tldextract.json.lock
2021-03-03 17:30:07 [py.warnings] WARNING: /Users/parnianshahkar/Downloads/miniconda3/lib/python3.7/site-packages/scrapy/core/scraper.py:153: UserWarning: The "DualSpider.processURLstack" method is a generator and includes a "return" statement with a value different than None. This could lead to unexpected behaviour. Please see https://docs.python.org/3/reference/simple_stmts.html#the-return-statement for details about the semantics of the "return" statement within generators
  warn_on_generator_with_return_value(spider, request.errback)

2021-03-03 17:30:59 [scrapy.extensions.logstats] INFO: Crawled 24 pages (at 24 pages/min), scraped 0 items (at 0 items/min)
2021-03-03 17:31:58 [scrapy.extensions.logstats] INFO: Crawled 47 pages (at 23 pages/min), scraped 0 items (at 0 items/min)
2021-03-03 17:32:58 [scrapy.extensions.logstats] INFO: Crawled 66 pages (at 19 pages/min), scraped 0 items (at 0 items/min)
2021-03-03 17:34:00 [scrapy.extensions.logstats] INFO: Crawled 84 pages (at 18 pages/min), scraped 0 items (at 0 items/min)
2021-03-03 17:35:00 [scrapy.extensions.logstats] INFO: Crawled 106 pages (at 22 pages/min), scraped 0 items (at 0 items/min)
2021-03-03 17:35:58 [scrapy.extensions.logstats] INFO: Crawled 127 pages (at 21 pages/min), scraped 0 items (at 0 items/min)
2021-03-03 17:37:00 [scrapy.extensions.logstats] INFO: Crawled 147 pages (at 20 pages/min), scraped 0 items (at 0 items/min)
2021-03-03 17:37:59 [scrapy.extensions.logstats] INFO: Crawled 167 pages (at 20 pages/min), scraped 0 items (at 0 items/min)
2021-03-03 17:38:58 [scrapy.extensions.logstats] INFO: Crawled 189 pages (at 22 pages/min), scraped 0 items (at 0 items/min)
2021-03-03 17:39:59 [scrapy.extensions.logstats] INFO: Crawled 214 pages (at 25 pages/min), scraped 0 items (at 0 items/min)
2021-03-03 17:40:58 [scrapy.extensions.logstats] INFO: Crawled 237 pages (at 23 pages/min), scraped 0 items (at 0 items/min)
2021-03-03 17:41:58 [scrapy.extensions.logstats] INFO: Crawled 258 pages (at 21 pages/min), scraped 0 items (at 0 items/min)
2021-03-03 17:43:00 [scrapy.extensions.logstats] INFO: Crawled 282 pages (at 24 pages/min), scraped 0 items (at 0 items/min)
2021-03-03 17:43:59 [scrapy.extensions.logstats] INFO: Crawled 305 pages (at 23 pages/min), scraped 0 items (at 0 items/min)
2021-03-03 17:44:59 [scrapy.extensions.logstats] INFO: Crawled 328 pages (at 23 pages/min), scraped 0 items (at 0 items/min)
2021-03-03 17:45:58 [scrapy.extensions.logstats] INFO: Crawled 351 pages (at 23 pages/min), scraped 0 items (at 0 items/min)
2021-03-03 17:47:00 [scrapy.extensions.logstats] INFO: Crawled 374 pages (at 23 pages/min), scraped 0 items (at 0 items/min)
2021-03-03 17:47:59 [scrapy.extensions.logstats] INFO: Crawled 397 pages (at 23 pages/min), scraped 0 items (at 0 items/min)
2021-03-03 17:48:58 [scrapy.extensions.logstats] INFO: Crawled 420 pages (at 23 pages/min), scraped 0 items (at 0 items/min)
2021-03-03 17:49:59 [scrapy.extensions.logstats] INFO: Crawled 444 pages (at 24 pages/min), scraped 0 items (at 0 items/min)
2021-03-03 17:50:58 [scrapy.extensions.logstats] INFO: Crawled 468 pages (at 24 pages/min), scraped 0 items (at 0 items/min)
2021-03-03 17:51:58 [scrapy.extensions.logstats] INFO: Crawled 491 pages (at 23 pages/min), scraped 0 items (at 0 items/min)
2021-03-03 17:52:59 [scrapy.extensions.logstats] INFO: Crawled 515 pages (at 24 pages/min), scraped 0 items (at 0 items/min)
2021-03-03 17:53:58 [scrapy.extensions.logstats] INFO: Crawled 539 pages (at 24 pages/min), scraped 0 items (at 0 items/min)
2021-03-03 17:54:58 [scrapy.extensions.logstats] INFO: Crawled 562 pages (at 23 pages/min), scraped 0 items (at 0 items/min)
2021-03-03 17:56:00 [scrapy.extensions.logstats] INFO: Crawled 586 pages (at 24 pages/min), scraped 0 items (at 0 items/min)
2021-03-03 17:57:01 [scrapy.extensions.logstats] INFO: Crawled 607 pages (at 21 pages/min), scraped 0 items (at 0 items/min)
2021-03-03 17:57:58 [scrapy.extensions.logstats] INFO: Crawled 628 pages (at 21 pages/min), scraped 0 items (at 0 items/min)
2021-03-03 17:59:00 [scrapy.extensions.logstats] INFO: Crawled 652 pages (at 24 pages/min), scraped 0 items (at 0 items/min)
2021-03-03 17:59:58 [scrapy.extensions.logstats] INFO: Crawled 675 pages (at 23 pages/min), scraped 0 items (at 0 items/min)
2021-03-03 18:00:59 [scrapy.extensions.logstats] INFO: Crawled 699 pages (at 24 pages/min), scraped 0 items (at 0 items/min)
2021-03-03 18:01:59 [scrapy.extensions.logstats] INFO: Crawled 721 pages (at 22 pages/min), scraped 0 items (at 0 items/min)
2021-03-03 18:02:58 [scrapy.extensions.logstats] INFO: Crawled 745 pages (at 24 pages/min), scraped 0 items (at 0 items/min)
2021-03-03 18:03:58 [scrapy.extensions.logstats] INFO: Crawled 768 pages (at 23 pages/min), scraped 0 items (at 0 items/min)
2021-03-03 18:05:00 [scrapy.extensions.logstats] INFO: Crawled 789 pages (at 21 pages/min), scraped 0 items (at 0 items/min)
2021-03-03 18:05:58 [scrapy.extensions.logstats] INFO: Crawled 809 pages (at 20 pages/min), scraped 0 items (at 0 items/min)
2021-03-03 18:06:59 [scrapy.extensions.logstats] INFO: Crawled 831 pages (at 22 pages/min), scraped 0 items (at 0 items/min)
2021-03-03 18:08:00 [scrapy.extensions.logstats] INFO: Crawled 853 pages (at 22 pages/min), scraped 0 items (at 0 items/min)
2021-03-03 18:08:59 [scrapy.extensions.logstats] INFO: Crawled 875 pages (at 22 pages/min), scraped 0 items (at 0 items/min)
2021-03-03 18:09:58 [scrapy.extensions.logstats] INFO: Crawled 896 pages (at 21 pages/min), scraped 0 items (at 0 items/min)
2021-03-03 18:10:58 [scrapy.extensions.logstats] INFO: Crawled 919 pages (at 23 pages/min), scraped 0 items (at 0 items/min)
2021-03-03 18:11:58 [scrapy.extensions.logstats] INFO: Crawled 940 pages (at 21 pages/min), scraped 0 items (at 0 items/min)
2021-03-03 18:13:00 [scrapy.extensions.logstats] INFO: Crawled 962 pages (at 22 pages/min), scraped 0 items (at 0 items/min)
2021-03-03 18:13:59 [scrapy.extensions.logstats] INFO: Crawled 984 pages (at 22 pages/min), scraped 0 items (at 0 items/min)
2021-03-03 18:14:59 [scrapy.extensions.logstats] INFO: Crawled 1004 pages (at 20 pages/min), scraped 0 items (at 0 items/min)
2021-03-03 18:16:00 [scrapy.extensions.logstats] INFO: Crawled 1024 pages (at 20 pages/min), scraped 0 items (at 0 items/min)
2021-03-03 18:16:59 [scrapy.extensions.logstats] INFO: Crawled 1039 pages (at 15 pages/min), scraped 0 items (at 0 items/min)
2021-03-03 18:17:59 [scrapy.extensions.logstats] INFO: Crawled 1060 pages (at 21 pages/min), scraped 0 items (at 0 items/min)
2021-03-03 18:19:00 [scrapy.extensions.logstats] INFO: Crawled 1080 pages (at 20 pages/min), scraped 0 items (at 0 items/min)
2021-03-03 18:20:00 [scrapy.extensions.logstats] INFO: Crawled 1101 pages (at 21 pages/min), scraped 0 items (at 0 items/min)
2021-03-03 18:21:00 [scrapy.extensions.logstats] INFO: Crawled 1122 pages (at 21 pages/min), scraped 0 items (at 0 items/min)
2021-03-03 18:22:00 [scrapy.extensions.logstats] INFO: Crawled 1142 pages (at 20 pages/min), scraped 0 items (at 0 items/min)
2021-03-03 18:22:59 [scrapy.extensions.logstats] INFO: Crawled 1162 pages (at 20 pages/min), scraped 0 items (at 0 items/min)
2021-03-03 18:23:59 [scrapy.extensions.logstats] INFO: Crawled 1181 pages (at 19 pages/min), scraped 0 items (at 0 items/min)
2021-03-03 18:24:59 [scrapy.extensions.logstats] INFO: Crawled 1205 pages (at 24 pages/min), scraped 0 items (at 0 items/min)
2021-03-03 18:25:58 [scrapy.extensions.logstats] INFO: Crawled 1233 pages (at 28 pages/min), scraped 0 items (at 0 items/min)
2021-03-03 18:26:58 [scrapy.extensions.logstats] INFO: Crawled 1255 pages (at 22 pages/min), scraped 0 items (at 0 items/min)
2021-03-03 18:28:00 [scrapy.extensions.logstats] INFO: Crawled 1273 pages (at 18 pages/min), scraped 0 items (at 0 items/min)
2021-03-03 18:28:58 [scrapy.extensions.logstats] INFO: Crawled 1292 pages (at 19 pages/min), scraped 0 items (at 0 items/min)
2021-03-03 18:30:00 [scrapy.extensions.logstats] INFO: Crawled 1312 pages (at 20 pages/min), scraped 0 items (at 0 items/min)
2021-03-03 18:30:58 [scrapy.extensions.logstats] INFO: Crawled 1331 pages (at 19 pages/min), scraped 0 items (at 0 items/min)
2021-03-03 18:31:59 [scrapy.extensions.logstats] INFO: Crawled 1349 pages (at 18 pages/min), scraped 0 items (at 0 items/min)
2021-03-03 18:32:59 [scrapy.extensions.logstats] INFO: Crawled 1365 pages (at 16 pages/min), scraped 0 items (at 0 items/min)
2021-03-03 18:33:59 [scrapy.extensions.logstats] INFO: Crawled 1382 pages (at 17 pages/min), scraped 0 items (at 0 items/min)
2021-03-03 18:34:59 [scrapy.extensions.logstats] INFO: Crawled 1399 pages (at 17 pages/min), scraped 0 items (at 0 items/min)
2021-03-03 18:36:00 [scrapy.extensions.logstats] INFO: Crawled 1416 pages (at 17 pages/min), scraped 0 items (at 0 items/min)
2021-03-03 18:36:58 [scrapy.extensions.logstats] INFO: Crawled 1432 pages (at 16 pages/min), scraped 0 items (at 0 items/min)
2021-03-03 18:38:01 [scrapy.extensions.logstats] INFO: Crawled 1452 pages (at 20 pages/min), scraped 0 items (at 0 items/min)
2021-03-03 18:39:00 [scrapy.extensions.logstats] INFO: Crawled 1470 pages (at 18 pages/min), scraped 0 items (at 0 items/min)
2021-03-03 18:39:58 [scrapy.extensions.logstats] INFO: Crawled 1485 pages (at 15 pages/min), scraped 0 items (at 0 items/min)
2021-03-03 18:40:58 [scrapy.extensions.logstats] INFO: Crawled 1498 pages (at 13 pages/min), scraped 0 items (at 0 items/min)
2021-03-03 18:42:00 [scrapy.extensions.logstats] INFO: Crawled 1515 pages (at 17 pages/min), scraped 0 items (at 0 items/min)
2021-03-03 18:42:59 [scrapy.extensions.logstats] INFO: Crawled 1530 pages (at 15 pages/min), scraped 0 items (at 0 items/min)
2021-03-03 18:43:58 [scrapy.extensions.logstats] INFO: Crawled 1546 pages (at 16 pages/min), scraped 0 items (at 0 items/min)
2021-03-03 18:45:01 [scrapy.extensions.logstats] INFO: Crawled 1562 pages (at 16 pages/min), scraped 0 items (at 0 items/min)
2021-03-03 18:45:59 [scrapy.extensions.logstats] INFO: Crawled 1577 pages (at 15 pages/min), scraped 0 items (at 0 items/min)
2021-03-03 18:47:00 [scrapy.extensions.logstats] INFO: Crawled 1592 pages (at 15 pages/min), scraped 0 items (at 0 items/min)
2021-03-03 18:48:00 [scrapy.extensions.logstats] INFO: Crawled 1607 pages (at 15 pages/min), scraped 0 items (at 0 items/min)
2021-03-03 18:48:59 [scrapy.extensions.logstats] INFO: Crawled 1623 pages (at 16 pages/min), scraped 0 items (at 0 items/min)
2021-03-03 18:50:03 [scrapy.extensions.logstats] INFO: Crawled 1639 pages (at 16 pages/min), scraped 0 items (at 0 items/min)
2021-03-03 18:50:59 [scrapy.extensions.logstats] INFO: Crawled 1650 pages (at 11 pages/min), scraped 0 items (at 0 items/min)
2021-03-03 18:52:01 [scrapy.extensions.logstats] INFO: Crawled 1666 pages (at 16 pages/min), scraped 0 items (at 0 items/min)
2021-03-03 18:52:59 [scrapy.extensions.logstats] INFO: Crawled 1683 pages (at 17 pages/min), scraped 0 items (at 0 items/min)
2021-03-03 18:54:00 [scrapy.extensions.logstats] INFO: Crawled 1700 pages (at 17 pages/min), scraped 0 items (at 0 items/min)
2021-03-03 18:54:59 [scrapy.extensions.logstats] INFO: Crawled 1716 pages (at 16 pages/min), scraped 0 items (at 0 items/min)
2021-03-03 18:56:00 [scrapy.extensions.logstats] INFO: Crawled 1732 pages (at 16 pages/min), scraped 0 items (at 0 items/min)
2021-03-03 18:57:02 [scrapy.extensions.logstats] INFO: Crawled 1747 pages (at 15 pages/min), scraped 0 items (at 0 items/min)
2021-03-03 18:58:00 [scrapy.extensions.logstats] INFO: Crawled 1761 pages (at 14 pages/min), scraped 0 items (at 0 items/min)
2021-03-03 18:58:59 [scrapy.extensions.logstats] INFO: Crawled 1776 pages (at 15 pages/min), scraped 0 items (at 0 items/min)
2021-03-03 19:00:01 [scrapy.extensions.logstats] INFO: Crawled 1792 pages (at 16 pages/min), scraped 0 items (at 0 items/min)
2021-03-03 19:01:01 [scrapy.extensions.logstats] INFO: Crawled 1807 pages (at 15 pages/min), scraped 0 items (at 0 items/min)
2021-03-03 19:02:00 [scrapy.extensions.logstats] INFO: Crawled 1823 pages (at 16 pages/min), scraped 0 items (at 0 items/min)
2021-03-03 19:02:59 [scrapy.extensions.logstats] INFO: Crawled 1836 pages (at 13 pages/min), scraped 0 items (at 0 items/min)
2021-03-03 19:03:59 [scrapy.extensions.logstats] INFO: Crawled 1853 pages (at 17 pages/min), scraped 0 items (at 0 items/min)
2021-03-03 19:04:59 [scrapy.extensions.logstats] INFO: Crawled 1868 pages (at 15 pages/min), scraped 0 items (at 0 items/min)
2021-03-03 19:05:59 [scrapy.extensions.logstats] INFO: Crawled 1882 pages (at 14 pages/min), scraped 0 items (at 0 items/min)
2021-03-03 19:07:01 [scrapy.extensions.logstats] INFO: Crawled 1899 pages (at 17 pages/min), scraped 0 items (at 0 items/min)
2021-03-03 19:08:00 [scrapy.extensions.logstats] INFO: Crawled 1914 pages (at 15 pages/min), scraped 0 items (at 0 items/min)
2021-03-03 19:08:59 [scrapy.extensions.logstats] INFO: Crawled 1928 pages (at 14 pages/min), scraped 0 items (at 0 items/min)
2021-03-03 19:09:59 [scrapy.extensions.logstats] INFO: Crawled 1944 pages (at 16 pages/min), scraped 0 items (at 0 items/min)
2021-03-03 19:11:00 [scrapy.extensions.logstats] INFO: Crawled 1960 pages (at 16 pages/min), scraped 0 items (at 0 items/min)
2021-03-03 19:11:59 [scrapy.extensions.logstats] INFO: Crawled 1973 pages (at 13 pages/min), scraped 0 items (at 0 items/min)
2021-03-03 19:13:00 [scrapy.extensions.logstats] INFO: Crawled 1990 pages (at 17 pages/min), scraped 0 items (at 0 items/min)
2021-03-03 19:14:01 [scrapy.extensions.logstats] INFO: Crawled 2002 pages (at 12 pages/min), scraped 0 items (at 0 items/min)
2021-03-03 19:15:01 [scrapy.extensions.logstats] INFO: Crawled 2016 pages (at 14 pages/min), scraped 0 items (at 0 items/min)
2021-03-03 19:16:00 [scrapy.extensions.logstats] INFO: Crawled 2029 pages (at 13 pages/min), scraped 0 items (at 0 items/min)
2021-03-03 19:16:59 [scrapy.extensions.logstats] INFO: Crawled 2045 pages (at 16 pages/min), scraped 0 items (at 0 items/min)
2021-03-03 19:18:07 [scrapy.extensions.logstats] INFO: Crawled 2061 pages (at 16 pages/min), scraped 0 items (at 0 items/min)
2021-03-03 19:19:01 [scrapy.extensions.logstats] INFO: Crawled 2073 pages (at 12 pages/min), scraped 0 items (at 0 items/min)
2021-03-03 19:20:02 [scrapy.extensions.logstats] INFO: Crawled 2088 pages (at 15 pages/min), scraped 0 items (at 0 items/min)
2021-03-03 19:20:59 [scrapy.extensions.logstats] INFO: Crawled 2103 pages (at 15 pages/min), scraped 0 items (at 0 items/min)
2021-03-03 19:21:58 [scrapy.extensions.logstats] INFO: Crawled 2117 pages (at 14 pages/min), scraped 0 items (at 0 items/min)
2021-03-03 19:23:00 [scrapy.extensions.logstats] INFO: Crawled 2131 pages (at 14 pages/min), scraped 0 items (at 0 items/min)
2021-03-03 19:23:59 [scrapy.extensions.logstats] INFO: Crawled 2144 pages (at 13 pages/min), scraped 0 items (at 0 items/min)
2021-03-03 19:24:59 [scrapy.extensions.logstats] INFO: Crawled 2158 pages (at 14 pages/min), scraped 0 items (at 0 items/min)
2021-03-03 19:25:59 [scrapy.extensions.logstats] INFO: Crawled 2173 pages (at 15 pages/min), scraped 0 items (at 0 items/min)
2021-03-03 19:26:58 [scrapy.extensions.logstats] INFO: Crawled 2185 pages (at 12 pages/min), scraped 0 items (at 0 items/min)
2021-03-03 19:28:00 [scrapy.extensions.logstats] INFO: Crawled 2193 pages (at 8 pages/min), scraped 0 items (at 0 items/min)
2021-03-03 19:29:01 [scrapy.extensions.logstats] INFO: Crawled 2200 pages (at 7 pages/min), scraped 0 items (at 0 items/min)
2021-03-03 19:30:03 [scrapy.extensions.logstats] INFO: Crawled 2210 pages (at 10 pages/min), scraped 0 items (at 0 items/min)
2021-03-03 19:31:02 [scrapy.extensions.logstats] INFO: Crawled 2221 pages (at 11 pages/min), scraped 0 items (at 0 items/min)
2021-03-03 19:32:00 [scrapy.extensions.logstats] INFO: Crawled 2228 pages (at 7 pages/min), scraped 0 items (at 0 items/min)
2021-03-03 19:33:03 [scrapy.extensions.logstats] INFO: Crawled 2237 pages (at 9 pages/min), scraped 0 items (at 0 items/min)
2021-03-03 19:34:08 [scrapy.extensions.logstats] INFO: Crawled 2245 pages (at 8 pages/min), scraped 0 items (at 0 items/min)
2021-03-03 19:35:06 [scrapy.extensions.logstats] INFO: Crawled 2254 pages (at 9 pages/min), scraped 0 items (at 0 items/min)
2021-03-03 19:36:02 [scrapy.extensions.logstats] INFO: Crawled 2261 pages (at 7 pages/min), scraped 0 items (at 0 items/min)
2021-03-03 19:37:01 [scrapy.extensions.logstats] INFO: Crawled 2272 pages (at 11 pages/min), scraped 0 items (at 0 items/min)
2021-03-03 19:38:01 [scrapy.extensions.logstats] INFO: Crawled 2283 pages (at 11 pages/min), scraped 0 items (at 0 items/min)
2021-03-03 19:38:58 [scrapy.extensions.logstats] INFO: Crawled 2294 pages (at 11 pages/min), scraped 0 items (at 0 items/min)
2021-03-03 19:39:58 [scrapy.extensions.logstats] INFO: Crawled 2305 pages (at 11 pages/min), scraped 0 items (at 0 items/min)
2021-03-03 19:41:00 [scrapy.extensions.logstats] INFO: Crawled 2320 pages (at 15 pages/min), scraped 0 items (at 0 items/min)
2021-03-03 19:41:59 [scrapy.extensions.logstats] INFO: Crawled 2333 pages (at 13 pages/min), scraped 0 items (at 0 items/min)
2021-03-03 19:43:02 [scrapy.extensions.logstats] INFO: Crawled 2347 pages (at 14 pages/min), scraped 0 items (at 0 items/min)
2021-03-03 19:43:59 [scrapy.extensions.logstats] INFO: Crawled 2360 pages (at 13 pages/min), scraped 0 items (at 0 items/min)
2021-03-03 19:44:58 [scrapy.extensions.logstats] INFO: Crawled 2372 pages (at 12 pages/min), scraped 0 items (at 0 items/min)
2021-03-03 19:45:59 [scrapy.extensions.logstats] INFO: Crawled 2387 pages (at 15 pages/min), scraped 0 items (at 0 items/min)
2021-03-03 19:47:00 [scrapy.extensions.logstats] INFO: Crawled 2400 pages (at 13 pages/min), scraped 0 items (at 0 items/min)
2021-03-03 19:48:00 [scrapy.extensions.logstats] INFO: Crawled 2414 pages (at 14 pages/min), scraped 0 items (at 0 items/min)
2021-03-03 19:48:59 [scrapy.extensions.logstats] INFO: Crawled 2427 pages (at 13 pages/min), scraped 0 items (at 0 items/min)
2021-03-03 19:50:00 [scrapy.extensions.logstats] INFO: Crawled 2439 pages (at 12 pages/min), scraped 0 items (at 0 items/min)
2021-03-03 19:50:58 [scrapy.extensions.logstats] INFO: Crawled 2452 pages (at 13 pages/min), scraped 0 items (at 0 items/min)
2021-03-03 19:51:58 [scrapy.extensions.logstats] INFO: Crawled 2465 pages (at 13 pages/min), scraped 0 items (at 0 items/min)
2021-03-03 19:53:02 [scrapy.extensions.logstats] INFO: Crawled 2479 pages (at 14 pages/min), scraped 0 items (at 0 items/min)
2021-03-03 19:54:00 [scrapy.extensions.logstats] INFO: Crawled 2493 pages (at 14 pages/min), scraped 0 items (at 0 items/min)
2021-03-03 19:55:00 [scrapy.extensions.logstats] INFO: Crawled 2507 pages (at 14 pages/min), scraped 0 items (at 0 items/min)
2021-03-03 19:55:59 [scrapy.extensions.logstats] INFO: Crawled 2519 pages (at 12 pages/min), scraped 0 items (at 0 items/min)
2021-03-03 19:57:01 [scrapy.extensions.logstats] INFO: Crawled 2533 pages (at 14 pages/min), scraped 0 items (at 0 items/min)
2021-03-03 19:58:00 [scrapy.extensions.logstats] INFO: Crawled 2546 pages (at 13 pages/min), scraped 0 items (at 0 items/min)
2021-03-03 19:59:03 [scrapy.extensions.logstats] INFO: Crawled 2559 pages (at 13 pages/min), scraped 0 items (at 0 items/min)
2021-03-03 20:00:03 [scrapy.extensions.logstats] INFO: Crawled 2572 pages (at 13 pages/min), scraped 0 items (at 0 items/min)
2021-03-03 20:00:58 [scrapy.extensions.logstats] INFO: Crawled 2580 pages (at 8 pages/min), scraped 0 items (at 0 items/min)
2021-03-03 20:02:03 [scrapy.extensions.logstats] INFO: Crawled 2593 pages (at 13 pages/min), scraped 0 items (at 0 items/min)
2021-03-03 20:03:04 [scrapy.extensions.logstats] INFO: Crawled 2603 pages (at 10 pages/min), scraped 0 items (at 0 items/min)
2021-03-03 20:03:58 [scrapy.extensions.logstats] INFO: Crawled 2610 pages (at 7 pages/min), scraped 0 items (at 0 items/min)
2021-03-03 20:04:58 [scrapy.extensions.logstats] INFO: Crawled 2619 pages (at 9 pages/min), scraped 0 items (at 0 items/min)
2021-03-03 20:06:00 [scrapy.extensions.logstats] INFO: Crawled 2633 pages (at 14 pages/min), scraped 0 items (at 0 items/min)
2021-03-03 20:07:04 [scrapy.extensions.logstats] INFO: Crawled 2643 pages (at 10 pages/min), scraped 0 items (at 0 items/min)
2021-03-03 20:07:59 [scrapy.extensions.logstats] INFO: Crawled 2652 pages (at 9 pages/min), scraped 0 items (at 0 items/min)
2021-03-03 20:09:02 [scrapy.extensions.logstats] INFO: Crawled 2658 pages (at 6 pages/min), scraped 0 items (at 0 items/min)
2021-03-03 20:10:01 [scrapy.extensions.logstats] INFO: Crawled 2667 pages (at 9 pages/min), scraped 0 items (at 0 items/min)
2021-03-03 20:10:59 [scrapy.extensions.logstats] INFO: Crawled 2677 pages (at 10 pages/min), scraped 0 items (at 0 items/min)
2021-03-03 20:12:03 [scrapy.extensions.logstats] INFO: Crawled 2687 pages (at 10 pages/min), scraped 0 items (at 0 items/min)
2021-03-03 20:13:03 [scrapy.extensions.logstats] INFO: Crawled 2696 pages (at 9 pages/min), scraped 0 items (at 0 items/min)
2021-03-03 20:14:00 [scrapy.extensions.logstats] INFO: Crawled 2704 pages (at 8 pages/min), scraped 0 items (at 0 items/min)
2021-03-03 20:15:04 [scrapy.extensions.logstats] INFO: Crawled 2716 pages (at 12 pages/min), scraped 0 items (at 0 items/min)
2021-03-03 20:15:59 [scrapy.extensions.logstats] INFO: Crawled 2724 pages (at 8 pages/min), scraped 0 items (at 0 items/min)
2021-03-03 20:17:00 [scrapy.extensions.logstats] INFO: Crawled 2732 pages (at 8 pages/min), scraped 0 items (at 0 items/min)
2021-03-03 20:17:58 [scrapy.extensions.logstats] INFO: Crawled 2742 pages (at 10 pages/min), scraped 0 items (at 0 items/min)
2021-03-03 20:19:01 [scrapy.extensions.logstats] INFO: Crawled 2753 pages (at 11 pages/min), scraped 0 items (at 0 items/min)
2021-03-03 20:19:58 [scrapy.extensions.logstats] INFO: Crawled 2766 pages (at 13 pages/min), scraped 0 items (at 0 items/min)
2021-03-03 20:21:01 [scrapy.extensions.logstats] INFO: Crawled 2780 pages (at 14 pages/min), scraped 0 items (at 0 items/min)
2021-03-03 20:22:00 [scrapy.extensions.logstats] INFO: Crawled 2792 pages (at 12 pages/min), scraped 0 items (at 0 items/min)
2021-03-03 20:22:59 [scrapy.extensions.logstats] INFO: Crawled 2803 pages (at 11 pages/min), scraped 0 items (at 0 items/min)
2021-03-03 20:23:59 [scrapy.extensions.logstats] INFO: Crawled 2817 pages (at 14 pages/min), scraped 0 items (at 0 items/min)
2021-03-03 20:25:01 [scrapy.extensions.logstats] INFO: Crawled 2830 pages (at 13 pages/min), scraped 0 items (at 0 items/min)
2021-03-03 20:26:09 [scrapy.extensions.logstats] INFO: Crawled 2843 pages (at 13 pages/min), scraped 0 items (at 0 items/min)
2021-03-03 20:26:58 [scrapy.extensions.logstats] INFO: Crawled 2855 pages (at 12 pages/min), scraped 0 items (at 0 items/min)
2021-03-03 20:27:59 [scrapy.extensions.logstats] INFO: Crawled 2868 pages (at 13 pages/min), scraped 0 items (at 0 items/min)
2021-03-03 20:28:58 [scrapy.extensions.logstats] INFO: Crawled 2880 pages (at 12 pages/min), scraped 0 items (at 0 items/min)
2021-03-03 20:30:00 [scrapy.extensions.logstats] INFO: Crawled 2889 pages (at 9 pages/min), scraped 0 items (at 0 items/min)
2021-03-03 20:30:58 [scrapy.extensions.logstats] INFO: Crawled 2901 pages (at 12 pages/min), scraped 0 items (at 0 items/min)
2021-03-03 20:32:00 [scrapy.extensions.logstats] INFO: Crawled 2914 pages (at 13 pages/min), scraped 0 items (at 0 items/min)
2021-03-03 20:33:00 [scrapy.extensions.logstats] INFO: Crawled 2926 pages (at 12 pages/min), scraped 0 items (at 0 items/min)
2021-03-03 20:34:02 [scrapy.extensions.logstats] INFO: Crawled 2937 pages (at 11 pages/min), scraped 0 items (at 0 items/min)
2021-03-03 20:35:02 [scrapy.extensions.logstats] INFO: Crawled 2948 pages (at 11 pages/min), scraped 0 items (at 0 items/min)
2021-03-03 20:36:03 [scrapy.extensions.logstats] INFO: Crawled 2957 pages (at 9 pages/min), scraped 0 items (at 0 items/min)
2021-03-03 20:36:59 [scrapy.extensions.logstats] INFO: Crawled 2969 pages (at 12 pages/min), scraped 0 items (at 0 items/min)
2021-03-03 20:38:06 [scrapy.extensions.logstats] INFO: Crawled 2981 pages (at 12 pages/min), scraped 0 items (at 0 items/min)
2021-03-03 20:39:00 [scrapy.extensions.logstats] INFO: Crawled 2993 pages (at 12 pages/min), scraped 0 items (at 0 items/min)
2021-03-03 20:39:59 [scrapy.extensions.logstats] INFO: Crawled 3006 pages (at 13 pages/min), scraped 0 items (at 0 items/min)
2021-03-03 20:40:59 [scrapy.extensions.logstats] INFO: Crawled 3018 pages (at 12 pages/min), scraped 0 items (at 0 items/min)
2021-03-03 20:41:59 [scrapy.extensions.logstats] INFO: Crawled 3031 pages (at 13 pages/min), scraped 0 items (at 0 items/min)
2021-03-03 20:43:02 [scrapy.extensions.logstats] INFO: Crawled 3045 pages (at 14 pages/min), scraped 0 items (at 0 items/min)
2021-03-03 20:44:00 [scrapy.extensions.logstats] INFO: Crawled 3054 pages (at 9 pages/min), scraped 0 items (at 0 items/min)
2021-03-03 20:44:58 [scrapy.extensions.logstats] INFO: Crawled 3066 pages (at 12 pages/min), scraped 0 items (at 0 items/min)
2021-03-03 20:46:03 [scrapy.extensions.logstats] INFO: Crawled 3080 pages (at 14 pages/min), scraped 0 items (at 0 items/min)
2021-03-03 20:46:58 [scrapy.extensions.logstats] INFO: Crawled 3090 pages (at 10 pages/min), scraped 0 items (at 0 items/min)
2021-03-03 20:48:04 [scrapy.extensions.logstats] INFO: Crawled 3100 pages (at 10 pages/min), scraped 0 items (at 0 items/min)
2021-03-03 20:48:58 [scrapy.extensions.logstats] INFO: Crawled 3110 pages (at 10 pages/min), scraped 0 items (at 0 items/min)
2021-03-03 20:50:01 [scrapy.extensions.logstats] INFO: Crawled 3123 pages (at 13 pages/min), scraped 0 items (at 0 items/min)
2021-03-03 20:51:00 [scrapy.extensions.logstats] INFO: Crawled 3136 pages (at 13 pages/min), scraped 0 items (at 0 items/min)
2021-03-03 20:52:01 [scrapy.extensions.logstats] INFO: Crawled 3149 pages (at 13 pages/min), scraped 0 items (at 0 items/min)
2021-03-03 20:53:01 [scrapy.extensions.logstats] INFO: Crawled 3162 pages (at 13 pages/min), scraped 0 items (at 0 items/min)
2021-03-03 20:54:01 [scrapy.extensions.logstats] INFO: Crawled 3174 pages (at 12 pages/min), scraped 0 items (at 0 items/min)
2021-03-03 20:55:00 [scrapy.extensions.logstats] INFO: Crawled 3182 pages (at 8 pages/min), scraped 0 items (at 0 items/min)
2021-03-03 20:55:58 [scrapy.extensions.logstats] INFO: Crawled 3194 pages (at 12 pages/min), scraped 0 items (at 0 items/min)
2021-03-03 20:57:03 [scrapy.extensions.logstats] INFO: Crawled 3203 pages (at 9 pages/min), scraped 0 items (at 0 items/min)
2021-03-03 20:58:04 [scrapy.extensions.logstats] INFO: Crawled 3210 pages (at 7 pages/min), scraped 0 items (at 0 items/min)
2021-03-03 20:59:02 [scrapy.extensions.logstats] INFO: Crawled 3219 pages (at 9 pages/min), scraped 0 items (at 0 items/min)
2021-03-03 21:00:16 [scrapy.extensions.logstats] INFO: Crawled 3227 pages (at 8 pages/min), scraped 0 items (at 0 items/min)
2021-03-03 21:01:01 [scrapy.extensions.logstats] INFO: Crawled 3234 pages (at 7 pages/min), scraped 0 items (at 0 items/min)
2021-03-03 21:02:03 [scrapy.extensions.logstats] INFO: Crawled 3244 pages (at 10 pages/min), scraped 0 items (at 0 items/min)
2021-03-03 21:03:00 [scrapy.extensions.logstats] INFO: Crawled 3256 pages (at 12 pages/min), scraped 0 items (at 0 items/min)
2021-03-03 21:04:03 [scrapy.extensions.logstats] INFO: Crawled 3267 pages (at 11 pages/min), scraped 0 items (at 0 items/min)
2021-03-03 21:04:58 [scrapy.extensions.logstats] INFO: Crawled 3275 pages (at 8 pages/min), scraped 0 items (at 0 items/min)
2021-03-03 21:05:59 [scrapy.extensions.logstats] INFO: Crawled 3286 pages (at 11 pages/min), scraped 0 items (at 0 items/min)
2021-03-03 21:07:00 [scrapy.extensions.logstats] INFO: Crawled 3296 pages (at 10 pages/min), scraped 0 items (at 0 items/min)
2021-03-03 21:08:00 [scrapy.extensions.logstats] INFO: Crawled 3306 pages (at 10 pages/min), scraped 0 items (at 0 items/min)
2021-03-03 21:09:01 [scrapy.extensions.logstats] INFO: Crawled 3317 pages (at 11 pages/min), scraped 0 items (at 0 items/min)
2021-03-03 21:10:01 [scrapy.extensions.logstats] INFO: Crawled 3326 pages (at 9 pages/min), scraped 0 items (at 0 items/min)
2021-03-03 21:11:00 [scrapy.extensions.logstats] INFO: Crawled 3337 pages (at 11 pages/min), scraped 0 items (at 0 items/min)
2021-03-03 21:11:58 [scrapy.extensions.logstats] INFO: Crawled 3348 pages (at 11 pages/min), scraped 0 items (at 0 items/min)
2021-03-03 21:13:01 [scrapy.extensions.logstats] INFO: Crawled 3359 pages (at 11 pages/min), scraped 0 items (at 0 items/min)
2021-03-03 21:13:59 [scrapy.extensions.logstats] INFO: Crawled 3369 pages (at 10 pages/min), scraped 0 items (at 0 items/min)
2021-03-03 21:15:00 [scrapy.extensions.logstats] INFO: Crawled 3376 pages (at 7 pages/min), scraped 0 items (at 0 items/min)
2021-03-03 21:15:58 [scrapy.extensions.logstats] INFO: Crawled 3387 pages (at 11 pages/min), scraped 0 items (at 0 items/min)
2021-03-03 21:17:01 [scrapy.extensions.logstats] INFO: Crawled 3398 pages (at 11 pages/min), scraped 0 items (at 0 items/min)
2021-03-03 21:18:02 [scrapy.extensions.logstats] INFO: Crawled 3409 pages (at 11 pages/min), scraped 0 items (at 0 items/min)
2021-03-03 21:19:00 [scrapy.extensions.logstats] INFO: Crawled 3419 pages (at 10 pages/min), scraped 0 items (at 0 items/min)
2021-03-03 21:19:59 [scrapy.extensions.logstats] INFO: Crawled 3426 pages (at 7 pages/min), scraped 0 items (at 0 items/min)
2021-03-03 21:21:00 [scrapy.extensions.logstats] INFO: Crawled 3436 pages (at 10 pages/min), scraped 0 items (at 0 items/min)
2021-03-03 21:22:00 [scrapy.extensions.logstats] INFO: Crawled 3446 pages (at 10 pages/min), scraped 0 items (at 0 items/min)
2021-03-03 21:22:58 [scrapy.extensions.logstats] INFO: Crawled 3456 pages (at 10 pages/min), scraped 0 items (at 0 items/min)
2021-03-03 21:24:02 [scrapy.extensions.logstats] INFO: Crawled 3465 pages (at 9 pages/min), scraped 0 items (at 0 items/min)
2021-03-03 21:25:01 [scrapy.extensions.logstats] INFO: Crawled 3477 pages (at 12 pages/min), scraped 0 items (at 0 items/min)
2021-03-03 21:25:58 [scrapy.extensions.logstats] INFO: Crawled 3487 pages (at 10 pages/min), scraped 0 items (at 0 items/min)
2021-03-03 21:27:02 [scrapy.extensions.logstats] INFO: Crawled 3499 pages (at 12 pages/min), scraped 0 items (at 0 items/min)
2021-03-03 21:28:18 [scrapy.extensions.logstats] INFO: Crawled 3512 pages (at 13 pages/min), scraped 0 items (at 0 items/min)
2021-03-03 21:29:00 [scrapy.extensions.logstats] INFO: Crawled 3520 pages (at 8 pages/min), scraped 0 items (at 0 items/min)
2021-03-03 21:29:59 [scrapy.extensions.logstats] INFO: Crawled 3532 pages (at 12 pages/min), scraped 0 items (at 0 items/min)
2021-03-03 21:30:59 [scrapy.extensions.logstats] INFO: Crawled 3544 pages (at 12 pages/min), scraped 0 items (at 0 items/min)
2021-03-03 21:32:01 [scrapy.extensions.logstats] INFO: Crawled 3556 pages (at 12 pages/min), scraped 0 items (at 0 items/min)
2021-03-03 21:32:59 [scrapy.extensions.logstats] INFO: Crawled 3565 pages (at 9 pages/min), scraped 0 items (at 0 items/min)
2021-03-03 21:34:01 [scrapy.extensions.logstats] INFO: Crawled 3577 pages (at 12 pages/min), scraped 0 items (at 0 items/min)
2021-03-03 21:34:59 [scrapy.extensions.logstats] INFO: Crawled 3589 pages (at 12 pages/min), scraped 0 items (at 0 items/min)
2021-03-03 21:35:59 [scrapy.extensions.logstats] INFO: Crawled 3599 pages (at 10 pages/min), scraped 0 items (at 0 items/min)
2021-03-03 21:37:01 [scrapy.extensions.logstats] INFO: Crawled 3617 pages (at 18 pages/min), scraped 0 items (at 0 items/min)
2021-03-03 21:37:59 [scrapy.extensions.logstats] INFO: Crawled 3635 pages (at 18 pages/min), scraped 0 items (at 0 items/min)
2021-03-03 21:39:01 [scrapy.extensions.logstats] INFO: Crawled 3646 pages (at 11 pages/min), scraped 0 items (at 0 items/min)
2021-03-03 21:40:02 [scrapy.extensions.logstats] INFO: Crawled 3658 pages (at 12 pages/min), scraped 0 items (at 0 items/min)
2021-03-03 21:40:59 [scrapy.extensions.logstats] INFO: Crawled 3669 pages (at 11 pages/min), scraped 0 items (at 0 items/min)
2021-03-03 21:42:00 [scrapy.extensions.logstats] INFO: Crawled 3680 pages (at 11 pages/min), scraped 0 items (at 0 items/min)
2021-03-03 21:43:02 [scrapy.extensions.logstats] INFO: Crawled 3692 pages (at 12 pages/min), scraped 0 items (at 0 items/min)
2021-03-03 21:44:03 [scrapy.extensions.logstats] INFO: Crawled 3700 pages (at 8 pages/min), scraped 0 items (at 0 items/min)
2021-03-03 21:45:02 [scrapy.extensions.logstats] INFO: Crawled 3712 pages (at 12 pages/min), scraped 0 items (at 0 items/min)
2021-03-03 21:46:01 [scrapy.extensions.logstats] INFO: Crawled 3723 pages (at 11 pages/min), scraped 0 items (at 0 items/min)
2021-03-03 21:47:03 [scrapy.extensions.logstats] INFO: Crawled 3735 pages (at 12 pages/min), scraped 0 items (at 0 items/min)
2021-03-03 21:47:58 [scrapy.extensions.logstats] INFO: Crawled 3743 pages (at 8 pages/min), scraped 0 items (at 0 items/min)
2021-03-03 21:49:03 [scrapy.extensions.logstats] INFO: Crawled 3757 pages (at 14 pages/min), scraped 0 items (at 0 items/min)
2021-03-03 21:50:02 [scrapy.extensions.logstats] INFO: Crawled 3768 pages (at 11 pages/min), scraped 0 items (at 0 items/min)
2021-03-03 21:50:59 [scrapy.extensions.logstats] INFO: Crawled 3779 pages (at 11 pages/min), scraped 0 items (at 0 items/min)
2021-03-03 21:52:05 [scrapy.extensions.logstats] INFO: Crawled 3788 pages (at 9 pages/min), scraped 0 items (at 0 items/min)
2021-03-03 21:53:00 [scrapy.extensions.logstats] INFO: Crawled 3798 pages (at 10 pages/min), scraped 0 items (at 0 items/min)
2021-03-03 21:54:03 [scrapy.extensions.logstats] INFO: Crawled 3808 pages (at 10 pages/min), scraped 0 items (at 0 items/min)
2021-03-03 21:54:58 [scrapy.extensions.logstats] INFO: Crawled 3818 pages (at 10 pages/min), scraped 0 items (at 0 items/min)
2021-03-03 21:56:04 [scrapy.extensions.logstats] INFO: Crawled 3829 pages (at 11 pages/min), scraped 0 items (at 0 items/min)
2021-03-03 21:57:01 [scrapy.extensions.logstats] INFO: Crawled 3837 pages (at 8 pages/min), scraped 0 items (at 0 items/min)
2021-03-03 21:58:03 [scrapy.extensions.logstats] INFO: Crawled 3848 pages (at 11 pages/min), scraped 0 items (at 0 items/min)
2021-03-03 21:59:02 [scrapy.extensions.logstats] INFO: Crawled 3858 pages (at 10 pages/min), scraped 0 items (at 0 items/min)
2021-03-03 21:59:58 [scrapy.extensions.logstats] INFO: Crawled 3867 pages (at 9 pages/min), scraped 0 items (at 0 items/min)
2021-03-03 22:01:02 [scrapy.extensions.logstats] INFO: Crawled 3874 pages (at 7 pages/min), scraped 0 items (at 0 items/min)
2021-03-03 22:02:01 [scrapy.extensions.logstats] INFO: Crawled 3881 pages (at 7 pages/min), scraped 0 items (at 0 items/min)
2021-03-03 22:03:02 [scrapy.extensions.logstats] INFO: Crawled 3892 pages (at 11 pages/min), scraped 0 items (at 0 items/min)
2021-03-03 22:03:58 [scrapy.extensions.logstats] INFO: Crawled 3902 pages (at 10 pages/min), scraped 0 items (at 0 items/min)
2021-03-03 22:05:01 [scrapy.extensions.logstats] INFO: Crawled 3913 pages (at 11 pages/min), scraped 0 items (at 0 items/min)
2021-03-03 22:06:01 [scrapy.extensions.logstats] INFO: Crawled 3924 pages (at 11 pages/min), scraped 0 items (at 0 items/min)
2021-03-03 22:06:59 [scrapy.extensions.logstats] INFO: Crawled 3930 pages (at 6 pages/min), scraped 0 items (at 0 items/min)
2021-03-03 22:08:04 [scrapy.extensions.logstats] INFO: Crawled 3941 pages (at 11 pages/min), scraped 0 items (at 0 items/min)
2021-03-03 22:08:59 [scrapy.extensions.logstats] INFO: Crawled 3950 pages (at 9 pages/min), scraped 0 items (at 0 items/min)
2021-03-03 22:10:00 [scrapy.extensions.logstats] INFO: Crawled 3960 pages (at 10 pages/min), scraped 0 items (at 0 items/min)
2021-03-03 22:10:58 [scrapy.extensions.logstats] INFO: Crawled 3971 pages (at 11 pages/min), scraped 0 items (at 0 items/min)
2021-03-03 22:12:01 [scrapy.extensions.logstats] INFO: Crawled 3980 pages (at 9 pages/min), scraped 0 items (at 0 items/min)
2021-03-03 22:13:02 [scrapy.extensions.logstats] INFO: Crawled 3992 pages (at 12 pages/min), scraped 0 items (at 0 items/min)
2021-03-03 22:14:00 [scrapy.extensions.logstats] INFO: Crawled 4002 pages (at 10 pages/min), scraped 0 items (at 0 items/min)
2021-03-03 22:14:59 [scrapy.extensions.logstats] INFO: Crawled 4012 pages (at 10 pages/min), scraped 0 items (at 0 items/min)
2021-03-03 22:16:00 [scrapy.extensions.logstats] INFO: Crawled 4018 pages (at 6 pages/min), scraped 0 items (at 0 items/min)
2021-03-03 22:17:04 [scrapy.extensions.logstats] INFO: Crawled 4028 pages (at 10 pages/min), scraped 0 items (at 0 items/min)
2021-03-03 22:18:02 [scrapy.extensions.logstats] INFO: Crawled 4034 pages (at 6 pages/min), scraped 0 items (at 0 items/min)
2021-03-03 22:19:01 [scrapy.extensions.logstats] INFO: Crawled 4043 pages (at 9 pages/min), scraped 0 items (at 0 items/min)
2021-03-03 22:19:58 [scrapy.extensions.logstats] INFO: Crawled 4048 pages (at 5 pages/min), scraped 0 items (at 0 items/min)
2021-03-03 22:21:00 [scrapy.extensions.logstats] INFO: Crawled 4056 pages (at 8 pages/min), scraped 0 items (at 0 items/min)
2021-03-03 22:21:58 [scrapy.extensions.logstats] INFO: Crawled 4064 pages (at 8 pages/min), scraped 0 items (at 0 items/min)
2021-03-03 22:23:02 [scrapy.extensions.logstats] INFO: Crawled 4074 pages (at 10 pages/min), scraped 0 items (at 0 items/min)
2021-03-03 22:24:02 [scrapy.extensions.logstats] INFO: Crawled 4083 pages (at 9 pages/min), scraped 0 items (at 0 items/min)
2021-03-03 22:25:00 [scrapy.extensions.logstats] INFO: Crawled 4089 pages (at 6 pages/min), scraped 0 items (at 0 items/min)
2021-03-03 22:25:58 [scrapy.extensions.logstats] INFO: Crawled 4099 pages (at 10 pages/min), scraped 0 items (at 0 items/min)
2021-03-03 22:27:02 [scrapy.extensions.logstats] INFO: Crawled 4109 pages (at 10 pages/min), scraped 0 items (at 0 items/min)
2021-03-03 22:27:59 [scrapy.extensions.logstats] INFO: Crawled 4119 pages (at 10 pages/min), scraped 0 items (at 0 items/min)
2021-03-03 22:28:59 [scrapy.extensions.logstats] INFO: Crawled 4129 pages (at 10 pages/min), scraped 0 items (at 0 items/min)
2021-03-03 22:30:03 [scrapy.extensions.logstats] INFO: Crawled 4136 pages (at 7 pages/min), scraped 0 items (at 0 items/min)
2021-03-03 22:30:58 [scrapy.extensions.logstats] INFO: Crawled 4145 pages (at 9 pages/min), scraped 0 items (at 0 items/min)
2021-03-03 22:32:02 [scrapy.extensions.logstats] INFO: Crawled 4156 pages (at 11 pages/min), scraped 0 items (at 0 items/min)
2021-03-03 22:33:00 [scrapy.extensions.logstats] INFO: Crawled 4166 pages (at 10 pages/min), scraped 0 items (at 0 items/min)
2021-03-03 22:34:01 [scrapy.extensions.logstats] INFO: Crawled 4176 pages (at 10 pages/min), scraped 0 items (at 0 items/min)
2021-03-03 22:35:12 [scrapy.extensions.logstats] INFO: Crawled 4184 pages (at 8 pages/min), scraped 0 items (at 0 items/min)
2021-03-03 22:35:59 [scrapy.extensions.logstats] INFO: Crawled 4192 pages (at 8 pages/min), scraped 0 items (at 0 items/min)
2021-03-03 22:37:03 [scrapy.extensions.logstats] INFO: Crawled 4202 pages (at 10 pages/min), scraped 0 items (at 0 items/min)
2021-03-03 22:38:01 [scrapy.extensions.logstats] INFO: Crawled 4212 pages (at 10 pages/min), scraped 0 items (at 0 items/min)
2021-03-03 22:39:03 [scrapy.extensions.logstats] INFO: Crawled 4223 pages (at 11 pages/min), scraped 0 items (at 0 items/min)
2021-03-03 22:40:08 [scrapy.extensions.logstats] INFO: Crawled 4231 pages (at 8 pages/min), scraped 0 items (at 0 items/min)
2021-03-03 22:40:58 [scrapy.extensions.logstats] INFO: Crawled 4240 pages (at 9 pages/min), scraped 0 items (at 0 items/min)
2021-03-03 22:42:00 [scrapy.extensions.logstats] INFO: Crawled 4251 pages (at 11 pages/min), scraped 0 items (at 0 items/min)
2021-03-03 22:43:01 [scrapy.extensions.logstats] INFO: Crawled 4261 pages (at 10 pages/min), scraped 0 items (at 0 items/min)
2021-03-03 22:43:59 [scrapy.extensions.logstats] INFO: Crawled 4270 pages (at 9 pages/min), scraped 0 items (at 0 items/min)
2021-03-03 22:45:16 [scrapy.extensions.logstats] INFO: Crawled 4281 pages (at 11 pages/min), scraped 0 items (at 0 items/min)
2021-03-03 22:45:58 [scrapy.extensions.logstats] INFO: Crawled 4286 pages (at 5 pages/min), scraped 0 items (at 0 items/min)
2021-03-03 22:47:03 [scrapy.extensions.logstats] INFO: Crawled 4297 pages (at 11 pages/min), scraped 0 items (at 0 items/min)
2021-03-03 22:47:59 [scrapy.extensions.logstats] INFO: Crawled 4306 pages (at 9 pages/min), scraped 0 items (at 0 items/min)
2021-03-03 22:49:03 [scrapy.extensions.logstats] INFO: Crawled 4316 pages (at 10 pages/min), scraped 0 items (at 0 items/min)
2021-03-03 22:50:01 [scrapy.extensions.logstats] INFO: Crawled 4321 pages (at 5 pages/min), scraped 0 items (at 0 items/min)
2021-03-03 22:51:03 [scrapy.extensions.logstats] INFO: Crawled 4331 pages (at 10 pages/min), scraped 0 items (at 0 items/min)
2021-03-03 22:52:00 [scrapy.extensions.logstats] INFO: Crawled 4340 pages (at 9 pages/min), scraped 0 items (at 0 items/min)
2021-03-03 22:52:58 [scrapy.extensions.logstats] INFO: Crawled 4349 pages (at 9 pages/min), scraped 0 items (at 0 items/min)
2021-03-03 22:54:02 [scrapy.extensions.logstats] INFO: Crawled 4360 pages (at 11 pages/min), scraped 0 items (at 0 items/min)
2021-03-03 22:55:03 [scrapy.extensions.logstats] INFO: Crawled 4366 pages (at 6 pages/min), scraped 0 items (at 0 items/min)
2021-03-03 22:56:03 [scrapy.extensions.logstats] INFO: Crawled 4376 pages (at 10 pages/min), scraped 0 items (at 0 items/min)
2021-03-03 22:56:59 [scrapy.extensions.logstats] INFO: Crawled 4385 pages (at 9 pages/min), scraped 0 items (at 0 items/min)
2021-03-03 22:58:05 [scrapy.extensions.logstats] INFO: Crawled 4395 pages (at 10 pages/min), scraped 0 items (at 0 items/min)
2021-03-03 22:59:02 [scrapy.extensions.logstats] INFO: Crawled 4400 pages (at 5 pages/min), scraped 0 items (at 0 items/min)
2021-03-03 23:00:02 [scrapy.extensions.logstats] INFO: Crawled 4409 pages (at 9 pages/min), scraped 0 items (at 0 items/min)
2021-03-03 23:00:58 [scrapy.extensions.logstats] INFO: Crawled 4417 pages (at 8 pages/min), scraped 0 items (at 0 items/min)
2021-03-03 23:02:03 [scrapy.extensions.logstats] INFO: Crawled 4427 pages (at 10 pages/min), scraped 0 items (at 0 items/min)
2021-03-03 23:02:58 [scrapy.extensions.logstats] INFO: Crawled 4435 pages (at 8 pages/min), scraped 0 items (at 0 items/min)
2021-03-03 23:04:04 [scrapy.extensions.logstats] INFO: Crawled 4445 pages (at 10 pages/min), scraped 0 items (at 0 items/min)
2021-03-03 23:05:07 [scrapy.extensions.logstats] INFO: Crawled 4451 pages (at 6 pages/min), scraped 0 items (at 0 items/min)
2021-03-03 23:06:04 [scrapy.extensions.logstats] INFO: Crawled 4459 pages (at 8 pages/min), scraped 0 items (at 0 items/min)
2021-03-03 23:07:04 [scrapy.extensions.logstats] INFO: Crawled 4468 pages (at 9 pages/min), scraped 0 items (at 0 items/min)
2021-03-03 23:08:01 [scrapy.extensions.logstats] INFO: Crawled 4476 pages (at 8 pages/min), scraped 0 items (at 0 items/min)
2021-03-03 23:09:01 [scrapy.extensions.logstats] INFO: Crawled 4485 pages (at 9 pages/min), scraped 0 items (at 0 items/min)
2021-03-03 23:10:02 [scrapy.extensions.logstats] INFO: Crawled 4494 pages (at 9 pages/min), scraped 0 items (at 0 items/min)
2021-03-03 23:11:05 [scrapy.extensions.logstats] INFO: Crawled 4499 pages (at 5 pages/min), scraped 0 items (at 0 items/min)
2021-03-03 23:12:02 [scrapy.extensions.logstats] INFO: Crawled 4507 pages (at 8 pages/min), scraped 0 items (at 0 items/min)
2021-03-03 23:13:01 [scrapy.extensions.logstats] INFO: Crawled 4516 pages (at 9 pages/min), scraped 0 items (at 0 items/min)
2021-03-03 23:14:01 [scrapy.extensions.logstats] INFO: Crawled 4525 pages (at 9 pages/min), scraped 0 items (at 0 items/min)
2021-03-03 23:14:58 [scrapy.extensions.logstats] INFO: Crawled 4533 pages (at 8 pages/min), scraped 0 items (at 0 items/min)
2021-03-03 23:15:58 [scrapy.extensions.logstats] INFO: Crawled 4542 pages (at 9 pages/min), scraped 0 items (at 0 items/min)
2021-03-03 23:17:02 [scrapy.extensions.logstats] INFO: Crawled 4547 pages (at 5 pages/min), scraped 0 items (at 0 items/min)
2021-03-03 23:17:59 [scrapy.extensions.logstats] INFO: Crawled 4556 pages (at 9 pages/min), scraped 0 items (at 0 items/min)
2021-03-03 23:18:59 [scrapy.extensions.logstats] INFO: Crawled 4566 pages (at 10 pages/min), scraped 0 items (at 0 items/min)
2021-03-03 23:20:03 [scrapy.extensions.logstats] INFO: Crawled 4575 pages (at 9 pages/min), scraped 0 items (at 0 items/min)
2021-03-03 23:21:04 [scrapy.extensions.logstats] INFO: Crawled 4583 pages (at 8 pages/min), scraped 0 items (at 0 items/min)
2021-03-03 23:22:01 [scrapy.extensions.logstats] INFO: Crawled 4590 pages (at 7 pages/min), scraped 0 items (at 0 items/min)
2021-03-03 23:23:28 [scrapy.extensions.logstats] INFO: Crawled 4596 pages (at 6 pages/min), scraped 0 items (at 0 items/min)
2021-03-03 23:23:58 [scrapy.extensions.logstats] INFO: Crawled 4600 pages (at 4 pages/min), scraped 0 items (at 0 items/min)
2021-03-03 23:25:03 [scrapy.extensions.logstats] INFO: Crawled 4607 pages (at 7 pages/min), scraped 0 items (at 0 items/min)
2021-03-03 23:26:07 [scrapy.extensions.logstats] INFO: Crawled 4614 pages (at 7 pages/min), scraped 0 items (at 0 items/min)
2021-03-03 23:27:04 [scrapy.extensions.logstats] INFO: Crawled 4621 pages (at 7 pages/min), scraped 0 items (at 0 items/min)
2021-03-03 23:28:22 [scrapy.extensions.logstats] INFO: Crawled 4627 pages (at 6 pages/min), scraped 0 items (at 0 items/min)
2021-03-03 23:29:04 [scrapy.extensions.logstats] INFO: Crawled 4632 pages (at 5 pages/min), scraped 0 items (at 0 items/min)
2021-03-03 23:30:04 [scrapy.extensions.logstats] INFO: Crawled 4639 pages (at 7 pages/min), scraped 0 items (at 0 items/min)
2021-03-03 23:31:04 [scrapy.extensions.logstats] INFO: Crawled 4647 pages (at 8 pages/min), scraped 0 items (at 0 items/min)
2021-03-03 23:32:04 [scrapy.extensions.logstats] INFO: Crawled 4655 pages (at 8 pages/min), scraped 0 items (at 0 items/min)
2021-03-03 23:32:59 [scrapy.extensions.logstats] INFO: Crawled 4662 pages (at 7 pages/min), scraped 0 items (at 0 items/min)
2021-03-03 23:34:01 [scrapy.extensions.logstats] INFO: Crawled 4667 pages (at 5 pages/min), scraped 0 items (at 0 items/min)
2021-03-03 23:35:00 [scrapy.extensions.logstats] INFO: Crawled 4673 pages (at 6 pages/min), scraped 0 items (at 0 items/min)
2021-03-03 23:36:00 [scrapy.extensions.logstats] INFO: Crawled 4680 pages (at 7 pages/min), scraped 0 items (at 0 items/min)
2021-03-03 23:37:02 [scrapy.extensions.logstats] INFO: Crawled 4687 pages (at 7 pages/min), scraped 0 items (at 0 items/min)
2021-03-03 23:38:03 [scrapy.extensions.logstats] INFO: Crawled 4694 pages (at 7 pages/min), scraped 0 items (at 0 items/min)
2021-03-03 23:39:03 [scrapy.extensions.logstats] INFO: Crawled 4700 pages (at 6 pages/min), scraped 0 items (at 0 items/min)
2021-03-03 23:39:59 [scrapy.extensions.logstats] INFO: Crawled 4707 pages (at 7 pages/min), scraped 0 items (at 0 items/min)
2021-03-03 23:40:58 [scrapy.extensions.logstats] INFO: Crawled 4711 pages (at 4 pages/min), scraped 0 items (at 0 items/min)
2021-03-03 23:41:59 [scrapy.extensions.logstats] INFO: Crawled 4718 pages (at 7 pages/min), scraped 0 items (at 0 items/min)
2021-03-03 23:42:59 [scrapy.extensions.logstats] INFO: Crawled 4725 pages (at 7 pages/min), scraped 0 items (at 0 items/min)
2021-03-03 23:44:01 [scrapy.extensions.logstats] INFO: Crawled 4732 pages (at 7 pages/min), scraped 0 items (at 0 items/min)
2021-03-03 23:45:05 [scrapy.extensions.logstats] INFO: Crawled 4739 pages (at 7 pages/min), scraped 0 items (at 0 items/min)
2021-03-03 23:45:58 [scrapy.extensions.logstats] INFO: Crawled 4745 pages (at 6 pages/min), scraped 0 items (at 0 items/min)
2021-03-03 23:47:06 [scrapy.extensions.logstats] INFO: Crawled 4752 pages (at 7 pages/min), scraped 0 items (at 0 items/min)
2021-03-03 23:48:04 [scrapy.extensions.logstats] INFO: Crawled 4759 pages (at 7 pages/min), scraped 0 items (at 0 items/min)
2021-03-03 23:49:03 [scrapy.extensions.logstats] INFO: Crawled 4762 pages (at 3 pages/min), scraped 0 items (at 0 items/min)
2021-03-03 23:50:02 [scrapy.extensions.logstats] INFO: Crawled 4769 pages (at 7 pages/min), scraped 0 items (at 0 items/min)
2021-03-03 23:51:02 [scrapy.extensions.logstats] INFO: Crawled 4776 pages (at 7 pages/min), scraped 0 items (at 0 items/min)
2021-03-03 23:52:03 [scrapy.extensions.logstats] INFO: Crawled 4783 pages (at 7 pages/min), scraped 0 items (at 0 items/min)
2021-03-03 23:53:00 [scrapy.extensions.logstats] INFO: Crawled 4788 pages (at 5 pages/min), scraped 0 items (at 0 items/min)
2021-03-03 23:54:00 [scrapy.extensions.logstats] INFO: Crawled 4795 pages (at 7 pages/min), scraped 0 items (at 0 items/min)
2021-03-03 23:55:04 [scrapy.extensions.logstats] INFO: Crawled 4802 pages (at 7 pages/min), scraped 0 items (at 0 items/min)
2021-03-03 23:56:02 [scrapy.extensions.logstats] INFO: Crawled 4807 pages (at 5 pages/min), scraped 0 items (at 0 items/min)
2021-03-03 23:57:05 [scrapy.extensions.logstats] INFO: Crawled 4809 pages (at 2 pages/min), scraped 0 items (at 0 items/min)
2021-03-03 23:58:07 [scrapy.extensions.logstats] INFO: Crawled 4814 pages (at 5 pages/min), scraped 0 items (at 0 items/min)
2021-03-03 23:59:02 [scrapy.extensions.logstats] INFO: Crawled 4818 pages (at 4 pages/min), scraped 0 items (at 0 items/min)
2021-03-04 00:00:09 [scrapy.extensions.logstats] INFO: Crawled 4823 pages (at 5 pages/min), scraped 0 items (at 0 items/min)
2021-03-04 00:01:06 [scrapy.extensions.logstats] INFO: Crawled 4828 pages (at 5 pages/min), scraped 0 items (at 0 items/min)
2021-03-04 00:02:07 [scrapy.extensions.logstats] INFO: Crawled 4834 pages (at 6 pages/min), scraped 0 items (at 0 items/min)
2021-03-04 00:03:05 [scrapy.extensions.logstats] INFO: Crawled 4840 pages (at 6 pages/min), scraped 0 items (at 0 items/min)
2021-03-04 00:03:58 [scrapy.extensions.logstats] INFO: Crawled 4846 pages (at 6 pages/min), scraped 0 items (at 0 items/min)
2021-03-04 00:05:00 [scrapy.extensions.logstats] INFO: Crawled 4853 pages (at 7 pages/min), scraped 0 items (at 0 items/min)
2021-03-04 00:06:23 [scrapy.extensions.logstats] INFO: Crawled 4856 pages (at 3 pages/min), scraped 0 items (at 0 items/min)
2021-03-04 00:07:05 [scrapy.extensions.logstats] INFO: Crawled 4860 pages (at 4 pages/min), scraped 0 items (at 0 items/min)
2021-03-04 00:07:59 [scrapy.extensions.logstats] INFO: Crawled 4866 pages (at 6 pages/min), scraped 0 items (at 0 items/min)
2021-03-04 00:09:05 [scrapy.extensions.logstats] INFO: Crawled 4873 pages (at 7 pages/min), scraped 0 items (at 0 items/min)
2021-03-04 00:10:06 [scrapy.extensions.logstats] INFO: Crawled 4879 pages (at 6 pages/min), scraped 0 items (at 0 items/min)
2021-03-04 00:10:58 [scrapy.extensions.logstats] INFO: Crawled 4884 pages (at 5 pages/min), scraped 0 items (at 0 items/min)
2021-03-04 00:11:58 [scrapy.extensions.logstats] INFO: Crawled 4890 pages (at 6 pages/min), scraped 0 items (at 0 items/min)
2021-03-04 00:13:00 [scrapy.extensions.logstats] INFO: Crawled 4895 pages (at 5 pages/min), scraped 0 items (at 0 items/min)
2021-03-04 00:13:59 [scrapy.extensions.logstats] INFO: Crawled 4898 pages (at 3 pages/min), scraped 0 items (at 0 items/min)
2021-03-04 00:15:10 [scrapy.extensions.logstats] INFO: Crawled 4903 pages (at 5 pages/min), scraped 0 items (at 0 items/min)
2021-03-04 00:16:09 [scrapy.extensions.logstats] INFO: Crawled 4907 pages (at 4 pages/min), scraped 0 items (at 0 items/min)
2021-03-04 00:16:59 [scrapy.extensions.logstats] INFO: Crawled 4908 pages (at 1 pages/min), scraped 0 items (at 0 items/min)
2021-03-04 00:17:59 [scrapy.extensions.logstats] INFO: Crawled 4911 pages (at 3 pages/min), scraped 0 items (at 0 items/min)
2021-03-04 00:18:58 [scrapy.extensions.logstats] INFO: Crawled 4916 pages (at 5 pages/min), scraped 0 items (at 0 items/min)
2021-03-04 00:19:58 [scrapy.extensions.logstats] INFO: Crawled 4921 pages (at 5 pages/min), scraped 0 items (at 0 items/min)
2021-03-04 00:21:07 [scrapy.extensions.logstats] INFO: Crawled 4926 pages (at 5 pages/min), scraped 0 items (at 0 items/min)
2021-03-04 00:22:02 [scrapy.extensions.logstats] INFO: Crawled 4932 pages (at 6 pages/min), scraped 0 items (at 0 items/min)
2021-03-04 00:23:05 [scrapy.extensions.logstats] INFO: Crawled 4939 pages (at 7 pages/min), scraped 0 items (at 0 items/min)
2021-03-04 00:24:00 [scrapy.extensions.logstats] INFO: Crawled 4945 pages (at 6 pages/min), scraped 0 items (at 0 items/min)
2021-03-04 00:25:20 [scrapy.extensions.logstats] INFO: Crawled 4950 pages (at 5 pages/min), scraped 0 items (at 0 items/min)
2021-03-04 00:25:59 [scrapy.extensions.logstats] INFO: Crawled 4955 pages (at 5 pages/min), scraped 0 items (at 0 items/min)
2021-03-04 00:27:04 [scrapy.extensions.logstats] INFO: Crawled 4962 pages (at 7 pages/min), scraped 0 items (at 0 items/min)
2021-03-04 00:27:59 [scrapy.extensions.logstats] INFO: Crawled 4967 pages (at 5 pages/min), scraped 0 items (at 0 items/min)
2021-03-04 00:29:05 [scrapy.extensions.logstats] INFO: Crawled 4974 pages (at 7 pages/min), scraped 0 items (at 0 items/min)
2021-03-04 00:30:08 [scrapy.extensions.logstats] INFO: Crawled 4980 pages (at 6 pages/min), scraped 0 items (at 0 items/min)
2021-03-04 00:31:08 [scrapy.extensions.logstats] INFO: Crawled 4985 pages (at 5 pages/min), scraped 0 items (at 0 items/min)
2021-03-04 00:32:06 [scrapy.extensions.logstats] INFO: Crawled 4992 pages (at 7 pages/min), scraped 0 items (at 0 items/min)
2021-03-04 00:32:58 [scrapy.extensions.logstats] INFO: Crawled 4998 pages (at 6 pages/min), scraped 0 items (at 0 items/min)
2021-03-04 00:33:58 [scrapy.extensions.logstats] INFO: Crawled 5001 pages (at 3 pages/min), scraped 0 items (at 0 items/min)
2021-03-04 00:35:06 [scrapy.extensions.logstats] INFO: Crawled 5009 pages (at 8 pages/min), scraped 0 items (at 0 items/min)
2021-03-04 00:36:07 [scrapy.extensions.logstats] INFO: Crawled 5016 pages (at 7 pages/min), scraped 0 items (at 0 items/min)
2021-03-04 00:36:58 [scrapy.extensions.logstats] INFO: Crawled 5024 pages (at 8 pages/min), scraped 0 items (at 0 items/min)
2021-03-04 00:37:58 [scrapy.extensions.logstats] INFO: Crawled 5030 pages (at 6 pages/min), scraped 0 items (at 0 items/min)
2021-03-04 00:39:01 [scrapy.extensions.logstats] INFO: Crawled 5040 pages (at 10 pages/min), scraped 0 items (at 0 items/min)
2021-03-04 00:40:12 [scrapy.extensions.logstats] INFO: Crawled 5049 pages (at 9 pages/min), scraped 0 items (at 0 items/min)
2021-03-04 00:41:04 [scrapy.extensions.logstats] INFO: Crawled 5055 pages (at 6 pages/min), scraped 0 items (at 0 items/min)
2021-03-04 00:42:09 [scrapy.extensions.logstats] INFO: Crawled 5062 pages (at 7 pages/min), scraped 0 items (at 0 items/min)
2021-03-04 00:43:01 [scrapy.extensions.logstats] INFO: Crawled 5068 pages (at 6 pages/min), scraped 0 items (at 0 items/min)
2021-03-04 00:44:00 [scrapy.extensions.logstats] INFO: Crawled 5073 pages (at 5 pages/min), scraped 0 items (at 0 items/min)
2021-03-04 01:02:30 [scrapy.extensions.logstats] INFO: Crawled 5075 pages (at 2 pages/min), scraped 0 items (at 0 items/min)
2021-03-04 09:43:37 [scrapy.extensions.logstats] INFO: Crawled 5079 pages (at 4 pages/min), scraped 0 items (at 0 items/min)
2021-03-04 09:44:00 [scrapy.extensions.logstats] INFO: Crawled 5080 pages (at 1 pages/min), scraped 0 items (at 0 items/min)
2021-03-04 09:45:10 [scrapy.extensions.logstats] INFO: Crawled 5084 pages (at 4 pages/min), scraped 0 items (at 0 items/min)
2021-03-04 09:46:27 [scrapy.extensions.logstats] INFO: Crawled 5086 pages (at 2 pages/min), scraped 0 items (at 0 items/min)
2021-03-04 09:47:10 [scrapy.extensions.logstats] INFO: Crawled 5090 pages (at 4 pages/min), scraped 0 items (at 0 items/min)
2021-03-04 09:48:21 [scrapy.extensions.logstats] INFO: Crawled 5091 pages (at 1 pages/min), scraped 0 items (at 0 items/min)
2021-03-04 09:48:58 [scrapy.extensions.logstats] INFO: Crawled 5095 pages (at 4 pages/min), scraped 0 items (at 0 items/min)
2021-03-04 09:50:01 [scrapy.extensions.logstats] INFO: Crawled 5101 pages (at 6 pages/min), scraped 0 items (at 0 items/min)
2021-03-04 09:51:04 [scrapy.extensions.logstats] INFO: Crawled 5106 pages (at 5 pages/min), scraped 0 items (at 0 items/min)
2021-03-04 09:51:58 [scrapy.extensions.logstats] INFO: Crawled 5110 pages (at 4 pages/min), scraped 0 items (at 0 items/min)
2021-03-04 09:53:03 [scrapy.extensions.logstats] INFO: Crawled 5115 pages (at 5 pages/min), scraped 0 items (at 0 items/min)
2021-03-04 09:54:11 [scrapy.extensions.logstats] INFO: Crawled 5120 pages (at 5 pages/min), scraped 0 items (at 0 items/min)
2021-03-04 09:55:00 [scrapy.extensions.logstats] INFO: Crawled 5124 pages (at 4 pages/min), scraped 0 items (at 0 items/min)
2021-03-04 09:56:05 [scrapy.extensions.logstats] INFO: Crawled 5131 pages (at 7 pages/min), scraped 0 items (at 0 items/min)
2021-03-04 09:56:58 [scrapy.extensions.logstats] INFO: Crawled 5134 pages (at 3 pages/min), scraped 0 items (at 0 items/min)
2021-03-04 10:30:41 [scrapy.extensions.logstats] INFO: Crawled 5134 pages (at 0 pages/min), scraped 0 items (at 0 items/min)
2021-03-04 10:31:00 [scrapy.extensions.logstats] INFO: Crawled 5135 pages (at 1 pages/min), scraped 0 items (at 0 items/min)
2021-03-04 10:32:19 [scrapy.extensions.logstats] INFO: Crawled 5136 pages (at 1 pages/min), scraped 0 items (at 0 items/min)
2021-03-04 10:32:58 [scrapy.extensions.logstats] INFO: Crawled 5139 pages (at 3 pages/min), scraped 0 items (at 0 items/min)
2021-03-04 10:34:07 [scrapy.extensions.logstats] INFO: Crawled 5144 pages (at 5 pages/min), scraped 0 items (at 0 items/min)
2021-03-04 10:35:03 [scrapy.extensions.logstats] INFO: Crawled 5147 pages (at 3 pages/min), scraped 0 items (at 0 items/min)
2021-03-04 10:36:13 [scrapy.extensions.logstats] INFO: Crawled 5150 pages (at 3 pages/min), scraped 0 items (at 0 items/min)
2021-03-04 10:37:00 [scrapy.extensions.logstats] INFO: Crawled 5152 pages (at 2 pages/min), scraped 0 items (at 0 items/min)
2021-03-04 10:38:14 [scrapy.extensions.logstats] INFO: Crawled 5155 pages (at 3 pages/min), scraped 0 items (at 0 items/min)
2021-03-04 10:39:09 [scrapy.extensions.logstats] INFO: Crawled 5157 pages (at 2 pages/min), scraped 0 items (at 0 items/min)
2021-03-04 10:40:07 [scrapy.extensions.logstats] INFO: Crawled 5159 pages (at 2 pages/min), scraped 0 items (at 0 items/min)
2021-03-04 10:41:33 [scrapy.extensions.logstats] INFO: Crawled 5161 pages (at 2 pages/min), scraped 0 items (at 0 items/min)
2021-03-04 10:43:10 [scrapy.extensions.logstats] INFO: Crawled 5162 pages (at 1 pages/min), scraped 0 items (at 0 items/min)
2021-03-04 10:44:05 [scrapy.extensions.logstats] INFO: Crawled 5163 pages (at 1 pages/min), scraped 0 items (at 0 items/min)
2021-03-04 10:45:42 [scrapy.extensions.logstats] INFO: Crawled 5165 pages (at 2 pages/min), scraped 0 items (at 0 items/min)
2021-03-04 10:46:30 [scrapy.extensions.logstats] INFO: Crawled 5166 pages (at 1 pages/min), scraped 0 items (at 0 items/min)
2021-03-04 10:47:21 [scrapy.extensions.logstats] INFO: Crawled 5167 pages (at 1 pages/min), scraped 0 items (at 0 items/min)
2021-03-04 10:48:31 [scrapy.extensions.logstats] INFO: Crawled 5169 pages (at 2 pages/min), scraped 0 items (at 0 items/min)
2021-03-04 10:49:18 [scrapy.extensions.logstats] INFO: Crawled 5170 pages (at 1 pages/min), scraped 0 items (at 0 items/min)
2021-03-04 10:50:04 [scrapy.extensions.logstats] INFO: Crawled 5171 pages (at 1 pages/min), scraped 0 items (at 0 items/min)
2021-03-04 10:51:41 [scrapy.extensions.logstats] INFO: Crawled 5173 pages (at 2 pages/min), scraped 0 items (at 0 items/min)
2021-03-04 10:52:37 [scrapy.extensions.logstats] INFO: Crawled 5174 pages (at 1 pages/min), scraped 0 items (at 0 items/min)
2021-03-04 10:55:42 [scrapy.extensions.logstats] INFO: Crawled 5175 pages (at 1 pages/min), scraped 0 items (at 0 items/min)
2021-03-04 10:56:30 [scrapy.extensions.logstats] INFO: Crawled 5175 pages (at 0 pages/min), scraped 0 items (at 0 items/min)
2021-03-04 10:57:30 [scrapy.extensions.logstats] INFO: Crawled 5176 pages (at 1 pages/min), scraped 0 items (at 0 items/min)
2021-03-04 10:58:21 [scrapy.extensions.logstats] INFO: Crawled 5177 pages (at 1 pages/min), scraped 0 items (at 0 items/min)
2021-03-04 10:59:12 [scrapy.extensions.logstats] INFO: Crawled 5178 pages (at 1 pages/min), scraped 0 items (at 0 items/min)
2021-03-04 11:00:01 [scrapy.extensions.logstats] INFO: Crawled 5179 pages (at 1 pages/min), scraped 0 items (at 0 items/min)
2021-03-04 11:01:43 [scrapy.extensions.logstats] INFO: Crawled 5181 pages (at 2 pages/min), scraped 0 items (at 0 items/min)
2021-03-04 11:02:38 [scrapy.extensions.logstats] INFO: Crawled 5182 pages (at 1 pages/min), scraped 0 items (at 0 items/min)
2021-03-04 11:03:31 [scrapy.extensions.logstats] INFO: Crawled 5183 pages (at 1 pages/min), scraped 0 items (at 0 items/min)
2021-03-04 11:04:19 [scrapy.extensions.logstats] INFO: Crawled 5184 pages (at 1 pages/min), scraped 0 items (at 0 items/min)
2021-03-04 11:05:29 [scrapy.extensions.logstats] INFO: Crawled 5185 pages (at 1 pages/min), scraped 0 items (at 0 items/min)
2021-03-04 11:06:26 [scrapy.extensions.logstats] INFO: Crawled 5186 pages (at 1 pages/min), scraped 0 items (at 0 items/min)
2021-03-04 11:07:20 [scrapy.extensions.logstats] INFO: Crawled 5187 pages (at 1 pages/min), scraped 0 items (at 0 items/min)
2021-03-04 11:07:59 [scrapy.extensions.logstats] INFO: Crawled 5188 pages (at 1 pages/min), scraped 0 items (at 0 items/min)
2021-03-04 11:09:32 [scrapy.extensions.logstats] INFO: Crawled 5190 pages (at 2 pages/min), scraped 0 items (at 0 items/min)
2021-03-04 11:10:32 [scrapy.extensions.logstats] INFO: Crawled 5191 pages (at 1 pages/min), scraped 0 items (at 0 items/min)
2021-03-04 11:11:21 [scrapy.extensions.logstats] INFO: Crawled 5192 pages (at 1 pages/min), scraped 0 items (at 0 items/min)
2021-03-04 11:12:13 [scrapy.extensions.logstats] INFO: Crawled 5193 pages (at 1 pages/min), scraped 0 items (at 0 items/min)
2021-03-04 11:13:00 [scrapy.extensions.logstats] INFO: Crawled 5194 pages (at 1 pages/min), scraped 0 items (at 0 items/min)
2021-03-04 11:14:37 [scrapy.extensions.logstats] INFO: Crawled 5196 pages (at 2 pages/min), scraped 0 items (at 0 items/min)
2021-03-04 11:15:30 [scrapy.extensions.logstats] INFO: Crawled 5197 pages (at 1 pages/min), scraped 0 items (at 0 items/min)
2021-03-04 11:16:19 [scrapy.extensions.logstats] INFO: Crawled 5198 pages (at 1 pages/min), scraped 0 items (at 0 items/min)
2021-03-04 11:17:10 [scrapy.extensions.logstats] INFO: Crawled 5199 pages (at 1 pages/min), scraped 0 items (at 0 items/min)
2021-03-04 11:18:45 [scrapy.extensions.logstats] INFO: Crawled 5201 pages (at 2 pages/min), scraped 0 items (at 0 items/min)
2021-03-04 11:19:32 [scrapy.extensions.logstats] INFO: Crawled 5202 pages (at 1 pages/min), scraped 0 items (at 0 items/min)
2021-03-04 11:20:23 [scrapy.extensions.logstats] INFO: Crawled 5203 pages (at 1 pages/min), scraped 0 items (at 0 items/min)
2021-03-04 11:21:10 [scrapy.extensions.logstats] INFO: Crawled 5204 pages (at 1 pages/min), scraped 0 items (at 0 items/min)
2021-03-04 11:22:01 [scrapy.extensions.logstats] INFO: Crawled 5205 pages (at 1 pages/min), scraped 0 items (at 0 items/min)
2021-03-04 11:23:35 [scrapy.extensions.logstats] INFO: Crawled 5207 pages (at 2 pages/min), scraped 0 items (at 0 items/min)
2021-03-04 11:24:22 [scrapy.extensions.logstats] INFO: Crawled 5208 pages (at 1 pages/min), scraped 0 items (at 0 items/min)
2021-03-04 11:28:31 [scrapy.extensions.logstats] INFO: Crawled 5209 pages (at 1 pages/min), scraped 0 items (at 0 items/min)
2021-03-04 11:29:18 [scrapy.extensions.logstats] INFO: Crawled 5210 pages (at 1 pages/min), scraped 0 items (at 0 items/min)
2021-03-04 12:09:12 [scrapy.extensions.logstats] INFO: Crawled 5210 pages (at 0 pages/min), scraped 0 items (at 0 items/min)
2021-03-04 12:10:19 [scrapy.extensions.logstats] INFO: Crawled 5216 pages (at 6 pages/min), scraped 0 items (at 0 items/min)
2021-03-04 12:11:09 [scrapy.extensions.logstats] INFO: Crawled 5221 pages (at 5 pages/min), scraped 0 items (at 0 items/min)
2021-03-04 12:12:06 [scrapy.extensions.logstats] INFO: Crawled 5225 pages (at 4 pages/min), scraped 0 items (at 0 items/min)
2021-03-04 12:13:00 [scrapy.extensions.logstats] INFO: Crawled 5229 pages (at 4 pages/min), scraped 0 items (at 0 items/min)
2021-03-04 12:14:06 [scrapy.extensions.logstats] INFO: Crawled 5233 pages (at 4 pages/min), scraped 0 items (at 0 items/min)
2021-03-04 12:15:05 [scrapy.extensions.logstats] INFO: Crawled 5236 pages (at 3 pages/min), scraped 0 items (at 0 items/min)
2021-03-04 12:16:00 [scrapy.extensions.logstats] INFO: Crawled 5239 pages (at 3 pages/min), scraped 0 items (at 0 items/min)
2021-03-04 12:17:13 [scrapy.extensions.logstats] INFO: Crawled 5242 pages (at 3 pages/min), scraped 0 items (at 0 items/min)
2021-03-04 12:18:03 [scrapy.extensions.logstats] INFO: Crawled 5244 pages (at 2 pages/min), scraped 0 items (at 0 items/min)
2021-03-04 12:19:05 [scrapy.extensions.logstats] INFO: Crawled 5246 pages (at 2 pages/min), scraped 0 items (at 0 items/min)
2021-03-04 12:20:03 [scrapy.extensions.logstats] INFO: Crawled 5248 pages (at 2 pages/min), scraped 0 items (at 0 items/min)
2021-03-04 12:21:31 [scrapy.extensions.logstats] INFO: Crawled 5250 pages (at 2 pages/min), scraped 0 items (at 0 items/min)
2021-03-04 12:22:04 [scrapy.extensions.logstats] INFO: Crawled 5251 pages (at 1 pages/min), scraped 0 items (at 0 items/min)
2021-03-04 12:23:12 [scrapy.extensions.logstats] INFO: Crawled 5253 pages (at 2 pages/min), scraped 0 items (at 0 items/min)
2021-03-04 12:24:07 [scrapy.extensions.logstats] INFO: Crawled 5255 pages (at 2 pages/min), scraped 0 items (at 0 items/min)
2021-03-04 12:28:56 [scrapy.extensions.logstats] INFO: Crawled 5257 pages (at 2 pages/min), scraped 0 items (at 0 items/min)
2021-03-04 12:29:55 [scrapy.extensions.logstats] INFO: Crawled 5258 pages (at 1 pages/min), scraped 0 items (at 0 items/min)
2021-03-04 12:30:57 [scrapy.extensions.logstats] INFO: Crawled 5259 pages (at 1 pages/min), scraped 0 items (at 0 items/min)
2021-03-04 12:30:59 [scrapy.extensions.logstats] INFO: Crawled 5260 pages (at 1 pages/min), scraped 0 items (at 0 items/min)
2021-03-04 12:32:24 [scrapy.extensions.logstats] INFO: Crawled 5260 pages (at 0 pages/min), scraped 0 items (at 0 items/min)
2021-03-04 12:33:21 [scrapy.extensions.logstats] INFO: Crawled 5261 pages (at 1 pages/min), scraped 0 items (at 0 items/min)
2021-03-04 12:33:58 [scrapy.extensions.logstats] INFO: Crawled 5262 pages (at 1 pages/min), scraped 0 items (at 0 items/min)
2021-03-04 12:35:42 [scrapy.extensions.logstats] INFO: Crawled 5264 pages (at 2 pages/min), scraped 0 items (at 0 items/min)
2021-03-04 12:36:28 [scrapy.extensions.logstats] INFO: Crawled 5265 pages (at 1 pages/min), scraped 0 items (at 0 items/min)
2021-03-04 12:37:16 [scrapy.extensions.logstats] INFO: Crawled 5266 pages (at 1 pages/min), scraped 0 items (at 0 items/min)
2021-03-04 12:38:06 [scrapy.extensions.logstats] INFO: Crawled 5267 pages (at 1 pages/min), scraped 0 items (at 0 items/min)
2021-03-04 12:39:43 [scrapy.extensions.logstats] INFO: Crawled 5269 pages (at 2 pages/min), scraped 0 items (at 0 items/min)
2021-03-04 12:40:32 [scrapy.extensions.logstats] INFO: Crawled 5270 pages (at 1 pages/min), scraped 0 items (at 0 items/min)
2021-03-04 12:41:19 [scrapy.extensions.logstats] INFO: Crawled 5271 pages (at 1 pages/min), scraped 0 items (at 0 items/min)
2021-03-04 12:42:12 [scrapy.extensions.logstats] INFO: Crawled 5272 pages (at 1 pages/min), scraped 0 items (at 0 items/min)
2021-03-04 12:43:00 [scrapy.extensions.logstats] INFO: Crawled 5273 pages (at 1 pages/min), scraped 0 items (at 0 items/min)
2021-03-04 12:44:37 [scrapy.extensions.logstats] INFO: Crawled 5275 pages (at 2 pages/min), scraped 0 items (at 0 items/min)
2021-03-04 12:45:30 [scrapy.extensions.logstats] INFO: Crawled 5276 pages (at 1 pages/min), scraped 0 items (at 0 items/min)
2021-03-04 12:46:16 [scrapy.extensions.logstats] INFO: Crawled 5277 pages (at 1 pages/min), scraped 0 items (at 0 items/min)
2021-03-04 12:47:07 [scrapy.extensions.logstats] INFO: Crawled 5278 pages (at 1 pages/min), scraped 0 items (at 0 items/min)
2021-03-04 12:48:03 [scrapy.extensions.logstats] INFO: Crawled 5279 pages (at 1 pages/min), scraped 0 items (at 0 items/min)
2021-03-04 13:24:09 [scrapy.extensions.logstats] INFO: Crawled 5281 pages (at 2 pages/min), scraped 0 items (at 0 items/min)
2021-03-04 13:35:47 [scrapy.extensions.logstats] INFO: Crawled 5286 pages (at 5 pages/min), scraped 0 items (at 0 items/min)
2021-03-04 13:35:58 [scrapy.extensions.logstats] INFO: Crawled 5287 pages (at 1 pages/min), scraped 0 items (at 0 items/min)
2021-03-04 18:43:55 [scrapy.extensions.logstats] INFO: Crawled 5289 pages (at 2 pages/min), scraped 0 items (at 0 items/min)
2021-03-04 18:44:07 [scrapy.extensions.logstats] INFO: Crawled 5290 pages (at 1 pages/min), scraped 0 items (at 0 items/min)
2021-03-04 18:45:11 [scrapy.extensions.logstats] INFO: Crawled 5296 pages (at 6 pages/min), scraped 0 items (at 0 items/min)
2021-03-04 18:46:03 [scrapy.extensions.logstats] INFO: Crawled 5297 pages (at 1 pages/min), scraped 0 items (at 0 items/min)
2021-03-04 18:47:02 [scrapy.extensions.logstats] INFO: Crawled 5301 pages (at 4 pages/min), scraped 0 items (at 0 items/min)
2021-03-04 18:51:05 [scrapy.extensions.logstats] INFO: Crawled 5304 pages (at 3 pages/min), scraped 0 items (at 0 items/min)
2021-03-04 18:51:58 [scrapy.extensions.logstats] INFO: Crawled 5305 pages (at 1 pages/min), scraped 0 items (at 0 items/min)
2021-03-04 18:53:02 [scrapy.extensions.logstats] INFO: Crawled 5309 pages (at 4 pages/min), scraped 0 items (at 0 items/min)
2021-03-04 18:54:06 [scrapy.extensions.logstats] INFO: Crawled 5313 pages (at 4 pages/min), scraped 0 items (at 0 items/min)
2021-03-04 18:55:08 [scrapy.extensions.logstats] INFO: Crawled 5317 pages (at 4 pages/min), scraped 0 items (at 0 items/min)
2021-03-04 18:56:11 [scrapy.extensions.logstats] INFO: Crawled 5321 pages (at 4 pages/min), scraped 0 items (at 0 items/min)
2021-03-04 18:57:01 [scrapy.extensions.logstats] INFO: Crawled 5324 pages (at 3 pages/min), scraped 0 items (at 0 items/min)
2021-03-04 18:58:08 [scrapy.extensions.logstats] INFO: Crawled 5329 pages (at 5 pages/min), scraped 0 items (at 0 items/min)
2021-03-04 18:59:08 [scrapy.extensions.logstats] INFO: Crawled 5334 pages (at 5 pages/min), scraped 0 items (at 0 items/min)
2021-03-04 19:01:10 [scrapy.extensions.logstats] INFO: Crawled 5338 pages (at 4 pages/min), scraped 0 items (at 0 items/min)
2021-03-04 19:01:59 [scrapy.extensions.logstats] INFO: Crawled 5341 pages (at 3 pages/min), scraped 0 items (at 0 items/min)
2021-03-04 19:03:09 [scrapy.extensions.logstats] INFO: Crawled 5345 pages (at 4 pages/min), scraped 0 items (at 0 items/min)
2021-03-04 19:04:03 [scrapy.extensions.logstats] INFO: Crawled 5348 pages (at 3 pages/min), scraped 0 items (at 0 items/min)
2021-03-04 19:05:00 [scrapy.extensions.logstats] INFO: Crawled 5351 pages (at 3 pages/min), scraped 0 items (at 0 items/min)
2021-03-04 19:05:59 [scrapy.extensions.logstats] INFO: Crawled 5354 pages (at 3 pages/min), scraped 0 items (at 0 items/min)
2021-03-04 19:07:14 [scrapy.extensions.logstats] INFO: Crawled 5358 pages (at 4 pages/min), scraped 0 items (at 0 items/min)
2021-03-04 19:08:11 [scrapy.extensions.logstats] INFO: Crawled 5361 pages (at 3 pages/min), scraped 0 items (at 0 items/min)
2021-03-04 19:09:15 [scrapy.extensions.logstats] INFO: Crawled 5363 pages (at 2 pages/min), scraped 0 items (at 0 items/min)
2021-03-04 19:10:18 [scrapy.extensions.logstats] INFO: Crawled 5366 pages (at 3 pages/min), scraped 0 items (at 0 items/min)
2021-03-04 19:11:17 [scrapy.extensions.logstats] INFO: Crawled 5369 pages (at 3 pages/min), scraped 0 items (at 0 items/min)
2021-03-04 19:12:01 [scrapy.extensions.logstats] INFO: Crawled 5371 pages (at 2 pages/min), scraped 0 items (at 0 items/min)
2021-03-04 19:13:10 [scrapy.extensions.logstats] INFO: Crawled 5375 pages (at 4 pages/min), scraped 0 items (at 0 items/min)
2021-03-04 19:14:05 [scrapy.extensions.logstats] INFO: Crawled 5378 pages (at 3 pages/min), scraped 0 items (at 0 items/min)
2021-03-04 19:15:12 [scrapy.extensions.logstats] INFO: Crawled 5381 pages (at 3 pages/min), scraped 0 items (at 0 items/min)
2021-03-04 19:16:11 [scrapy.extensions.logstats] INFO: Crawled 5384 pages (at 3 pages/min), scraped 0 items (at 0 items/min)
2021-03-04 19:17:43 [scrapy.extensions.logstats] INFO: Crawled 5385 pages (at 1 pages/min), scraped 0 items (at 0 items/min)
2021-03-04 19:18:03 [scrapy.extensions.logstats] INFO: Crawled 5386 pages (at 1 pages/min), scraped 0 items (at 0 items/min)
2021-03-04 19:19:16 [scrapy.extensions.logstats] INFO: Crawled 5390 pages (at 4 pages/min), scraped 0 items (at 0 items/min)
2021-03-04 19:20:12 [scrapy.extensions.logstats] INFO: Crawled 5393 pages (at 3 pages/min), scraped 0 items (at 0 items/min)
2021-03-04 19:21:01 [scrapy.extensions.logstats] INFO: Crawled 5396 pages (at 3 pages/min), scraped 0 items (at 0 items/min)
2021-03-04 19:21:58 [scrapy.extensions.logstats] INFO: Crawled 5399 pages (at 3 pages/min), scraped 0 items (at 0 items/min)
2021-03-04 19:23:02 [scrapy.extensions.logstats] INFO: Crawled 5403 pages (at 4 pages/min), scraped 0 items (at 0 items/min)
2021-03-04 19:24:07 [scrapy.extensions.logstats] INFO: Crawled 5407 pages (at 4 pages/min), scraped 0 items (at 0 items/min)
2021-03-04 19:25:10 [scrapy.extensions.logstats] INFO: Crawled 5411 pages (at 4 pages/min), scraped 0 items (at 0 items/min)
2021-03-04 19:25:58 [scrapy.extensions.logstats] INFO: Crawled 5414 pages (at 3 pages/min), scraped 0 items (at 0 items/min)
2021-03-04 19:26:58 [scrapy.extensions.logstats] INFO: Crawled 5419 pages (at 5 pages/min), scraped 0 items (at 0 items/min)
2021-03-04 19:28:15 [scrapy.extensions.logstats] INFO: Crawled 5422 pages (at 3 pages/min), scraped 0 items (at 0 items/min)
2021-03-04 19:29:02 [scrapy.extensions.logstats] INFO: Crawled 5425 pages (at 3 pages/min), scraped 0 items (at 0 items/min)
2021-03-04 19:30:40 [scrapy.extensions.logstats] INFO: Crawled 5427 pages (at 2 pages/min), scraped 0 items (at 0 items/min)
2021-03-04 19:31:10 [scrapy.extensions.logstats] INFO: Crawled 5428 pages (at 1 pages/min), scraped 0 items (at 0 items/min)
2021-03-04 19:31:58 [scrapy.extensions.logstats] INFO: Crawled 5431 pages (at 3 pages/min), scraped 0 items (at 0 items/min)
2021-03-04 19:33:12 [scrapy.extensions.logstats] INFO: Crawled 5436 pages (at 5 pages/min), scraped 0 items (at 0 items/min)
2021-03-04 19:34:04 [scrapy.extensions.logstats] INFO: Crawled 5439 pages (at 3 pages/min), scraped 0 items (at 0 items/min)
2021-03-04 19:35:11 [scrapy.extensions.logstats] INFO: Crawled 5443 pages (at 4 pages/min), scraped 0 items (at 0 items/min)
2021-03-04 19:36:01 [scrapy.extensions.logstats] INFO: Crawled 5446 pages (at 3 pages/min), scraped 0 items (at 0 items/min)
2021-03-04 19:37:07 [scrapy.extensions.logstats] INFO: Crawled 5450 pages (at 4 pages/min), scraped 0 items (at 0 items/min)
2021-03-04 19:38:07 [scrapy.extensions.logstats] INFO: Crawled 5454 pages (at 4 pages/min), scraped 0 items (at 0 items/min)
2021-03-04 19:39:09 [scrapy.extensions.logstats] INFO: Crawled 5458 pages (at 4 pages/min), scraped 0 items (at 0 items/min)
2021-03-04 19:39:58 [scrapy.extensions.logstats] INFO: Crawled 5461 pages (at 3 pages/min), scraped 0 items (at 0 items/min)
2021-03-04 19:41:01 [scrapy.extensions.logstats] INFO: Crawled 5465 pages (at 4 pages/min), scraped 0 items (at 0 items/min)
2021-03-04 19:42:09 [scrapy.extensions.logstats] INFO: Crawled 5469 pages (at 4 pages/min), scraped 0 items (at 0 items/min)
2021-03-04 19:43:01 [scrapy.extensions.logstats] INFO: Crawled 5472 pages (at 3 pages/min), scraped 0 items (at 0 items/min)
2021-03-04 19:44:03 [scrapy.extensions.logstats] INFO: Crawled 5476 pages (at 4 pages/min), scraped 0 items (at 0 items/min)
2021-03-04 19:45:02 [scrapy.extensions.logstats] INFO: Crawled 5480 pages (at 4 pages/min), scraped 0 items (at 0 items/min)
2021-03-04 19:46:43 [scrapy.extensions.logstats] INFO: Crawled 5482 pages (at 2 pages/min), scraped 0 items (at 0 items/min)
2021-03-04 19:46:59 [scrapy.extensions.logstats] INFO: Crawled 5483 pages (at 1 pages/min), scraped 0 items (at 0 items/min)
2021-03-04 19:47:59 [scrapy.extensions.logstats] INFO: Crawled 5487 pages (at 4 pages/min), scraped 0 items (at 0 items/min)
2021-03-04 19:48:58 [scrapy.extensions.logstats] INFO: Crawled 5491 pages (at 4 pages/min), scraped 0 items (at 0 items/min)
2021-03-04 19:50:00 [scrapy.extensions.logstats] INFO: Crawled 5495 pages (at 4 pages/min), scraped 0 items (at 0 items/min)
2021-03-04 19:51:09 [scrapy.extensions.logstats] INFO: Crawled 5499 pages (at 4 pages/min), scraped 0 items (at 0 items/min)
2021-03-04 19:52:02 [scrapy.extensions.logstats] INFO: Crawled 5503 pages (at 4 pages/min), scraped 0 items (at 0 items/min)
2021-03-04 19:53:18 [scrapy.extensions.logstats] INFO: Crawled 5507 pages (at 4 pages/min), scraped 0 items (at 0 items/min)
2021-03-04 19:54:00 [scrapy.extensions.logstats] INFO: Crawled 5509 pages (at 2 pages/min), scraped 0 items (at 0 items/min)
2021-03-04 19:55:12 [scrapy.extensions.logstats] INFO: Crawled 5513 pages (at 4 pages/min), scraped 0 items (at 0 items/min)
2021-03-04 19:56:03 [scrapy.extensions.logstats] INFO: Crawled 5516 pages (at 3 pages/min), scraped 0 items (at 0 items/min)
2021-03-04 19:57:07 [scrapy.extensions.logstats] INFO: Crawled 5520 pages (at 4 pages/min), scraped 0 items (at 0 items/min)
2021-03-04 19:58:14 [scrapy.extensions.logstats] INFO: Crawled 5524 pages (at 4 pages/min), scraped 0 items (at 0 items/min)
2021-03-04 20:00:26 [scrapy.extensions.logstats] INFO: Crawled 5527 pages (at 3 pages/min), scraped 0 items (at 0 items/min)
2021-03-04 20:00:58 [scrapy.extensions.logstats] INFO: Crawled 5529 pages (at 2 pages/min), scraped 0 items (at 0 items/min)
2021-03-04 20:02:14 [scrapy.extensions.logstats] INFO: Crawled 5533 pages (at 4 pages/min), scraped 0 items (at 0 items/min)
2021-03-04 20:03:05 [scrapy.extensions.logstats] INFO: Crawled 5536 pages (at 3 pages/min), scraped 0 items (at 0 items/min)
2021-03-04 20:04:16 [scrapy.extensions.logstats] INFO: Crawled 5539 pages (at 3 pages/min), scraped 0 items (at 0 items/min)
2021-03-04 20:05:20 [scrapy.extensions.logstats] INFO: Crawled 5542 pages (at 3 pages/min), scraped 0 items (at 0 items/min)
2021-03-04 20:06:08 [scrapy.extensions.logstats] INFO: Crawled 5544 pages (at 2 pages/min), scraped 0 items (at 0 items/min)
2021-03-04 20:07:10 [scrapy.extensions.logstats] INFO: Crawled 5547 pages (at 3 pages/min), scraped 0 items (at 0 items/min)
2021-03-04 20:08:06 [scrapy.extensions.logstats] INFO: Crawled 5550 pages (at 3 pages/min), scraped 0 items (at 0 items/min)
2021-03-04 20:09:00 [scrapy.extensions.logstats] INFO: Crawled 5553 pages (at 3 pages/min), scraped 0 items (at 0 items/min)
2021-03-04 20:09:58 [scrapy.extensions.logstats] INFO: Crawled 5556 pages (at 3 pages/min), scraped 0 items (at 0 items/min)
2021-03-04 20:11:00 [scrapy.extensions.logstats] INFO: Crawled 5559 pages (at 3 pages/min), scraped 0 items (at 0 items/min)
2021-03-04 20:12:05 [scrapy.extensions.logstats] INFO: Crawled 5562 pages (at 3 pages/min), scraped 0 items (at 0 items/min)
2021-03-04 20:13:46 [scrapy.extensions.logstats] INFO: Crawled 5563 pages (at 1 pages/min), scraped 0 items (at 0 items/min)
2021-03-04 20:14:06 [scrapy.extensions.logstats] INFO: Crawled 5563 pages (at 0 pages/min), scraped 0 items (at 0 items/min)
2021-03-04 20:15:03 [scrapy.extensions.logstats] INFO: Crawled 5566 pages (at 3 pages/min), scraped 0 items (at 0 items/min)
2021-03-04 20:15:58 [scrapy.extensions.logstats] INFO: Crawled 5569 pages (at 3 pages/min), scraped 0 items (at 0 items/min)
2021-03-04 20:30:31 [scrapy.extensions.logstats] INFO: Crawled 5571 pages (at 2 pages/min), scraped 0 items (at 0 items/min)
2021-03-04 20:31:04 [scrapy.extensions.logstats] INFO: Crawled 5572 pages (at 1 pages/min), scraped 0 items (at 0 items/min)
2021-03-04 20:32:01 [scrapy.extensions.logstats] INFO: Crawled 5576 pages (at 4 pages/min), scraped 0 items (at 0 items/min)
2021-03-04 20:42:26 [scrapy.extensions.logstats] INFO: Crawled 5580 pages (at 4 pages/min), scraped 0 items (at 0 items/min)
2021-03-05 11:21:38 [scrapy.extensions.logstats] INFO: Crawled 5582 pages (at 2 pages/min), scraped 0 items (at 0 items/min)
2021-03-05 11:22:07 [scrapy.extensions.logstats] INFO: Crawled 5582 pages (at 0 pages/min), scraped 0 items (at 0 items/min)
2021-03-05 11:23:14 [scrapy.extensions.logstats] INFO: Crawled 5586 pages (at 4 pages/min), scraped 0 items (at 0 items/min)
2021-03-05 11:23:59 [scrapy.extensions.logstats] INFO: Crawled 5589 pages (at 3 pages/min), scraped 0 items (at 0 items/min)
2021-03-05 11:25:12 [scrapy.extensions.logstats] INFO: Crawled 5594 pages (at 5 pages/min), scraped 0 items (at 0 items/min)
2021-03-05 11:26:17 [scrapy.extensions.logstats] INFO: Crawled 5596 pages (at 2 pages/min), scraped 0 items (at 0 items/min)
2021-03-05 11:27:18 [scrapy.extensions.logstats] INFO: Crawled 5598 pages (at 2 pages/min), scraped 0 items (at 0 items/min)
2021-03-05 11:28:14 [scrapy.extensions.logstats] INFO: Crawled 5600 pages (at 2 pages/min), scraped 0 items (at 0 items/min)
2021-03-05 11:30:41 [scrapy.extensions.logstats] INFO: Crawled 5602 pages (at 2 pages/min), scraped 0 items (at 0 items/min)
2021-03-05 11:31:07 [scrapy.extensions.logstats] INFO: Crawled 5604 pages (at 2 pages/min), scraped 0 items (at 0 items/min)
2021-03-05 11:32:08 [scrapy.extensions.logstats] INFO: Crawled 5609 pages (at 5 pages/min), scraped 0 items (at 0 items/min)
2021-03-05 11:33:03 [scrapy.extensions.logstats] INFO: Crawled 5613 pages (at 4 pages/min), scraped 0 items (at 0 items/min)
2021-03-05 11:34:07 [scrapy.extensions.logstats] INFO: Crawled 5618 pages (at 5 pages/min), scraped 0 items (at 0 items/min)
2021-03-05 11:34:59 [scrapy.extensions.logstats] INFO: Crawled 5622 pages (at 4 pages/min), scraped 0 items (at 0 items/min)
2021-03-05 11:36:10 [scrapy.extensions.logstats] INFO: Crawled 5627 pages (at 5 pages/min), scraped 0 items (at 0 items/min)
2021-03-05 11:37:08 [scrapy.extensions.logstats] INFO: Crawled 5631 pages (at 4 pages/min), scraped 0 items (at 0 items/min)
2021-03-05 11:38:03 [scrapy.extensions.logstats] INFO: Crawled 5634 pages (at 3 pages/min), scraped 0 items (at 0 items/min)
2021-03-05 11:39:05 [scrapy.extensions.logstats] INFO: Crawled 5639 pages (at 5 pages/min), scraped 0 items (at 0 items/min)
2021-03-05 11:40:09 [scrapy.extensions.logstats] INFO: Crawled 5644 pages (at 5 pages/min), scraped 0 items (at 0 items/min)
2021-03-05 11:41:09 [scrapy.extensions.logstats] INFO: Crawled 5647 pages (at 3 pages/min), scraped 0 items (at 0 items/min)
2021-03-05 11:41:59 [scrapy.extensions.logstats] INFO: Crawled 5651 pages (at 4 pages/min), scraped 0 items (at 0 items/min)
2021-03-05 11:43:21 [scrapy.extensions.logstats] INFO: Crawled 5653 pages (at 2 pages/min), scraped 0 items (at 0 items/min)
2021-03-05 11:43:59 [scrapy.extensions.logstats] INFO: Crawled 5655 pages (at 2 pages/min), scraped 0 items (at 0 items/min)
2021-03-05 11:45:08 [scrapy.extensions.logstats] INFO: Crawled 5661 pages (at 6 pages/min), scraped 0 items (at 0 items/min)
2021-03-05 11:46:04 [scrapy.extensions.logstats] INFO: Crawled 5666 pages (at 5 pages/min), scraped 0 items (at 0 items/min)
2021-03-05 11:47:06 [scrapy.extensions.logstats] INFO: Crawled 5672 pages (at 6 pages/min), scraped 0 items (at 0 items/min)
2021-03-05 11:48:08 [scrapy.extensions.logstats] INFO: Crawled 5677 pages (at 5 pages/min), scraped 0 items (at 0 items/min)
2021-03-05 11:49:02 [scrapy.extensions.logstats] INFO: Crawled 5682 pages (at 5 pages/min), scraped 0 items (at 0 items/min)
2021-03-05 11:50:05 [scrapy.extensions.logstats] INFO: Crawled 5688 pages (at 6 pages/min), scraped 0 items (at 0 items/min)
2021-03-05 11:50:58 [scrapy.extensions.logstats] INFO: Crawled 5693 pages (at 5 pages/min), scraped 0 items (at 0 items/min)
2021-03-05 11:52:15 [scrapy.extensions.logstats] INFO: Crawled 5696 pages (at 3 pages/min), scraped 0 items (at 0 items/min)
2021-03-05 11:53:03 [scrapy.extensions.logstats] INFO: Crawled 5703 pages (at 7 pages/min), scraped 0 items (at 0 items/min)
2021-03-05 11:54:00 [scrapy.extensions.logstats] INFO: Crawled 5709 pages (at 6 pages/min), scraped 0 items (at 0 items/min)
2021-03-05 11:55:07 [scrapy.extensions.logstats] INFO: Crawled 5716 pages (at 7 pages/min), scraped 0 items (at 0 items/min)
2021-03-05 11:55:58 [scrapy.extensions.logstats] INFO: Crawled 5721 pages (at 5 pages/min), scraped 0 items (at 0 items/min)
2021-03-05 11:57:02 [scrapy.extensions.logstats] INFO: Crawled 5726 pages (at 5 pages/min), scraped 0 items (at 0 items/min)
2021-03-05 11:57:59 [scrapy.extensions.logstats] INFO: Crawled 5731 pages (at 5 pages/min), scraped 0 items (at 0 items/min)
2021-03-05 11:59:03 [scrapy.extensions.logstats] INFO: Crawled 5737 pages (at 6 pages/min), scraped 0 items (at 0 items/min)
2021-03-05 12:00:03 [scrapy.extensions.logstats] INFO: Crawled 5742 pages (at 5 pages/min), scraped 0 items (at 0 items/min)
2021-03-05 12:01:51 [scrapy.extensions.logstats] INFO: Crawled 5746 pages (at 4 pages/min), scraped 0 items (at 0 items/min)
2021-03-05 12:02:01 [scrapy.extensions.logstats] INFO: Crawled 5746 pages (at 0 pages/min), scraped 0 items (at 0 items/min)
2021-03-05 12:02:58 [scrapy.extensions.logstats] INFO: Crawled 5751 pages (at 5 pages/min), scraped 0 items (at 0 items/min)
2021-03-05 12:03:59 [scrapy.extensions.logstats] INFO: Crawled 5756 pages (at 5 pages/min), scraped 0 items (at 0 items/min)
2021-03-05 12:26:24 [scrapy.extensions.logstats] INFO: Crawled 5761 pages (at 5 pages/min), scraped 0 items (at 0 items/min)
2021-03-05 12:27:34 [scrapy.extensions.logstats] INFO: Crawled 5764 pages (at 3 pages/min), scraped 0 items (at 0 items/min)
2021-03-05 12:28:03 [scrapy.extensions.logstats] INFO: Crawled 5764 pages (at 0 pages/min), scraped 0 items (at 0 items/min)
2021-03-05 12:29:03 [scrapy.extensions.logstats] INFO: Crawled 5768 pages (at 4 pages/min), scraped 0 items (at 0 items/min)
2021-03-05 12:30:14 [scrapy.extensions.logstats] INFO: Crawled 5772 pages (at 4 pages/min), scraped 0 items (at 0 items/min)
2021-03-05 12:31:13 [scrapy.extensions.logstats] INFO: Crawled 5774 pages (at 2 pages/min), scraped 0 items (at 0 items/min)
2021-03-05 12:32:06 [scrapy.extensions.logstats] INFO: Crawled 5777 pages (at 3 pages/min), scraped 0 items (at 0 items/min)
2021-03-05 12:32:58 [scrapy.extensions.logstats] INFO: Crawled 5779 pages (at 2 pages/min), scraped 0 items (at 0 items/min)
2021-03-05 12:34:03 [scrapy.extensions.logstats] INFO: Crawled 5782 pages (at 3 pages/min), scraped 0 items (at 0 items/min)
