2021-03-03 14:25:14 [scrapy.utils.log] INFO: Scrapy 2.1.0 started (bot: ARGUS)
2021-03-03 14:25:14 [scrapy.utils.log] INFO: Versions: lxml 4.6.1.0, libxml2 2.9.10, cssselect 1.1.0, parsel 1.6.0, w3lib 1.22.0, Twisted 20.3.0, Python 3.7.6 | packaged by conda-forge | (default, Dec 26 2019, 23:46:52) - [Clang 9.0.0 (tags/RELEASE_900/final)], pyOpenSSL 19.1.0 (OpenSSL 1.1.1d  10 Sep 2019), cryptography 2.8, Platform Darwin-18.7.0-x86_64-i386-64bit
2021-03-03 14:25:14 [scrapy.crawler] INFO: Overridden settings:
{'AJAXCRAWL_ENABLED': True,
 'BOT_NAME': 'ARGUS',
 'COMPRESSION_ENABLED': False,
 'CONCURRENT_ITEMS': 200,
 'CONCURRENT_REQUESTS': 100,
 'COOKIES_ENABLED': False,
 'DOWNLOAD_MAXSIZE': 10000000,
 'DOWNLOAD_TIMEOUT': 20,
 'LOG_FILE': 'logs/ARGUS/dualspider/e94dd2f67c0e11ebaf3134363b7bab66.log',
 'LOG_LEVEL': 'INFO',
 'NEWSPIDER_MODULE': 'ARGUS.spiders',
 'REACTOR_THREADPOOL_MAXSIZE': 30,
 'RETRY_ENABLED': False,
 'SPIDER_MODULES': ['ARGUS.spiders']}
2021-03-03 14:25:14 [scrapy.extensions.telnet] INFO: Telnet Password: 349e879d8b83797a
2021-03-03 14:25:14 [py.warnings] WARNING: /Users/parnianshahkar/Downloads/miniconda3/lib/python3.7/site-packages/scrapy/extensions/feedexport.py:210: ScrapyDeprecationWarning: The `FEED_URI` and `FEED_FORMAT` settings have been deprecated in favor of the `FEEDS` setting. Please see the `FEEDS` setting docs for more details
  exporter = cls(crawler)

2021-03-03 14:25:14 [scrapy.middleware] INFO: Enabled extensions:
['scrapy.extensions.corestats.CoreStats',
 'scrapy.extensions.telnet.TelnetConsole',
 'scrapy.extensions.memusage.MemoryUsage',
 'scrapy.extensions.feedexport.FeedExporter',
 'scrapy.extensions.logstats.LogStats']
2021-03-03 14:25:15 [scrapy_fake_useragent.middleware] INFO: Using '<class 'scrapy_fake_useragent.providers.FakeUserAgentProvider'>' as the User-Agent provider
2021-03-03 14:25:15 [scrapy.middleware] INFO: Enabled downloader middlewares:
['scrapy.downloadermiddlewares.httpauth.HttpAuthMiddleware',
 'scrapy.downloadermiddlewares.downloadtimeout.DownloadTimeoutMiddleware',
 'scrapy.downloadermiddlewares.defaultheaders.DefaultHeadersMiddleware',
 'scrapy_fake_useragent.middleware.RandomUserAgentMiddleware',
 'scrapy.downloadermiddlewares.ajaxcrawl.AjaxCrawlMiddleware',
 'scrapy.downloadermiddlewares.redirect.MetaRefreshMiddleware',
 'scrapy.downloadermiddlewares.redirect.RedirectMiddleware',
 'scrapy.downloadermiddlewares.httpproxy.HttpProxyMiddleware',
 'scrapy.downloadermiddlewares.stats.DownloaderStats']
2021-03-03 14:25:15 [scrapy.middleware] INFO: Enabled spider middlewares:
['scrapy.spidermiddlewares.httperror.HttpErrorMiddleware',
 'scrapy.spidermiddlewares.offsite.OffsiteMiddleware',
 'scrapy.spidermiddlewares.referer.RefererMiddleware',
 'scrapy.spidermiddlewares.urllength.UrlLengthMiddleware',
 'scrapy.spidermiddlewares.depth.DepthMiddleware']
2021-03-03 14:25:15 [scrapy.middleware] INFO: Enabled item pipelines:
['ARGUS.pipelines.DualPipeline']
2021-03-03 14:25:15 [scrapy.core.engine] INFO: Spider opened
2021-03-03 14:25:15 [scrapy.extensions.logstats] INFO: Crawled 0 pages (at 0 pages/min), scraped 0 items (at 0 items/min)
2021-03-03 14:25:15 [scrapy.extensions.telnet] INFO: Telnet console listening on 127.0.0.1:6023
2021-03-03 14:25:21 [filelock] INFO: Lock 4780852368 acquired on /Users/parnianshahkar/.cache/python-tldextract/3.7.6.final__miniconda3__c4b0bd__tldextract-3.1.0/publicsuffix.org-tlds/de84b5ca2167d4c83e38fb162f2e8738.tldextract.json.lock
2021-03-03 14:25:21 [filelock] INFO: Lock 4781026576 acquired on /Users/parnianshahkar/.cache/python-tldextract/3.7.6.final__miniconda3__c4b0bd__tldextract-3.1.0/urls/62bf135d1c2f3d4db4228b9ecaf507a2.tldextract.json.lock
2021-03-03 14:25:21 [filelock] INFO: Lock 4781026576 released on /Users/parnianshahkar/.cache/python-tldextract/3.7.6.final__miniconda3__c4b0bd__tldextract-3.1.0/urls/62bf135d1c2f3d4db4228b9ecaf507a2.tldextract.json.lock
2021-03-03 14:25:21 [filelock] INFO: Lock 4780852368 released on /Users/parnianshahkar/.cache/python-tldextract/3.7.6.final__miniconda3__c4b0bd__tldextract-3.1.0/publicsuffix.org-tlds/de84b5ca2167d4c83e38fb162f2e8738.tldextract.json.lock
2021-03-03 14:25:25 [py.warnings] WARNING: /Users/parnianshahkar/Downloads/miniconda3/lib/python3.7/site-packages/scrapy/core/scraper.py:153: UserWarning: The "DualSpider.processURLstack" method is a generator and includes a "return" statement with a value different than None. This could lead to unexpected behaviour. Please see https://docs.python.org/3/reference/simple_stmts.html#the-return-statement for details about the semantics of the "return" statement within generators
  warn_on_generator_with_return_value(spider, request.errback)

2021-03-03 14:26:15 [scrapy.extensions.logstats] INFO: Crawled 45 pages (at 45 pages/min), scraped 0 items (at 0 items/min)
2021-03-03 14:27:16 [scrapy.extensions.logstats] INFO: Crawled 83 pages (at 38 pages/min), scraped 0 items (at 0 items/min)
2021-03-03 14:28:15 [scrapy.extensions.logstats] INFO: Crawled 119 pages (at 36 pages/min), scraped 0 items (at 0 items/min)
2021-03-03 14:29:17 [scrapy.extensions.logstats] INFO: Crawled 156 pages (at 37 pages/min), scraped 0 items (at 0 items/min)
2021-03-03 14:30:18 [scrapy.extensions.logstats] INFO: Crawled 184 pages (at 28 pages/min), scraped 0 items (at 0 items/min)
2021-03-03 14:31:15 [scrapy.extensions.logstats] INFO: Crawled 204 pages (at 20 pages/min), scraped 0 items (at 0 items/min)
2021-03-03 14:32:17 [scrapy.extensions.logstats] INFO: Crawled 226 pages (at 22 pages/min), scraped 0 items (at 0 items/min)
2021-03-03 14:33:16 [scrapy.extensions.logstats] INFO: Crawled 248 pages (at 22 pages/min), scraped 0 items (at 0 items/min)
2021-03-03 14:34:15 [scrapy.extensions.logstats] INFO: Crawled 271 pages (at 23 pages/min), scraped 0 items (at 0 items/min)
2021-03-03 14:35:15 [scrapy.extensions.logstats] INFO: Crawled 291 pages (at 20 pages/min), scraped 0 items (at 0 items/min)
2021-03-03 14:36:22 [scrapy.extensions.logstats] INFO: Crawled 305 pages (at 14 pages/min), scraped 0 items (at 0 items/min)
2021-03-03 14:37:16 [scrapy.extensions.logstats] INFO: Crawled 317 pages (at 12 pages/min), scraped 0 items (at 0 items/min)
2021-03-03 14:38:16 [scrapy.extensions.logstats] INFO: Crawled 331 pages (at 14 pages/min), scraped 0 items (at 0 items/min)
2021-03-03 14:39:15 [scrapy.extensions.logstats] INFO: Crawled 349 pages (at 18 pages/min), scraped 0 items (at 0 items/min)
2021-03-03 14:39:18 [scrapy.crawler] INFO: Received SIGTERM, shutting down gracefully. Send again to force 
2021-03-03 14:39:20 [scrapy.core.engine] INFO: Closing spider (shutdown)
2021-03-03 14:39:27 [scrapy.statscollectors] INFO: Dumping Scrapy stats:
{'downloader/exception_count': 11,
 'downloader/exception_type_count/twisted.internet.error.TimeoutError': 11,
 'downloader/request_bytes': 128369,
 'downloader/request_count': 367,
 'downloader/request_method_count/GET': 367,
 'downloader/response_bytes': 113257850,
 'downloader/response_count': 356,
 'downloader/response_status_count/200': 307,
 'downloader/response_status_count/301': 7,
 'downloader/response_status_count/302': 42,
 'elapsed_time_seconds': 852.63075,
 'finish_reason': 'shutdown',
 'finish_time': datetime.datetime(2021, 3, 3, 11, 9, 27, 952876),
 'log_count/INFO': 30,
 'log_count/WARNING': 2,
 'memusage/max': 294748160,
 'memusage/startup': 104939520,
 'request_depth_max': 159,
 'response_received_count': 350,
 'scheduler/dequeued': 367,
 'scheduler/dequeued/memory': 367,
 'scheduler/enqueued': 370,
 'scheduler/enqueued/memory': 370,
 'start_time': datetime.datetime(2021, 3, 3, 10, 55, 15, 322126)}
2021-03-03 14:39:27 [scrapy.core.engine] INFO: Spider closed (shutdown)
