2021-03-03 16:27:10 [scrapy.utils.log] INFO: Scrapy 2.1.0 started (bot: ARGUS)
2021-03-03 16:27:10 [scrapy.utils.log] INFO: Versions: lxml 4.6.1.0, libxml2 2.9.10, cssselect 1.1.0, parsel 1.6.0, w3lib 1.22.0, Twisted 20.3.0, Python 3.7.6 | packaged by conda-forge | (default, Dec 26 2019, 23:46:52) - [Clang 9.0.0 (tags/RELEASE_900/final)], pyOpenSSL 19.1.0 (OpenSSL 1.1.1d  10 Sep 2019), cryptography 2.8, Platform Darwin-18.7.0-x86_64-i386-64bit
2021-03-03 16:27:10 [scrapy.crawler] INFO: Overridden settings:
{'AJAXCRAWL_ENABLED': True,
 'BOT_NAME': 'ARGUS',
 'COMPRESSION_ENABLED': False,
 'CONCURRENT_ITEMS': 200,
 'CONCURRENT_REQUESTS': 100,
 'COOKIES_ENABLED': False,
 'DOWNLOAD_MAXSIZE': 10000000,
 'DOWNLOAD_TIMEOUT': 20,
 'LOG_FILE': 'logs/ARGUS/dualspider/f2b8170a7c1f11ebaf3134363b7bab66.log',
 'LOG_LEVEL': 'INFO',
 'NEWSPIDER_MODULE': 'ARGUS.spiders',
 'REACTOR_THREADPOOL_MAXSIZE': 30,
 'RETRY_ENABLED': False,
 'SPIDER_MODULES': ['ARGUS.spiders']}
2021-03-03 16:27:10 [scrapy.extensions.telnet] INFO: Telnet Password: 3cebc67e936e868f
2021-03-03 16:27:10 [py.warnings] WARNING: /Users/parnianshahkar/Downloads/miniconda3/lib/python3.7/site-packages/scrapy/extensions/feedexport.py:210: ScrapyDeprecationWarning: The `FEED_URI` and `FEED_FORMAT` settings have been deprecated in favor of the `FEEDS` setting. Please see the `FEEDS` setting docs for more details
  exporter = cls(crawler)

2021-03-03 16:27:10 [scrapy.middleware] INFO: Enabled extensions:
['scrapy.extensions.corestats.CoreStats',
 'scrapy.extensions.telnet.TelnetConsole',
 'scrapy.extensions.memusage.MemoryUsage',
 'scrapy.extensions.feedexport.FeedExporter',
 'scrapy.extensions.logstats.LogStats']
2021-03-03 16:27:11 [scrapy_fake_useragent.middleware] INFO: Using '<class 'scrapy_fake_useragent.providers.FakeUserAgentProvider'>' as the User-Agent provider
2021-03-03 16:27:11 [scrapy.middleware] INFO: Enabled downloader middlewares:
['scrapy.downloadermiddlewares.httpauth.HttpAuthMiddleware',
 'scrapy.downloadermiddlewares.downloadtimeout.DownloadTimeoutMiddleware',
 'scrapy.downloadermiddlewares.defaultheaders.DefaultHeadersMiddleware',
 'scrapy_fake_useragent.middleware.RandomUserAgentMiddleware',
 'scrapy.downloadermiddlewares.ajaxcrawl.AjaxCrawlMiddleware',
 'scrapy.downloadermiddlewares.redirect.MetaRefreshMiddleware',
 'scrapy.downloadermiddlewares.redirect.RedirectMiddleware',
 'scrapy.downloadermiddlewares.httpproxy.HttpProxyMiddleware',
 'scrapy.downloadermiddlewares.stats.DownloaderStats']
2021-03-03 16:27:11 [scrapy.middleware] INFO: Enabled spider middlewares:
['scrapy.spidermiddlewares.httperror.HttpErrorMiddleware',
 'scrapy.spidermiddlewares.offsite.OffsiteMiddleware',
 'scrapy.spidermiddlewares.referer.RefererMiddleware',
 'scrapy.spidermiddlewares.urllength.UrlLengthMiddleware',
 'scrapy.spidermiddlewares.depth.DepthMiddleware']
2021-03-03 16:27:11 [scrapy.middleware] INFO: Enabled item pipelines:
['ARGUS.pipelines.DualPipeline']
2021-03-03 16:27:11 [scrapy.core.engine] INFO: Spider opened
2021-03-03 16:27:11 [scrapy.extensions.logstats] INFO: Crawled 0 pages (at 0 pages/min), scraped 0 items (at 0 items/min)
2021-03-03 16:27:11 [scrapy.extensions.telnet] INFO: Telnet console listening on 127.0.0.1:6026
2021-03-03 16:27:16 [filelock] INFO: Lock 4765800208 acquired on /Users/parnianshahkar/.cache/python-tldextract/3.7.6.final__miniconda3__c4b0bd__tldextract-3.1.0/publicsuffix.org-tlds/de84b5ca2167d4c83e38fb162f2e8738.tldextract.json.lock
2021-03-03 16:27:16 [filelock] INFO: Lock 4765491856 acquired on /Users/parnianshahkar/.cache/python-tldextract/3.7.6.final__miniconda3__c4b0bd__tldextract-3.1.0/urls/62bf135d1c2f3d4db4228b9ecaf507a2.tldextract.json.lock
2021-03-03 16:27:16 [filelock] INFO: Lock 4765491856 released on /Users/parnianshahkar/.cache/python-tldextract/3.7.6.final__miniconda3__c4b0bd__tldextract-3.1.0/urls/62bf135d1c2f3d4db4228b9ecaf507a2.tldextract.json.lock
2021-03-03 16:27:16 [filelock] INFO: Lock 4765800208 released on /Users/parnianshahkar/.cache/python-tldextract/3.7.6.final__miniconda3__c4b0bd__tldextract-3.1.0/publicsuffix.org-tlds/de84b5ca2167d4c83e38fb162f2e8738.tldextract.json.lock
2021-03-03 16:27:20 [py.warnings] WARNING: /Users/parnianshahkar/Downloads/miniconda3/lib/python3.7/site-packages/scrapy/core/scraper.py:153: UserWarning: The "DualSpider.processURLstack" method is a generator and includes a "return" statement with a value different than None. This could lead to unexpected behaviour. Please see https://docs.python.org/3/reference/simple_stmts.html#the-return-statement for details about the semantics of the "return" statement within generators
  warn_on_generator_with_return_value(spider, request.errback)

2021-03-03 16:28:14 [scrapy.extensions.logstats] INFO: Crawled 44 pages (at 44 pages/min), scraped 0 items (at 0 items/min)
2021-03-03 16:29:12 [scrapy.extensions.logstats] INFO: Crawled 70 pages (at 26 pages/min), scraped 0 items (at 0 items/min)
2021-03-03 16:30:11 [scrapy.extensions.logstats] INFO: Crawled 92 pages (at 22 pages/min), scraped 0 items (at 0 items/min)
2021-03-03 16:31:11 [scrapy.extensions.logstats] INFO: Crawled 103 pages (at 11 pages/min), scraped 0 items (at 0 items/min)
2021-03-03 16:32:13 [scrapy.extensions.logstats] INFO: Crawled 114 pages (at 11 pages/min), scraped 0 items (at 0 items/min)
2021-03-03 16:33:14 [scrapy.extensions.logstats] INFO: Crawled 124 pages (at 10 pages/min), scraped 0 items (at 0 items/min)
2021-03-03 16:34:11 [scrapy.extensions.logstats] INFO: Crawled 133 pages (at 9 pages/min), scraped 0 items (at 0 items/min)
2021-03-03 16:35:12 [scrapy.extensions.logstats] INFO: Crawled 145 pages (at 12 pages/min), scraped 0 items (at 0 items/min)
2021-03-03 16:36:15 [scrapy.extensions.logstats] INFO: Crawled 153 pages (at 8 pages/min), scraped 0 items (at 0 items/min)
2021-03-03 16:37:11 [scrapy.extensions.logstats] INFO: Crawled 159 pages (at 6 pages/min), scraped 0 items (at 0 items/min)
2021-03-03 16:38:13 [scrapy.extensions.logstats] INFO: Crawled 163 pages (at 4 pages/min), scraped 0 items (at 0 items/min)
2021-03-03 16:39:11 [scrapy.extensions.logstats] INFO: Crawled 165 pages (at 2 pages/min), scraped 0 items (at 0 items/min)
2021-03-03 16:40:11 [scrapy.extensions.logstats] INFO: Crawled 174 pages (at 9 pages/min), scraped 0 items (at 0 items/min)
2021-03-03 16:41:11 [scrapy.extensions.logstats] INFO: Crawled 184 pages (at 10 pages/min), scraped 0 items (at 0 items/min)
2021-03-03 16:42:15 [scrapy.extensions.logstats] INFO: Crawled 193 pages (at 9 pages/min), scraped 0 items (at 0 items/min)
2021-03-03 16:43:12 [scrapy.extensions.logstats] INFO: Crawled 201 pages (at 8 pages/min), scraped 0 items (at 0 items/min)
2021-03-03 16:44:12 [scrapy.extensions.logstats] INFO: Crawled 210 pages (at 9 pages/min), scraped 0 items (at 0 items/min)
2021-03-03 16:45:15 [scrapy.extensions.logstats] INFO: Crawled 217 pages (at 7 pages/min), scraped 0 items (at 0 items/min)
2021-03-03 16:46:14 [scrapy.extensions.logstats] INFO: Crawled 225 pages (at 8 pages/min), scraped 0 items (at 0 items/min)
2021-03-03 16:47:21 [scrapy.extensions.logstats] INFO: Crawled 233 pages (at 8 pages/min), scraped 0 items (at 0 items/min)
2021-03-03 16:48:18 [scrapy.extensions.logstats] INFO: Crawled 240 pages (at 7 pages/min), scraped 0 items (at 0 items/min)
2021-03-03 16:49:19 [scrapy.extensions.logstats] INFO: Crawled 247 pages (at 7 pages/min), scraped 0 items (at 0 items/min)
2021-03-03 16:50:17 [scrapy.extensions.logstats] INFO: Crawled 255 pages (at 8 pages/min), scraped 0 items (at 0 items/min)
2021-03-03 16:50:33 [scrapy.crawler] INFO: Received SIGTERM, shutting down gracefully. Send again to force 
2021-03-03 16:50:38 [scrapy.core.engine] INFO: Closing spider (shutdown)
2021-03-03 16:50:49 [scrapy.statscollectors] INFO: Dumping Scrapy stats:
{'downloader/exception_count': 58,
 'downloader/exception_type_count/twisted.internet.error.TimeoutError': 58,
 'downloader/request_bytes': 108693,
 'downloader/request_count': 323,
 'downloader/request_method_count/GET': 323,
 'downloader/response_bytes': 59816640,
 'downloader/response_count': 265,
 'downloader/response_status_count/200': 237,
 'downloader/response_status_count/301': 7,
 'downloader/response_status_count/302': 21,
 'elapsed_time_seconds': 1418.155413,
 'finish_reason': 'shutdown',
 'finish_time': datetime.datetime(2021, 3, 3, 13, 20, 49, 576701),
 'log_count/INFO': 39,
 'log_count/WARNING': 2,
 'memusage/max': 234541056,
 'memusage/startup': 105103360,
 'request_depth_max': 73,
 'response_received_count': 259,
 'scheduler/dequeued': 323,
 'scheduler/dequeued/memory': 323,
 'scheduler/enqueued': 326,
 'scheduler/enqueued/memory': 326,
 'start_time': datetime.datetime(2021, 3, 3, 12, 57, 11, 421288)}
2021-03-03 16:50:49 [scrapy.core.engine] INFO: Spider closed (shutdown)
