2021-03-03 14:18:35 [scrapy.utils.log] INFO: Scrapy 2.1.0 started (bot: ARGUS)
2021-03-03 14:18:35 [scrapy.utils.log] INFO: Versions: lxml 4.6.1.0, libxml2 2.9.10, cssselect 1.1.0, parsel 1.6.0, w3lib 1.22.0, Twisted 20.3.0, Python 3.7.6 | packaged by conda-forge | (default, Dec 26 2019, 23:46:52) - [Clang 9.0.0 (tags/RELEASE_900/final)], pyOpenSSL 19.1.0 (OpenSSL 1.1.1d  10 Sep 2019), cryptography 2.8, Platform Darwin-18.7.0-x86_64-i386-64bit
2021-03-03 14:18:35 [scrapy.crawler] INFO: Overridden settings:
{'AJAXCRAWL_ENABLED': True,
 'BOT_NAME': 'ARGUS',
 'COMPRESSION_ENABLED': False,
 'CONCURRENT_ITEMS': 200,
 'CONCURRENT_REQUESTS': 100,
 'COOKIES_ENABLED': False,
 'DOWNLOAD_MAXSIZE': 10000000,
 'DOWNLOAD_TIMEOUT': 20,
 'LOG_FILE': 'logs/ARGUS/dualspider/fceb0f147c0d11ebaf3134363b7bab66.log',
 'LOG_LEVEL': 'INFO',
 'NEWSPIDER_MODULE': 'ARGUS.spiders',
 'REACTOR_THREADPOOL_MAXSIZE': 30,
 'RETRY_ENABLED': False,
 'SPIDER_MODULES': ['ARGUS.spiders']}
2021-03-03 14:18:36 [scrapy.extensions.telnet] INFO: Telnet Password: 079124611165dc7a
2021-03-03 14:18:36 [py.warnings] WARNING: /Users/parnianshahkar/Downloads/miniconda3/lib/python3.7/site-packages/scrapy/extensions/feedexport.py:210: ScrapyDeprecationWarning: The `FEED_URI` and `FEED_FORMAT` settings have been deprecated in favor of the `FEEDS` setting. Please see the `FEEDS` setting docs for more details
  exporter = cls(crawler)

2021-03-03 14:18:36 [scrapy.middleware] INFO: Enabled extensions:
['scrapy.extensions.corestats.CoreStats',
 'scrapy.extensions.telnet.TelnetConsole',
 'scrapy.extensions.memusage.MemoryUsage',
 'scrapy.extensions.feedexport.FeedExporter',
 'scrapy.extensions.logstats.LogStats']
2021-03-03 14:18:36 [scrapy_fake_useragent.middleware] INFO: Using '<class 'scrapy_fake_useragent.providers.FakeUserAgentProvider'>' as the User-Agent provider
2021-03-03 14:18:36 [scrapy.middleware] INFO: Enabled downloader middlewares:
['scrapy.downloadermiddlewares.httpauth.HttpAuthMiddleware',
 'scrapy.downloadermiddlewares.downloadtimeout.DownloadTimeoutMiddleware',
 'scrapy.downloadermiddlewares.defaultheaders.DefaultHeadersMiddleware',
 'scrapy_fake_useragent.middleware.RandomUserAgentMiddleware',
 'scrapy.downloadermiddlewares.ajaxcrawl.AjaxCrawlMiddleware',
 'scrapy.downloadermiddlewares.redirect.MetaRefreshMiddleware',
 'scrapy.downloadermiddlewares.redirect.RedirectMiddleware',
 'scrapy.downloadermiddlewares.httpproxy.HttpProxyMiddleware',
 'scrapy.downloadermiddlewares.stats.DownloaderStats']
2021-03-03 14:18:36 [scrapy.middleware] INFO: Enabled spider middlewares:
['scrapy.spidermiddlewares.httperror.HttpErrorMiddleware',
 'scrapy.spidermiddlewares.offsite.OffsiteMiddleware',
 'scrapy.spidermiddlewares.referer.RefererMiddleware',
 'scrapy.spidermiddlewares.urllength.UrlLengthMiddleware',
 'scrapy.spidermiddlewares.depth.DepthMiddleware']
2021-03-03 14:18:36 [scrapy.middleware] INFO: Enabled item pipelines:
['ARGUS.pipelines.DualPipeline']
2021-03-03 14:18:36 [scrapy.core.engine] INFO: Spider opened
2021-03-03 14:18:36 [scrapy.extensions.logstats] INFO: Crawled 0 pages (at 0 pages/min), scraped 0 items (at 0 items/min)
2021-03-03 14:18:36 [scrapy.extensions.telnet] INFO: Telnet console listening on 127.0.0.1:6023
2021-03-03 14:18:52 [filelock] INFO: Lock 4583925584 acquired on /Users/parnianshahkar/.cache/python-tldextract/3.7.6.final__miniconda3__c4b0bd__tldextract-3.1.0/publicsuffix.org-tlds/de84b5ca2167d4c83e38fb162f2e8738.tldextract.json.lock
2021-03-03 14:18:52 [filelock] INFO: Lock 4583675344 acquired on /Users/parnianshahkar/.cache/python-tldextract/3.7.6.final__miniconda3__c4b0bd__tldextract-3.1.0/urls/62bf135d1c2f3d4db4228b9ecaf507a2.tldextract.json.lock
2021-03-03 14:18:52 [filelock] INFO: Lock 4583675344 released on /Users/parnianshahkar/.cache/python-tldextract/3.7.6.final__miniconda3__c4b0bd__tldextract-3.1.0/urls/62bf135d1c2f3d4db4228b9ecaf507a2.tldextract.json.lock
2021-03-03 14:18:52 [filelock] INFO: Lock 4583925584 released on /Users/parnianshahkar/.cache/python-tldextract/3.7.6.final__miniconda3__c4b0bd__tldextract-3.1.0/publicsuffix.org-tlds/de84b5ca2167d4c83e38fb162f2e8738.tldextract.json.lock
2021-03-03 14:18:52 [scrapy.utils.signal] ERROR: Error caught on signal handler: <bound method FeedExporter.item_scraped of <scrapy.extensions.feedexport.FeedExporter object at 0x110ab8910>>
Traceback (most recent call last):
  File "/Users/parnianshahkar/Downloads/miniconda3/lib/python3.7/site-packages/scrapy/utils/defer.py", line 161, in maybeDeferred_coro
    result = f(*args, **kw)
  File "/Users/parnianshahkar/Downloads/miniconda3/lib/python3.7/site-packages/pydispatch/robustapply.py", line 55, in robustApply
    return receiver(*arguments, **named)
  File "/Users/parnianshahkar/Downloads/miniconda3/lib/python3.7/site-packages/scrapy/extensions/feedexport.py", line 291, in item_scraped
    slot.exporter.export_item(item)
  File "/Users/parnianshahkar/Downloads/miniconda3/lib/python3.7/site-packages/scrapy/exporters.py", line 91, in export_item
    itemdict = dict(self._get_serialized_fields(item))
  File "/Users/parnianshahkar/Downloads/miniconda3/lib/python3.7/site-packages/scrapy/exporters.py", line 65, in _get_serialized_fields
    field_iter = item.keys()
AttributeError: 'NoneType' object has no attribute 'keys'
2021-03-03 14:18:55 [scrapy.utils.signal] ERROR: Error caught on signal handler: <bound method FeedExporter.item_scraped of <scrapy.extensions.feedexport.FeedExporter object at 0x110ab8910>>
Traceback (most recent call last):
  File "/Users/parnianshahkar/Downloads/miniconda3/lib/python3.7/site-packages/scrapy/utils/defer.py", line 161, in maybeDeferred_coro
    result = f(*args, **kw)
  File "/Users/parnianshahkar/Downloads/miniconda3/lib/python3.7/site-packages/pydispatch/robustapply.py", line 55, in robustApply
    return receiver(*arguments, **named)
  File "/Users/parnianshahkar/Downloads/miniconda3/lib/python3.7/site-packages/scrapy/extensions/feedexport.py", line 291, in item_scraped
    slot.exporter.export_item(item)
  File "/Users/parnianshahkar/Downloads/miniconda3/lib/python3.7/site-packages/scrapy/exporters.py", line 91, in export_item
    itemdict = dict(self._get_serialized_fields(item))
  File "/Users/parnianshahkar/Downloads/miniconda3/lib/python3.7/site-packages/scrapy/exporters.py", line 65, in _get_serialized_fields
    field_iter = item.keys()
AttributeError: 'NoneType' object has no attribute 'keys'
2021-03-03 14:18:59 [scrapy.utils.signal] ERROR: Error caught on signal handler: <bound method FeedExporter.item_scraped of <scrapy.extensions.feedexport.FeedExporter object at 0x110ab8910>>
Traceback (most recent call last):
  File "/Users/parnianshahkar/Downloads/miniconda3/lib/python3.7/site-packages/scrapy/utils/defer.py", line 161, in maybeDeferred_coro
    result = f(*args, **kw)
  File "/Users/parnianshahkar/Downloads/miniconda3/lib/python3.7/site-packages/pydispatch/robustapply.py", line 55, in robustApply
    return receiver(*arguments, **named)
  File "/Users/parnianshahkar/Downloads/miniconda3/lib/python3.7/site-packages/scrapy/extensions/feedexport.py", line 291, in item_scraped
    slot.exporter.export_item(item)
  File "/Users/parnianshahkar/Downloads/miniconda3/lib/python3.7/site-packages/scrapy/exporters.py", line 91, in export_item
    itemdict = dict(self._get_serialized_fields(item))
  File "/Users/parnianshahkar/Downloads/miniconda3/lib/python3.7/site-packages/scrapy/exporters.py", line 65, in _get_serialized_fields
    field_iter = item.keys()
AttributeError: 'NoneType' object has no attribute 'keys'
2021-03-03 14:18:59 [scrapy.core.engine] INFO: Closing spider (finished)
2021-03-03 14:18:59 [scrapy.statscollectors] INFO: Dumping Scrapy stats:
{'downloader/exception_count': 1,
 'downloader/exception_type_count/twisted.internet.error.TimeoutError': 1,
 'downloader/request_bytes': 2360,
 'downloader/request_count': 9,
 'downloader/request_method_count/GET': 9,
 'downloader/response_bytes': 1891544,
 'downloader/response_count': 8,
 'downloader/response_status_count/200': 2,
 'downloader/response_status_count/301': 6,
 'elapsed_time_seconds': 22.736099,
 'finish_reason': 'finished',
 'finish_time': datetime.datetime(2021, 3, 3, 10, 48, 59, 730912),
 'item_scraped_count': 3,
 'log_count/ERROR': 3,
 'log_count/INFO': 15,
 'log_count/WARNING': 1,
 'memusage/max': 108564480,
 'memusage/startup': 108564480,
 'response_received_count': 2,
 'scheduler/dequeued': 9,
 'scheduler/dequeued/memory': 9,
 'scheduler/enqueued': 9,
 'scheduler/enqueued/memory': 9,
 'start_time': datetime.datetime(2021, 3, 3, 10, 48, 36, 994813)}
2021-03-03 14:18:59 [scrapy.core.engine] INFO: Spider closed (finished)
